DEBUG ServiceThread-MonitorService-13002 org.btsn.handlers.ServiceThread - CAPTURE: WorkflowStartTime=1770294952797 for seqID=3000000
INFO ServiceThread-MonitorService-13002 org.btsn.handlers.ServiceThread - Incoming Sequence ID = 3000000
INFO ServiceThread-MonitorService-13002 org.btsn.handlers.ServiceThread - MonitorIncomingEvents+ = false
DEBUG ServiceThread-MonitorService-13002 org.btsn.handlers.ServiceThread - Using RuleBaseVersion: v001
DEBUG ServiceThread-MonitorService-13002 org.btsn.handlers.ServiceThread - FILTER: Event for MonitorService.writeCollectorData accepted by MonitorService thread
WARN ServiceThread-MonitorService-13002 org.btsn.json.jsonLibrary - Key "token" already exists. Skipping.
DEBUG ServiceThread-MonitorService-13002 org.btsn.handlers.ServiceThread - JOIN-MAP: Added key=token to join 3000000 (tokenId=3000000, mapSize=1)
INFO ServiceThread-MonitorService-13002 org.btsn.handlers.ServiceThread - DEBUG: Loading rule base for operation: writeCollectorData
INFO ServiceThread-MonitorService-13002 org.btsn.handlers.ServiceThread - DEBUG: Rule base location: C:\DevShare\BTSN_R001\BTSN\btsn.common.Monitor/RuleFolder.v001/writeCollectorData/Service.ruleml
INFO ServiceThread-MonitorService-13002 org.btsn.handlers.ServiceThread - DEBUG: Using cached knowledge base for version: v001
INFO ServiceThread-MonitorService-13002 org.btsn.handlers.ServiceThread - DEBUG: Parsing knowledge base...
INFO ServiceThread-MonitorService-13002 org.btsn.handlers.ServiceThread - DEBUG: Knowledge base parsed successfully
DEBUG ServiceThread-MonitorService-13002 org.btsn.handlers.ServiceThread - CANONICAL-BINDING: Checking canonical binding for MonitorService.writeCollectorData with attribute 'token'
DEBUG ServiceThread-MonitorService-13002 org.btsn.handlers.ServiceThread - CANONICAL-BINDING: Operation writeCollectorData uses standard (AND) semantics
INFO ServiceThread-MonitorService-13002 org.btsn.handlers.ServiceThread - CANONICAL-BINDING: writeCollectorData requires 1 inputs total (standard AND logic)
INFO ServiceThread-MonitorService-13002 org.btsn.handlers.ServiceThread - CANONICAL-BINDING: writeCollectorData needs 1 input - can call immediately with 'token'
INFO ServiceThread-MonitorService-13002 org.btsn.handlers.ServiceThread - ORCHESTRATOR: Canonical binding found - overriding serviceName facts
INFO ServiceThread-MonitorService-13002 org.btsn.handlers.ServiceThread - ORCHESTRATOR: Overrode inputCollection for canonical binding
WARN ServiceThread-MonitorService-13002 org.btsn.handlers.ServiceThread - Using legacy getDecisionValue - consider updating CoreRuleBase to include decisionValue in publishes
INFO ServiceThread-MonitorService-13002 org.btsn.handlers.ServiceThread - DEBUG: Skipping getNextService for TerminateNode
DEBUG ServiceThread-MonitorService-13002 org.btsn.handlers.PetriNetInstrumentationHelper - Token 3000000 buffered at T_in_MonitorService (buffer=0)
DEBUG ServiceThread-MonitorService-13002 org.btsn.handlers.PetriNetInstrumentationHelper - Could not extract previousPlace from payload
WARN ServiceThread-MonitorService-13002 org.btsn.handlers.PetriNetInstrumentationHelper - NAMING CONVENTION VIOLATION: Service 'MonitorService' does not end with '_Place'. Expected format: {NodeName}_Place. Transition IDs may not match topology. Please rename the service.
DEBUG ServiceThread-MonitorService-13002 org.btsn.derby.Analysis.BuildServiceAnalysisDatabase - Wrote transition firing: T_in_MonitorService token=3000000 eventType=BUFFERED
DEBUG ServiceThread-MonitorService-13002 org.btsn.handlers.PetriNetInstrumentationHelper - Recorded transition: T_in_MonitorService (TerminateNode) token=3000000  -> MonitorService [BUFFERED] buffer=0
DEBUG ServiceThread-MonitorService-13002 org.btsn.handlers.ServiceThread - PETRI-NET: Token 3000000 BUFFERED at MonitorService (T_in arrival)
DEBUG ServiceThread-MonitorService-13002 org.btsn.handlers.PetriNetInstrumentationHelper - Token 3000000 entering place: MonitorService (buffer=0)
DEBUG ServiceThread-MonitorService-13002 org.btsn.handlers.PetriNetInstrumentationHelper - Could not extract previousPlace from payload
WARN ServiceThread-MonitorService-13002 org.btsn.handlers.PetriNetInstrumentationHelper - NAMING CONVENTION VIOLATION: Service 'MonitorService' does not end with '_Place'. Expected format: {NodeName}_Place. Transition IDs may not match topology. Please rename the service.
DEBUG ServiceThread-MonitorService-13002 org.btsn.derby.Analysis.BuildServiceAnalysisDatabase - Wrote transition firing: T_in_MonitorService token=3000000 eventType=ENTER
DEBUG ServiceThread-MonitorService-13002 org.btsn.handlers.PetriNetInstrumentationHelper - Recorded transition: T_in_MonitorService (TerminateNode) token=3000000  -> MonitorService [ENTER] buffer=0
DEBUG ServiceThread-MonitorService-13002 org.btsn.handlers.ServiceThread - PETRI-NET: Token 3000000 ENTER at MonitorService
INFO ServiceThread-MonitorService-13002 org.btsn.handlers.ServiceThread - DEBUG: About to check inputCollection.isEmpty() - size: 1
INFO ServiceThread-MonitorService-13002 org.btsn.handlers.ServiceThread - DEBUG: inputCollection contents: [null]
INFO ServiceThread-MonitorService-13002 org.btsn.handlers.ServiceThread - DEBUG: nodeType: TerminateNode
INFO ServiceThread-MonitorService-13002 org.btsn.handlers.ServiceThread - DEBUG: needsInputSynchronization: false
INFO ServiceThread-MonitorService-13002 org.btsn.handlers.ServiceThread - DEBUG: Past inputCollection check, about to enter JOIN processing
INFO ServiceThread-MonitorService-13002 org.btsn.handlers.ServiceThread - DEBUG: inputCollection.get(0): null
INFO ServiceThread-MonitorService-13002 org.btsn.handlers.ServiceThread - ORCHESTRATOR: Zero-input service MonitorService:writeCollectorData executing with trigger token (no workflow data required)
INFO ServiceThread-MonitorService-13002 org.btsn.handlers.ServiceThread - ORCHESTRATOR: Processing TerminateNode for MonitorService.writeCollectorData
INFO ServiceThread-MonitorService-13002 org.btsn.handlers.TransitionHandler - ORCHESTRATOR: Invoking MonitorService.writeCollectorData via ServiceHelper
INFO ServiceThread-MonitorService-13002 org.btsn.handlers.ServiceHelper - === SERVICE INVOCATION START ===
INFO ServiceThread-MonitorService-13002 org.btsn.handlers.ServiceHelper - Service: org.btsn.places.MonitorService.writeCollectorData
INFO ServiceThread-MonitorService-13002 org.btsn.handlers.ServiceHelper - SequenceID: 3000000
INFO ServiceThread-MonitorService-13002 org.btsn.handlers.ServiceHelper - Input arguments count: 1
DEBUG ServiceThread-MonitorService-13002 org.btsn.handlers.ServiceHelper - Processing argument 1/1, raw length: 39028
DEBUG ServiceThread-MonitorService-13002 org.btsn.handlers.ServiceHelper - ENRICHMENT: First service - raw token IS original_token
INFO ServiceThread-MonitorService-13002 org.btsn.handlers.ServiceHelper - ENRICHMENT: Initialized workflow start time (first service)
DEBUG ServiceThread-MonitorService-13002 org.btsn.handlers.ServiceHelper - ENRICHMENT: Cleaned argument 1, length: 39028 (removed 0 bytes of metadata)
INFO ServiceThread-MonitorService-13002 org.btsn.handlers.ServiceHelper - ENRICHMENT: Extracted 1 clean business data arguments (removed infrastructure metadata)
INFO ServiceThread-MonitorService-13002 org.btsn.handlers.ServiceHelper - SERVICE INVOKE: Calling org.btsn.places.MonitorService.writeCollectorData with 1 CLEAN business data arguments
DEBUG ServiceThread-MonitorService-13002 org.btsn.handlers.ServiceHelper - INVOKE: Reflecting on org.btsn.places.MonitorService.writeCollectorData
DEBUG ServiceThread-MonitorService-13002 org.btsn.handlers.ServiceHelper - INVOKE: Looking for method with 1 String parameters
INFO ServiceThread-MonitorService-13002 org.btsn.logger.PetriNetEventLogger - PLACE_CREATED: placeId=MONITOR, sequenceId=3000000, type=MONITOR, capacity=1
INFO ServiceThread-MonitorService-13002 org.btsn.places.MonitorService - MonitorService created for sequenceID: 3000000
DEBUG ServiceThread-MonitorService-13002 org.btsn.handlers.ServiceHelper - INVOKE: Created instance using 1-param constructor (context) for org.btsn.places.MonitorService
DEBUG ServiceThread-MonitorService-13002 org.btsn.handlers.ServiceHelper - INVOKE: Found standard method (1 String args)
DEBUG ServiceThread-MonitorService-13002 org.btsn.handlers.ServiceHelper - INVOKE: Calling writeCollectorData with 1 arguments
INFO ServiceThread-MonitorService-13002 org.btsn.places.MonitorService - Wrote contribution: seq=3130001 -> workflowBase=3000000 (v003: arrival=1770294906937ms, queue=1834ms, service=3191ms)
INFO ServiceThread-MonitorService-13002 org.btsn.places.MonitorService - Wrote contribution: seq=3110001 -> workflowBase=3000000 (v003: arrival=1770294895076ms, queue=1435ms, service=1809ms)
INFO ServiceThread-MonitorService-13002 org.btsn.places.MonitorService - Wrote contribution: seq=3170001 -> workflowBase=3000000 (v003: arrival=1770294920943ms, queue=747ms, service=601ms)
INFO ServiceThread-MonitorService-13002 org.btsn.places.MonitorService - Wrote contribution: seq=3040001 -> workflowBase=3000000 (v003: arrival=1770294874697ms, queue=1590ms, service=3331ms)
INFO ServiceThread-MonitorService-13002 org.btsn.places.MonitorService - Wrote contribution: seq=3020000 -> workflowBase=3000000 (v003: arrival=1770294846577ms, queue=1728ms, service=4545ms)
INFO ServiceThread-MonitorService-13002 org.btsn.places.MonitorService - Wrote contribution: seq=3140001 -> workflowBase=3000000 (v003: arrival=1770294913598ms, queue=1117ms, service=1138ms)
INFO ServiceThread-MonitorService-13002 org.btsn.places.MonitorService - Wrote contribution: seq=3050001 -> workflowBase=3000000 (v003: arrival=1770294877226ms, queue=3125ms, service=2027ms)
INFO ServiceThread-MonitorService-13002 org.btsn.places.MonitorService - Wrote contribution: seq=3180001 -> workflowBase=3000000 (v003: arrival=1770294922810ms, queue=369ms, service=404ms)
INFO ServiceThread-MonitorService-13002 org.btsn.places.MonitorService - Wrote contribution: seq=3160001 -> workflowBase=3000000 (v003: arrival=1770294919116ms, queue=958ms, service=1010ms)
INFO ServiceThread-MonitorService-13002 org.btsn.places.MonitorService - Wrote contribution: seq=3190001 -> workflowBase=3000000 (v003: arrival=1770294924151ms, queue=297ms, service=855ms)
INFO ServiceThread-MonitorService-13002 org.btsn.places.MonitorService - Wrote contribution: seq=3060000 -> workflowBase=3000000 (v003: arrival=1770294873414ms, queue=1215ms, service=3305ms)
INFO ServiceThread-MonitorService-13002 org.btsn.places.MonitorService - Wrote contribution: seq=3070000 -> workflowBase=3000000 (v003: arrival=1770294877337ms, queue=1753ms, service=2815ms)
INFO ServiceThread-MonitorService-13002 org.btsn.places.MonitorService - Wrote contribution: seq=3080000 -> workflowBase=3000000 (v003: arrival=1770294881739ms, queue=1939ms, service=714ms)
INFO ServiceThread-MonitorService-13002 org.btsn.places.MonitorService - Wrote contribution: seq=3090000 -> workflowBase=3000000 (v003: arrival=1770294883598ms, queue=1875ms, service=832ms)
INFO ServiceThread-MonitorService-13002 org.btsn.places.MonitorService - Wrote contribution: seq=3010001 -> workflowBase=3000000 (v003: arrival=1770294861894ms, queue=2181ms, service=1307ms)
INFO ServiceThread-MonitorService-13002 org.btsn.places.MonitorService - Wrote contribution: seq=3030001 -> workflowBase=3000000 (v003: arrival=1770294869097ms, queue=921ms, service=2977ms)
INFO ServiceThread-MonitorService-13002 org.btsn.places.MonitorService - Wrote contribution: seq=3100000 -> workflowBase=3000000 (v003: arrival=1770294885006ms, queue=2295ms, service=1313ms)
INFO ServiceThread-MonitorService-13002 org.btsn.places.MonitorService - Wrote marking: seq=3130001 -> workflowBase=3000000 (v003: buffer=0, total=1, capacity=50)
INFO ServiceThread-MonitorService-13002 org.btsn.places.MonitorService - Wrote marking: seq=3110001 -> workflowBase=3000000 (v003: buffer=0, total=1, capacity=50)
INFO ServiceThread-MonitorService-13002 org.btsn.places.MonitorService - Wrote marking: seq=3170001 -> workflowBase=3000000 (v003: buffer=0, total=1, capacity=50)
INFO ServiceThread-MonitorService-13002 org.btsn.places.MonitorService - Wrote marking: seq=3040001 -> workflowBase=3000000 (v003: buffer=0, total=1, capacity=50)
INFO ServiceThread-MonitorService-13002 org.btsn.places.MonitorService - Wrote marking: seq=3020000 -> workflowBase=3000000 (v003: buffer=0, total=1, capacity=50)
INFO ServiceThread-MonitorService-13002 org.btsn.places.MonitorService - Wrote marking: seq=3140001 -> workflowBase=3000000 (v003: buffer=0, total=1, capacity=50)
INFO ServiceThread-MonitorService-13002 org.btsn.places.MonitorService - Wrote marking: seq=3050001 -> workflowBase=3000000 (v003: buffer=0, total=1, capacity=50)
INFO ServiceThread-MonitorService-13002 org.btsn.places.MonitorService - Wrote marking: seq=3180001 -> workflowBase=3000000 (v003: buffer=0, total=1, capacity=50)
INFO ServiceThread-MonitorService-13002 org.btsn.places.MonitorService - Wrote marking: seq=3160001 -> workflowBase=3000000 (v003: buffer=0, total=1, capacity=50)
INFO ServiceThread-MonitorService-13002 org.btsn.places.MonitorService - Wrote marking: seq=3190001 -> workflowBase=3000000 (v003: buffer=0, total=1, capacity=50)
INFO ServiceThread-MonitorService-13002 org.btsn.places.MonitorService - Wrote marking: seq=3060000 -> workflowBase=3000000 (v003: buffer=0, total=1, capacity=50)
INFO ServiceThread-MonitorService-13002 org.btsn.places.MonitorService - Wrote marking: seq=3070000 -> workflowBase=3000000 (v003: buffer=0, total=1, capacity=50)
INFO ServiceThread-MonitorService-13002 org.btsn.places.MonitorService - Wrote marking: seq=3080000 -> workflowBase=3000000 (v003: buffer=0, total=1, capacity=50)
INFO ServiceThread-MonitorService-13002 org.btsn.places.MonitorService - Wrote marking: seq=3090000 -> workflowBase=3000000 (v003: buffer=0, total=1, capacity=50)
INFO ServiceThread-MonitorService-13002 org.btsn.places.MonitorService - Wrote marking: seq=3010001 -> workflowBase=3000000 (v003: buffer=0, total=1, capacity=50)
INFO ServiceThread-MonitorService-13002 org.btsn.places.MonitorService - Wrote marking: seq=3030001 -> workflowBase=3000000 (v003: buffer=0, total=1, capacity=50)
INFO ServiceThread-MonitorService-13002 org.btsn.places.MonitorService - Wrote marking: seq=3100000 -> workflowBase=3000000 (v003: buffer=0, total=1, capacity=50)
INFO ServiceThread-MonitorService-13002 org.btsn.handlers.ServiceHelper - SERVICE COMPLETE: org.btsn.places.MonitorService.writeCollectorData completed in 217ms
WARN ServiceThread-MonitorService-13002 org.btsn.handlers.ServiceHelper - ENRICHMENT: Output attribute 'token' not found in service result, cannot enrich
INFO ServiceThread-MonitorService-13002 org.btsn.handlers.ServiceHelper - ENRICHMENT: Successfully enriched service result with metadata
INFO ServiceThread-MonitorService-13002 org.btsn.handlers.ServiceHelper - === SERVICE INVOCATION COMPLETE ===
INFO ServiceThread-MonitorService-13002 org.btsn.handlers.TransitionHandler - ORCHESTRATOR: Service returned: {"performanceRecordsProcessed":34,"petriNetRecordsProcessed":137,"status":"success","totalRecordsProcessed":171}
DEBUG ServiceThread-MonitorService-13002 org.btsn.handlers.PetriNetInstrumentationHelper - Token 3000000 exiting place: MonitorService -> TERMINATE
WARN ServiceThread-MonitorService-13002 org.btsn.handlers.PetriNetInstrumentationHelper - NAMING CONVENTION VIOLATION: Service 'MonitorService' does not end with '_Place'. Expected format: {NodeName}_Place. Transition IDs may not match topology. Please rename the service.
DEBUG ServiceThread-MonitorService-13002 org.btsn.derby.Analysis.BuildServiceAnalysisDatabase - Wrote transition firing: T_out_MonitorService token=3000000 eventType=TERMINATE
DEBUG ServiceThread-MonitorService-13002 org.btsn.handlers.PetriNetInstrumentationHelper - Recorded transition: T_out_MonitorService (TerminateNode) token=3000000 MonitorService -> TERMINATE [TERMINATE]
INFO ServiceThread-MonitorService-13002 org.btsn.handlers.PetriNetInstrumentationHelper - Token 3000000 terminating at T_out_MonitorService
DEBUG ServiceThread-MonitorService-13002 org.btsn.handlers.ServiceThread - PETRI-NET: Token 3000000 TERMINATED at MonitorService
INFO ServiceThread-MonitorService-13002 org.btsn.handlers.TransitionHandler - ORCHESTRATOR: Token 3000000 terminated after MonitorService.writeCollectorData
DEBUG ServiceThread-MonitorService-13002 org.btsn.handlers.TransitionHandler - Processing Terminate Type complete.
ERROR ServiceThread-MonitorService-13002 org.btsn.handlers.ServiceThread - monitorIncomingEvents: false
DEBUG ServiceThread-MonitorService-13002 org.btsn.handlers.ServiceThread - ORCHESTRATOR: Cleaned up join 3000000
DEBUG ServiceThread-MonitorService-13002 org.btsn.handlers.ServiceThread - ORCHESTRATOR: Service MonitorService sequence ID: 3000000 complete.
