----------------------------------------------------------------
Thu Jan 29 22:29:08 AEST 2026:
Booting Derby version The Apache Software Foundation - Apache Derby - 10.14.2.0 - (1828579): instance a816c00e-019c-09ba-4dae-00000076c160 
on database directory C:\DevShare\BTSN_86\BTSN\btsn.healthcare.places.Radiology\ServiceAnalysisDataBase with class loader jdk.internal.loader.ClassLoaders$AppClassLoader@443b7951 
Loaded from file:/C:/DevShare/BTSN_86/BTSN/btsn.common/lib/derby.jar
java.vendor=Oracle Corporation
java.runtime.version=15.0.1+9-18
user.dir=C:\DevShare\BTSN_86\BTSN\btsn.healthcare.places.Radiology
os.name=Windows 7
os.arch=amd64
os.version=6.1
derby.system.home=null
Database Class Loader started - derby.database.classpath=''
----------------------------------------------------------------
Thu Jan 29 22:29:34 AEST 2026:
Booting Derby version The Apache Software Foundation - Apache Derby - 10.14.2.0 - (1828579): instance ed07c066-019c-09ba-4dae-00000076c160 
on database directory memory:C:\DevShare\BTSN_86\BTSN\btsn.healthcare.places.Radiology\RADDB_3000000_30741978655676 with class loader jdk.internal.loader.ClassLoaders$AppClassLoader@443b7951 
Loaded from file:/C:/DevShare/BTSN_86/BTSN/btsn.common/lib/derby.jar
java.vendor=Oracle Corporation
java.runtime.version=15.0.1+9-18
user.dir=C:\DevShare\BTSN_86\BTSN\btsn.healthcare.places.Radiology
os.name=Windows 7
os.arch=amd64
os.version=6.1
derby.system.home=null
Database Class Loader started - derby.database.classpath=''
----------------------------------------------------------------
Thu Jan 29 22:29:41 AEST 2026:
Booting Derby version The Apache Software Foundation - Apache Derby - 10.14.2.0 - (1828579): instance 6a6b410a-019c-09ba-4dae-00000076c160 
on database directory memory:C:\DevShare\BTSN_86\BTSN\btsn.healthcare.places.Radiology\RADDB_3010000_30749049702021 with class loader jdk.internal.loader.ClassLoaders$AppClassLoader@443b7951 
Loaded from file:/C:/DevShare/BTSN_86/BTSN/btsn.common/lib/derby.jar
java.vendor=Oracle Corporation
java.runtime.version=15.0.1+9-18
user.dir=C:\DevShare\BTSN_86\BTSN\btsn.healthcare.places.Radiology
os.name=Windows 7
os.arch=amd64
os.version=6.1
derby.system.home=null
Database Class Loader started - derby.database.classpath=''
----------------------------------------------------------------
Thu Jan 29 22:29:42 AEST 2026:
Booting Derby version The Apache Software Foundation - Apache Derby - 10.14.2.0 - (1828579): instance 965681a5-019c-09ba-4dae-00000076c160 
on database directory memory:C:\DevShare\BTSN_86\BTSN\btsn.healthcare.places.Radiology\RADDB_1000000_30749813578213 with class loader jdk.internal.loader.ClassLoaders$AppClassLoader@443b7951 
Loaded from file:/C:/DevShare/BTSN_86/BTSN/btsn.common/lib/derby.jar
java.vendor=Oracle Corporation
java.runtime.version=15.0.1+9-18
user.dir=C:\DevShare\BTSN_86\BTSN\btsn.healthcare.places.Radiology
os.name=Windows 7
os.arch=amd64
os.version=6.1
derby.system.home=null
Database Class Loader started - derby.database.classpath=''
----------------------------------------------------------------
Thu Jan 29 22:29:47 AEST 2026:
Booting Derby version The Apache Software Foundation - Apache Derby - 10.14.2.0 - (1828579): instance de3f0248-019c-09ba-4dae-00000076c160 
on database directory memory:C:\DevShare\BTSN_86\BTSN\btsn.healthcare.places.Radiology\RADDB_1010000_30754831764382 with class loader jdk.internal.loader.ClassLoaders$AppClassLoader@443b7951 
Loaded from file:/C:/DevShare/BTSN_86/BTSN/btsn.common/lib/derby.jar
java.vendor=Oracle Corporation
java.runtime.version=15.0.1+9-18
user.dir=C:\DevShare\BTSN_86\BTSN\btsn.healthcare.places.Radiology
os.name=Windows 7
os.arch=amd64
os.version=6.1
derby.system.home=null
Database Class Loader started - derby.database.classpath=''
----------------------------------------------------------------
Thu Jan 29 22:29:48 AEST 2026:
Booting Derby version The Apache Software Foundation - Apache Derby - 10.14.2.0 - (1828579): instance 4bbe82e5-019c-09ba-4dae-00000076c160 
on database directory memory:C:\DevShare\BTSN_86\BTSN\btsn.healthcare.places.Radiology\RADDB_3020000_30755710710997 with class loader jdk.internal.loader.ClassLoaders$AppClassLoader@443b7951 
Loaded from file:/C:/DevShare/BTSN_86/BTSN/btsn.common/lib/derby.jar
java.vendor=Oracle Corporation
java.runtime.version=15.0.1+9-18
user.dir=C:\DevShare\BTSN_86\BTSN\btsn.healthcare.places.Radiology
os.name=Windows 7
os.arch=amd64
os.version=6.1
derby.system.home=null
Database Class Loader started - derby.database.classpath=''
----------------------------------------------------------------
Thu Jan 29 22:29:49 AEST 2026:
Booting Derby version The Apache Software Foundation - Apache Derby - 10.14.2.0 - (1828579): instance 6f948315-019c-09ba-4dae-00000076c160 
on database directory memory:C:\DevShare\BTSN_86\BTSN\btsn.healthcare.places.Radiology\RADDB_1020000_30757132007371 with class loader jdk.internal.loader.ClassLoaders$AppClassLoader@443b7951 
Loaded from file:/C:/DevShare/BTSN_86/BTSN/btsn.common/lib/derby.jar
java.vendor=Oracle Corporation
java.runtime.version=15.0.1+9-18
user.dir=C:\DevShare\BTSN_86\BTSN\btsn.healthcare.places.Radiology
os.name=Windows 7
os.arch=amd64
os.version=6.1
derby.system.home=null
Database Class Loader started - derby.database.classpath=''
----------------------------------------------------------------
Thu Jan 29 22:29:51 AEST 2026:
Booting Derby version The Apache Software Foundation - Apache Derby - 10.14.2.0 - (1828579): instance 0e2fc426-019c-09ba-4dae-00000076c160 
on database directory memory:C:\DevShare\BTSN_86\BTSN\btsn.healthcare.places.Radiology\RADDB_1030000_30758717805655 with class loader jdk.internal.loader.ClassLoaders$AppClassLoader@443b7951 
Loaded from file:/C:/DevShare/BTSN_86/BTSN/btsn.common/lib/derby.jar
java.vendor=Oracle Corporation
java.runtime.version=15.0.1+9-18
user.dir=C:\DevShare\BTSN_86\BTSN\btsn.healthcare.places.Radiology
os.name=Windows 7
os.arch=amd64
os.version=6.1
derby.system.home=null
Database Class Loader started - derby.database.classpath=''
----------------------------------------------------------------
Thu Jan 29 22:29:54 AEST 2026:
Booting Derby version The Apache Software Foundation - Apache Derby - 10.14.2.0 - (1828579): instance c08bc4c6-019c-09ba-4dae-00000076c160 
on database directory memory:C:\DevShare\BTSN_86\BTSN\btsn.healthcare.places.Radiology\RADDB_1040000_30761679044072 with class loader jdk.internal.loader.ClassLoaders$AppClassLoader@443b7951 
Loaded from file:/C:/DevShare/BTSN_86/BTSN/btsn.common/lib/derby.jar
java.vendor=Oracle Corporation
java.runtime.version=15.0.1+9-18
user.dir=C:\DevShare\BTSN_86\BTSN\btsn.healthcare.places.Radiology
os.name=Windows 7
os.arch=amd64
os.version=6.1
derby.system.home=null
Database Class Loader started - derby.database.classpath=''
----------------------------------------------------------------
Thu Jan 29 22:29:55 AEST 2026:
Booting Derby version The Apache Software Foundation - Apache Derby - 10.14.2.0 - (1828579): instance 8be7c566-019c-09ba-4dae-00000076c160 
on database directory memory:C:\DevShare\BTSN_86\BTSN\btsn.healthcare.places.Radiology\RADDB_1050000_30762638571839 with class loader jdk.internal.loader.ClassLoaders$AppClassLoader@443b7951 
Loaded from file:/C:/DevShare/BTSN_86/BTSN/btsn.common/lib/derby.jar
java.vendor=Oracle Corporation
java.runtime.version=15.0.1+9-18
user.dir=C:\DevShare\BTSN_86\BTSN\btsn.healthcare.places.Radiology
os.name=Windows 7
os.arch=amd64
os.version=6.1
derby.system.home=null
Database Class Loader started - derby.database.classpath=''
----------------------------------------------------------------
Thu Jan 29 22:29:59 AEST 2026:
Booting Derby version The Apache Software Foundation - Apache Derby - 10.14.2.0 - (1828579): instance 7043c606-019c-09ba-4dae-00000076c160 
on database directory memory:C:\DevShare\BTSN_86\BTSN\btsn.healthcare.places.Radiology\RADDB_1060000_30765574171451 with class loader jdk.internal.loader.ClassLoaders$AppClassLoader@443b7951 
Loaded from file:/C:/DevShare/BTSN_86/BTSN/btsn.common/lib/derby.jar
java.vendor=Oracle Corporation
java.runtime.version=15.0.1+9-18
user.dir=C:\DevShare\BTSN_86\BTSN\btsn.healthcare.places.Radiology
os.name=Windows 7
os.arch=amd64
os.version=6.1
derby.system.home=null
Database Class Loader started - derby.database.classpath=''
----------------------------------------------------------------
Thu Jan 29 22:30:00 AEST 2026:
Booting Derby version The Apache Software Foundation - Apache Derby - 10.14.2.0 - (1828579): instance c3f686a5-019c-09ba-4dae-00000076c160 
on database directory memory:C:\DevShare\BTSN_86\BTSN\btsn.healthcare.places.Radiology\RADDB_3030000_30767172878632 with class loader jdk.internal.loader.ClassLoaders$AppClassLoader@443b7951 
Loaded from file:/C:/DevShare/BTSN_86/BTSN/btsn.common/lib/derby.jar
java.vendor=Oracle Corporation
java.runtime.version=15.0.1+9-18
user.dir=C:\DevShare\BTSN_86\BTSN\btsn.healthcare.places.Radiology
os.name=Windows 7
os.arch=amd64
os.version=6.1
derby.system.home=null
Database Class Loader started - derby.database.classpath=''
----------------------------------------------------------------
Thu Jan 29 22:30:00 AEST 2026:
Booting Derby version The Apache Software Foundation - Apache Derby - 10.14.2.0 - (1828579): instance 4a4fc726-019c-09ba-4dae-00000076c160 
on database directory memory:C:\DevShare\BTSN_86\BTSN\btsn.healthcare.places.Radiology\RADDB_1070000_30767841531546 with class loader jdk.internal.loader.ClassLoaders$AppClassLoader@443b7951 
Loaded from file:/C:/DevShare/BTSN_86/BTSN/btsn.common/lib/derby.jar
java.vendor=Oracle Corporation
java.runtime.version=15.0.1+9-18
user.dir=C:\DevShare\BTSN_86\BTSN\btsn.healthcare.places.Radiology
os.name=Windows 7
os.arch=amd64
os.version=6.1
derby.system.home=null
Database Class Loader started - derby.database.classpath=''
----------------------------------------------------------------
Thu Jan 29 22:30:03 AEST 2026:
Booting Derby version The Apache Software Foundation - Apache Derby - 10.14.2.0 - (1828579): instance 095e87e5-019c-09ba-4dae-00000076c160 
on database directory memory:C:\DevShare\BTSN_86\BTSN\btsn.healthcare.places.Radiology\RADDB_1080000_30770306546980 with class loader jdk.internal.loader.ClassLoaders$AppClassLoader@443b7951 
Loaded from file:/C:/DevShare/BTSN_86/BTSN/btsn.common/lib/derby.jar
java.vendor=Oracle Corporation
java.runtime.version=15.0.1+9-18
user.dir=C:\DevShare\BTSN_86\BTSN\btsn.healthcare.places.Radiology
os.name=Windows 7
os.arch=amd64
os.version=6.1
derby.system.home=null
Database Class Loader started - derby.database.classpath=''
----------------------------------------------------------------
Thu Jan 29 22:30:04 AEST 2026:
Booting Derby version The Apache Software Foundation - Apache Derby - 10.14.2.0 - (1828579): instance 51928885-019c-09ba-4dae-00000076c160 
on database directory memory:C:\DevShare\BTSN_86\BTSN\btsn.healthcare.places.Radiology\RADDB_1090000_30771773227905 with class loader jdk.internal.loader.ClassLoaders$AppClassLoader@443b7951 
Loaded from file:/C:/DevShare/BTSN_86/BTSN/btsn.common/lib/derby.jar
java.vendor=Oracle Corporation
java.runtime.version=15.0.1+9-18
user.dir=C:\DevShare\BTSN_86\BTSN\btsn.healthcare.places.Radiology
os.name=Windows 7
os.arch=amd64
os.version=6.1
derby.system.home=null
Database Class Loader started - derby.database.classpath=''
----------------------------------------------------------------
Thu Jan 29 22:30:09 AEST 2026:
Booting Derby version The Apache Software Foundation - Apache Derby - 10.14.2.0 - (1828579): instance 487d8924-019c-09ba-4dae-00000076c160 
on database directory memory:C:\DevShare\BTSN_86\BTSN\btsn.healthcare.places.Radiology\RADDB_3050000_30776760103895 with class loader jdk.internal.loader.ClassLoaders$AppClassLoader@443b7951 
Loaded from file:/C:/DevShare/BTSN_86/BTSN/btsn.common/lib/derby.jar
java.vendor=Oracle Corporation
java.runtime.version=15.0.1+9-18
user.dir=C:\DevShare\BTSN_86\BTSN\btsn.healthcare.places.Radiology
os.name=Windows 7
os.arch=amd64
os.version=6.1
derby.system.home=null
Database Class Loader started - derby.database.classpath=''
----------------------------------------------------------------
Thu Jan 29 22:30:13 AEST 2026:
Booting Derby version The Apache Software Foundation - Apache Derby - 10.14.2.0 - (1828579): instance 8818c9c3-019c-09ba-4dae-00000076c160 
on database directory memory:C:\DevShare\BTSN_86\BTSN\btsn.healthcare.places.Radiology\RADDB_3060000_30780876692842 with class loader jdk.internal.loader.ClassLoaders$AppClassLoader@443b7951 
Loaded from file:/C:/DevShare/BTSN_86/BTSN/btsn.common/lib/derby.jar
java.vendor=Oracle Corporation
java.runtime.version=15.0.1+9-18
user.dir=C:\DevShare\BTSN_86\BTSN\btsn.healthcare.places.Radiology
os.name=Windows 7
os.arch=amd64
os.version=6.1
derby.system.home=null
Database Class Loader started - derby.database.classpath=''
----------------------------------------------------------------
Thu Jan 29 22:30:16 AEST 2026:
Booting Derby version The Apache Software Foundation - Apache Derby - 10.14.2.0 - (1828579): instance 00644a62-019c-09ba-4dae-00000076c160 
on database directory memory:C:\DevShare\BTSN_86\BTSN\btsn.healthcare.places.Radiology\RADDB_3070000_30783377352348 with class loader jdk.internal.loader.ClassLoaders$AppClassLoader@443b7951 
Loaded from file:/C:/DevShare/BTSN_86/BTSN/btsn.common/lib/derby.jar
java.vendor=Oracle Corporation
java.runtime.version=15.0.1+9-18
user.dir=C:\DevShare\BTSN_86\BTSN\btsn.healthcare.places.Radiology
os.name=Windows 7
os.arch=amd64
os.version=6.1
derby.system.home=null
Database Class Loader started - derby.database.classpath=''
----------------------------------------------------------------
Thu Jan 29 22:30:20 AEST 2026:
Booting Derby version The Apache Software Foundation - Apache Derby - 10.14.2.0 - (1828579): instance a1600b01-019c-09ba-4dae-00000076c160 
on database directory memory:C:\DevShare\BTSN_86\BTSN\btsn.healthcare.places.Radiology\RADDB_3080000_30787378378245 with class loader jdk.internal.loader.ClassLoaders$AppClassLoader@443b7951 
Loaded from file:/C:/DevShare/BTSN_86/BTSN/btsn.common/lib/derby.jar
java.vendor=Oracle Corporation
java.runtime.version=15.0.1+9-18
user.dir=C:\DevShare\BTSN_86\BTSN\btsn.healthcare.places.Radiology
os.name=Windows 7
os.arch=amd64
os.version=6.1
derby.system.home=null
Database Class Loader started - derby.database.classpath=''
----------------------------------------------------------------
Thu Jan 29 22:30:24 AEST 2026:
Booting Derby version The Apache Software Foundation - Apache Derby - 10.14.2.0 - (1828579): instance 5b0c0ba0-019c-09ba-4dae-00000076c160 
on database directory memory:C:\DevShare\BTSN_86\BTSN\btsn.healthcare.places.Radiology\RADDB_3090000_30791784514004 with class loader jdk.internal.loader.ClassLoaders$AppClassLoader@443b7951 
Loaded from file:/C:/DevShare/BTSN_86/BTSN/btsn.common/lib/derby.jar
java.vendor=Oracle Corporation
java.runtime.version=15.0.1+9-18
user.dir=C:\DevShare\BTSN_86\BTSN\btsn.healthcare.places.Radiology
os.name=Windows 7
os.arch=amd64
os.version=6.1
derby.system.home=null
Database Class Loader started - derby.database.classpath=''
----------------------------------------------------------------
Thu Jan 29 22:30:27 AEST 2026:
Booting Derby version The Apache Software Foundation - Apache Derby - 10.14.2.0 - (1828579): instance 1d684c3f-019c-09ba-4dae-00000076c160 
on database directory memory:C:\DevShare\BTSN_86\BTSN\btsn.healthcare.places.Radiology\RADDB_3100000_30794800827778 with class loader jdk.internal.loader.ClassLoaders$AppClassLoader@443b7951 
Loaded from file:/C:/DevShare/BTSN_86/BTSN/btsn.common/lib/derby.jar
java.vendor=Oracle Corporation
java.runtime.version=15.0.1+9-18
user.dir=C:\DevShare\BTSN_86\BTSN\btsn.healthcare.places.Radiology
os.name=Windows 7
os.arch=amd64
os.version=6.1
derby.system.home=null
Database Class Loader started - derby.database.classpath=''
----------------------------------------------------------------
Thu Jan 29 22:30:30 AEST 2026:
Booting Derby version The Apache Software Foundation - Apache Derby - 10.14.2.0 - (1828579): instance d874ccde-019c-09ba-4dae-00000076c160 
on database directory memory:C:\DevShare\BTSN_86\BTSN\btsn.healthcare.places.Radiology\RADDB_3110000_30797889476529 with class loader jdk.internal.loader.ClassLoaders$AppClassLoader@443b7951 
Loaded from file:/C:/DevShare/BTSN_86/BTSN/btsn.common/lib/derby.jar
java.vendor=Oracle Corporation
java.runtime.version=15.0.1+9-18
user.dir=C:\DevShare\BTSN_86\BTSN\btsn.healthcare.places.Radiology
os.name=Windows 7
os.arch=amd64
os.version=6.1
derby.system.home=null
Database Class Loader started - derby.database.classpath=''
----------------------------------------------------------------
Thu Jan 29 22:30:34 AEST 2026:
Booting Derby version The Apache Software Foundation - Apache Derby - 10.14.2.0 - (1828579): instance 7c318d7d-019c-09ba-4dae-00000076c160 
on database directory memory:C:\DevShare\BTSN_86\BTSN\btsn.healthcare.places.Radiology\RADDB_3120000_30801198600362 with class loader jdk.internal.loader.ClassLoaders$AppClassLoader@443b7951 
Loaded from file:/C:/DevShare/BTSN_86/BTSN/btsn.common/lib/derby.jar
java.vendor=Oracle Corporation
java.runtime.version=15.0.1+9-18
user.dir=C:\DevShare\BTSN_86\BTSN\btsn.healthcare.places.Radiology
os.name=Windows 7
os.arch=amd64
os.version=6.1
derby.system.home=null
Database Class Loader started - derby.database.classpath=''
----------------------------------------------------------------
Thu Jan 29 22:30:38 AEST 2026:
Booting Derby version The Apache Software Foundation - Apache Derby - 10.14.2.0 - (1828579): instance f89e8e1c-019c-09ba-4dae-00000076c160 
on database directory memory:C:\DevShare\BTSN_86\BTSN\btsn.healthcare.places.Radiology\RADDB_3130000_30805608262104 with class loader jdk.internal.loader.ClassLoaders$AppClassLoader@443b7951 
Loaded from file:/C:/DevShare/BTSN_86/BTSN/btsn.common/lib/derby.jar
java.vendor=Oracle Corporation
java.runtime.version=15.0.1+9-18
user.dir=C:\DevShare\BTSN_86\BTSN\btsn.healthcare.places.Radiology
os.name=Windows 7
os.arch=amd64
os.version=6.1
derby.system.home=null
Database Class Loader started - derby.database.classpath=''
----------------------------------------------------------------
Thu Jan 29 22:30:44 AEST 2026:
Booting Derby version The Apache Software Foundation - Apache Derby - 10.14.2.0 - (1828579): instance 3dbbcebb-019c-09ba-4dae-00000076c160 
on database directory memory:C:\DevShare\BTSN_86\BTSN\btsn.healthcare.places.Radiology\RADDB_3150000_30811553472060 with class loader jdk.internal.loader.ClassLoaders$AppClassLoader@443b7951 
Loaded from file:/C:/DevShare/BTSN_86/BTSN/btsn.common/lib/derby.jar
java.vendor=Oracle Corporation
java.runtime.version=15.0.1+9-18
user.dir=C:\DevShare\BTSN_86\BTSN\btsn.healthcare.places.Radiology
os.name=Windows 7
os.arch=amd64
os.version=6.1
derby.system.home=null
Database Class Loader started - derby.database.classpath=''
----------------------------------------------------------------
Thu Jan 29 22:30:47 AEST 2026:
Booting Derby version The Apache Software Foundation - Apache Derby - 10.14.2.0 - (1828579): instance 3b894f5a-019c-09ba-4dae-00000076c160 
on database directory memory:C:\DevShare\BTSN_86\BTSN\btsn.healthcare.places.Radiology\RADDB_3160000_30814635488811 with class loader jdk.internal.loader.ClassLoaders$AppClassLoader@443b7951 
Loaded from file:/C:/DevShare/BTSN_86/BTSN/btsn.common/lib/derby.jar
java.vendor=Oracle Corporation
java.runtime.version=15.0.1+9-18
user.dir=C:\DevShare\BTSN_86\BTSN\btsn.healthcare.places.Radiology
os.name=Windows 7
os.arch=amd64
os.version=6.1
derby.system.home=null
Database Class Loader started - derby.database.classpath=''
----------------------------------------------------------------
Thu Jan 29 22:30:52 AEST 2026:
Booting Derby version The Apache Software Foundation - Apache Derby - 10.14.2.0 - (1828579): instance e2070ff9-019c-09ba-4dae-00000076c160 
on database directory memory:C:\DevShare\BTSN_86\BTSN\btsn.healthcare.places.Radiology\RADDB_3170000_30819300580438 with class loader jdk.internal.loader.ClassLoaders$AppClassLoader@443b7951 
Loaded from file:/C:/DevShare/BTSN_86/BTSN/btsn.common/lib/derby.jar
java.vendor=Oracle Corporation
java.runtime.version=15.0.1+9-18
user.dir=C:\DevShare\BTSN_86\BTSN\btsn.healthcare.places.Radiology
os.name=Windows 7
os.arch=amd64
os.version=6.1
derby.system.home=null
Database Class Loader started - derby.database.classpath=''
