DEBUG ServiceThread-RadiologyService-12101 org.btsn.handlers.ServiceThread - JOIN-MAP: Added key=triageResults to join 1090000 (tokenId=1090003, mapSize=1)
INFO ServiceThread-RadiologyService-12101 org.btsn.handlers.ServiceThread - DEBUG: Loading rule base for operation: processImagingRequest
INFO ServiceThread-RadiologyService-12101 org.btsn.handlers.ServiceThread - DEBUG: Rule base location: C:\DevShare\BTSN_R001\BTSN\btsn.healthcare.places.Radiology/RuleFolder.v001/processImagingRequest/Service.ruleml
INFO ServiceThread-RadiologyService-12101 org.btsn.handlers.ServiceThread - DEBUG: Using cached knowledge base for version: v001
INFO ServiceThread-RadiologyService-12101 org.btsn.handlers.ServiceThread - DEBUG: Parsing knowledge base...
INFO ServiceThread-RadiologyService-12101 org.btsn.handlers.ServiceThread - DEBUG: Knowledge base parsed successfully
DEBUG ServiceThread-RadiologyService-12101 org.btsn.handlers.ServiceThread - CANONICAL-BINDING: Checking canonical binding for RadiologyService.processImagingRequest with attribute 'triageResults'
DEBUG ServiceThread-RadiologyService-12101 org.btsn.handlers.ServiceThread - CANONICAL-BINDING: Operation processImagingRequest uses standard (AND) semantics
INFO ServiceThread-RadiologyService-12101 org.btsn.handlers.ServiceThread - CANONICAL-BINDING: processImagingRequest requires 1 inputs total (standard AND logic)
INFO ServiceThread-RadiologyService-12101 org.btsn.handlers.ServiceThread - CANONICAL-BINDING: processImagingRequest needs 1 input - can call immediately with 'triageResults'
INFO ServiceThread-RadiologyService-12101 org.btsn.handlers.ServiceThread - ORCHESTRATOR: Canonical binding found - overriding serviceName facts
INFO ServiceThread-RadiologyService-12101 org.btsn.handlers.ServiceThread - ORCHESTRATOR: Overrode inputCollection for canonical binding
DEBUG ServiceThread-RadiologyService-12101 org.btsn.handlers.ServiceThread - decisionValueCollection already populated from publishes query - skipping legacy getDecisionValue
DEBUG ServiceThread-RadiologyService-12101 org.btsn.handlers.PetriNetInstrumentationHelper - Token 1090003 buffered at T_in_RadiologyService (buffer=0)
DEBUG ServiceThread-RadiologyService-12101 org.btsn.handlers.PetriNetInstrumentationHelper - Could not extract previousPlace from payload
WARN ServiceThread-RadiologyService-12101 org.btsn.handlers.PetriNetInstrumentationHelper - NAMING CONVENTION VIOLATION: Service 'RadiologyService' does not end with '_Place'. Expected format: {NodeName}_Place. Transition IDs may not match topology. Please rename the service.
DEBUG ServiceThread-RadiologyService-12101 org.btsn.derby.Analysis.BuildServiceAnalysisDatabase - Wrote transition firing: T_in_RadiologyService token=1090003 eventType=BUFFERED
DEBUG ServiceThread-RadiologyService-12101 org.btsn.handlers.PetriNetInstrumentationHelper - Recorded transition: T_in_RadiologyService (EdgeNode) token=1090003  -> RadiologyService [BUFFERED] buffer=0
DEBUG ServiceThread-RadiologyService-12101 org.btsn.handlers.ServiceThread - PETRI-NET: Token 1090003 BUFFERED at RadiologyService (T_in arrival)
DEBUG ServiceThread-RadiologyService-12101 org.btsn.handlers.PetriNetInstrumentationHelper - Token 1090003 entering place: RadiologyService (buffer=0)
DEBUG ServiceThread-RadiologyService-12101 org.btsn.handlers.PetriNetInstrumentationHelper - Could not extract previousPlace from payload
WARN ServiceThread-RadiologyService-12101 org.btsn.handlers.PetriNetInstrumentationHelper - NAMING CONVENTION VIOLATION: Service 'RadiologyService' does not end with '_Place'. Expected format: {NodeName}_Place. Transition IDs may not match topology. Please rename the service.
DEBUG ServiceThread-RadiologyService-12101 org.btsn.derby.Analysis.BuildServiceAnalysisDatabase - Wrote transition firing: T_in_RadiologyService token=1090003 eventType=ENTER
DEBUG ServiceThread-RadiologyService-12101 org.btsn.handlers.PetriNetInstrumentationHelper - Recorded transition: T_in_RadiologyService (EdgeNode) token=1090003  -> RadiologyService [ENTER] buffer=0
DEBUG ServiceThread-RadiologyService-12101 org.btsn.handlers.ServiceThread - PETRI-NET: Token 1090003 ENTER at RadiologyService
INFO ServiceThread-RadiologyService-12101 org.btsn.handlers.ServiceThread - DEBUG: About to check inputCollection.isEmpty() - size: 1
INFO ServiceThread-RadiologyService-12101 org.btsn.handlers.ServiceThread - DEBUG: inputCollection contents: [null]
INFO ServiceThread-RadiologyService-12101 org.btsn.handlers.ServiceThread - DEBUG: nodeType: EdgeNode
INFO ServiceThread-RadiologyService-12101 org.btsn.handlers.ServiceThread - DEBUG: needsInputSynchronization: false
INFO ServiceThread-RadiologyService-12101 org.btsn.handlers.ServiceThread - DEBUG: Past inputCollection check, about to enter JOIN processing
INFO ServiceThread-RadiologyService-12101 org.btsn.handlers.ServiceThread - DEBUG: inputCollection.get(0): null
INFO ServiceThread-RadiologyService-12101 org.btsn.handlers.ServiceThread - ORCHESTRATOR: Zero-input service RadiologyService:processImagingRequest executing with trigger token (no workflow data required)
INFO ServiceThread-RadiologyService-12101 org.btsn.handlers.ServiceThread - ORCHESTRATOR: Processing EdgeNode for RadiologyService.processImagingRequest
INFO ServiceThread-RadiologyService-12101 org.btsn.handlers.TransitionHandler - ORCHESTRATOR: Processing EdgeNode/MergeNode for RadiologyService.processImagingRequest
DEBUG ServiceThread-RadiologyService-12101 org.btsn.handlers.ServiceThread - CANONICAL-BINDING: Checking canonical binding for RadiologyService.processImagingRequest with attribute 'triageResults'
DEBUG ServiceThread-RadiologyService-12101 org.btsn.handlers.ServiceThread - CANONICAL-BINDING: Operation processImagingRequest uses standard (AND) semantics
INFO ServiceThread-RadiologyService-12101 org.btsn.handlers.ServiceThread - CANONICAL-BINDING: processImagingRequest requires 1 inputs total (standard AND logic)
INFO ServiceThread-RadiologyService-12101 org.btsn.handlers.ServiceThread - CANONICAL-BINDING: processImagingRequest needs 1 input - can call immediately with 'triageResults'
INFO ServiceThread-RadiologyService-12101 org.btsn.handlers.ServiceThread - ORCHESTRATOR: Found single-input canonical binding - calling RadiologyService.processImagingRequest immediately
INFO ServiceThread-RadiologyService-12101 org.btsn.handlers.ServiceThread - ORCHESTRATOR: Invoking RadiologyService.processImagingRequest via ServiceHelper (canonical binding)
INFO ServiceThread-RadiologyService-12101 org.btsn.handlers.ServiceHelper - === SERVICE INVOCATION START ===
INFO ServiceThread-RadiologyService-12101 org.btsn.handlers.ServiceHelper - Service: org.btsn.places.RadiologyService.processImagingRequest
INFO ServiceThread-RadiologyService-12101 org.btsn.handlers.ServiceHelper - SequenceID: 1090000
INFO ServiceThread-RadiologyService-12101 org.btsn.handlers.ServiceHelper - Input arguments count: 1
DEBUG ServiceThread-RadiologyService-12101 org.btsn.handlers.ServiceHelper - Processing argument 1/1, raw length: 1875
DEBUG ServiceThread-RadiologyService-12101 org.btsn.handlers.ServiceHelper - ENRICHMENT: Unwrapped place response from key: TRIAGE_PLACE_1090000
DEBUG ServiceThread-RadiologyService-12101 org.btsn.handlers.ServiceHelper - ENRICHMENT: Found existing original_token to preserve
DEBUG ServiceThread-RadiologyService-12101 org.btsn.handlers.ServiceHelper - ENRICHMENT: Extracted workflow_start_time=1770257256051
DEBUG ServiceThread-RadiologyService-12101 org.btsn.handlers.ServiceHelper - ENRICHMENT: Cleaned argument 1, length: 1875 (removed 0 bytes of metadata)
INFO ServiceThread-RadiologyService-12101 org.btsn.handlers.ServiceHelper - ENRICHMENT: Extracted 1 clean business data arguments (removed infrastructure metadata)
INFO ServiceThread-RadiologyService-12101 org.btsn.handlers.ServiceHelper - SERVICE INVOKE: Calling org.btsn.places.RadiologyService.processImagingRequest with 1 CLEAN business data arguments
DEBUG ServiceThread-RadiologyService-12101 org.btsn.handlers.ServiceHelper - INVOKE: Reflecting on org.btsn.places.RadiologyService.processImagingRequest
DEBUG ServiceThread-RadiologyService-12101 org.btsn.handlers.ServiceHelper - INVOKE: Looking for method with 1 String parameters
DEBUG ServiceThread-RadiologyService-12101 org.btsn.handlers.ServiceHelper - INVOKE: Created instance using 1-param constructor (context) for org.btsn.places.RadiologyService
DEBUG ServiceThread-RadiologyService-12101 org.btsn.handlers.ServiceHelper - INVOKE: Found standard method (1 String args)
DEBUG ServiceThread-RadiologyService-12101 org.btsn.handlers.ServiceHelper - INVOKE: Calling processImagingRequest with 1 arguments
INFO ServiceThread-RadiologyService-12101 org.btsn.handlers.ServiceHelper - SERVICE COMPLETE: org.btsn.places.RadiologyService.processImagingRequest completed in 377ms
DEBUG ServiceThread-RadiologyService-12101 org.btsn.handlers.ServiceHelper - ENRICHMENT: Using wrapped response key 'RAD_PLACE_1090000' instead of 'radiologyResults'
INFO ServiceThread-RadiologyService-12101 org.btsn.handlers.ServiceHelper - ENRICHMENT: Successfully enriched service result with metadata
INFO ServiceThread-RadiologyService-12101 org.btsn.handlers.ServiceHelper - === SERVICE INVOCATION COMPLETE ===
INFO ServiceThread-RadiologyService-12101 org.btsn.handlers.TransitionHandler - ORCHESTRATOR: Service returned: {"RAD_PLACE_1090000":{"serviceType":"radiologyResults","notAfter":1770257376051,"tokenId":"1090000","data":{"triage_nurse":"RN_TRIAGE","vital_signs":"{\"oxygen_saturation\":\"94%\",\"temperature\":\"98.6°F\",\"heart_rate\":\"110\",\"blood_pressure\":\"145\\\/95\"}","patientId":"P_Triage_1090000","triage_priority":"URGENT","diagnostic_orders":"[\"ECG_STAT\",\"Cardiac_Enzymes\",\"Chest_X-Ray\"]","findings":"Normal cardiac silhouette, clear lung fields bilaterally","routing_decision":"{\"estimated_time_to_treatment\":\"30-60 minutes\",\"routing_timestamp\":\"2026-02-05 12:07:51\",\"bypass_diagnostics\":\"false\",\"routing_path\":\"STANDARD_WORKFLOW\",\"rationale\":\"Chest pain requires diagnostic workup (ECG, cardiac enzymes, possible imaging) to differentiate cardiac from non-cardiac etiology.\"}","protocol_id":"CHEST_XR_01","study_id":"STUDY_P_Triage_1090000_20260205120755_6608","priority":"STANDARD","radiologist":"DR_RAD_0","recommendations":"Clinical correlation recommended","pain_score":"8\/10","condition":"chest pain","next_services":"[\"LaboratoryService\",\"CardiologyService\",\"RadiologyService\",\"DiagnosisService\",\"TreatmentService\"]","providerId":"RN_TRIAGE_001","chief_complaint":"chest pain","imaging_type":"chest_xray","impression":"No acute cardiopulmonary abnormalities","department":"EMERGENCY"},"workflow_start_time":1770257256051,"placeId":"RAD_PLACE_1090000","service_start_time":1770257275246,"version":"v001","sequenceId":"1090000","executionTime":0,"marking":0,"currentPlace":"TriageService","service_processing_time_ms":377,"original_token":"{\"notAfter\":1770257376051,\"tokenId\":\"1090000\",\"data\":{\"condition\":\"chest pain\",\"patientId\":\"P_Triage_1090000\",\"providerId\":\"RN_TRIAGE_001\",\"priority\":\"STANDARD\",\"department\":\"EMERGENCY\"},\"workflow_start_time\":1770257256051,\"currentPlace\":\"TriageService\",\"version\":\"v001\"}","service_end_time":1770257275623,"status":"IMAGING_COMPLETE"}}
DEBUG ServiceThread-RadiologyService-12101 org.btsn.handlers.PetriNetInstrumentationHelper - Token 1090003 exiting place: RadiologyService -> DiagnosisService [arc=$ANON11]
WARN ServiceThread-RadiologyService-12101 org.btsn.handlers.PetriNetInstrumentationHelper - NAMING CONVENTION VIOLATION: Service 'RadiologyService' does not end with '_Place'. Expected format: {NodeName}_Place. Transition IDs may not match topology. Please rename the service.
DEBUG ServiceThread-RadiologyService-12101 org.btsn.derby.Analysis.BuildServiceAnalysisDatabase - Wrote transition firing: T_out_RadiologyService token=1090003 eventType=EXIT
DEBUG ServiceThread-RadiologyService-12101 org.btsn.handlers.PetriNetInstrumentationHelper - Recorded transition: T_out_RadiologyService (EdgeNode) token=1090003 RadiologyService -> DiagnosisService [EXIT] arc=$ANON11
DEBUG ServiceThread-RadiologyService-12101 org.btsn.handlers.ServiceThread - PETRI-NET: Token 1090003 EXIT from RadiologyService -> DiagnosisService.processClinicalDecision [arc=$ANON11]
INFO ServiceThread-RadiologyService-12101 org.btsn.handlers.ServiceThread - DEBUG: Querying activeService for DiagnosisService.processClinicalDecision
INFO ServiceThread-RadiologyService-12101 org.btsn.handlers.ServiceThread - DEBUG: ActiveService query returned 2 rows
INFO ServiceThread-RadiologyService-12101 org.btsn.handlers.ServiceThread - DEBUG: ActiveService result - ?channelId = ip0
INFO ServiceThread-RadiologyService-12101 org.btsn.handlers.ServiceThread - DEBUG: ActiveService result - ?port = 2104
INFO ServiceThread-RadiologyService-12101 org.btsn.handlers.ServiceThread - ORCHESTRATOR: APPLYING activeService override - Channel: ip0, Port: 2104
INFO ServiceThread-RadiologyService-12101 org.btsn.handlers.ServiceThread - ORCHESTRATOR: Resolved ip0 to IP 192.168.1.152
DEBUG ServiceThread-RadiologyService-12101 org.btsn.handlers.ServiceThread - ROUTING: External to DiagnosisService -> 'radiologyResults'
INFO ServiceThread-RadiologyService-12101 org.btsn.handlers.ServiceThread - ROUTING: Token 1090003 -> 'radiologyResults' to DiagnosisService.processClinicalDecision
INFO ServiceThread-RadiologyService-12101 org.btsn.handlers.ServiceThread - ORCHESTRATOR: Publishing to Service DiagnosisService Operation: processClinicalDecision
INFO ServiceThread-RadiologyService-12101 org.btsn.handlers.ServiceThread - ORCHESTRATOR: Channel: 192.168.1.152, Port: 2104
INFO ServiceThread-RadiologyService-12101 org.btsn.handlers.ServiceThread - ORCHESTRATOR: Attribute radiologyResults = {"RAD_PLACE_1090000":{"serviceType":"radiologyResults","notAfter":1770257376051,"tokenId":"1090000","data":{"triage_nurse":"RN_TRIAGE","vital_signs":"{\"oxygen_saturation\":\"94%\",\"temperature\":\"98.6°F\",\"heart_rate\":\"110\",\"blood_pressure\":\"145\\\/95\"}","patientId":"P_Triage_1090000","triage_priority":"URGENT","diagnostic_orders":"[\"ECG_STAT\",\"Cardiac_Enzymes\",\"Chest_X-Ray\"]","findings":"Normal cardiac silhouette, clear lung fields bilaterally","routing_decision":"{\"estimated_time_to_treatment\":\"30-60 minutes\",\"routing_timestamp\":\"2026-02-05 12:07:51\",\"bypass_diagnostics\":\"false\",\"routing_path\":\"STANDARD_WORKFLOW\",\"rationale\":\"Chest pain requires diagnostic workup (ECG, cardiac enzymes, possible imaging) to differentiate cardiac from non-cardiac etiology.\"}","protocol_id":"CHEST_XR_01","study_id":"STUDY_P_Triage_1090000_20260205120755_6608","priority":"STANDARD","radiologist":"DR_RAD_0","recommendations":"Clinical correlation recommended","pain_score":"8\/10","condition":"chest pain","next_services":"[\"LaboratoryService\",\"CardiologyService\",\"RadiologyService\",\"DiagnosisService\",\"TreatmentService\"]","providerId":"RN_TRIAGE_001","chief_complaint":"chest pain","imaging_type":"chest_xray","impression":"No acute cardiopulmonary abnormalities","department":"EMERGENCY"},"workflow_start_time":1770257256051,"placeId":"RAD_PLACE_1090000","service_start_time":1770257275246,"version":"v001","sequenceId":"1090000","executionTime":0,"marking":0,"currentPlace":"TriageService","service_processing_time_ms":377,"original_token":"{\"notAfter\":1770257376051,\"tokenId\":\"1090000\",\"data\":{\"condition\":\"chest pain\",\"patientId\":\"P_Triage_1090000\",\"providerId\":\"RN_TRIAGE_001\",\"priority\":\"STANDARD\",\"department\":\"EMERGENCY\"},\"workflow_start_time\":1770257256051,\"currentPlace\":\"TriageService\",\"version\":\"v001\"}","service_end_time":1770257275623,"status":"IMAGING_COMPLETE"}}
INFO ServiceThread-RadiologyService-12101 org.btsn.handlers.ServiceThread - ORCHESTRATOR: Completed callNextOperation for DiagnosisService, published=true
INFO ServiceThread-RadiologyService-12101 org.btsn.handlers.ServiceThread - ORCHESTRATOR: Successfully published to DiagnosisService via EventPublisher
ERROR ServiceThread-RadiologyService-12101 org.btsn.handlers.ServiceThread - monitorIncomingEvents: true
WARN ServiceThread-RadiologyService-12101 org.btsn.handlers.ServiceThread - TIMING: EventReactor arrival time not found, using ServiceThread dequeue time=1770257273894 for seqID=1090003
DEBUG ServiceThread-RadiologyService-12101 org.btsn.handlers.ServiceThread - WRITE: Using captured workflowStartTime=1770257256053 for seqID=1090003
INFO ServiceThread-RadiologyService-12101 org.btsn.handlers.ServiceThread - === SERVICE TIMING RECORD ===
INFO ServiceThread-RadiologyService-12101 org.btsn.handlers.ServiceThread -   Sequence ID: 1090003
INFO ServiceThread-RadiologyService-12101 org.btsn.handlers.ServiceThread -   Service: RadiologyService
INFO ServiceThread-RadiologyService-12101 org.btsn.handlers.ServiceThread -   Operation: processImagingRequest
INFO ServiceThread-RadiologyService-12101 org.btsn.handlers.ServiceThread -   Arrival Time (EventReactor): 1770257273894
INFO ServiceThread-RadiologyService-12101 org.btsn.handlers.ServiceThread -   Invocation Time: 1770257275012
INFO ServiceThread-RadiologyService-12101 org.btsn.handlers.ServiceThread -   Publish Time: 1770257275909
INFO ServiceThread-RadiologyService-12101 org.btsn.handlers.ServiceThread -   Workflow Start Time: 1770257256053
INFO ServiceThread-RadiologyService-12101 org.btsn.handlers.ServiceThread -   MARKING: Buffer=0, Total=1, Capacity=50
INFO ServiceThread-RadiologyService-12101 org.btsn.handlers.ServiceThread - ==============================
INFO ServiceThread-RadiologyService-12101 org.btsn.derby.Analysis.BuildServiceAnalysisDatabase - Wrote service timing record for sequenceID: 1090003
DEBUG ServiceThread-RadiologyService-12101 org.btsn.handlers.ServiceThread -   Queue Time (including priority queue): 1118ms
DEBUG ServiceThread-RadiologyService-12101 org.btsn.handlers.ServiceThread -   Service Time: 897ms
DEBUG ServiceThread-RadiologyService-12101 org.btsn.handlers.ServiceThread -   Total Time: 2015ms
DEBUG ServiceThread-RadiologyService-12101 org.btsn.handlers.ServiceThread -   Buffer Utilization: 0.0%
DEBUG ServiceThread-RadiologyService-12101 org.btsn.handlers.ServiceThread - ORCHESTRATOR: Cleaned up join 1090000
DEBUG ServiceThread-RadiologyService-12101 org.btsn.handlers.ServiceThread - ORCHESTRATOR: Service RadiologyService sequence ID: 1090000 complete.
DEBUG ServiceThread-Radiology_CollectorService-12201 org.btsn.handlers.ServiceThread - ORCHESTRATOR: Processing:: token = {"token":"workflow_1000000_v001"}
DEBUG ServiceThread-Radiology_CollectorService-12201 org.btsn.handlers.ServiceThread - CAPTURE: WorkflowStartTime=1770257286736 for seqID=1000000
INFO ServiceThread-Radiology_CollectorService-12201 org.btsn.handlers.ServiceThread - Incoming Sequence ID = 1000000
INFO ServiceThread-Radiology_CollectorService-12201 org.btsn.handlers.ServiceThread - MonitorIncomingEvents+ = true
DEBUG ServiceThread-Radiology_CollectorService-12201 org.btsn.handlers.ServiceThread - Using RuleBaseVersion: v001
DEBUG ServiceThread-Radiology_CollectorService-12201 org.btsn.handlers.ServiceThread - FILTER: Event for Radiology_CollectorService.collectAllData accepted by Radiology_CollectorService thread
WARN ServiceThread-Radiology_CollectorService-12201 org.btsn.json.jsonLibrary - Key "token" already exists. Skipping.
DEBUG ServiceThread-Radiology_CollectorService-12201 org.btsn.handlers.ServiceThread - JOIN-MAP: Added key=token to join 1000000 (tokenId=1000000, mapSize=1)
INFO ServiceThread-Radiology_CollectorService-12201 org.btsn.handlers.ServiceThread - DEBUG: Loading rule base for operation: collectAllData
INFO ServiceThread-Radiology_CollectorService-12201 org.btsn.handlers.ServiceThread - DEBUG: Rule base location: C:\DevShare\BTSN_R001\BTSN\btsn.healthcare.places.Radiology/RuleFolder.v001/collectAllData/Service.ruleml
INFO ServiceThread-Radiology_CollectorService-12201 org.btsn.handlers.ServiceThread - DEBUG: Loading fresh knowledge base from: C:\DevShare\BTSN_R001\BTSN\btsn.healthcare.places.Radiology/RuleFolder.v001/collectAllData/Service.ruleml
INFO ServiceThread-Radiology_CollectorService-12201 org.btsn.handlers.ServiceThread - DEBUG: Loaded knowledge base length: 13649
DEBUG ServiceThread-Radiology_CollectorService-12201 org.btsn.handlers.ServiceThread - DEBUG: Knowledge base content preview: <Assert>
<Rulebase mapClosure="universal">
<!-- Version On -->
<Data><Atom><Rel>Version</Rel><Ind>v001</Ind></Atom></Data>
<!-- Common Rules to all services -->
<!-- 
This is the rule determines the operational parameters associated with
the destination service.
 -->
<Implies>
	<then>
		<Atom>
			<Rel>publishes</Rel>
			<Var>service</Var>
			<Var>condition</Var>
			<Var>operation</Var>
			<Var>channel</Var>
			<Var>ip</Var>
			<Var>port</Var>
			<Var>decisionValue</Var>
		</A
INFO ServiceThread-Radiology_CollectorService-12201 org.btsn.handlers.ServiceThread - DEBUG: Parsing knowledge base...
INFO ServiceThread-Radiology_CollectorService-12201 org.btsn.handlers.ServiceThread - DEBUG: Knowledge base parsed successfully
DEBUG ServiceThread-Radiology_CollectorService-12201 org.btsn.handlers.ServiceThread - CANONICAL-BINDING: Checking canonical binding for Radiology_CollectorService.collectAllData with attribute 'token'
DEBUG ServiceThread-Radiology_CollectorService-12201 org.btsn.handlers.ServiceThread - CANONICAL-BINDING: Operation collectAllData uses standard (AND) semantics
INFO ServiceThread-Radiology_CollectorService-12201 org.btsn.handlers.ServiceThread - CANONICAL-BINDING: collectAllData requires 1 inputs total (standard AND logic)
INFO ServiceThread-Radiology_CollectorService-12201 org.btsn.handlers.ServiceThread - CANONICAL-BINDING: collectAllData needs 1 input - can call immediately with 'token'
INFO ServiceThread-Radiology_CollectorService-12201 org.btsn.handlers.ServiceThread - ORCHESTRATOR: Canonical binding found - overriding serviceName facts
INFO ServiceThread-Radiology_CollectorService-12201 org.btsn.handlers.ServiceThread - ORCHESTRATOR: Overrode inputCollection for canonical binding
WARN ServiceThread-Radiology_CollectorService-12201 org.btsn.handlers.ServiceThread - Using legacy getDecisionValue - consider updating CoreRuleBase to include decisionValue in publishes
DEBUG ServiceThread-Radiology_CollectorService-12201 org.btsn.handlers.PetriNetInstrumentationHelper - Token 1000000 buffered at T_in_Radiology_CollectorService (buffer=0)
DEBUG ServiceThread-Radiology_CollectorService-12201 org.btsn.handlers.PetriNetInstrumentationHelper - Could not extract previousPlace from payload
WARN ServiceThread-Radiology_CollectorService-12201 org.btsn.handlers.PetriNetInstrumentationHelper - NAMING CONVENTION VIOLATION: Service 'Radiology_CollectorService' does not end with '_Place'. Expected format: {NodeName}_Place. Transition IDs may not match topology. Please rename the service.
DEBUG ServiceThread-Radiology_CollectorService-12201 org.btsn.derby.Analysis.BuildServiceAnalysisDatabase - Wrote transition firing: T_in_Radiology_CollectorService token=1000000 eventType=BUFFERED
DEBUG ServiceThread-Radiology_CollectorService-12201 org.btsn.handlers.PetriNetInstrumentationHelper - Recorded transition: T_in_Radiology_CollectorService (EdgeNode) token=1000000  -> Radiology_CollectorService [BUFFERED] buffer=0
DEBUG ServiceThread-Radiology_CollectorService-12201 org.btsn.handlers.ServiceThread - PETRI-NET: Token 1000000 BUFFERED at Radiology_CollectorService (T_in arrival)
DEBUG ServiceThread-Radiology_CollectorService-12201 org.btsn.handlers.PetriNetInstrumentationHelper - Token 1000000 entering place: Radiology_CollectorService (buffer=0)
DEBUG ServiceThread-Radiology_CollectorService-12201 org.btsn.handlers.PetriNetInstrumentationHelper - Could not extract previousPlace from payload
WARN ServiceThread-Radiology_CollectorService-12201 org.btsn.handlers.PetriNetInstrumentationHelper - NAMING CONVENTION VIOLATION: Service 'Radiology_CollectorService' does not end with '_Place'. Expected format: {NodeName}_Place. Transition IDs may not match topology. Please rename the service.
DEBUG ServiceThread-Radiology_CollectorService-12201 org.btsn.derby.Analysis.BuildServiceAnalysisDatabase - Wrote transition firing: T_in_Radiology_CollectorService token=1000000 eventType=ENTER
DEBUG ServiceThread-Radiology_CollectorService-12201 org.btsn.handlers.PetriNetInstrumentationHelper - Recorded transition: T_in_Radiology_CollectorService (EdgeNode) token=1000000  -> Radiology_CollectorService [ENTER] buffer=0
DEBUG ServiceThread-Radiology_CollectorService-12201 org.btsn.handlers.ServiceThread - PETRI-NET: Token 1000000 ENTER at Radiology_CollectorService
INFO ServiceThread-Radiology_CollectorService-12201 org.btsn.handlers.ServiceThread - DEBUG: About to check inputCollection.isEmpty() - size: 1
INFO ServiceThread-Radiology_CollectorService-12201 org.btsn.handlers.ServiceThread - DEBUG: inputCollection contents: [null]
INFO ServiceThread-Radiology_CollectorService-12201 org.btsn.handlers.ServiceThread - DEBUG: nodeType: EdgeNode
INFO ServiceThread-Radiology_CollectorService-12201 org.btsn.handlers.ServiceThread - DEBUG: needsInputSynchronization: false
INFO ServiceThread-Radiology_CollectorService-12201 org.btsn.handlers.ServiceThread - DEBUG: Past inputCollection check, about to enter JOIN processing
INFO ServiceThread-Radiology_CollectorService-12201 org.btsn.handlers.ServiceThread - DEBUG: inputCollection.get(0): null
INFO ServiceThread-Radiology_CollectorService-12201 org.btsn.handlers.ServiceThread - ORCHESTRATOR: Zero-input service Radiology_CollectorService:collectAllData executing with trigger token (no workflow data required)
INFO ServiceThread-Radiology_CollectorService-12201 org.btsn.handlers.ServiceThread - ORCHESTRATOR: Processing EdgeNode for Radiology_CollectorService.collectAllData
INFO ServiceThread-Radiology_CollectorService-12201 org.btsn.handlers.TransitionHandler - ORCHESTRATOR: Processing EdgeNode/MergeNode for Radiology_CollectorService.collectAllData
DEBUG ServiceThread-Radiology_CollectorService-12201 org.btsn.handlers.ServiceThread - CANONICAL-BINDING: Checking canonical binding for Radiology_CollectorService.collectAllData with attribute 'token'
DEBUG ServiceThread-Radiology_CollectorService-12201 org.btsn.handlers.ServiceThread - CANONICAL-BINDING: Operation collectAllData uses standard (AND) semantics
INFO ServiceThread-Radiology_CollectorService-12201 org.btsn.handlers.ServiceThread - CANONICAL-BINDING: collectAllData requires 1 inputs total (standard AND logic)
INFO ServiceThread-Radiology_CollectorService-12201 org.btsn.handlers.ServiceThread - CANONICAL-BINDING: collectAllData needs 1 input - can call immediately with 'token'
INFO ServiceThread-Radiology_CollectorService-12201 org.btsn.handlers.ServiceThread - ORCHESTRATOR: Found single-input canonical binding - calling Radiology_CollectorService.collectAllData immediately
INFO ServiceThread-Radiology_CollectorService-12201 org.btsn.handlers.ServiceThread - ORCHESTRATOR: Invoking Radiology_CollectorService.collectAllData via ServiceHelper (canonical binding)
INFO ServiceThread-Radiology_CollectorService-12201 org.btsn.handlers.ServiceHelper - === SERVICE INVOCATION START ===
INFO ServiceThread-Radiology_CollectorService-12201 org.btsn.handlers.ServiceHelper - Service: org.btsn.places.Radiology_CollectorService.collectAllData
INFO ServiceThread-Radiology_CollectorService-12201 org.btsn.handlers.ServiceHelper - SequenceID: 1000000
INFO ServiceThread-Radiology_CollectorService-12201 org.btsn.handlers.ServiceHelper - Input arguments count: 1
DEBUG ServiceThread-Radiology_CollectorService-12201 org.btsn.handlers.ServiceHelper - Processing argument 1/1, raw length: 33
DEBUG ServiceThread-Radiology_CollectorService-12201 org.btsn.handlers.ServiceHelper - ENRICHMENT: First service - raw token IS original_token
INFO ServiceThread-Radiology_CollectorService-12201 org.btsn.handlers.ServiceHelper - ENRICHMENT: Initialized workflow start time (first service)
DEBUG ServiceThread-Radiology_CollectorService-12201 org.btsn.handlers.ServiceHelper - ENRICHMENT: Cleaned argument 1, length: 33 (removed 0 bytes of metadata)
INFO ServiceThread-Radiology_CollectorService-12201 org.btsn.handlers.ServiceHelper - ENRICHMENT: Extracted 1 clean business data arguments (removed infrastructure metadata)
INFO ServiceThread-Radiology_CollectorService-12201 org.btsn.handlers.ServiceHelper - SERVICE INVOKE: Calling org.btsn.places.Radiology_CollectorService.collectAllData with 1 CLEAN business data arguments
DEBUG ServiceThread-Radiology_CollectorService-12201 org.btsn.handlers.ServiceHelper - INVOKE: Reflecting on org.btsn.places.Radiology_CollectorService.collectAllData
DEBUG ServiceThread-Radiology_CollectorService-12201 org.btsn.handlers.ServiceHelper - INVOKE: Looking for method with 1 String parameters
DEBUG ServiceThread-Radiology_CollectorService-12201 org.btsn.handlers.ServiceHelper - INVOKE: Created instance using 3-param constructor (context, placeName, buildVersion) for org.btsn.places.Radiology_CollectorService
DEBUG ServiceThread-Radiology_CollectorService-12201 org.btsn.handlers.ServiceHelper - INVOKE: Found standard method (1 String args)
DEBUG ServiceThread-Radiology_CollectorService-12201 org.btsn.handlers.ServiceHelper - INVOKE: Calling collectAllData with 1 arguments
INFO ServiceThread-Radiology_CollectorService-12201 org.btsn.handlers.ServiceHelper - SERVICE COMPLETE: org.btsn.places.Radiology_CollectorService.collectAllData completed in 189ms
WARN ServiceThread-Radiology_CollectorService-12201 org.btsn.handlers.ServiceHelper - ENRICHMENT: Inner object is not a JSONObject, cannot enrich
INFO ServiceThread-Radiology_CollectorService-12201 org.btsn.handlers.ServiceHelper - ENRICHMENT: Successfully enriched service result with metadata
INFO ServiceThread-Radiology_CollectorService-12201 org.btsn.handlers.ServiceHelper - === SERVICE INVOCATION COMPLETE ===
INFO ServiceThread-Radiology_CollectorService-12201 org.btsn.handlers.TransitionHandler - ORCHESTRATOR: Service returned: {"monitoredPlace":"RadiologyService","petriNetData":{"firingRecordCount":30,"workflowGroups":{"1000000":{"markingEvolution":[{"marking":1,"tokenId":1000003,"transitionId":"T_in_RadiologyService","toPlace":"RadiologyService","workflowBase":1000000,"eventType":"BUFFERED","placeName":"RadiologyService","timestamp":1770257234983,"bufferSize":0},{"marking":1,"tokenId":1000003,"transitionId":"T_in_RadiologyService","toPlace":"RadiologyService","workflowBase":1000000,"eventType":"ENTER","placeName":"RadiologyService","timestamp":1770257235365,"bufferSize":0},{"marking":0,"tokenId":1000003,"transitionId":"T_out_RadiologyService","toPlace":"DiagnosisService","workflowBase":1000000,"eventType":"EXIT","placeName":"RadiologyService","timestamp":1770257237388,"bufferSize":0},{"marking":1,"tokenId":1010003,"transitionId":"T_in_RadiologyService","toPlace":"RadiologyService","workflowBase":1000000,"eventType":"BUFFERED","placeName":"RadiologyService","timestamp":1770257241200,"bufferSize":0},{"marking":1,"tokenId":1010003,"transitionId":"T_in_RadiologyService","toPlace":"RadiologyService","workflowBase":1000000,"eventType":"ENTER","placeName":"RadiologyService","timestamp":1770257241261,"bufferSize":0},{"marking":0,"tokenId":1010003,"transitionId":"T_out_RadiologyService","toPlace":"DiagnosisService","workflowBase":1000000,"eventType":"EXIT","placeName":"RadiologyService","timestamp":1770257242345,"bufferSize":0},{"marking":1,"tokenId":1020003,"transitionId":"T_in_RadiologyService","toPlace":"RadiologyService","workflowBase":1000000,"eventType":"BUFFERED","placeName":"RadiologyService","timestamp":1770257245959,"bufferSize":0},{"marking":1,"tokenId":1020003,"transitionId":"T_in_RadiologyService","toPlace":"RadiologyService","workflowBase":1000000,"eventType":"ENTER","placeName":"RadiologyService","timestamp":1770257245982,"bufferSize":0},{"marking":0,"tokenId":1020003,"transitionId":"T_out_RadiologyService","toPlace":"DiagnosisService","workflowBase":1000000,"eventType":"EXIT","placeName":"RadiologyService","timestamp":1770257249003,"bufferSize":0},{"marking":1,"tokenId":1030003,"transitionId":"T_in_RadiologyService","toPlace":"RadiologyService","workflowBase":1000000,"eventType":"BUFFERED","placeName":"RadiologyService","timestamp":1770257251037,"bufferSize":0},{"marking":1,"tokenId":1030003,"transitionId":"T_in_RadiologyService","toPlace":"RadiologyService","workflowBase":1000000,"eventType":"ENTER","placeName":"RadiologyService","timestamp":1770257251049,"bufferSize":0},{"marking":0,"tokenId":1030003,"transitionId":"T_out_RadiologyService","toPlace":"DiagnosisService","workflowBase":1000000,"eventType":"EXIT","placeName":"RadiologyService","timestamp":1770257252530,"bufferSize":0},{"marking":1,"tokenId":1040003,"transitionId":"T_in_RadiologyService","toPlace":"RadiologyService","workflowBase":1000000,"eventType":"BUFFERED","placeName":"RadiologyService","timestamp":1770257255200,"bufferSize":0},{"marking":1,"tokenId":1040003,"transitionId":"T_in_RadiologyService","toPlace":"RadiologyService","workflowBase":1000000,"eventType":"ENTER","placeName":"RadiologyService","timestamp":1770257255214,"bufferSize":0},{"marking":0,"tokenId":1040003,"transitionId":"T_out_RadiologyService","toPlace":"DiagnosisService","workflowBase":1000000,"eventType":"EXIT","placeName":"RadiologyService","timestamp":1770257256099,"bufferSize":0},{"marking":1,"tokenId":1050003,"transitionId":"T_in_RadiologyService","toPlace":"RadiologyService","workflowBase":1000000,"eventType":"BUFFERED","placeName":"RadiologyService","timestamp":1770257259168,"bufferSize":0},{"marking":1,"tokenId":1050003,"transitionId":"T_in_RadiologyService","toPlace":"RadiologyService","workflowBase":1000000,"eventType":"ENTER","placeName":"RadiologyService","timestamp":1770257259181,"bufferSize":0},{"marking":0,"tokenId":1050003,"transitionId":"T_out_RadiologyService","toPlace":"DiagnosisService","workflowBase":1000000,"eventType":"EXIT","placeName":"RadiologyService","timestamp":1770257259688,"bufferSize":0},{"marking":1,"tokenId":1060003,"transitionId":"T_in_RadiologyService","toPlace":"RadiologyService","workflowBase":1000000,"eventType":"BUFFERED","placeName":"RadiologyService","timestamp":1770257262146,"bufferSize":0},{"marking":1,"tokenId":1060003,"transitionId":"T_in_RadiologyService","toPlace":"RadiologyService","workflowBase":1000000,"eventType":"ENTER","placeName":"RadiologyService","timestamp":1770257262165,"bufferSize":0},{"marking":0,"tokenId":1060003,"transitionId":"T_out_RadiologyService","toPlace":"DiagnosisService","workflowBase":1000000,"eventType":"EXIT","placeName":"RadiologyService","timestamp":1770257263128,"bufferSize":0},{"marking":1,"tokenId":1070003,"transitionId":"T_in_RadiologyService","toPlace":"RadiologyService","workflowBase":1000000,"eventType":"BUFFERED","placeName":"RadiologyService","timestamp":1770257266081,"bufferSize":0},{"marking":1,"tokenId":1070003,"transitionId":"T_in_RadiologyService","toPlace":"RadiologyService","workflowBase":1000000,"eventType":"ENTER","placeName":"RadiologyService","timestamp":1770257266098,"bufferSize":0},{"marking":0,"tokenId":1070003,"transitionId":"T_out_RadiologyService","toPlace":"DiagnosisService","workflowBase":1000000,"eventType":"EXIT","placeName":"RadiologyService","timestamp":1770257267409,"bufferSize":0},{"marking":1,"tokenId":1080003,"transitionId":"T_in_RadiologyService","toPlace":"RadiologyService","workflowBase":1000000,"eventType":"BUFFERED","placeName":"RadiologyService","timestamp":1770257270303,"bufferSize":0},{"marking":1,"tokenId":1080003,"transitionId":"T_in_RadiologyService","toPlace":"RadiologyService","workflowBase":1000000,"eventType":"ENTER","placeName":"RadiologyService","timestamp":1770257270599,"bufferSize":0},{"marking":0,"tokenId":1080003,"transitionId":"T_out_RadiologyService","toPlace":"DiagnosisService","workflowBase":1000000,"eventType":"EXIT","placeName":"RadiologyService","timestamp":1770257272406,"bufferSize":0},{"marking":1,"tokenId":1090003,"transitionId":"T_in_RadiologyService","toPlace":"RadiologyService","workflowBase":1000000,"eventType":"BUFFERED","placeName":"RadiologyService","timestamp":1770257274815,"bufferSize":0},{"marking":1,"tokenId":1090003,"transitionId":"T_in_RadiologyService","toPlace":"RadiologyService","workflowBase":1000000,"eventType":"ENTER","placeName":"RadiologyService","timestamp":1770257274979,"bufferSize":0},{"marking":0,"tokenId":1090003,"transitionId":"T_out_RadiologyService","toPlace":"DiagnosisService","workflowBase":1000000,"eventType":"EXIT","placeName":"RadiologyService","timestamp":1770257275723,"bufferSize":0}],"tokenGenealogy":[],"tokenPaths":[{"entryTime":1770257234983,"exitTime":1770257237388,"residenceTime":2405,"entryBufferSize":0,"tokenId":1000003,"exitBufferSize":0,"workflowBase":1000000,"placeName":"RadiologyService"},{"entryTime":1770257235365,"exitTime":1770257237388,"residenceTime":2023,"entryBufferSize":0,"tokenId":1000003,"exitBufferSize":0,"workflowBase":1000000,"placeName":"RadiologyService"},{"entryTime":1770257241200,"exitTime":1770257242345,"residenceTime":1145,"entryBufferSize":0,"tokenId":1010003,"exitBufferSize":0,"workflowBase":1000000,"placeName":"RadiologyService"},{"entryTime":1770257241261,"exitTime":1770257242345,"residenceTime":1084,"entryBufferSize":0,"tokenId":1010003,"exitBufferSize":0,"workflowBase":1000000,"placeName":"RadiologyService"},{"entryTime":1770257245959,"exitTime":1770257249003,"residenceTime":3044,"entryBufferSize":0,"tokenId":1020003,"exitBufferSize":0,"workflowBase":1000000,"placeName":"RadiologyService"},{"entryTime":1770257245982,"exitTime":1770257249003,"residenceTime":3021,"entryBufferSize":0,"tokenId":1020003,"exitBufferSize":0,"workflowBase":1000000,"placeName":"RadiologyService"},{"entryTime":1770257251037,"exitTime":1770257252530,"residenceTime":1493,"entryBufferSize":0,"tokenId":1030003,"exitBufferSize":0,"workflowBase":1000000,"placeName":"RadiologyService"},{"entryTime":1770257251049,"exitTime":1770257252530,"residenceTime":1481,"entryBufferSize":0,"tokenId":1030003,"exitBufferSize":0,"workflowBase":1000000,"placeName":"RadiologyService"},{"entryTime":1770257255200,"exitTime":1770257256099,"residenceTime":899,"entryBufferSize":0,"tokenId":1040003,"exitBufferSize":0,"workflowBase":1000000,"placeName":"RadiologyService"},{"entryTime":1770257255214,"exitTime":1770257256099,"residenceTime":885,"entryBufferSize":0,"tokenId":1040003,"exitBufferSize":0,"workflowBase":1000000,"placeName":"RadiologyService"},{"entryTime":1770257259168,"exitTime":1770257259688,"residenceTime":520,"entryBufferSize":0,"tokenId":1050003,"exitBufferSize":0,"workflowBase":1000000,"placeName":"RadiologyService"},{"entryTime":1770257259181,"exitTime":1770257259688,"residenceTime":507,"entryBufferSize":0,"tokenId":1050003,"exitBufferSize":0,"workflowBase":1000000,"placeName":"RadiologyService"},{"entryTime":1770257262146,"exitTime":1770257263128,"residenceTime":982,"entryBufferSize":0,"tokenId":1060003,"exitBufferSize":0,"workflowBase":1000000,"placeName":"RadiologyService"},{"entryTime":1770257262165,"exitTime":1770257263128,"residenceTime":963,"entryBufferSize":0,"tokenId":1060003,"exitBufferSize":0,"workflowBase":1000000,"placeName":"RadiologyService"},{"entryTime":1770257266081,"exitTime":1770257267409,"residenceTime":1328,"entryBufferSize":0,"tokenId":1070003,"exitBufferSize":0,"workflowBase":1000000,"placeName":"RadiologyService"},{"entryTime":1770257266098,"exitTime":1770257267409,"residenceTime":1311,"entryBufferSize":0,"tokenId":1070003,"exitBufferSize":0,"workflowBase":1000000,"placeName":"RadiologyService"},{"entryTime":1770257270303,"exitTime":1770257272406,"residenceTime":2103,"entryBufferSize":0,"tokenId":1080003,"exitBufferSize":0,"workflowBase":1000000,"placeName":"RadiologyService"},{"entryTime":1770257270599,"exitTime":1770257272406,"residenceTime":1807,"entryBufferSize":0,"tokenId":1080003,"exitBufferSize":0,"workflowBase":1000000,"placeName":"RadiologyService"},{"entryTime":1770257274815,"exitTime":1770257275723,"residenceTime":908,"entryBufferSize":0,"tokenId":1090003,"exitBufferSize":0,"workflowBase":1000000,"placeName":"RadiologyService"},{"entryTime":1770257274979,"exitTime":1770257275723,"residenceTime":744,"entryBufferSize":0,"tokenId":1090003,"exitBufferSize":0,"workflowBase":1000000,"placeName":"RadiologyService"}],"transitionFirings":[{"tokenId":1000003,"transitionId":"T_in_RadiologyService","fromPlace":"","toPlace":"RadiologyService","workflowBase":1000000,"eventType":"BUFFERED","placeName":"RadiologyService","timestamp":1770257234983,"bufferSize":0},{"tokenId":1000003,"transitionId":"T_in_RadiologyService","fromPlace":"","toPlace":"RadiologyService","workflowBase":1000000,"eventType":"ENTER","placeName":"RadiologyService","timestamp":1770257235365,"bufferSize":0},{"tokenId":1000003,"transitionId":"T_out_RadiologyService","fromPlace":"RadiologyService","toPlace":"DiagnosisService","workflowBase":1000000,"eventType":"EXIT","placeName":"RadiologyService","timestamp":1770257237388,"bufferSize":0},{"tokenId":1010003,"transitionId":"T_in_RadiologyService","fromPlace":"","toPlace":"RadiologyService","workflowBase":1000000,"eventType":"BUFFERED","placeName":"RadiologyService","timestamp":1770257241200,"bufferSize":0},{"tokenId":1010003,"transitionId":"T_in_RadiologyService","fromPlace":"","toPlace":"RadiologyService","workflowBase":1000000,"eventType":"ENTER","placeName":"RadiologyService","timestamp":1770257241261,"bufferSize":0},{"tokenId":1010003,"transitionId":"T_out_RadiologyService","fromPlace":"RadiologyService","toPlace":"DiagnosisService","workflowBase":1000000,"eventType":"EXIT","placeName":"RadiologyService","timestamp":1770257242345,"bufferSize":0},{"tokenId":1020003,"transitionId":"T_in_RadiologyService","fromPlace":"","toPlace":"RadiologyService","workflowBase":1000000,"eventType":"BUFFERED","placeName":"RadiologyService","timestamp":1770257245959,"bufferSize":0},{"tokenId":1020003,"transitionId":"T_in_RadiologyService","fromPlace":"","toPlace":"RadiologyService","workflowBase":1000000,"eventType":"ENTER","placeName":"RadiologyService","timestamp":1770257245982,"bufferSize":0},{"tokenId":1020003,"transitionId":"T_out_RadiologyService","fromPlace":"RadiologyService","toPlace":"DiagnosisService","workflowBase":1000000,"eventType":"EXIT","placeName":"RadiologyService","timestamp":1770257249003,"bufferSize":0},{"tokenId":1030003,"transitionId":"T_in_RadiologyService","fromPlace":"","toPlace":"RadiologyService","workflowBase":1000000,"eventType":"BUFFERED","placeName":"RadiologyService","timestamp":1770257251037,"bufferSize":0},{"tokenId":1030003,"transitionId":"T_in_RadiologyService","fromPlace":"","toPlace":"RadiologyService","workflowBase":1000000,"eventType":"ENTER","placeName":"RadiologyService","timestamp":1770257251049,"bufferSize":0},{"tokenId":1030003,"transitionId":"T_out_RadiologyService","fromPlace":"RadiologyService","toPlace":"DiagnosisService","workflowBase":1000000,"eventType":"EXIT","placeName":"RadiologyService","timestamp":1770257252530,"bufferSize":0},{"tokenId":1040003,"transitionId":"T_in_RadiologyService","fromPlace":"","toPlace":"RadiologyService","workflowBase":1000000,"eventType":"BUFFERED","placeName":"RadiologyService","timestamp":1770257255200,"bufferSize":0},{"tokenId":1040003,"transitionId":"T_in_RadiologyService","fromPlace":"","toPlace":"RadiologyService","workflowBase":1000000,"eventType":"ENTER","placeName":"RadiologyService","timestamp":1770257255214,"bufferSize":0},{"tokenId":1040003,"transitionId":"T_out_RadiologyService","fromPlace":"RadiologyService","toPlace":"DiagnosisService","workflowBase":1000000,"eventType":"EXIT","placeName":"RadiologyService","timestamp":1770257256099,"bufferSize":0},{"tokenId":1050003,"transitionId":"T_in_RadiologyService","fromPlace":"","toPlace":"RadiologyService","workflowBase":1000000,"eventType":"BUFFERED","placeName":"RadiologyService","timestamp":1770257259168,"bufferSize":0},{"tokenId":1050003,"transitionId":"T_in_RadiologyService","fromPlace":"","toPlace":"RadiologyService","workflowBase":1000000,"eventType":"ENTER","placeName":"RadiologyService","timestamp":1770257259181,"bufferSize":0},{"tokenId":1050003,"transitionId":"T_out_RadiologyService","fromPlace":"RadiologyService","toPlace":"DiagnosisService","workflowBase":1000000,"eventType":"EXIT","placeName":"RadiologyService","timestamp":1770257259688,"bufferSize":0},{"tokenId":1060003,"transitionId":"T_in_RadiologyService","fromPlace":"","toPlace":"RadiologyService","workflowBase":1000000,"eventType":"BUFFERED","placeName":"RadiologyService","timestamp":1770257262146,"bufferSize":0},{"tokenId":1060003,"transitionId":"T_in_RadiologyService","fromPlace":"","toPlace":"RadiologyService","workflowBase":1000000,"eventType":"ENTER","placeName":"RadiologyService","timestamp":1770257262165,"bufferSize":0},{"tokenId":1060003,"transitionId":"T_out_RadiologyService","fromPlace":"RadiologyService","toPlace":"DiagnosisService","workflowBase":1000000,"eventType":"EXIT","placeName":"RadiologyService","timestamp":1770257263128,"bufferSize":0},{"tokenId":1070003,"transitionId":"T_in_RadiologyService","fromPlace":"","toPlace":"RadiologyService","workflowBase":1000000,"eventType":"BUFFERED","placeName":"RadiologyService","timestamp":1770257266081,"bufferSize":0},{"tokenId":1070003,"transitionId":"T_in_RadiologyService","fromPlace":"","toPlace":"RadiologyService","workflowBase":1000000,"eventType":"ENTER","placeName":"RadiologyService","timestamp":1770257266098,"bufferSize":0},{"tokenId":1070003,"transitionId":"T_out_RadiologyService","fromPlace":"RadiologyService","toPlace":"DiagnosisService","workflowBase":1000000,"eventType":"EXIT","placeName":"RadiologyService","timestamp":1770257267409,"bufferSize":0},{"tokenId":1080003,"transitionId":"T_in_RadiologyService","fromPlace":"","toPlace":"RadiologyService","workflowBase":1000000,"eventType":"BUFFERED","placeName":"RadiologyService","timestamp":1770257270303,"bufferSize":0},{"tokenId":1080003,"transitionId":"T_in_RadiologyService","fromPlace":"","toPlace":"RadiologyService","workflowBase":1000000,"eventType":"ENTER","placeName":"RadiologyService","timestamp":1770257270599,"bufferSize":0},{"tokenId":1080003,"transitionId":"T_out_RadiologyService","fromPlace":"RadiologyService","toPlace":"DiagnosisService","workflowBase":1000000,"eventType":"EXIT","placeName":"RadiologyService","timestamp":1770257272406,"bufferSize":0},{"tokenId":1090003,"transitionId":"T_in_RadiologyService","fromPlace":"","toPlace":"RadiologyService","workflowBase":1000000,"eventType":"BUFFERED","placeName":"RadiologyService","timestamp":1770257274815,"bufferSize":0},{"tokenId":1090003,"transitionId":"T_in_RadiologyService","fromPlace":"","toPlace":"RadiologyService","workflowBase":1000000,"eventType":"ENTER","placeName":"RadiologyService","timestamp":1770257274979,"bufferSize":0},{"tokenId":1090003,"transitionId":"T_out_RadiologyService","fromPlace":"RadiologyService","toPlace":"DiagnosisService","workflowBase":1000000,"eventType":"EXIT","placeName":"RadiologyService","timestamp":1770257275723,"bufferSize":0}],"statistics":[{"avgResidenceTime":1432.0,"minResidenceTime":507,"maxBufferSize":0,"tokenCount":20,"maxResidenceTime":3044,"workflowBase":1000000,"throughput":0.6983240223463687,"placeName":"RadiologyService","avgBufferSize":0.0}]}},"pathRecordCount":20,"statisticsRecordCount":1,"markingRecordCount":30},"reportingService":"Radiology_CollectorService","collectionTime":1770257287155,"performanceData":{"workflowGroups":{"1770257238228":[{"maxQueueCapacity":50,"arrivalTime":1770257240440,"totalTime":2200,"workflowStartTime":1770257238228,"totalMarking":1,"serviceName":"RadiologyService","sequenceId":1010003,"operation":"processImagingRequest","serviceTime":1303,"queueTime":897,"bufferSize":0}],"1770257244256":[{"maxQueueCapacity":50,"arrivalTime":1770257249901,"totalTime":2839,"workflowStartTime":1770257244256,"totalMarking":1,"serviceName":"RadiologyService","sequenceId":1030003,"operation":"processImagingRequest","serviceTime":1684,"queueTime":1155,"bufferSize":0}],"1770257242147":[{"maxQueueCapacity":50,"arrivalTime":1770257245210,"totalTime":3934,"workflowStartTime":1770257242147,"totalMarking":1,"serviceName":"RadiologyService","sequenceId":1020003,"operation":"processImagingRequest","serviceTime":3155,"queueTime":779,"bufferSize":0}],"1770257254038":[{"maxQueueCapacity":50,"arrivalTime":1770257268946,"totalTime":3953,"workflowStartTime":1770257254038,"totalMarking":1,"serviceName":"RadiologyService","sequenceId":1080003,"operation":"processImagingRequest","serviceTime":2274,"queueTime":1679,"bufferSize":0}],"1770257247644":[{"maxQueueCapacity":50,"arrivalTime":1770257254152,"totalTime":2525,"workflowStartTime":1770257247644,"totalMarking":1,"serviceName":"RadiologyService","sequenceId":1040003,"operation":"processImagingRequest","serviceTime":1426,"queueTime":1099,"bufferSize":0}],"1770257250628":[{"maxQueueCapacity":50,"arrivalTime":1770257260971,"totalTime":2423,"workflowStartTime":1770257250628,"totalMarking":1,"serviceName":"RadiologyService","sequenceId":1060003,"operation":"processImagingRequest","serviceTime":1216,"queueTime":1207,"bufferSize":0}],"1770257252251":[{"maxQueueCapacity":50,"arrivalTime":1770257264564,"totalTime":3199,"workflowStartTime":1770257252251,"totalMarking":1,"serviceName":"RadiologyService","sequenceId":1070003,"operation":"processImagingRequest","serviceTime":1654,"queueTime":1545,"bufferSize":0}],"1770257232631":[{"maxQueueCapacity":50,"arrivalTime":1770257234357,"totalTime":3140,"workflowStartTime":1770257232631,"totalMarking":1,"serviceName":"RadiologyService","sequenceId":1000003,"operation":"processImagingRequest","serviceTime":1862,"queueTime":1278,"bufferSize":0}],"1770257248849":[{"maxQueueCapacity":50,"arrivalTime":1770257257753,"totalTime":2097,"workflowStartTime":1770257248849,"totalMarking":1,"serviceName":"RadiologyService","sequenceId":1050003,"operation":"processImagingRequest","serviceTime":649,"queueTime":1448,"bufferSize":0}],"1770257256053":[{"maxQueueCapacity":50,"arrivalTime":1770257273894,"totalTime":2015,"workflowStartTime":1770257256053,"totalMarking":1,"serviceName":"RadiologyService","sequenceId":1090003,"operation":"processImagingRequest","serviceTime":897,"queueTime":1118,"bufferSize":0}]},"markingData":{"1770257238228":[{"publishTime":1770257242640,"maxQueueCapacity":50,"arrivalTime":1770257240440,"invocationTime":1770257241337,"workflowStartTime":1770257238228,"totalMarking":1,"serviceName":"RadiologyService","sequenceId":1010003,"operation":"processImagingRequest","bufferSize":0}],"1770257244256":[{"publishTime":1770257252740,"maxQueueCapacity":50,"arrivalTime":1770257249901,"invocationTime":1770257251056,"workflowStartTime":1770257244256,"totalMarking":1,"serviceName":"RadiologyService","sequenceId":1030003,"operation":"processImagingRequest","bufferSize":0}],"1770257242147":[{"publishTime":1770257249144,"maxQueueCapacity":50,"arrivalTime":1770257245210,"invocationTime":1770257245989,"workflowStartTime":1770257242147,"totalMarking":1,"serviceName":"RadiologyService","sequenceId":1020003,"operation":"processImagingRequest","bufferSize":0}],"1770257254038":[{"publishTime":1770257272899,"maxQueueCapacity":50,"arrivalTime":1770257268946,"invocationTime":1770257270625,"workflowStartTime":1770257254038,"totalMarking":1,"serviceName":"RadiologyService","sequenceId":1080003,"operation":"processImagingRequest","bufferSize":0}],"1770257247644":[{"publishTime":1770257256677,"maxQueueCapacity":50,"arrivalTime":1770257254152,"invocationTime":1770257255251,"workflowStartTime":1770257247644,"totalMarking":1,"serviceName":"RadiologyService","sequenceId":1040003,"operation":"processImagingRequest","bufferSize":0}],"1770257250628":[{"publishTime":1770257263394,"maxQueueCapacity":50,"arrivalTime":1770257260971,"invocationTime":1770257262178,"workflowStartTime":1770257250628,"totalMarking":1,"serviceName":"RadiologyService","sequenceId":1060003,"operation":"processImagingRequest","bufferSize":0}],"1770257252251":[{"publishTime":1770257267763,"maxQueueCapacity":50,"arrivalTime":1770257264564,"invocationTime":1770257266109,"workflowStartTime":1770257252251,"totalMarking":1,"serviceName":"RadiologyService","sequenceId":1070003,"operation":"processImagingRequest","bufferSize":0}],"1770257232631":[{"publishTime":1770257237497,"maxQueueCapacity":50,"arrivalTime":1770257234357,"invocationTime":1770257235635,"workflowStartTime":1770257232631,"totalMarking":1,"serviceName":"RadiologyService","sequenceId":1000003,"operation":"processImagingRequest","bufferSize":0}],"1770257248849":[{"publishTime":1770257259850,"maxQueueCapacity":50,"arrivalTime":1770257257753,"invocationTime":1770257259201,"workflowStartTime":1770257248849,"totalMarking":1,"serviceName":"RadiologyService","sequenceId":1050003,"operation":"processImagingRequest","bufferSize":0}],"1770257256053":[{"publishTime":1770257275909,"maxQueueCapacity":50,"arrivalTime":1770257273894,"invocationTime":1770257275012,"workflowStartTime":1770257256053,"totalMarking":1,"serviceName":"RadiologyService","sequenceId":1090003,"operation":"processImagingRequest","bufferSize":0}]},"timingRecordCount":10,"markingRecordCount":10},"reportingChannel":"unified_collection","serviceContext":"1000000","version":"v001","token":"{\"token\":\"workflow_1000000_v001\"}"}
DEBUG ServiceThread-Radiology_CollectorService-12201 org.btsn.handlers.PetriNetInstrumentationHelper - Token 1000000 exiting place: Radiology_CollectorService -> MonitorService [arc=$ANON11]
WARN ServiceThread-Radiology_CollectorService-12201 org.btsn.handlers.PetriNetInstrumentationHelper - NAMING CONVENTION VIOLATION: Service 'Radiology_CollectorService' does not end with '_Place'. Expected format: {NodeName}_Place. Transition IDs may not match topology. Please rename the service.
DEBUG ServiceThread-Radiology_CollectorService-12201 org.btsn.derby.Analysis.BuildServiceAnalysisDatabase - Wrote transition firing: T_out_Radiology_CollectorService token=1000000 eventType=EXIT
DEBUG ServiceThread-Radiology_CollectorService-12201 org.btsn.handlers.PetriNetInstrumentationHelper - Recorded transition: T_out_Radiology_CollectorService (EdgeNode) token=1000000 Radiology_CollectorService -> MonitorService [EXIT] arc=$ANON11
DEBUG ServiceThread-Radiology_CollectorService-12201 org.btsn.handlers.ServiceThread - PETRI-NET: Token 1000000 EXIT from Radiology_CollectorService -> MonitorService.writeCollectorData [arc=$ANON11]
INFO ServiceThread-Radiology_CollectorService-12201 org.btsn.handlers.ServiceThread - DEBUG: Querying activeService for MonitorService.writeCollectorData
INFO ServiceThread-Radiology_CollectorService-12201 org.btsn.handlers.ServiceThread - DEBUG: ActiveService query returned 2 rows
INFO ServiceThread-Radiology_CollectorService-12201 org.btsn.handlers.ServiceThread - DEBUG: ActiveService result - ?channelId = ip0
INFO ServiceThread-Radiology_CollectorService-12201 org.btsn.handlers.ServiceThread - DEBUG: ActiveService result - ?port = 3002
INFO ServiceThread-Radiology_CollectorService-12201 org.btsn.handlers.ServiceThread - ORCHESTRATOR: APPLYING activeService override - Channel: ip0, Port: 3002
INFO ServiceThread-Radiology_CollectorService-12201 org.btsn.handlers.ServiceThread - ORCHESTRATOR: Resolved ip0 to IP 192.168.1.152
DEBUG ServiceThread-Radiology_CollectorService-12201 org.btsn.handlers.ServiceThread - ROUTING: External to MonitorService -> 'token'
INFO ServiceThread-Radiology_CollectorService-12201 org.btsn.handlers.ServiceThread - ROUTING: Token 1000000 -> 'token' to MonitorService.writeCollectorData
INFO ServiceThread-Radiology_CollectorService-12201 org.btsn.handlers.ServiceThread - ORCHESTRATOR: Publishing to Service MonitorService Operation: writeCollectorData
INFO ServiceThread-Radiology_CollectorService-12201 org.btsn.handlers.ServiceThread - ORCHESTRATOR: Channel: 192.168.1.152, Port: 3002
INFO ServiceThread-Radiology_CollectorService-12201 org.btsn.handlers.ServiceThread - ORCHESTRATOR: Attribute token = {"monitoredPlace":"RadiologyService","petriNetData":{"firingRecordCount":30,"workflowGroups":{"1000000":{"markingEvolution":[{"marking":1,"tokenId":1000003,"transitionId":"T_in_RadiologyService","toPlace":"RadiologyService","workflowBase":1000000,"eventType":"BUFFERED","placeName":"RadiologyService","timestamp":1770257234983,"bufferSize":0},{"marking":1,"tokenId":1000003,"transitionId":"T_in_RadiologyService","toPlace":"RadiologyService","workflowBase":1000000,"eventType":"ENTER","placeName":"RadiologyService","timestamp":1770257235365,"bufferSize":0},{"marking":0,"tokenId":1000003,"transitionId":"T_out_RadiologyService","toPlace":"DiagnosisService","workflowBase":1000000,"eventType":"EXIT","placeName":"RadiologyService","timestamp":1770257237388,"bufferSize":0},{"marking":1,"tokenId":1010003,"transitionId":"T_in_RadiologyService","toPlace":"RadiologyService","workflowBase":1000000,"eventType":"BUFFERED","placeName":"RadiologyService","timestamp":1770257241200,"bufferSize":0},{"marking":1,"tokenId":1010003,"transitionId":"T_in_RadiologyService","toPlace":"RadiologyService","workflowBase":1000000,"eventType":"ENTER","placeName":"RadiologyService","timestamp":1770257241261,"bufferSize":0},{"marking":0,"tokenId":1010003,"transitionId":"T_out_RadiologyService","toPlace":"DiagnosisService","workflowBase":1000000,"eventType":"EXIT","placeName":"RadiologyService","timestamp":1770257242345,"bufferSize":0},{"marking":1,"tokenId":1020003,"transitionId":"T_in_RadiologyService","toPlace":"RadiologyService","workflowBase":1000000,"eventType":"BUFFERED","placeName":"RadiologyService","timestamp":1770257245959,"bufferSize":0},{"marking":1,"tokenId":1020003,"transitionId":"T_in_RadiologyService","toPlace":"RadiologyService","workflowBase":1000000,"eventType":"ENTER","placeName":"RadiologyService","timestamp":1770257245982,"bufferSize":0},{"marking":0,"tokenId":1020003,"transitionId":"T_out_RadiologyService","toPlace":"DiagnosisService","workflowBase":1000000,"eventType":"EXIT","placeName":"RadiologyService","timestamp":1770257249003,"bufferSize":0},{"marking":1,"tokenId":1030003,"transitionId":"T_in_RadiologyService","toPlace":"RadiologyService","workflowBase":1000000,"eventType":"BUFFERED","placeName":"RadiologyService","timestamp":1770257251037,"bufferSize":0},{"marking":1,"tokenId":1030003,"transitionId":"T_in_RadiologyService","toPlace":"RadiologyService","workflowBase":1000000,"eventType":"ENTER","placeName":"RadiologyService","timestamp":1770257251049,"bufferSize":0},{"marking":0,"tokenId":1030003,"transitionId":"T_out_RadiologyService","toPlace":"DiagnosisService","workflowBase":1000000,"eventType":"EXIT","placeName":"RadiologyService","timestamp":1770257252530,"bufferSize":0},{"marking":1,"tokenId":1040003,"transitionId":"T_in_RadiologyService","toPlace":"RadiologyService","workflowBase":1000000,"eventType":"BUFFERED","placeName":"RadiologyService","timestamp":1770257255200,"bufferSize":0},{"marking":1,"tokenId":1040003,"transitionId":"T_in_RadiologyService","toPlace":"RadiologyService","workflowBase":1000000,"eventType":"ENTER","placeName":"RadiologyService","timestamp":1770257255214,"bufferSize":0},{"marking":0,"tokenId":1040003,"transitionId":"T_out_RadiologyService","toPlace":"DiagnosisService","workflowBase":1000000,"eventType":"EXIT","placeName":"RadiologyService","timestamp":1770257256099,"bufferSize":0},{"marking":1,"tokenId":1050003,"transitionId":"T_in_RadiologyService","toPlace":"RadiologyService","workflowBase":1000000,"eventType":"BUFFERED","placeName":"RadiologyService","timestamp":1770257259168,"bufferSize":0},{"marking":1,"tokenId":1050003,"transitionId":"T_in_RadiologyService","toPlace":"RadiologyService","workflowBase":1000000,"eventType":"ENTER","placeName":"RadiologyService","timestamp":1770257259181,"bufferSize":0},{"marking":0,"tokenId":1050003,"transitionId":"T_out_RadiologyService","toPlace":"DiagnosisService","workflowBase":1000000,"eventType":"EXIT","placeName":"RadiologyService","timestamp":1770257259688,"bufferSize":0},{"marking":1,"tokenId":1060003,"transitionId":"T_in_RadiologyService","toPlace":"RadiologyService","workflowBase":1000000,"eventType":"BUFFERED","placeName":"RadiologyService","timestamp":1770257262146,"bufferSize":0},{"marking":1,"tokenId":1060003,"transitionId":"T_in_RadiologyService","toPlace":"RadiologyService","workflowBase":1000000,"eventType":"ENTER","placeName":"RadiologyService","timestamp":1770257262165,"bufferSize":0},{"marking":0,"tokenId":1060003,"transitionId":"T_out_RadiologyService","toPlace":"DiagnosisService","workflowBase":1000000,"eventType":"EXIT","placeName":"RadiologyService","timestamp":1770257263128,"bufferSize":0},{"marking":1,"tokenId":1070003,"transitionId":"T_in_RadiologyService","toPlace":"RadiologyService","workflowBase":1000000,"eventType":"BUFFERED","placeName":"RadiologyService","timestamp":1770257266081,"bufferSize":0},{"marking":1,"tokenId":1070003,"transitionId":"T_in_RadiologyService","toPlace":"RadiologyService","workflowBase":1000000,"eventType":"ENTER","placeName":"RadiologyService","timestamp":1770257266098,"bufferSize":0},{"marking":0,"tokenId":1070003,"transitionId":"T_out_RadiologyService","toPlace":"DiagnosisService","workflowBase":1000000,"eventType":"EXIT","placeName":"RadiologyService","timestamp":1770257267409,"bufferSize":0},{"marking":1,"tokenId":1080003,"transitionId":"T_in_RadiologyService","toPlace":"RadiologyService","workflowBase":1000000,"eventType":"BUFFERED","placeName":"RadiologyService","timestamp":1770257270303,"bufferSize":0},{"marking":1,"tokenId":1080003,"transitionId":"T_in_RadiologyService","toPlace":"RadiologyService","workflowBase":1000000,"eventType":"ENTER","placeName":"RadiologyService","timestamp":1770257270599,"bufferSize":0},{"marking":0,"tokenId":1080003,"transitionId":"T_out_RadiologyService","toPlace":"DiagnosisService","workflowBase":1000000,"eventType":"EXIT","placeName":"RadiologyService","timestamp":1770257272406,"bufferSize":0},{"marking":1,"tokenId":1090003,"transitionId":"T_in_RadiologyService","toPlace":"RadiologyService","workflowBase":1000000,"eventType":"BUFFERED","placeName":"RadiologyService","timestamp":1770257274815,"bufferSize":0},{"marking":1,"tokenId":1090003,"transitionId":"T_in_RadiologyService","toPlace":"RadiologyService","workflowBase":1000000,"eventType":"ENTER","placeName":"RadiologyService","timestamp":1770257274979,"bufferSize":0},{"marking":0,"tokenId":1090003,"transitionId":"T_out_RadiologyService","toPlace":"DiagnosisService","workflowBase":1000000,"eventType":"EXIT","placeName":"RadiologyService","timestamp":1770257275723,"bufferSize":0}],"tokenGenealogy":[],"tokenPaths":[{"entryTime":1770257234983,"exitTime":1770257237388,"residenceTime":2405,"entryBufferSize":0,"tokenId":1000003,"exitBufferSize":0,"workflowBase":1000000,"placeName":"RadiologyService"},{"entryTime":1770257235365,"exitTime":1770257237388,"residenceTime":2023,"entryBufferSize":0,"tokenId":1000003,"exitBufferSize":0,"workflowBase":1000000,"placeName":"RadiologyService"},{"entryTime":1770257241200,"exitTime":1770257242345,"residenceTime":1145,"entryBufferSize":0,"tokenId":1010003,"exitBufferSize":0,"workflowBase":1000000,"placeName":"RadiologyService"},{"entryTime":1770257241261,"exitTime":1770257242345,"residenceTime":1084,"entryBufferSize":0,"tokenId":1010003,"exitBufferSize":0,"workflowBase":1000000,"placeName":"RadiologyService"},{"entryTime":1770257245959,"exitTime":1770257249003,"residenceTime":3044,"entryBufferSize":0,"tokenId":1020003,"exitBufferSize":0,"workflowBase":1000000,"placeName":"RadiologyService"},{"entryTime":1770257245982,"exitTime":1770257249003,"residenceTime":3021,"entryBufferSize":0,"tokenId":1020003,"exitBufferSize":0,"workflowBase":1000000,"placeName":"RadiologyService"},{"entryTime":1770257251037,"exitTime":1770257252530,"residenceTime":1493,"entryBufferSize":0,"tokenId":1030003,"exitBufferSize":0,"workflowBase":1000000,"placeName":"RadiologyService"},{"entryTime":1770257251049,"exitTime":1770257252530,"residenceTime":1481,"entryBufferSize":0,"tokenId":1030003,"exitBufferSize":0,"workflowBase":1000000,"placeName":"RadiologyService"},{"entryTime":1770257255200,"exitTime":1770257256099,"residenceTime":899,"entryBufferSize":0,"tokenId":1040003,"exitBufferSize":0,"workflowBase":1000000,"placeName":"RadiologyService"},{"entryTime":1770257255214,"exitTime":1770257256099,"residenceTime":885,"entryBufferSize":0,"tokenId":1040003,"exitBufferSize":0,"workflowBase":1000000,"placeName":"RadiologyService"},{"entryTime":1770257259168,"exitTime":1770257259688,"residenceTime":520,"entryBufferSize":0,"tokenId":1050003,"exitBufferSize":0,"workflowBase":1000000,"placeName":"RadiologyService"},{"entryTime":1770257259181,"exitTime":1770257259688,"residenceTime":507,"entryBufferSize":0,"tokenId":1050003,"exitBufferSize":0,"workflowBase":1000000,"placeName":"RadiologyService"},{"entryTime":1770257262146,"exitTime":1770257263128,"residenceTime":982,"entryBufferSize":0,"tokenId":1060003,"exitBufferSize":0,"workflowBase":1000000,"placeName":"RadiologyService"},{"entryTime":1770257262165,"exitTime":1770257263128,"residenceTime":963,"entryBufferSize":0,"tokenId":1060003,"exitBufferSize":0,"workflowBase":1000000,"placeName":"RadiologyService"},{"entryTime":1770257266081,"exitTime":1770257267409,"residenceTime":1328,"entryBufferSize":0,"tokenId":1070003,"exitBufferSize":0,"workflowBase":1000000,"placeName":"RadiologyService"},{"entryTime":1770257266098,"exitTime":1770257267409,"residenceTime":1311,"entryBufferSize":0,"tokenId":1070003,"exitBufferSize":0,"workflowBase":1000000,"placeName":"RadiologyService"},{"entryTime":1770257270303,"exitTime":1770257272406,"residenceTime":2103,"entryBufferSize":0,"tokenId":1080003,"exitBufferSize":0,"workflowBase":1000000,"placeName":"RadiologyService"},{"entryTime":1770257270599,"exitTime":1770257272406,"residenceTime":1807,"entryBufferSize":0,"tokenId":1080003,"exitBufferSize":0,"workflowBase":1000000,"placeName":"RadiologyService"},{"entryTime":1770257274815,"exitTime":1770257275723,"residenceTime":908,"entryBufferSize":0,"tokenId":1090003,"exitBufferSize":0,"workflowBase":1000000,"placeName":"RadiologyService"},{"entryTime":1770257274979,"exitTime":1770257275723,"residenceTime":744,"entryBufferSize":0,"tokenId":1090003,"exitBufferSize":0,"workflowBase":1000000,"placeName":"RadiologyService"}],"transitionFirings":[{"tokenId":1000003,"transitionId":"T_in_RadiologyService","fromPlace":"","toPlace":"RadiologyService","workflowBase":1000000,"eventType":"BUFFERED","placeName":"RadiologyService","timestamp":1770257234983,"bufferSize":0},{"tokenId":1000003,"transitionId":"T_in_RadiologyService","fromPlace":"","toPlace":"RadiologyService","workflowBase":1000000,"eventType":"ENTER","placeName":"RadiologyService","timestamp":1770257235365,"bufferSize":0},{"tokenId":1000003,"transitionId":"T_out_RadiologyService","fromPlace":"RadiologyService","toPlace":"DiagnosisService","workflowBase":1000000,"eventType":"EXIT","placeName":"RadiologyService","timestamp":1770257237388,"bufferSize":0},{"tokenId":1010003,"transitionId":"T_in_RadiologyService","fromPlace":"","toPlace":"RadiologyService","workflowBase":1000000,"eventType":"BUFFERED","placeName":"RadiologyService","timestamp":1770257241200,"bufferSize":0},{"tokenId":1010003,"transitionId":"T_in_RadiologyService","fromPlace":"","toPlace":"RadiologyService","workflowBase":1000000,"eventType":"ENTER","placeName":"RadiologyService","timestamp":1770257241261,"bufferSize":0},{"tokenId":1010003,"transitionId":"T_out_RadiologyService","fromPlace":"RadiologyService","toPlace":"DiagnosisService","workflowBase":1000000,"eventType":"EXIT","placeName":"RadiologyService","timestamp":1770257242345,"bufferSize":0},{"tokenId":1020003,"transitionId":"T_in_RadiologyService","fromPlace":"","toPlace":"RadiologyService","workflowBase":1000000,"eventType":"BUFFERED","placeName":"RadiologyService","timestamp":1770257245959,"bufferSize":0},{"tokenId":1020003,"transitionId":"T_in_RadiologyService","fromPlace":"","toPlace":"RadiologyService","workflowBase":1000000,"eventType":"ENTER","placeName":"RadiologyService","timestamp":1770257245982,"bufferSize":0},{"tokenId":1020003,"transitionId":"T_out_RadiologyService","fromPlace":"RadiologyService","toPlace":"DiagnosisService","workflowBase":1000000,"eventType":"EXIT","placeName":"RadiologyService","timestamp":1770257249003,"bufferSize":0},{"tokenId":1030003,"transitionId":"T_in_RadiologyService","fromPlace":"","toPlace":"RadiologyService","workflowBase":1000000,"eventType":"BUFFERED","placeName":"RadiologyService","timestamp":1770257251037,"bufferSize":0},{"tokenId":1030003,"transitionId":"T_in_RadiologyService","fromPlace":"","toPlace":"RadiologyService","workflowBase":1000000,"eventType":"ENTER","placeName":"RadiologyService","timestamp":1770257251049,"bufferSize":0},{"tokenId":1030003,"transitionId":"T_out_RadiologyService","fromPlace":"RadiologyService","toPlace":"DiagnosisService","workflowBase":1000000,"eventType":"EXIT","placeName":"RadiologyService","timestamp":1770257252530,"bufferSize":0},{"tokenId":1040003,"transitionId":"T_in_RadiologyService","fromPlace":"","toPlace":"RadiologyService","workflowBase":1000000,"eventType":"BUFFERED","placeName":"RadiologyService","timestamp":1770257255200,"bufferSize":0},{"tokenId":1040003,"transitionId":"T_in_RadiologyService","fromPlace":"","toPlace":"RadiologyService","workflowBase":1000000,"eventType":"ENTER","placeName":"RadiologyService","timestamp":1770257255214,"bufferSize":0},{"tokenId":1040003,"transitionId":"T_out_RadiologyService","fromPlace":"RadiologyService","toPlace":"DiagnosisService","workflowBase":1000000,"eventType":"EXIT","placeName":"RadiologyService","timestamp":1770257256099,"bufferSize":0},{"tokenId":1050003,"transitionId":"T_in_RadiologyService","fromPlace":"","toPlace":"RadiologyService","workflowBase":1000000,"eventType":"BUFFERED","placeName":"RadiologyService","timestamp":1770257259168,"bufferSize":0},{"tokenId":1050003,"transitionId":"T_in_RadiologyService","fromPlace":"","toPlace":"RadiologyService","workflowBase":1000000,"eventType":"ENTER","placeName":"RadiologyService","timestamp":1770257259181,"bufferSize":0},{"tokenId":1050003,"transitionId":"T_out_RadiologyService","fromPlace":"RadiologyService","toPlace":"DiagnosisService","workflowBase":1000000,"eventType":"EXIT","placeName":"RadiologyService","timestamp":1770257259688,"bufferSize":0},{"tokenId":1060003,"transitionId":"T_in_RadiologyService","fromPlace":"","toPlace":"RadiologyService","workflowBase":1000000,"eventType":"BUFFERED","placeName":"RadiologyService","timestamp":1770257262146,"bufferSize":0},{"tokenId":1060003,"transitionId":"T_in_RadiologyService","fromPlace":"","toPlace":"RadiologyService","workflowBase":1000000,"eventType":"ENTER","placeName":"RadiologyService","timestamp":1770257262165,"bufferSize":0},{"tokenId":1060003,"transitionId":"T_out_RadiologyService","fromPlace":"RadiologyService","toPlace":"DiagnosisService","workflowBase":1000000,"eventType":"EXIT","placeName":"RadiologyService","timestamp":1770257263128,"bufferSize":0},{"tokenId":1070003,"transitionId":"T_in_RadiologyService","fromPlace":"","toPlace":"RadiologyService","workflowBase":1000000,"eventType":"BUFFERED","placeName":"RadiologyService","timestamp":1770257266081,"bufferSize":0},{"tokenId":1070003,"transitionId":"T_in_RadiologyService","fromPlace":"","toPlace":"RadiologyService","workflowBase":1000000,"eventType":"ENTER","placeName":"RadiologyService","timestamp":1770257266098,"bufferSize":0},{"tokenId":1070003,"transitionId":"T_out_RadiologyService","fromPlace":"RadiologyService","toPlace":"DiagnosisService","workflowBase":1000000,"eventType":"EXIT","placeName":"RadiologyService","timestamp":1770257267409,"bufferSize":0},{"tokenId":1080003,"transitionId":"T_in_RadiologyService","fromPlace":"","toPlace":"RadiologyService","workflowBase":1000000,"eventType":"BUFFERED","placeName":"RadiologyService","timestamp":1770257270303,"bufferSize":0},{"tokenId":1080003,"transitionId":"T_in_RadiologyService","fromPlace":"","toPlace":"RadiologyService","workflowBase":1000000,"eventType":"ENTER","placeName":"RadiologyService","timestamp":1770257270599,"bufferSize":0},{"tokenId":1080003,"transitionId":"T_out_RadiologyService","fromPlace":"RadiologyService","toPlace":"DiagnosisService","workflowBase":1000000,"eventType":"EXIT","placeName":"RadiologyService","timestamp":1770257272406,"bufferSize":0},{"tokenId":1090003,"transitionId":"T_in_RadiologyService","fromPlace":"","toPlace":"RadiologyService","workflowBase":1000000,"eventType":"BUFFERED","placeName":"RadiologyService","timestamp":1770257274815,"bufferSize":0},{"tokenId":1090003,"transitionId":"T_in_RadiologyService","fromPlace":"","toPlace":"RadiologyService","workflowBase":1000000,"eventType":"ENTER","placeName":"RadiologyService","timestamp":1770257274979,"bufferSize":0},{"tokenId":1090003,"transitionId":"T_out_RadiologyService","fromPlace":"RadiologyService","toPlace":"DiagnosisService","workflowBase":1000000,"eventType":"EXIT","placeName":"RadiologyService","timestamp":1770257275723,"bufferSize":0}],"statistics":[{"avgResidenceTime":1432.0,"minResidenceTime":507,"maxBufferSize":0,"tokenCount":20,"maxResidenceTime":3044,"workflowBase":1000000,"throughput":0.6983240223463687,"placeName":"RadiologyService","avgBufferSize":0.0}]}},"pathRecordCount":20,"statisticsRecordCount":1,"markingRecordCount":30},"reportingService":"Radiology_CollectorService","collectionTime":1770257287155,"performanceData":{"workflowGroups":{"1770257238228":[{"maxQueueCapacity":50,"arrivalTime":1770257240440,"totalTime":2200,"workflowStartTime":1770257238228,"totalMarking":1,"serviceName":"RadiologyService","sequenceId":1010003,"operation":"processImagingRequest","serviceTime":1303,"queueTime":897,"bufferSize":0}],"1770257244256":[{"maxQueueCapacity":50,"arrivalTime":1770257249901,"totalTime":2839,"workflowStartTime":1770257244256,"totalMarking":1,"serviceName":"RadiologyService","sequenceId":1030003,"operation":"processImagingRequest","serviceTime":1684,"queueTime":1155,"bufferSize":0}],"1770257242147":[{"maxQueueCapacity":50,"arrivalTime":1770257245210,"totalTime":3934,"workflowStartTime":1770257242147,"totalMarking":1,"serviceName":"RadiologyService","sequenceId":1020003,"operation":"processImagingRequest","serviceTime":3155,"queueTime":779,"bufferSize":0}],"1770257254038":[{"maxQueueCapacity":50,"arrivalTime":1770257268946,"totalTime":3953,"workflowStartTime":1770257254038,"totalMarking":1,"serviceName":"RadiologyService","sequenceId":1080003,"operation":"processImagingRequest","serviceTime":2274,"queueTime":1679,"bufferSize":0}],"1770257247644":[{"maxQueueCapacity":50,"arrivalTime":1770257254152,"totalTime":2525,"workflowStartTime":1770257247644,"totalMarking":1,"serviceName":"RadiologyService","sequenceId":1040003,"operation":"processImagingRequest","serviceTime":1426,"queueTime":1099,"bufferSize":0}],"1770257250628":[{"maxQueueCapacity":50,"arrivalTime":1770257260971,"totalTime":2423,"workflowStartTime":1770257250628,"totalMarking":1,"serviceName":"RadiologyService","sequenceId":1060003,"operation":"processImagingRequest","serviceTime":1216,"queueTime":1207,"bufferSize":0}],"1770257252251":[{"maxQueueCapacity":50,"arrivalTime":1770257264564,"totalTime":3199,"workflowStartTime":1770257252251,"totalMarking":1,"serviceName":"RadiologyService","sequenceId":1070003,"operation":"processImagingRequest","serviceTime":1654,"queueTime":1545,"bufferSize":0}],"1770257232631":[{"maxQueueCapacity":50,"arrivalTime":1770257234357,"totalTime":3140,"workflowStartTime":1770257232631,"totalMarking":1,"serviceName":"RadiologyService","sequenceId":1000003,"operation":"processImagingRequest","serviceTime":1862,"queueTime":1278,"bufferSize":0}],"1770257248849":[{"maxQueueCapacity":50,"arrivalTime":1770257257753,"totalTime":2097,"workflowStartTime":1770257248849,"totalMarking":1,"serviceName":"RadiologyService","sequenceId":1050003,"operation":"processImagingRequest","serviceTime":649,"queueTime":1448,"bufferSize":0}],"1770257256053":[{"maxQueueCapacity":50,"arrivalTime":1770257273894,"totalTime":2015,"workflowStartTime":1770257256053,"totalMarking":1,"serviceName":"RadiologyService","sequenceId":1090003,"operation":"processImagingRequest","serviceTime":897,"queueTime":1118,"bufferSize":0}]},"markingData":{"1770257238228":[{"publishTime":1770257242640,"maxQueueCapacity":50,"arrivalTime":1770257240440,"invocationTime":1770257241337,"workflowStartTime":1770257238228,"totalMarking":1,"serviceName":"RadiologyService","sequenceId":1010003,"operation":"processImagingRequest","bufferSize":0}],"1770257244256":[{"publishTime":1770257252740,"maxQueueCapacity":50,"arrivalTime":1770257249901,"invocationTime":1770257251056,"workflowStartTime":1770257244256,"totalMarking":1,"serviceName":"RadiologyService","sequenceId":1030003,"operation":"processImagingRequest","bufferSize":0}],"1770257242147":[{"publishTime":1770257249144,"maxQueueCapacity":50,"arrivalTime":1770257245210,"invocationTime":1770257245989,"workflowStartTime":1770257242147,"totalMarking":1,"serviceName":"RadiologyService","sequenceId":1020003,"operation":"processImagingRequest","bufferSize":0}],"1770257254038":[{"publishTime":1770257272899,"maxQueueCapacity":50,"arrivalTime":1770257268946,"invocationTime":1770257270625,"workflowStartTime":1770257254038,"totalMarking":1,"serviceName":"RadiologyService","sequenceId":1080003,"operation":"processImagingRequest","bufferSize":0}],"1770257247644":[{"publishTime":1770257256677,"maxQueueCapacity":50,"arrivalTime":1770257254152,"invocationTime":1770257255251,"workflowStartTime":1770257247644,"totalMarking":1,"serviceName":"RadiologyService","sequenceId":1040003,"operation":"processImagingRequest","bufferSize":0}],"1770257250628":[{"publishTime":1770257263394,"maxQueueCapacity":50,"arrivalTime":1770257260971,"invocationTime":1770257262178,"workflowStartTime":1770257250628,"totalMarking":1,"serviceName":"RadiologyService","sequenceId":1060003,"operation":"processImagingRequest","bufferSize":0}],"1770257252251":[{"publishTime":1770257267763,"maxQueueCapacity":50,"arrivalTime":1770257264564,"invocationTime":1770257266109,"workflowStartTime":1770257252251,"totalMarking":1,"serviceName":"RadiologyService","sequenceId":1070003,"operation":"processImagingRequest","bufferSize":0}],"1770257232631":[{"publishTime":1770257237497,"maxQueueCapacity":50,"arrivalTime":1770257234357,"invocationTime":1770257235635,"workflowStartTime":1770257232631,"totalMarking":1,"serviceName":"RadiologyService","sequenceId":1000003,"operation":"processImagingRequest","bufferSize":0}],"1770257248849":[{"publishTime":1770257259850,"maxQueueCapacity":50,"arrivalTime":1770257257753,"invocationTime":1770257259201,"workflowStartTime":1770257248849,"totalMarking":1,"serviceName":"RadiologyService","sequenceId":1050003,"operation":"processImagingRequest","bufferSize":0}],"1770257256053":[{"publishTime":1770257275909,"maxQueueCapacity":50,"arrivalTime":1770257273894,"invocationTime":1770257275012,"workflowStartTime":1770257256053,"totalMarking":1,"serviceName":"RadiologyService","sequenceId":1090003,"operation":"processImagingRequest","bufferSize":0}]},"timingRecordCount":10,"markingRecordCount":10},"reportingChannel":"unified_collection","serviceContext":"1000000","version":"v001","token":"{\"token\":\"workflow_1000000_v001\"}"}
INFO ServiceThread-Radiology_CollectorService-12201 org.btsn.handlers.ServiceThread - ORCHESTRATOR: Completed callNextOperation for MonitorService, published=true
INFO ServiceThread-Radiology_CollectorService-12201 org.btsn.handlers.ServiceThread - ORCHESTRATOR: Successfully published to MonitorService via EventPublisher
ERROR ServiceThread-Radiology_CollectorService-12201 org.btsn.handlers.ServiceThread - monitorIncomingEvents: false
DEBUG ServiceThread-Radiology_CollectorService-12201 org.btsn.handlers.ServiceThread - ORCHESTRATOR: Cleaned up join 1000000
DEBUG ServiceThread-Radiology_CollectorService-12201 org.btsn.handlers.ServiceThread - ORCHESTRATOR: Service Radiology_CollectorService sequence ID: 1000000 complete.
