----------------------------------------------------------------
Thu Feb 05 12:06:50 AEST 2026:
Booting Derby version The Apache Software Foundation - Apache Derby - 10.14.2.0 - (1828579): instance a816c00e-019c-2b8d-286c-0000008c4810 
on database directory C:\DevShare\BTSN_R001\BTSN\btsn.healthcare.places.Triage\ServiceAnalysisDataBase with class loader jdk.internal.loader.ClassLoaders$AppClassLoader@443b7951 
Loaded from file:/C:/DevShare/BTSN_R001/BTSN/btsn.common/lib/derby.jar
java.vendor=Oracle Corporation
java.runtime.version=15.0.1+9-18
user.dir=C:\DevShare\BTSN_R001\BTSN\btsn.healthcare.places.Triage
os.name=Windows 7
os.arch=amd64
os.version=6.1
derby.system.home=null
Database Class Loader started - derby.database.classpath=''
----------------------------------------------------------------
Thu Feb 05 12:07:13 AEST 2026:
Booting Derby version The Apache Software Foundation - Apache Derby - 10.14.2.0 - (1828579): instance e5214067-019c-2b8d-286c-0000008c4810 
on database directory memory:C:\DevShare\BTSN_R001\BTSN\btsn.healthcare.places.Triage\TRIAGEDB_1000000_7815136061959 with class loader jdk.internal.loader.ClassLoaders$AppClassLoader@443b7951 
Loaded from file:/C:/DevShare/BTSN_R001/BTSN/btsn.common/lib/derby.jar
java.vendor=Oracle Corporation
java.runtime.version=15.0.1+9-18
user.dir=C:\DevShare\BTSN_R001\BTSN\btsn.healthcare.places.Triage
os.name=Windows 7
os.arch=amd64
os.version=6.1
derby.system.home=null
Database Class Loader started - derby.database.classpath=''
----------------------------------------------------------------
Thu Feb 05 12:07:18 AEST 2026:
Booting Derby version The Apache Software Foundation - Apache Derby - 10.14.2.0 - (1828579): instance 65548115-019c-2b8d-286c-0000008c4810 
on database directory memory:C:\DevShare\BTSN_R001\BTSN\btsn.healthcare.places.Triage\TRIAGEDB_1010000_7820897872555 with class loader jdk.internal.loader.ClassLoaders$AppClassLoader@443b7951 
Loaded from file:/C:/DevShare/BTSN_R001/BTSN/btsn.common/lib/derby.jar
java.vendor=Oracle Corporation
java.runtime.version=15.0.1+9-18
user.dir=C:\DevShare\BTSN_R001\BTSN\btsn.healthcare.places.Triage
os.name=Windows 7
os.arch=amd64
os.version=6.1
derby.system.home=null
Database Class Loader started - derby.database.classpath=''
----------------------------------------------------------------
Thu Feb 05 12:07:23 AEST 2026:
Booting Derby version The Apache Software Foundation - Apache Derby - 10.14.2.0 - (1828579): instance c15841bf-019c-2b8d-286c-0000008c4810 
on database directory memory:C:\DevShare\BTSN_R001\BTSN\btsn.healthcare.places.Triage\TRIAGEDB_1020000_7825279152864 with class loader jdk.internal.loader.ClassLoaders$AppClassLoader@443b7951 
Loaded from file:/C:/DevShare/BTSN_R001/BTSN/btsn.common/lib/derby.jar
java.vendor=Oracle Corporation
java.runtime.version=15.0.1+9-18
user.dir=C:\DevShare\BTSN_R001\BTSN\btsn.healthcare.places.Triage
os.name=Windows 7
os.arch=amd64
os.version=6.1
derby.system.home=null
Database Class Loader started - derby.database.classpath=''
----------------------------------------------------------------
Thu Feb 05 12:07:27 AEST 2026:
Booting Derby version The Apache Software Foundation - Apache Derby - 10.14.2.0 - (1828579): instance b9950269-019c-2b8d-286c-0000008c4810 
on database directory memory:C:\DevShare\BTSN_R001\BTSN\btsn.healthcare.places.Triage\TRIAGEDB_1030000_7829313441248 with class loader jdk.internal.loader.ClassLoaders$AppClassLoader@443b7951 
Loaded from file:/C:/DevShare/BTSN_R001/BTSN/btsn.common/lib/derby.jar
java.vendor=Oracle Corporation
java.runtime.version=15.0.1+9-18
user.dir=C:\DevShare\BTSN_R001\BTSN\btsn.healthcare.places.Triage
os.name=Windows 7
os.arch=amd64
os.version=6.1
derby.system.home=null
Database Class Loader started - derby.database.classpath=''
----------------------------------------------------------------
Thu Feb 05 12:07:32 AEST 2026:
Booting Derby version The Apache Software Foundation - Apache Derby - 10.14.2.0 - (1828579): instance ce0ac313-019c-2b8d-286c-0000008c4810 
on database directory memory:C:\DevShare\BTSN_R001\BTSN\btsn.healthcare.places.Triage\TRIAGEDB_1040000_7834951596250 with class loader jdk.internal.loader.ClassLoaders$AppClassLoader@443b7951 
Loaded from file:/C:/DevShare/BTSN_R001/BTSN/btsn.common/lib/derby.jar
java.vendor=Oracle Corporation
java.runtime.version=15.0.1+9-18
user.dir=C:\DevShare\BTSN_R001\BTSN\btsn.healthcare.places.Triage
os.name=Windows 7
os.arch=amd64
os.version=6.1
derby.system.home=null
Database Class Loader started - derby.database.classpath=''
----------------------------------------------------------------
Thu Feb 05 12:07:35 AEST 2026:
Booting Derby version The Apache Software Foundation - Apache Derby - 10.14.2.0 - (1828579): instance 7eb983bd-019c-2b8d-286c-0000008c4810 
on database directory memory:C:\DevShare\BTSN_R001\BTSN\btsn.healthcare.places.Triage\TRIAGEDB_1050000_7837387491497 with class loader jdk.internal.loader.ClassLoaders$AppClassLoader@443b7951 
Loaded from file:/C:/DevShare/BTSN_R001/BTSN/btsn.common/lib/derby.jar
java.vendor=Oracle Corporation
java.runtime.version=15.0.1+9-18
user.dir=C:\DevShare\BTSN_R001\BTSN\btsn.healthcare.places.Triage
os.name=Windows 7
os.arch=amd64
os.version=6.1
derby.system.home=null
Database Class Loader started - derby.database.classpath=''
----------------------------------------------------------------
Thu Feb 05 12:07:39 AEST 2026:
Booting Derby version The Apache Software Foundation - Apache Derby - 10.14.2.0 - (1828579): instance 4ba14467-019c-2b8d-286c-0000008c4810 
on database directory memory:C:\DevShare\BTSN_R001\BTSN\btsn.healthcare.places.Triage\TRIAGEDB_1060000_7841688346161 with class loader jdk.internal.loader.ClassLoaders$AppClassLoader@443b7951 
Loaded from file:/C:/DevShare/BTSN_R001/BTSN/btsn.common/lib/derby.jar
java.vendor=Oracle Corporation
java.runtime.version=15.0.1+9-18
user.dir=C:\DevShare\BTSN_R001\BTSN\btsn.healthcare.places.Triage
os.name=Windows 7
os.arch=amd64
os.version=6.1
derby.system.home=null
Database Class Loader started - derby.database.classpath=''
----------------------------------------------------------------
Thu Feb 05 12:07:42 AEST 2026:
Booting Derby version The Apache Software Foundation - Apache Derby - 10.14.2.0 - (1828579): instance b4c20511-019c-2b8d-286c-0000008c4810 
on database directory memory:C:\DevShare\BTSN_R001\BTSN\btsn.healthcare.places.Triage\TRIAGEDB_1070000_7844663583514 with class loader jdk.internal.loader.ClassLoaders$AppClassLoader@443b7951 
Loaded from file:/C:/DevShare/BTSN_R001/BTSN/btsn.common/lib/derby.jar
java.vendor=Oracle Corporation
java.runtime.version=15.0.1+9-18
user.dir=C:\DevShare\BTSN_R001\BTSN\btsn.healthcare.places.Triage
os.name=Windows 7
os.arch=amd64
os.version=6.1
derby.system.home=null
Database Class Loader started - derby.database.classpath=''
----------------------------------------------------------------
Thu Feb 05 12:07:47 AEST 2026:
Booting Derby version The Apache Software Foundation - Apache Derby - 10.14.2.0 - (1828579): instance 3a1bc5bb-019c-2b8d-286c-0000008c4810 
on database directory memory:C:\DevShare\BTSN_R001\BTSN\btsn.healthcare.places.Triage\TRIAGEDB_1080000_7849431116367 with class loader jdk.internal.loader.ClassLoaders$AppClassLoader@443b7951 
Loaded from file:/C:/DevShare/BTSN_R001/BTSN/btsn.common/lib/derby.jar
java.vendor=Oracle Corporation
java.runtime.version=15.0.1+9-18
user.dir=C:\DevShare\BTSN_R001\BTSN\btsn.healthcare.places.Triage
os.name=Windows 7
os.arch=amd64
os.version=6.1
derby.system.home=null
Database Class Loader started - derby.database.classpath=''
----------------------------------------------------------------
Thu Feb 05 12:07:50 AEST 2026:
Booting Derby version The Apache Software Foundation - Apache Derby - 10.14.2.0 - (1828579): instance 5bae8665-019c-2b8d-286c-0000008c4810 
on database directory memory:C:\DevShare\BTSN_R001\BTSN\btsn.healthcare.places.Triage\TRIAGEDB_1090000_7852696956025 with class loader jdk.internal.loader.ClassLoaders$AppClassLoader@443b7951 
Loaded from file:/C:/DevShare/BTSN_R001/BTSN/btsn.common/lib/derby.jar
java.vendor=Oracle Corporation
java.runtime.version=15.0.1+9-18
user.dir=C:\DevShare\BTSN_R001\BTSN\btsn.healthcare.places.Triage
os.name=Windows 7
os.arch=amd64
os.version=6.1
derby.system.home=null
Database Class Loader started - derby.database.classpath=''
