----------------------------------------------------------------
Thu Feb 05 22:33:38 AEST 2026:
Booting Derby version The Apache Software Foundation - Apache Derby - 10.14.2.0 - (1828579): instance a816c00e-019c-2dcb-0615-0000007bd298 
on database directory C:\DevShare\BTSN_R001\BTSN\btsn.healthcare.places.Laboratory\ServiceAnalysisDataBase with class loader jdk.internal.loader.ClassLoaders$AppClassLoader@443b7951 
Loaded from file:/C:/DevShare/BTSN_R001/BTSN/btsn.common/lib/derby.jar
java.vendor=Oracle Corporation
java.runtime.version=15.0.1+9-18
user.dir=C:\DevShare\BTSN_R001\BTSN\btsn.healthcare.places.Laboratory
os.name=Windows 7
os.arch=amd64
os.version=6.1
derby.system.home=null
Database Class Loader started - derby.database.classpath=''
----------------------------------------------------------------
Thu Feb 05 22:34:04 AEST 2026:
Booting Derby version The Apache Software Foundation - Apache Derby - 10.14.2.0 - (1828579): instance ed07c066-019c-2dcb-0615-0000007bd298 
on database directory memory:C:\DevShare\BTSN_R001\BTSN\btsn.healthcare.places.Laboratory\LABDB_3000000_45418984697406 with class loader jdk.internal.loader.ClassLoaders$AppClassLoader@443b7951 
Loaded from file:/C:/DevShare/BTSN_R001/BTSN/btsn.common/lib/derby.jar
java.vendor=Oracle Corporation
java.runtime.version=15.0.1+9-18
user.dir=C:\DevShare\BTSN_R001\BTSN\btsn.healthcare.places.Laboratory
os.name=Windows 7
os.arch=amd64
os.version=6.1
derby.system.home=null
Database Class Loader started - derby.database.classpath=''
----------------------------------------------------------------
Thu Feb 05 22:34:10 AEST 2026:
Booting Derby version The Apache Software Foundation - Apache Derby - 10.14.2.0 - (1828579): instance 01a54107-019c-2dcb-0615-0000007bd298 
on database directory memory:C:\DevShare\BTSN_R001\BTSN\btsn.healthcare.places.Laboratory\LABDB_3010000_45424943493791 with class loader jdk.internal.loader.ClassLoaders$AppClassLoader@443b7951 
Loaded from file:/C:/DevShare/BTSN_R001/BTSN/btsn.common/lib/derby.jar
java.vendor=Oracle Corporation
java.runtime.version=15.0.1+9-18
user.dir=C:\DevShare\BTSN_R001\BTSN\btsn.healthcare.places.Laboratory
os.name=Windows 7
os.arch=amd64
os.version=6.1
derby.system.home=null
Database Class Loader started - derby.database.classpath=''
----------------------------------------------------------------
Thu Feb 05 22:34:13 AEST 2026:
Booting Derby version The Apache Software Foundation - Apache Derby - 10.14.2.0 - (1828579): instance 3ebfc1a6-019c-2dcb-0615-0000007bd298 
on database directory memory:C:\DevShare\BTSN_R001\BTSN\btsn.healthcare.places.Laboratory\LABDB_3030000_45428263655273 with class loader jdk.internal.loader.ClassLoaders$AppClassLoader@443b7951 
Loaded from file:/C:/DevShare/BTSN_R001/BTSN/btsn.common/lib/derby.jar
java.vendor=Oracle Corporation
java.runtime.version=15.0.1+9-18
user.dir=C:\DevShare\BTSN_R001\BTSN\btsn.healthcare.places.Laboratory
os.name=Windows 7
os.arch=amd64
os.version=6.1
derby.system.home=null
Database Class Loader started - derby.database.classpath=''
----------------------------------------------------------------
Thu Feb 05 22:34:18 AEST 2026:
Booting Derby version The Apache Software Foundation - Apache Derby - 10.14.2.0 - (1828579): instance e48a8245-019c-2dcb-0615-0000007bd298 
on database directory memory:C:\DevShare\BTSN_R001\BTSN\btsn.healthcare.places.Laboratory\LABDB_3040000_45433700170407 with class loader jdk.internal.loader.ClassLoaders$AppClassLoader@443b7951 
Loaded from file:/C:/DevShare/BTSN_R001/BTSN/btsn.common/lib/derby.jar
java.vendor=Oracle Corporation
java.runtime.version=15.0.1+9-18
user.dir=C:\DevShare\BTSN_R001\BTSN\btsn.healthcare.places.Laboratory
os.name=Windows 7
os.arch=amd64
os.version=6.1
derby.system.home=null
Database Class Loader started - derby.database.classpath=''
----------------------------------------------------------------
Thu Feb 05 22:34:22 AEST 2026:
Booting Derby version The Apache Software Foundation - Apache Derby - 10.14.2.0 - (1828579): instance e30582e4-019c-2dcb-0615-0000007bd298 
on database directory memory:C:\DevShare\BTSN_R001\BTSN\btsn.healthcare.places.Laboratory\LABDB_3050000_45437549186408 with class loader jdk.internal.loader.ClassLoaders$AppClassLoader@443b7951 
Loaded from file:/C:/DevShare/BTSN_R001/BTSN/btsn.common/lib/derby.jar
java.vendor=Oracle Corporation
java.runtime.version=15.0.1+9-18
user.dir=C:\DevShare\BTSN_R001\BTSN\btsn.healthcare.places.Laboratory
os.name=Windows 7
os.arch=amd64
os.version=6.1
derby.system.home=null
Database Class Loader started - derby.database.classpath=''
----------------------------------------------------------------
Thu Feb 05 22:34:48 AEST 2026:
Booting Derby version The Apache Software Foundation - Apache Derby - 10.14.2.0 - (1828579): instance 2a30c383-019c-2dcb-0615-0000007bd298 
on database directory memory:C:\DevShare\BTSN_R001\BTSN\btsn.healthcare.places.Laboratory\LABDB_3110000_45463011139085 with class loader jdk.internal.loader.ClassLoaders$AppClassLoader@443b7951 
Loaded from file:/C:/DevShare/BTSN_R001/BTSN/btsn.common/lib/derby.jar
java.vendor=Oracle Corporation
java.runtime.version=15.0.1+9-18
user.dir=C:\DevShare\BTSN_R001\BTSN\btsn.healthcare.places.Laboratory
os.name=Windows 7
os.arch=amd64
os.version=6.1
derby.system.home=null
Database Class Loader started - derby.database.classpath=''
----------------------------------------------------------------
Thu Feb 05 22:34:50 AEST 2026:
Booting Derby version The Apache Software Foundation - Apache Derby - 10.14.2.0 - (1828579): instance aa0c4422-019c-2dcb-0615-0000007bd298 
on database directory memory:C:\DevShare\BTSN_R001\BTSN\btsn.healthcare.places.Laboratory\LABDB_3120000_45465537912671 with class loader jdk.internal.loader.ClassLoaders$AppClassLoader@443b7951 
Loaded from file:/C:/DevShare/BTSN_R001/BTSN/btsn.common/lib/derby.jar
java.vendor=Oracle Corporation
java.runtime.version=15.0.1+9-18
user.dir=C:\DevShare\BTSN_R001\BTSN\btsn.healthcare.places.Laboratory
os.name=Windows 7
os.arch=amd64
os.version=6.1
derby.system.home=null
Database Class Loader started - derby.database.classpath=''
----------------------------------------------------------------
Thu Feb 05 22:34:54 AEST 2026:
Booting Derby version The Apache Software Foundation - Apache Derby - 10.14.2.0 - (1828579): instance 529804c1-019c-2dcb-0615-0000007bd298 
on database directory memory:C:\DevShare\BTSN_R001\BTSN\btsn.healthcare.places.Laboratory\LABDB_3130000_45469492045533 with class loader jdk.internal.loader.ClassLoaders$AppClassLoader@443b7951 
Loaded from file:/C:/DevShare/BTSN_R001/BTSN/btsn.common/lib/derby.jar
java.vendor=Oracle Corporation
java.runtime.version=15.0.1+9-18
user.dir=C:\DevShare\BTSN_R001\BTSN\btsn.healthcare.places.Laboratory
os.name=Windows 7
os.arch=amd64
os.version=6.1
derby.system.home=null
Database Class Loader started - derby.database.classpath=''
----------------------------------------------------------------
Thu Feb 05 22:34:58 AEST 2026:
Booting Derby version The Apache Software Foundation - Apache Derby - 10.14.2.0 - (1828579): instance 13d40560-019c-2dcb-0615-0000007bd298 
on database directory memory:C:\DevShare\BTSN_R001\BTSN\btsn.healthcare.places.Laboratory\LABDB_3140000_45472711000781 with class loader jdk.internal.loader.ClassLoaders$AppClassLoader@443b7951 
Loaded from file:/C:/DevShare/BTSN_R001/BTSN/btsn.common/lib/derby.jar
java.vendor=Oracle Corporation
java.runtime.version=15.0.1+9-18
user.dir=C:\DevShare\BTSN_R001\BTSN\btsn.healthcare.places.Laboratory
os.name=Windows 7
os.arch=amd64
os.version=6.1
derby.system.home=null
Database Class Loader started - derby.database.classpath=''
----------------------------------------------------------------
Thu Feb 05 22:35:00 AEST 2026:
Booting Derby version The Apache Software Foundation - Apache Derby - 10.14.2.0 - (1828579): instance ddc045ff-019c-2dcb-0615-0000007bd298 
on database directory memory:C:\DevShare\BTSN_R001\BTSN\btsn.healthcare.places.Laboratory\LABDB_3150000_45475489403007 with class loader jdk.internal.loader.ClassLoaders$AppClassLoader@443b7951 
Loaded from file:/C:/DevShare/BTSN_R001/BTSN/btsn.common/lib/derby.jar
java.vendor=Oracle Corporation
java.runtime.version=15.0.1+9-18
user.dir=C:\DevShare\BTSN_R001\BTSN\btsn.healthcare.places.Laboratory
os.name=Windows 7
os.arch=amd64
os.version=6.1
derby.system.home=null
Database Class Loader started - derby.database.classpath=''
----------------------------------------------------------------
Thu Feb 05 22:35:03 AEST 2026:
Booting Derby version The Apache Software Foundation - Apache Derby - 10.14.2.0 - (1828579): instance a05cc69e-019c-2dcb-0615-0000007bd298 
on database directory memory:C:\DevShare\BTSN_R001\BTSN\btsn.healthcare.places.Laboratory\LABDB_3160000_45478260016823 with class loader jdk.internal.loader.ClassLoaders$AppClassLoader@443b7951 
Loaded from file:/C:/DevShare/BTSN_R001/BTSN/btsn.common/lib/derby.jar
java.vendor=Oracle Corporation
java.runtime.version=15.0.1+9-18
user.dir=C:\DevShare\BTSN_R001\BTSN\btsn.healthcare.places.Laboratory
os.name=Windows 7
os.arch=amd64
os.version=6.1
derby.system.home=null
Database Class Loader started - derby.database.classpath=''
----------------------------------------------------------------
Thu Feb 05 22:35:07 AEST 2026:
Booting Derby version The Apache Software Foundation - Apache Derby - 10.14.2.0 - (1828579): instance 4ba9873d-019c-2dcb-0615-0000007bd298 
on database directory memory:C:\DevShare\BTSN_R001\BTSN\btsn.healthcare.places.Laboratory\LABDB_3170000_45481628090661 with class loader jdk.internal.loader.ClassLoaders$AppClassLoader@443b7951 
Loaded from file:/C:/DevShare/BTSN_R001/BTSN/btsn.common/lib/derby.jar
java.vendor=Oracle Corporation
java.runtime.version=15.0.1+9-18
user.dir=C:\DevShare\BTSN_R001\BTSN\btsn.healthcare.places.Laboratory
os.name=Windows 7
os.arch=amd64
os.version=6.1
derby.system.home=null
Database Class Loader started - derby.database.classpath=''
----------------------------------------------------------------
Thu Feb 05 22:35:12 AEST 2026:
Booting Derby version The Apache Software Foundation - Apache Derby - 10.14.2.0 - (1828579): instance cfa687dc-019c-2dcb-0615-0000007bd298 
on database directory memory:C:\DevShare\BTSN_R001\BTSN\btsn.healthcare.places.Laboratory\LABDB_3180000_45487134321348 with class loader jdk.internal.loader.ClassLoaders$AppClassLoader@443b7951 
Loaded from file:/C:/DevShare/BTSN_R001/BTSN/btsn.common/lib/derby.jar
java.vendor=Oracle Corporation
java.runtime.version=15.0.1+9-18
user.dir=C:\DevShare\BTSN_R001\BTSN\btsn.healthcare.places.Laboratory
os.name=Windows 7
os.arch=amd64
os.version=6.1
derby.system.home=null
Database Class Loader started - derby.database.classpath=''
----------------------------------------------------------------
Thu Feb 05 22:35:14 AEST 2026:
Booting Derby version The Apache Software Foundation - Apache Derby - 10.14.2.0 - (1828579): instance 1c53c87b-019c-2dcb-0615-0000007bd298 
on database directory memory:C:\DevShare\BTSN_R001\BTSN\btsn.healthcare.places.Laboratory\LABDB_3190000_45488993055210 with class loader jdk.internal.loader.ClassLoaders$AppClassLoader@443b7951 
Loaded from file:/C:/DevShare/BTSN_R001/BTSN/btsn.common/lib/derby.jar
java.vendor=Oracle Corporation
java.runtime.version=15.0.1+9-18
user.dir=C:\DevShare\BTSN_R001\BTSN\btsn.healthcare.places.Laboratory
os.name=Windows 7
os.arch=amd64
os.version=6.1
derby.system.home=null
Database Class Loader started - derby.database.classpath=''
