INFO ServiceThread-P2_InitializationService-14301 org.btsn.handlers.ServiceHelper - ENRICHMENT: Initialized workflow start time (first service)
ERROR ServiceThread-P2_InitializationService-14301 org.btsn.json.jsonLibrary - Error parsing JSON string: "init p2"
java.lang.ClassCastException: class java.lang.String cannot be cast to class org.json.simple.JSONObject (java.lang.String is in module java.base of loader 'bootstrap'; org.json.simple.JSONObject is in unnamed module of loader 'app')
	at org.btsn.json.jsonLibrary.parseString(jsonLibrary.java:60)
	at org.btsn.handlers.ServiceHelper.extractBusinessData(ServiceHelper.java:328)
	at org.btsn.handlers.ServiceHelper.process(ServiceHelper.java:161)
	at org.btsn.handlers.ServiceHelper.process(ServiceHelper.java:223)
	at org.btsn.handlers.TransitionHandler.processTerminateType(TransitionHandler.java:842)
	at org.btsn.handlers.ServiceThread.processControlNode(ServiceThread.java:1264)
	at org.btsn.handlers.ServiceThread.parsePayLoad(ServiceThread.java:721)
	at org.btsn.handlers.ServiceThread.run(ServiceThread.java:483)
	at java.base/java.lang.Thread.run(Thread.java:832)
WARN ServiceThread-P2_InitializationService-14301 org.btsn.handlers.ServiceHelper - ENRICHMENT: Failed to parse token, returning as-is
DEBUG ServiceThread-P2_InitializationService-14301 org.btsn.handlers.ServiceHelper - ENRICHMENT: Cleaned argument 1, length: 9 (removed 0 bytes of metadata)
INFO ServiceThread-P2_InitializationService-14301 org.btsn.handlers.ServiceHelper - ENRICHMENT: Extracted 1 clean business data arguments (removed infrastructure metadata)
INFO ServiceThread-P2_InitializationService-14301 org.btsn.handlers.ServiceHelper - SERVICE INVOKE: Calling org.btsn.places.P2_InitializationService.purgeAndInitialize with 1 CLEAN business data arguments
DEBUG ServiceThread-P2_InitializationService-14301 org.btsn.handlers.ServiceHelper - INVOKE: Reflecting on org.btsn.places.P2_InitializationService.purgeAndInitialize
DEBUG ServiceThread-P2_InitializationService-14301 org.btsn.handlers.ServiceHelper - INVOKE: Looking for method with 1 String parameters
INFO ServiceThread-P2_InitializationService-14301 org.btsn.derby.Analysis.BuildServiceAnalysisDatabase - Derby Embedded Driver registered successfully.
DEBUG ServiceThread-P2_InitializationService-14301 org.btsn.handlers.ServiceHelper - INVOKE: Created instance using 1-param constructor (context) for org.btsn.places.P2_InitializationService
DEBUG ServiceThread-P2_InitializationService-14301 org.btsn.handlers.ServiceHelper - INVOKE: Found standard method (1 String args)
DEBUG ServiceThread-P2_InitializationService-14301 org.btsn.handlers.ServiceHelper - INVOKE: Calling purgeAndInitialize with 1 arguments
INFO ServiceThread-P2_InitializationService-14301 org.btsn.derby.Analysis.BuildServiceAnalysisDatabase - Discovered 12 tables to purge
INFO ServiceThread-P2_InitializationService-14301 org.btsn.derby.Analysis.BuildServiceAnalysisDatabase - Purged table: CONSOLIDATED_MARKING_EVOLUTION
INFO ServiceThread-P2_InitializationService-14301 org.btsn.derby.Analysis.BuildServiceAnalysisDatabase - Purged table: CONSOLIDATED_PLACE_STATISTICS
INFO ServiceThread-P2_InitializationService-14301 org.btsn.derby.Analysis.BuildServiceAnalysisDatabase - Purged table: CONSOLIDATED_TOKEN_GENEALOGY
INFO ServiceThread-P2_InitializationService-14301 org.btsn.derby.Analysis.BuildServiceAnalysisDatabase - Purged table: CONSOLIDATED_TOKEN_PATHS
INFO ServiceThread-P2_InitializationService-14301 org.btsn.derby.Analysis.BuildServiceAnalysisDatabase - Purged table: CONSOLIDATED_TRANSITION_FIRINGS
INFO ServiceThread-P2_InitializationService-14301 org.btsn.derby.Analysis.BuildServiceAnalysisDatabase - Purged table: JOIN_SYNCHRONIZATION
INFO ServiceThread-P2_InitializationService-14301 org.btsn.derby.Analysis.BuildServiceAnalysisDatabase - Purged table: MARKINGS
INFO ServiceThread-P2_InitializationService-14301 org.btsn.derby.Analysis.BuildServiceAnalysisDatabase - Purged table: PROCESSMEASUREMENTS
INFO ServiceThread-P2_InitializationService-14301 org.btsn.derby.Analysis.BuildServiceAnalysisDatabase - Purged table: SERVICECONTRIBUTION
INFO ServiceThread-P2_InitializationService-14301 org.btsn.derby.Analysis.BuildServiceAnalysisDatabase - Purged table: SERVICEMEASUREMENTS
INFO ServiceThread-P2_InitializationService-14301 org.btsn.derby.Analysis.BuildServiceAnalysisDatabase - Purged table: TOKEN_GENEALOGY
INFO ServiceThread-P2_InitializationService-14301 org.btsn.derby.Analysis.BuildServiceAnalysisDatabase - Purged table: TRANSITION_FIRINGS
INFO ServiceThread-P2_InitializationService-14301 org.btsn.derby.Analysis.BuildServiceAnalysisDatabase - Total tables purged: 12
INFO ServiceThread-P2_InitializationService-14301 org.btsn.derby.Analysis.BuildServiceAnalysisDatabase - Connected to Derby database: ServiceAnalysisDataBase
INFO ServiceThread-P2_InitializationService-14301 org.btsn.derby.Analysis.BuildServiceAnalysisDatabase - Creating core measurement tables...
INFO ServiceThread-P2_InitializationService-14301 org.btsn.derby.Analysis.BuildServiceAnalysisDatabase - Table SERVICEMEASUREMENTS already exists
INFO ServiceThread-P2_InitializationService-14301 org.btsn.derby.Analysis.BuildServiceAnalysisDatabase - Table PROCESSMEASUREMENTS already exists
INFO ServiceThread-P2_InitializationService-14301 org.btsn.derby.Analysis.BuildServiceAnalysisDatabase - Table SERVICECONTRIBUTION already exists
INFO ServiceThread-P2_InitializationService-14301 org.btsn.derby.Analysis.BuildServiceAnalysisDatabase - Table MARKINGS already exists
INFO ServiceThread-P2_InitializationService-14301 org.btsn.derby.Analysis.BuildServiceAnalysisDatabase - Core measurement tables created/verified
INFO ServiceThread-P2_InitializationService-14301 org.btsn.derby.Analysis.BuildServiceAnalysisDatabase - Creating consolidated Petri Net tables...
INFO ServiceThread-P2_InitializationService-14301 org.btsn.derby.Analysis.BuildServiceAnalysisDatabase - Table CONSOLIDATED_TRANSITION_FIRINGS already exists
INFO ServiceThread-P2_InitializationService-14301 org.btsn.derby.Analysis.BuildServiceAnalysisDatabase - Table CONSOLIDATED_TOKEN_PATHS already exists
INFO ServiceThread-P2_InitializationService-14301 org.btsn.derby.Analysis.BuildServiceAnalysisDatabase - Table CONSOLIDATED_MARKING_EVOLUTION already exists
INFO ServiceThread-P2_InitializationService-14301 org.btsn.derby.Analysis.BuildServiceAnalysisDatabase - Table CONSOLIDATED_PLACE_STATISTICS already exists
INFO ServiceThread-P2_InitializationService-14301 org.btsn.derby.Analysis.BuildServiceAnalysisDatabase - Table CONSOLIDATED_TOKEN_GENEALOGY already exists
INFO ServiceThread-P2_InitializationService-14301 org.btsn.derby.Analysis.BuildServiceAnalysisDatabase - Consolidated Petri Net tables created/verified
INFO ServiceThread-P2_InitializationService-14301 org.btsn.derby.Analysis.BuildServiceAnalysisDatabase - Creating local Petri Net analysis tables...
INFO ServiceThread-P2_InitializationService-14301 org.btsn.derby.Analysis.BuildServiceAnalysisDatabase - Table TRANSITION_FIRINGS already exists
INFO ServiceThread-P2_InitializationService-14301 org.btsn.derby.Analysis.BuildServiceAnalysisDatabase - Table TOKEN_GENEALOGY already exists
INFO ServiceThread-P2_InitializationService-14301 org.btsn.derby.Analysis.BuildServiceAnalysisDatabase - Table JOIN_SYNCHRONIZATION already exists
INFO ServiceThread-P2_InitializationService-14301 org.btsn.derby.Analysis.BuildServiceAnalysisDatabase - Local Petri Net tables created/verified
INFO ServiceThread-P2_InitializationService-14301 org.btsn.derby.Analysis.BuildServiceAnalysisDatabase - Database initialization complete - 13 tables (4 core + 5 consolidated PN + 3 local PN + 1 event) created/verified
WARN ServiceThread-P2_InitializationService-14301 org.btsn.derby.Analysis.BuildServiceAnalysisDatabase - Could not get count for EVENTRESPONSETABLE: Table/View 'EVENTRESPONSETABLE' does not exist.
INFO ServiceThread-P2_InitializationService-14301 org.btsn.derby.Analysis.BuildServiceAnalysisDatabase - Retrieved measurement statistics: {CONSOLIDATED_MARKING_EVOLUTION_Count=0, CONSOLIDATED_PLACE_STATISTICS_Count=0, CONSOLIDATED_TOKEN_GENEALOGY_Count=0, CONSOLIDATED_TOKEN_PATHS_Count=0, CONSOLIDATED_TRANSITION_FIRINGS_Count=0, EVENTRESPONSETABLE_Count=-1, JOIN_SYNCHRONIZATION_Count=0, MARKINGS_Count=0, PROCESSMEASUREMENTS_Count=0, SERVICECONTRIBUTION_Count=0, SERVICEMEASUREMENTS_Count=0, TOKEN_GENEALOGY_Count=0, TRANSITION_FIRINGS_Count=0}
WARN ServiceThread-P2_InitializationService-14301 org.btsn.derby.Analysis.BuildServiceAnalysisDatabase - Could not get count for EVENTRESPONSETABLE: Table/View 'EVENTRESPONSETABLE' does not exist.
INFO ServiceThread-P2_InitializationService-14301 org.btsn.derby.Analysis.BuildServiceAnalysisDatabase - Retrieved measurement statistics: {CONSOLIDATED_MARKING_EVOLUTION_Count=0, CONSOLIDATED_PLACE_STATISTICS_Count=0, CONSOLIDATED_TOKEN_GENEALOGY_Count=0, CONSOLIDATED_TOKEN_PATHS_Count=0, CONSOLIDATED_TRANSITION_FIRINGS_Count=0, EVENTRESPONSETABLE_Count=-1, JOIN_SYNCHRONIZATION_Count=0, MARKINGS_Count=0, PROCESSMEASUREMENTS_Count=0, SERVICECONTRIBUTION_Count=0, SERVICEMEASUREMENTS_Count=0, TOKEN_GENEALOGY_Count=0, TRANSITION_FIRINGS_Count=0}
INFO ServiceThread-P2_InitializationService-14301 org.btsn.handlers.ServiceHelper - SERVICE COMPLETE: org.btsn.places.P2_InitializationService.purgeAndInitialize completed in 1588ms
WARN ServiceThread-P2_InitializationService-14301 org.btsn.handlers.ServiceHelper - ENRICHMENT: Output attribute 'token' not found in service result, cannot enrich
INFO ServiceThread-P2_InitializationService-14301 org.btsn.handlers.ServiceHelper - ENRICHMENT: Successfully enriched service result with metadata
INFO ServiceThread-P2_InitializationService-14301 org.btsn.handlers.ServiceHelper - === SERVICE INVOCATION COMPLETE ===
INFO ServiceThread-P2_InitializationService-14301 org.btsn.handlers.TransitionHandler - ORCHESTRATOR: Service returned: {"duration_ms":1574,"tables_purged":12,"service":"P2_InitializationService","action":"purge_and_initialize","status":"success","attempts":1,"statistics":{"CONSOLIDATED_TOKEN_PATHS_Count":0,"SERVICECONTRIBUTION_Count":0,"CONSOLIDATED_TRANSITION_FIRINGS_Count":0,"CONSOLIDATED_MARKING_EVOLUTION_Count":0,"EVENTRESPONSETABLE_Count":-1,"CONSOLIDATED_TOKEN_GENEALOGY_Count":0,"TOKEN_GENEALOGY_Count":0,"MARKINGS_Count":0,"SERVICEMEASUREMENTS_Count":0,"CONSOLIDATED_PLACE_STATISTICS_Count":0,"PROCESSMEASUREMENTS_Count":0,"TRANSITION_FIRINGS_Count":0,"JOIN_SYNCHRONIZATION_Count":0}}
DEBUG ServiceThread-P2_InitializationService-14301 org.btsn.handlers.PetriNetInstrumentationHelper - Skipping instrumentation for admin token 999100000 (v999)
DEBUG ServiceThread-P2_InitializationService-14301 org.btsn.handlers.ServiceThread - PETRI-NET: Token 999100000 TERMINATED at P2_InitializationService
INFO ServiceThread-P2_InitializationService-14301 org.btsn.handlers.TransitionHandler - ORCHESTRATOR: Token 999100000 terminated after P2_InitializationService.purgeAndInitialize
DEBUG ServiceThread-P2_InitializationService-14301 org.btsn.handlers.TransitionHandler - Processing Terminate Type complete.
ERROR ServiceThread-P2_InitializationService-14301 org.btsn.handlers.ServiceThread - monitorIncomingEvents: false
DEBUG ServiceThread-P2_InitializationService-14301 org.btsn.handlers.ServiceThread - ORCHESTRATOR: Cleaned up join 999100000
DEBUG ServiceThread-P2_InitializationService-14301 org.btsn.handlers.ServiceThread - ORCHESTRATOR: Service P2_InitializationService sequence ID: 999100000 complete.
DEBUG ServiceThread-P2_Place-14002 org.btsn.handlers.ServiceThread - ORCHESTRATOR: Processing:: token = {"token":{"annotation":"{\"place\":\"P1\",\"entryTime\":1770634688848,\"exitTime\":1770634688951,\"residenceTime\":103,\"delayMs\":0,\"marking\":1,\"capacity\":1,\"distribution\":\"DETERMINISTIC\",\"routingPath\":\"true\"}","notAfter":1770634808535,"tokenId":"1050000","data":{"delayMs":"0","place":"P1","distribution":"DETERMINISTIC"},"workflow_start_time":1770634688535,"placeId":"token","routing_decision":{"probability":0.5,"guard_result":true,"routing_path":"true"},"service_start_time":1770634688848,"version":"v001","executionTime":103,"marking":1,"currentPlace":"P1_Place","service_processing_time_ms":104,"original_token":"{\"notAfter\":1770634808535,\"tokenId\":\"1050000\",\"data\":{},\"workflow_start_time\":1770634688535,\"currentPlace\":\"P1_Place\",\"version\":\"v001\"}","service_end_time":1770634688952,"status":"COMPLETED"}}
DEBUG ServiceThread-P2_Place-14002 org.btsn.handlers.ServiceThread - CAPTURE: WorkflowStartTime=1770634688535 for seqID=1050001
INFO ServiceThread-P2_Place-14002 org.btsn.handlers.ServiceThread - Incoming Sequence ID = 1050001
INFO ServiceThread-P2_Place-14002 org.btsn.handlers.ServiceThread - MonitorIncomingEvents+ = true
DEBUG ServiceThread-P2_Place-14002 org.btsn.handlers.ServiceThread - Using RuleBaseVersion: v001
DEBUG ServiceThread-P2_Place-14002 org.btsn.handlers.ServiceThread - FILTER: Event for P2_Place.processToken accepted by P2_Place thread
WARN ServiceThread-P2_Place-14002 org.btsn.json.jsonLibrary - Key "token" already exists. Skipping.
DEBUG ServiceThread-P2_Place-14002 org.btsn.handlers.ServiceThread - JOIN-MAP: Added key=token to join 1050000 (tokenId=1050001, mapSize=1)
INFO ServiceThread-P2_Place-14002 org.btsn.handlers.ServiceThread - DEBUG: Loading rule base for operation: processToken
INFO ServiceThread-P2_Place-14002 org.btsn.handlers.ServiceThread - DEBUG: Rule base location: C:\DevShare\BTSN_R001\BTSN\btsn.petrinet.places.p2/RuleFolder.v001/processToken/Service.ruleml
INFO ServiceThread-P2_Place-14002 org.btsn.handlers.ServiceThread - DEBUG: Loading fresh knowledge base from: C:\DevShare\BTSN_R001\BTSN\btsn.petrinet.places.p2/RuleFolder.v001/processToken/Service.ruleml
INFO ServiceThread-P2_Place-14002 org.btsn.handlers.ServiceThread - DEBUG: Loaded knowledge base length: 13521
DEBUG ServiceThread-P2_Place-14002 org.btsn.handlers.ServiceThread - DEBUG: Knowledge base content preview: <Assert>
<Rulebase mapClosure="universal">
<!-- Version On -->
<Data><Atom><Rel>Version</Rel><Ind>v001</Ind></Atom></Data>
<!-- Common Rules to all services -->
<!-- 
This is the rule determines the operational parameters associated with
the destination service.
 -->
<Implies>
	<then>
		<Atom>
			<Rel>publishes</Rel>
			<Var>service</Var>
			<Var>condition</Var>
			<Var>operation</Var>
			<Var>channel</Var>
			<Var>ip</Var>
			<Var>port</Var>
			<Var>decisionValue</Var>
		</A
INFO ServiceThread-P2_Place-14002 org.btsn.handlers.ServiceThread - DEBUG: Parsing knowledge base...
INFO ServiceThread-P2_Place-14002 org.btsn.handlers.ServiceThread - DEBUG: Knowledge base parsed successfully
DEBUG ServiceThread-P2_Place-14002 org.btsn.handlers.ServiceThread - CANONICAL-BINDING: Checking canonical binding for P2_Place.processToken with attribute 'token'
DEBUG ServiceThread-P2_Place-14002 org.btsn.handlers.ServiceThread - CANONICAL-BINDING: Operation processToken uses standard (AND) semantics
INFO ServiceThread-P2_Place-14002 org.btsn.handlers.ServiceThread - CANONICAL-BINDING: processToken requires 1 inputs total (standard AND logic)
INFO ServiceThread-P2_Place-14002 org.btsn.handlers.ServiceThread - CANONICAL-BINDING: processToken needs 1 input - can call immediately with 'token'
INFO ServiceThread-P2_Place-14002 org.btsn.handlers.ServiceThread - ORCHESTRATOR: Canonical binding found - overriding serviceName facts
INFO ServiceThread-P2_Place-14002 org.btsn.handlers.ServiceThread - ORCHESTRATOR: Overrode inputCollection for canonical binding
WARN ServiceThread-P2_Place-14002 org.btsn.handlers.ServiceThread - Using legacy getDecisionValue - consider updating CoreRuleBase to include decisionValue in publishes
DEBUG ServiceThread-P2_Place-14002 org.btsn.handlers.PetriNetInstrumentationHelper - Token 1050001 buffered at T_in_P2_Place (buffer=0)
DEBUG ServiceThread-P2_Place-14002 org.btsn.handlers.PetriNetInstrumentationHelper - Could not extract previousPlace from payload
DEBUG ServiceThread-P2_Place-14002 org.btsn.derby.Analysis.BuildServiceAnalysisDatabase - Wrote transition firing: T_in_P2 token=1050001 eventType=BUFFERED
DEBUG ServiceThread-P2_Place-14002 org.btsn.handlers.PetriNetInstrumentationHelper - Recorded transition: T_in_P2 (EdgeNode) token=1050001  -> P2_Place [BUFFERED] buffer=0
DEBUG ServiceThread-P2_Place-14002 org.btsn.handlers.ServiceThread - PETRI-NET: Token 1050001 BUFFERED at P2_Place (T_in arrival)
DEBUG ServiceThread-P2_Place-14002 org.btsn.handlers.PetriNetInstrumentationHelper - Token 1050001 entering place: P2_Place (buffer=0)
DEBUG ServiceThread-P2_Place-14002 org.btsn.handlers.PetriNetInstrumentationHelper - Could not extract previousPlace from payload
DEBUG ServiceThread-P2_Place-14002 org.btsn.derby.Analysis.BuildServiceAnalysisDatabase - Wrote transition firing: T_in_P2 token=1050001 eventType=ENTER
DEBUG ServiceThread-P2_Place-14002 org.btsn.handlers.PetriNetInstrumentationHelper - Recorded transition: T_in_P2 (EdgeNode) token=1050001  -> P2_Place [ENTER] buffer=0
DEBUG ServiceThread-P2_Place-14002 org.btsn.handlers.ServiceThread - PETRI-NET: Token 1050001 ENTER at P2_Place
INFO ServiceThread-P2_Place-14002 org.btsn.handlers.ServiceThread - DEBUG: About to check inputCollection.isEmpty() - size: 1
INFO ServiceThread-P2_Place-14002 org.btsn.handlers.ServiceThread - DEBUG: inputCollection contents: [null]
INFO ServiceThread-P2_Place-14002 org.btsn.handlers.ServiceThread - DEBUG: nodeType: EdgeNode
INFO ServiceThread-P2_Place-14002 org.btsn.handlers.ServiceThread - DEBUG: needsInputSynchronization: false
INFO ServiceThread-P2_Place-14002 org.btsn.handlers.ServiceThread - DEBUG: Past inputCollection check, about to enter JOIN processing
INFO ServiceThread-P2_Place-14002 org.btsn.handlers.ServiceThread - DEBUG: inputCollection.get(0): null
INFO ServiceThread-P2_Place-14002 org.btsn.handlers.ServiceThread - ORCHESTRATOR: Zero-input service P2_Place:processToken executing with trigger token (no workflow data required)
INFO ServiceThread-P2_Place-14002 org.btsn.handlers.ServiceThread - ORCHESTRATOR: Processing EdgeNode for P2_Place.processToken
INFO ServiceThread-P2_Place-14002 org.btsn.handlers.TransitionHandler - ORCHESTRATOR: Processing EdgeNode/MergeNode for P2_Place.processToken
DEBUG ServiceThread-P2_Place-14002 org.btsn.handlers.ServiceThread - CANONICAL-BINDING: Checking canonical binding for P2_Place.processToken with attribute 'token'
DEBUG ServiceThread-P2_Place-14002 org.btsn.handlers.ServiceThread - CANONICAL-BINDING: Operation processToken uses standard (AND) semantics
INFO ServiceThread-P2_Place-14002 org.btsn.handlers.ServiceThread - CANONICAL-BINDING: processToken requires 1 inputs total (standard AND logic)
INFO ServiceThread-P2_Place-14002 org.btsn.handlers.ServiceThread - CANONICAL-BINDING: processToken needs 1 input - can call immediately with 'token'
INFO ServiceThread-P2_Place-14002 org.btsn.handlers.ServiceThread - ORCHESTRATOR: Found single-input canonical binding - calling P2_Place.processToken immediately
INFO ServiceThread-P2_Place-14002 org.btsn.handlers.ServiceThread - ORCHESTRATOR: Invoking P2_Place.processToken via ServiceHelper (canonical binding)
INFO ServiceThread-P2_Place-14002 org.btsn.handlers.ServiceHelper - === SERVICE INVOCATION START ===
INFO ServiceThread-P2_Place-14002 org.btsn.handlers.ServiceHelper - Service: org.btsn.places.P2_Place.processToken
INFO ServiceThread-P2_Place-14002 org.btsn.handlers.ServiceHelper - SequenceID: 1050000
INFO ServiceThread-P2_Place-14002 org.btsn.handlers.ServiceHelper - Input arguments count: 1
DEBUG ServiceThread-P2_Place-14002 org.btsn.handlers.ServiceHelper - Processing argument 1/1, raw length: 842
DEBUG ServiceThread-P2_Place-14002 org.btsn.handlers.ServiceHelper - ENRICHMENT: Unwrapped place response from key: token
DEBUG ServiceThread-P2_Place-14002 org.btsn.handlers.ServiceHelper - ENRICHMENT: Found existing original_token to preserve
DEBUG ServiceThread-P2_Place-14002 org.btsn.handlers.ServiceHelper - ENRICHMENT: Extracted workflow_start_time=1770634688535
DEBUG ServiceThread-P2_Place-14002 org.btsn.handlers.ServiceHelper - ENRICHMENT: Cleaned argument 1, length: 842 (removed 0 bytes of metadata)
INFO ServiceThread-P2_Place-14002 org.btsn.handlers.ServiceHelper - ENRICHMENT: Extracted 1 clean business data arguments (removed infrastructure metadata)
INFO ServiceThread-P2_Place-14002 org.btsn.handlers.ServiceHelper - SERVICE INVOKE: Calling org.btsn.places.P2_Place.processToken with 1 CLEAN business data arguments
DEBUG ServiceThread-P2_Place-14002 org.btsn.handlers.ServiceHelper - INVOKE: Reflecting on org.btsn.places.P2_Place.processToken
DEBUG ServiceThread-P2_Place-14002 org.btsn.handlers.ServiceHelper - INVOKE: Looking for method with 1 String parameters
INFO ServiceThread-P2_Place-14002 org.btsn.logger.PetriNetEventLogger - === PETRI NET EVENT LOGGER INITIALIZED ===
INFO ServiceThread-P2_Place-14002 org.btsn.logger.PetriNetEventLogger - PLACE_CREATED: placeId=P2, sequenceId=1050000, type=P2, capacity=1
DEBUG ServiceThread-P2_Place-14002 org.btsn.handlers.ServiceHelper - INVOKE: Created instance using 1-param constructor (context) for org.btsn.places.P2_Place
DEBUG ServiceThread-P2_Place-14002 org.btsn.handlers.ServiceHelper - INVOKE: Found standard method (1 String args)
DEBUG ServiceThread-P2_Place-14002 org.btsn.handlers.ServiceHelper - INVOKE: Calling processToken with 1 arguments
INFO ServiceThread-P2_Place-14002 org.btsn.logger.PetriNetEventLogger - TOKEN_ARRIVAL: placeId=P2, sequenceId=1050000, token=Token{id='1050000', version='v001', place='P1_Place', processType='null', data={delayMs=0, place=P1, distribution=DETERMINISTIC, workflow_start_time=1770634688535}, valid=true}
INFO ServiceThread-P2_Place-14002 org.btsn.logger.PetriNetEventLogger - CAPACITY_CHECK: placeId=P2, sequenceId=1050000, M(P)=0, capacity=1, hasCapacity=true
INFO ServiceThread-P2_Place-14002 org.btsn.logger.PetriNetEventLogger - MARKING_CHANGE: placeId=P2, sequenceId=1050000, M(P)=1, reason=token_accepted
INFO ServiceThread-P2_Place-14002 org.btsn.logger.PetriNetEventLogger - TOKEN_HELD: placeId=P2, sequenceId=1050000, token=Token{id='1050000', version='v001', place='P1_Place', processType='null', data={delayMs=0, place=P1, distribution=DETERMINISTIC, workflow_start_time=1770634688535}, valid=true}, M(P)=1, capacity=1
INFO ServiceThread-P2_Place-14002 org.btsn.logger.PetriNetEventLogger - VALIDITY_WINDOW_CHECK: placeId=P2, sequenceId=1050000, currentTime=1770634690099, notAfter=1770634808535, valid=true
INFO ServiceThread-P2_Place-14002 org.btsn.logger.PetriNetEventLogger - PLACE_EXECUTION: placeId=P2, sequenceId=1050000, executionTime=109ms, result=COMPLETED
INFO ServiceThread-P2_Place-14002 org.btsn.base.BaseStochasticPetriNetPlace - PN_PROCESS: place=P2, seq=1050000, guard=true, delay=0ms, total=109ms
INFO ServiceThread-P2_Place-14002 org.btsn.logger.PetriNetEventLogger - MARKING_CHANGE: placeId=P2, sequenceId=1050000, M(P)=0, reason=token_released
INFO ServiceThread-P2_Place-14002 org.btsn.logger.PetriNetEventLogger - TOKEN_RELEASED: placeId=P2, sequenceId=1050000, token=Token{id='1050000', version='v001', place='P1_Place', processType='null', data={delayMs=0, place=P1, distribution=DETERMINISTIC, workflow_start_time=1770634688535}, valid=true}, M(P)=0
INFO ServiceThread-P2_Place-14002 org.btsn.logger.PetriNetEventLogger - TOKEN_DEPARTURE: placeId=P2, sequenceId=1050000, token=Token{id='1050000', version='v001', place='P1_Place', processType='null', data={delayMs=0, place=P1, distribution=DETERMINISTIC, workflow_start_time=1770634688535}, valid=true}, annotation={"place":"P2","entryTime":1770634689991,"exitTime":1770634690100,"residenceTime":109,"delayMs":0,"marking":1,"capacity":1,"distribution":"DETERMINISTIC","routingPath":"true"}
INFO ServiceThread-P2_Place-14002 org.btsn.handlers.ServiceHelper - SERVICE COMPLETE: org.btsn.places.P2_Place.processToken completed in 154ms
DEBUG ServiceThread-P2_Place-14002 org.btsn.handlers.ServiceHelper - ENRICHMENT: Using wrapped response key 'token' instead of 'token_branch2'
INFO ServiceThread-P2_Place-14002 org.btsn.handlers.ServiceHelper - ENRICHMENT: Successfully enriched service result with metadata
INFO ServiceThread-P2_Place-14002 org.btsn.handlers.ServiceHelper - === SERVICE INVOCATION COMPLETE ===
INFO ServiceThread-P2_Place-14002 org.btsn.handlers.TransitionHandler - ORCHESTRATOR: Service returned: {"token":{"annotation":"{\"place\":\"P2\",\"entryTime\":1770634689991,\"exitTime\":1770634690100,\"residenceTime\":109,\"delayMs\":0,\"marking\":1,\"capacity\":1,\"distribution\":\"DETERMINISTIC\",\"routingPath\":\"true\"}","notAfter":1770634808535,"tokenId":"1050000","data":{"delayMs":"0","place":"P2","distribution":"DETERMINISTIC"},"workflow_start_time":1770634688535,"placeId":"token","routing_decision":{"probability":0.5,"guard_result":true,"routing_path":"true"},"service_start_time":1770634689953,"version":"v001","executionTime":109,"marking":1,"currentPlace":"P1_Place","service_processing_time_ms":154,"original_token":"{\"notAfter\":1770634808535,\"tokenId\":\"1050000\",\"data\":{},\"workflow_start_time\":1770634688535,\"currentPlace\":\"P1_Place\",\"version\":\"v001\"}","service_end_time":1770634690107,"status":"COMPLETED"}}
DEBUG ServiceThread-P2_Place-14002 org.btsn.handlers.PetriNetInstrumentationHelper - Token 1050001 exiting place: P2_Place -> P4_Place [arc=$ANON11]
DEBUG ServiceThread-P2_Place-14002 org.btsn.derby.Analysis.BuildServiceAnalysisDatabase - Wrote transition firing: T_out_P2 token=1050001 eventType=EXIT
DEBUG ServiceThread-P2_Place-14002 org.btsn.handlers.PetriNetInstrumentationHelper - Recorded transition: T_out_P2 (EdgeNode) token=1050001 P2_Place -> P4_Place [EXIT] arc=$ANON11
DEBUG ServiceThread-P2_Place-14002 org.btsn.handlers.ServiceThread - PETRI-NET: Token 1050001 EXIT from P2_Place -> P4_Place.processToken [arc=$ANON11]
INFO ServiceThread-P2_Place-14002 org.btsn.handlers.ServiceThread - DEBUG: Querying activeService for P4_Place.processToken
INFO ServiceThread-P2_Place-14002 org.btsn.handlers.ServiceThread - DEBUG: ActiveService query returned 2 rows
INFO ServiceThread-P2_Place-14002 org.btsn.handlers.ServiceThread - DEBUG: ActiveService result - ?channelId = ip0
INFO ServiceThread-P2_Place-14002 org.btsn.handlers.ServiceThread - DEBUG: ActiveService result - ?port = 4004
INFO ServiceThread-P2_Place-14002 org.btsn.handlers.ServiceThread - ORCHESTRATOR: APPLYING activeService override - Channel: ip0, Port: 4004
INFO ServiceThread-P2_Place-14002 org.btsn.handlers.ServiceThread - ORCHESTRATOR: Resolved ip0 to IP 192.168.1.152
DEBUG ServiceThread-P2_Place-14002 org.btsn.handlers.ServiceThread - ROUTING: External to P4_Place -> 'token_branch2'
INFO ServiceThread-P2_Place-14002 org.btsn.handlers.ServiceThread - ROUTING: Token 1050001 -> 'token_branch2' to P4_Place.processToken
INFO ServiceThread-P2_Place-14002 org.btsn.handlers.ServiceThread - ORCHESTRATOR: Publishing to Service P4_Place Operation: processToken
INFO ServiceThread-P2_Place-14002 org.btsn.handlers.ServiceThread - ORCHESTRATOR: Channel: 192.168.1.152, Port: 4004
INFO ServiceThread-P2_Place-14002 org.btsn.handlers.ServiceThread - ORCHESTRATOR: Attribute token_branch2 = {"token":{"annotation":"{\"place\":\"P2\",\"entryTime\":1770634689991,\"exitTime\":1770634690100,\"residenceTime\":109,\"delayMs\":0,\"marking\":1,\"capacity\":1,\"distribution\":\"DETERMINISTIC\",\"routingPath\":\"true\"}","notAfter":1770634808535,"tokenId":"1050000","data":{"delayMs":"0","place":"P2","distribution":"DETERMINISTIC"},"workflow_start_time":1770634688535,"placeId":"token","routing_decision":{"probability":0.5,"guard_result":true,"routing_path":"true"},"service_start_time":1770634689953,"version":"v001","executionTime":109,"marking":1,"currentPlace":"P1_Place","service_processing_time_ms":154,"original_token":"{\"notAfter\":1770634808535,\"tokenId\":\"1050000\",\"data\":{},\"workflow_start_time\":1770634688535,\"currentPlace\":\"P1_Place\",\"version\":\"v001\"}","service_end_time":1770634690107,"status":"COMPLETED"}}
INFO ServiceThread-P2_Place-14002 org.btsn.handlers.ServiceThread - ORCHESTRATOR: Completed callNextOperation for P4_Place, published=true
INFO ServiceThread-P2_Place-14002 org.btsn.handlers.ServiceThread - ORCHESTRATOR: Successfully published to P4_Place via EventPublisher
ERROR ServiceThread-P2_Place-14002 org.btsn.handlers.ServiceThread - monitorIncomingEvents: true
DEBUG ServiceThread-P2_Place-14002 org.btsn.handlers.ServiceThread - TIMING: Using EventReactor arrival time=1770634689104 for seqID=1050001
DEBUG ServiceThread-P2_Place-14002 org.btsn.handlers.ServiceThread - WRITE: Using captured workflowStartTime=1770634688535 for seqID=1050001
INFO ServiceThread-P2_Place-14002 org.btsn.handlers.ServiceThread - === SERVICE TIMING RECORD ===
INFO ServiceThread-P2_Place-14002 org.btsn.handlers.ServiceThread -   Sequence ID: 1050001
INFO ServiceThread-P2_Place-14002 org.btsn.handlers.ServiceThread -   Service: P2_Place
INFO ServiceThread-P2_Place-14002 org.btsn.handlers.ServiceThread -   Operation: processToken
INFO ServiceThread-P2_Place-14002 org.btsn.handlers.ServiceThread -   Arrival Time (EventReactor): 1770634689104
INFO ServiceThread-P2_Place-14002 org.btsn.handlers.ServiceThread -   Invocation Time: 1770634689770
INFO ServiceThread-P2_Place-14002 org.btsn.handlers.ServiceThread -   Publish Time: 1770634690339
INFO ServiceThread-P2_Place-14002 org.btsn.handlers.ServiceThread -   Workflow Start Time: 1770634688535
INFO ServiceThread-P2_Place-14002 org.btsn.handlers.ServiceThread -   MARKING: Buffer=0, Total=1, Capacity=50
INFO ServiceThread-P2_Place-14002 org.btsn.handlers.ServiceThread - ==============================
INFO ServiceThread-P2_Place-14002 org.btsn.derby.Analysis.BuildServiceAnalysisDatabase - Wrote service timing record for sequenceID: 1050001
DEBUG ServiceThread-P2_Place-14002 org.btsn.handlers.ServiceThread -   Queue Time (including priority queue): 666ms
DEBUG ServiceThread-P2_Place-14002 org.btsn.handlers.ServiceThread -   Service Time: 569ms
DEBUG ServiceThread-P2_Place-14002 org.btsn.handlers.ServiceThread -   Total Time: 1235ms
DEBUG ServiceThread-P2_Place-14002 org.btsn.handlers.ServiceThread -   Buffer Utilization: 0.0%
DEBUG ServiceThread-P2_Place-14002 org.btsn.handlers.ServiceThread - ORCHESTRATOR: Cleaned up join 1050000
DEBUG ServiceThread-P2_Place-14002 org.btsn.handlers.ServiceThread - ORCHESTRATOR: Service P2_Place sequence ID: 1050000 complete.
DEBUG ServiceThread-P2_Place-14002 org.btsn.handlers.ServiceThread - ORCHESTRATOR: Processing:: token = {"token":{"annotation":"{\"place\":\"P1\",\"entryTime\":1770634691392,\"exitTime\":1770634691539,\"residenceTime\":147,\"delayMs\":0,\"marking\":1,\"capacity\":1,\"distribution\":\"DETERMINISTIC\",\"routingPath\":\"true\"}","notAfter":1770634810341,"tokenId":"1060000","data":{"delayMs":"0","place":"P1","distribution":"DETERMINISTIC"},"workflow_start_time":1770634690341,"placeId":"token","routing_decision":{"probability":0.5,"guard_result":true,"routing_path":"true"},"service_start_time":1770634691391,"version":"v001","executionTime":147,"marking":1,"currentPlace":"P1_Place","service_processing_time_ms":153,"original_token":"{\"notAfter\":1770634810341,\"tokenId\":\"1060000\",\"data\":{},\"workflow_start_time\":1770634690341,\"currentPlace\":\"P1_Place\",\"version\":\"v001\"}","service_end_time":1770634691544,"status":"COMPLETED"}}
DEBUG ServiceThread-P2_Place-14002 org.btsn.handlers.ServiceThread - CAPTURE: WorkflowStartTime=1770634690342 for seqID=1060001
INFO ServiceThread-P2_Place-14002 org.btsn.handlers.ServiceThread - Incoming Sequence ID = 1060001
INFO ServiceThread-P2_Place-14002 org.btsn.handlers.ServiceThread - MonitorIncomingEvents+ = true
DEBUG ServiceThread-P2_Place-14002 org.btsn.handlers.ServiceThread - Using RuleBaseVersion: v001
DEBUG ServiceThread-P2_Place-14002 org.btsn.handlers.ServiceThread - FILTER: Event for P2_Place.processToken accepted by P2_Place thread
WARN ServiceThread-P2_Place-14002 org.btsn.json.jsonLibrary - Key "token" already exists. Skipping.
DEBUG ServiceThread-P2_Place-14002 org.btsn.handlers.ServiceThread - JOIN-MAP: Added key=token to join 1060000 (tokenId=1060001, mapSize=1)
INFO ServiceThread-P2_Place-14002 org.btsn.handlers.ServiceThread - DEBUG: Loading rule base for operation: processToken
INFO ServiceThread-P2_Place-14002 org.btsn.handlers.ServiceThread - DEBUG: Rule base location: C:\DevShare\BTSN_R001\BTSN\btsn.petrinet.places.p2/RuleFolder.v001/processToken/Service.ruleml
INFO ServiceThread-P2_Place-14002 org.btsn.handlers.ServiceThread - DEBUG: Using cached knowledge base for version: v001
INFO ServiceThread-P2_Place-14002 org.btsn.handlers.ServiceThread - DEBUG: Parsing knowledge base...
INFO ServiceThread-P2_Place-14002 org.btsn.handlers.ServiceThread - DEBUG: Knowledge base parsed successfully
DEBUG ServiceThread-P2_Place-14002 org.btsn.handlers.ServiceThread - CANONICAL-BINDING: Checking canonical binding for P2_Place.processToken with attribute 'token'
DEBUG ServiceThread-P2_Place-14002 org.btsn.handlers.ServiceThread - CANONICAL-BINDING: Operation processToken uses standard (AND) semantics
INFO ServiceThread-P2_Place-14002 org.btsn.handlers.ServiceThread - CANONICAL-BINDING: processToken requires 1 inputs total (standard AND logic)
INFO ServiceThread-P2_Place-14002 org.btsn.handlers.ServiceThread - CANONICAL-BINDING: processToken needs 1 input - can call immediately with 'token'
INFO ServiceThread-P2_Place-14002 org.btsn.handlers.ServiceThread - ORCHESTRATOR: Canonical binding found - overriding serviceName facts
INFO ServiceThread-P2_Place-14002 org.btsn.handlers.ServiceThread - ORCHESTRATOR: Overrode inputCollection for canonical binding
DEBUG ServiceThread-P2_Place-14002 org.btsn.handlers.ServiceThread - decisionValueCollection already populated from publishes query - skipping legacy getDecisionValue
DEBUG ServiceThread-P2_Place-14002 org.btsn.handlers.PetriNetInstrumentationHelper - Token 1060001 buffered at T_in_P2_Place (buffer=0)
DEBUG ServiceThread-P2_Place-14002 org.btsn.handlers.PetriNetInstrumentationHelper - Could not extract previousPlace from payload
DEBUG ServiceThread-P2_Place-14002 org.btsn.derby.Analysis.BuildServiceAnalysisDatabase - Wrote transition firing: T_in_P2 token=1060001 eventType=BUFFERED
DEBUG ServiceThread-P2_Place-14002 org.btsn.handlers.PetriNetInstrumentationHelper - Recorded transition: T_in_P2 (EdgeNode) token=1060001  -> P2_Place [BUFFERED] buffer=0
DEBUG ServiceThread-P2_Place-14002 org.btsn.handlers.ServiceThread - PETRI-NET: Token 1060001 BUFFERED at P2_Place (T_in arrival)
DEBUG ServiceThread-P2_Place-14002 org.btsn.handlers.PetriNetInstrumentationHelper - Token 1060001 entering place: P2_Place (buffer=0)
DEBUG ServiceThread-P2_Place-14002 org.btsn.handlers.PetriNetInstrumentationHelper - Could not extract previousPlace from payload
DEBUG ServiceThread-P2_Place-14002 org.btsn.derby.Analysis.BuildServiceAnalysisDatabase - Wrote transition firing: T_in_P2 token=1060001 eventType=ENTER
DEBUG ServiceThread-P2_Place-14002 org.btsn.handlers.PetriNetInstrumentationHelper - Recorded transition: T_in_P2 (EdgeNode) token=1060001  -> P2_Place [ENTER] buffer=0
DEBUG ServiceThread-P2_Place-14002 org.btsn.handlers.ServiceThread - PETRI-NET: Token 1060001 ENTER at P2_Place
INFO ServiceThread-P2_Place-14002 org.btsn.handlers.ServiceThread - DEBUG: About to check inputCollection.isEmpty() - size: 1
INFO ServiceThread-P2_Place-14002 org.btsn.handlers.ServiceThread - DEBUG: inputCollection contents: [null]
INFO ServiceThread-P2_Place-14002 org.btsn.handlers.ServiceThread - DEBUG: nodeType: EdgeNode
INFO ServiceThread-P2_Place-14002 org.btsn.handlers.ServiceThread - DEBUG: needsInputSynchronization: false
INFO ServiceThread-P2_Place-14002 org.btsn.handlers.ServiceThread - DEBUG: Past inputCollection check, about to enter JOIN processing
INFO ServiceThread-P2_Place-14002 org.btsn.handlers.ServiceThread - DEBUG: inputCollection.get(0): null
INFO ServiceThread-P2_Place-14002 org.btsn.handlers.ServiceThread - ORCHESTRATOR: Zero-input service P2_Place:processToken executing with trigger token (no workflow data required)
INFO ServiceThread-P2_Place-14002 org.btsn.handlers.ServiceThread - ORCHESTRATOR: Processing EdgeNode for P2_Place.processToken
INFO ServiceThread-P2_Place-14002 org.btsn.handlers.TransitionHandler - ORCHESTRATOR: Processing EdgeNode/MergeNode for P2_Place.processToken
DEBUG ServiceThread-P2_Place-14002 org.btsn.handlers.ServiceThread - CANONICAL-BINDING: Checking canonical binding for P2_Place.processToken with attribute 'token'
DEBUG ServiceThread-P2_Place-14002 org.btsn.handlers.ServiceThread - CANONICAL-BINDING: Operation processToken uses standard (AND) semantics
INFO ServiceThread-P2_Place-14002 org.btsn.handlers.ServiceThread - CANONICAL-BINDING: processToken requires 1 inputs total (standard AND logic)
INFO ServiceThread-P2_Place-14002 org.btsn.handlers.ServiceThread - CANONICAL-BINDING: processToken needs 1 input - can call immediately with 'token'
INFO ServiceThread-P2_Place-14002 org.btsn.handlers.ServiceThread - ORCHESTRATOR: Found single-input canonical binding - calling P2_Place.processToken immediately
INFO ServiceThread-P2_Place-14002 org.btsn.handlers.ServiceThread - ORCHESTRATOR: Invoking P2_Place.processToken via ServiceHelper (canonical binding)
INFO ServiceThread-P2_Place-14002 org.btsn.handlers.ServiceHelper - === SERVICE INVOCATION START ===
INFO ServiceThread-P2_Place-14002 org.btsn.handlers.ServiceHelper - Service: org.btsn.places.P2_Place.processToken
INFO ServiceThread-P2_Place-14002 org.btsn.handlers.ServiceHelper - SequenceID: 1060000
INFO ServiceThread-P2_Place-14002 org.btsn.handlers.ServiceHelper - Input arguments count: 1
DEBUG ServiceThread-P2_Place-14002 org.btsn.handlers.ServiceHelper - Processing argument 1/1, raw length: 842
DEBUG ServiceThread-P2_Place-14002 org.btsn.handlers.ServiceHelper - ENRICHMENT: Unwrapped place response from key: token
DEBUG ServiceThread-P2_Place-14002 org.btsn.handlers.ServiceHelper - ENRICHMENT: Found existing original_token to preserve
DEBUG ServiceThread-P2_Place-14002 org.btsn.handlers.ServiceHelper - ENRICHMENT: Extracted workflow_start_time=1770634690341
DEBUG ServiceThread-P2_Place-14002 org.btsn.handlers.ServiceHelper - ENRICHMENT: Cleaned argument 1, length: 842 (removed 0 bytes of metadata)
INFO ServiceThread-P2_Place-14002 org.btsn.handlers.ServiceHelper - ENRICHMENT: Extracted 1 clean business data arguments (removed infrastructure metadata)
INFO ServiceThread-P2_Place-14002 org.btsn.handlers.ServiceHelper - SERVICE INVOKE: Calling org.btsn.places.P2_Place.processToken with 1 CLEAN business data arguments
DEBUG ServiceThread-P2_Place-14002 org.btsn.handlers.ServiceHelper - INVOKE: Reflecting on org.btsn.places.P2_Place.processToken
DEBUG ServiceThread-P2_Place-14002 org.btsn.handlers.ServiceHelper - INVOKE: Looking for method with 1 String parameters
INFO ServiceThread-P2_Place-14002 org.btsn.logger.PetriNetEventLogger - PLACE_CREATED: placeId=P2, sequenceId=1060000, type=P2, capacity=1
DEBUG ServiceThread-P2_Place-14002 org.btsn.handlers.ServiceHelper - INVOKE: Created instance using 1-param constructor (context) for org.btsn.places.P2_Place
DEBUG ServiceThread-P2_Place-14002 org.btsn.handlers.ServiceHelper - INVOKE: Found standard method (1 String args)
DEBUG ServiceThread-P2_Place-14002 org.btsn.handlers.ServiceHelper - INVOKE: Calling processToken with 1 arguments
INFO ServiceThread-P2_Place-14002 org.btsn.logger.PetriNetEventLogger - TOKEN_ARRIVAL: placeId=P2, sequenceId=1060000, token=Token{id='1060000', version='v001', place='P1_Place', processType='null', data={delayMs=0, place=P1, distribution=DETERMINISTIC, workflow_start_time=1770634690341}, valid=true}
INFO ServiceThread-P2_Place-14002 org.btsn.logger.PetriNetEventLogger - CAPACITY_CHECK: placeId=P2, sequenceId=1060000, M(P)=0, capacity=1, hasCapacity=true
INFO ServiceThread-P2_Place-14002 org.btsn.logger.PetriNetEventLogger - MARKING_CHANGE: placeId=P2, sequenceId=1060000, M(P)=1, reason=token_accepted
INFO ServiceThread-P2_Place-14002 org.btsn.logger.PetriNetEventLogger - TOKEN_HELD: placeId=P2, sequenceId=1060000, token=Token{id='1060000', version='v001', place='P1_Place', processType='null', data={delayMs=0, place=P1, distribution=DETERMINISTIC, workflow_start_time=1770634690341}, valid=true}, M(P)=1, capacity=1
INFO ServiceThread-P2_Place-14002 org.btsn.logger.PetriNetEventLogger - VALIDITY_WINDOW_CHECK: placeId=P2, sequenceId=1060000, currentTime=1770634692750, notAfter=1770634810341, valid=true
INFO ServiceThread-P2_Place-14002 org.btsn.logger.PetriNetEventLogger - PLACE_EXECUTION: placeId=P2, sequenceId=1060000, executionTime=106ms, result=COMPLETED
INFO ServiceThread-P2_Place-14002 org.btsn.base.BaseStochasticPetriNetPlace - PN_PROCESS: place=P2, seq=1060000, guard=false, delay=0ms, total=106ms
INFO ServiceThread-P2_Place-14002 org.btsn.logger.PetriNetEventLogger - MARKING_CHANGE: placeId=P2, sequenceId=1060000, M(P)=0, reason=token_released
INFO ServiceThread-P2_Place-14002 org.btsn.logger.PetriNetEventLogger - TOKEN_RELEASED: placeId=P2, sequenceId=1060000, token=Token{id='1060000', version='v001', place='P1_Place', processType='null', data={delayMs=0, place=P1, distribution=DETERMINISTIC, workflow_start_time=1770634690341}, valid=true}, M(P)=0
INFO ServiceThread-P2_Place-14002 org.btsn.logger.PetriNetEventLogger - TOKEN_DEPARTURE: placeId=P2, sequenceId=1060000, token=Token{id='1060000', version='v001', place='P1_Place', processType='null', data={delayMs=0, place=P1, distribution=DETERMINISTIC, workflow_start_time=1770634690341}, valid=true}, annotation={"place":"P2","entryTime":1770634692644,"exitTime":1770634692750,"residenceTime":106,"delayMs":0,"marking":1,"capacity":1,"distribution":"DETERMINISTIC","routingPath":"false"}
INFO ServiceThread-P2_Place-14002 org.btsn.handlers.ServiceHelper - SERVICE COMPLETE: org.btsn.places.P2_Place.processToken completed in 127ms
DEBUG ServiceThread-P2_Place-14002 org.btsn.handlers.ServiceHelper - ENRICHMENT: Using wrapped response key 'token' instead of 'token_branch2'
INFO ServiceThread-P2_Place-14002 org.btsn.handlers.ServiceHelper - ENRICHMENT: Successfully enriched service result with metadata
INFO ServiceThread-P2_Place-14002 org.btsn.handlers.ServiceHelper - === SERVICE INVOCATION COMPLETE ===
INFO ServiceThread-P2_Place-14002 org.btsn.handlers.TransitionHandler - ORCHESTRATOR: Service returned: {"token":{"annotation":"{\"place\":\"P2\",\"entryTime\":1770634692644,\"exitTime\":1770634692750,\"residenceTime\":106,\"delayMs\":0,\"marking\":1,\"capacity\":1,\"distribution\":\"DETERMINISTIC\",\"routingPath\":\"false\"}","notAfter":1770634810341,"tokenId":"1060000","data":{"delayMs":"0","place":"P2","distribution":"DETERMINISTIC"},"workflow_start_time":1770634690341,"placeId":"token","routing_decision":{"probability":0.5,"guard_result":false,"routing_path":"false"},"service_start_time":1770634692641,"version":"v001","executionTime":106,"marking":1,"currentPlace":"P1_Place","service_processing_time_ms":127,"original_token":"{\"notAfter\":1770634810341,\"tokenId\":\"1060000\",\"data\":{},\"workflow_start_time\":1770634690341,\"currentPlace\":\"P1_Place\",\"version\":\"v001\"}","service_end_time":1770634692768,"status":"COMPLETED"}}
DEBUG ServiceThread-P2_Place-14002 org.btsn.handlers.PetriNetInstrumentationHelper - Token 1060001 exiting place: P2_Place -> P4_Place [arc=$ANON11]
DEBUG ServiceThread-P2_Place-14002 org.btsn.derby.Analysis.BuildServiceAnalysisDatabase - Wrote transition firing: T_out_P2 token=1060001 eventType=EXIT
DEBUG ServiceThread-P2_Place-14002 org.btsn.handlers.PetriNetInstrumentationHelper - Recorded transition: T_out_P2 (EdgeNode) token=1060001 P2_Place -> P4_Place [EXIT] arc=$ANON11
DEBUG ServiceThread-P2_Place-14002 org.btsn.handlers.ServiceThread - PETRI-NET: Token 1060001 EXIT from P2_Place -> P4_Place.processToken [arc=$ANON11]
INFO ServiceThread-P2_Place-14002 org.btsn.handlers.ServiceThread - DEBUG: Querying activeService for P4_Place.processToken
INFO ServiceThread-P2_Place-14002 org.btsn.handlers.ServiceThread - DEBUG: ActiveService query returned 2 rows
INFO ServiceThread-P2_Place-14002 org.btsn.handlers.ServiceThread - DEBUG: ActiveService result - ?channelId = ip0
INFO ServiceThread-P2_Place-14002 org.btsn.handlers.ServiceThread - DEBUG: ActiveService result - ?port = 4004
INFO ServiceThread-P2_Place-14002 org.btsn.handlers.ServiceThread - ORCHESTRATOR: APPLYING activeService override - Channel: ip0, Port: 4004
INFO ServiceThread-P2_Place-14002 org.btsn.handlers.ServiceThread - ORCHESTRATOR: Resolved ip0 to IP 192.168.1.152
DEBUG ServiceThread-P2_Place-14002 org.btsn.handlers.ServiceThread - ROUTING: External to P4_Place -> 'token_branch2'
INFO ServiceThread-P2_Place-14002 org.btsn.handlers.ServiceThread - ROUTING: Token 1060001 -> 'token_branch2' to P4_Place.processToken
INFO ServiceThread-P2_Place-14002 org.btsn.handlers.ServiceThread - ORCHESTRATOR: Publishing to Service P4_Place Operation: processToken
INFO ServiceThread-P2_Place-14002 org.btsn.handlers.ServiceThread - ORCHESTRATOR: Channel: 192.168.1.152, Port: 4004
INFO ServiceThread-P2_Place-14002 org.btsn.handlers.ServiceThread - ORCHESTRATOR: Attribute token_branch2 = {"token":{"annotation":"{\"place\":\"P2\",\"entryTime\":1770634692644,\"exitTime\":1770634692750,\"residenceTime\":106,\"delayMs\":0,\"marking\":1,\"capacity\":1,\"distribution\":\"DETERMINISTIC\",\"routingPath\":\"false\"}","notAfter":1770634810341,"tokenId":"1060000","data":{"delayMs":"0","place":"P2","distribution":"DETERMINISTIC"},"workflow_start_time":1770634690341,"placeId":"token","routing_decision":{"probability":0.5,"guard_result":false,"routing_path":"false"},"service_start_time":1770634692641,"version":"v001","executionTime":106,"marking":1,"currentPlace":"P1_Place","service_processing_time_ms":127,"original_token":"{\"notAfter\":1770634810341,\"tokenId\":\"1060000\",\"data\":{},\"workflow_start_time\":1770634690341,\"currentPlace\":\"P1_Place\",\"version\":\"v001\"}","service_end_time":1770634692768,"status":"COMPLETED"}}
INFO ServiceThread-P2_Place-14002 org.btsn.handlers.ServiceThread - ORCHESTRATOR: Completed callNextOperation for P4_Place, published=true
INFO ServiceThread-P2_Place-14002 org.btsn.handlers.ServiceThread - ORCHESTRATOR: Successfully published to P4_Place via EventPublisher
ERROR ServiceThread-P2_Place-14002 org.btsn.handlers.ServiceThread - monitorIncomingEvents: true
DEBUG ServiceThread-P2_Place-14002 org.btsn.handlers.ServiceThread - TIMING: Using EventReactor arrival time=1770634691764 for seqID=1060001
DEBUG ServiceThread-P2_Place-14002 org.btsn.handlers.ServiceThread - WRITE: Using captured workflowStartTime=1770634690342 for seqID=1060001
INFO ServiceThread-P2_Place-14002 org.btsn.handlers.ServiceThread - === SERVICE TIMING RECORD ===
INFO ServiceThread-P2_Place-14002 org.btsn.handlers.ServiceThread -   Sequence ID: 1060001
INFO ServiceThread-P2_Place-14002 org.btsn.handlers.ServiceThread -   Service: P2_Place
INFO ServiceThread-P2_Place-14002 org.btsn.handlers.ServiceThread -   Operation: processToken
INFO ServiceThread-P2_Place-14002 org.btsn.handlers.ServiceThread -   Arrival Time (EventReactor): 1770634691764
INFO ServiceThread-P2_Place-14002 org.btsn.handlers.ServiceThread -   Invocation Time: 1770634692374
INFO ServiceThread-P2_Place-14002 org.btsn.handlers.ServiceThread -   Publish Time: 1770634692940
INFO ServiceThread-P2_Place-14002 org.btsn.handlers.ServiceThread -   Workflow Start Time: 1770634690342
INFO ServiceThread-P2_Place-14002 org.btsn.handlers.ServiceThread -   MARKING: Buffer=0, Total=1, Capacity=50
INFO ServiceThread-P2_Place-14002 org.btsn.handlers.ServiceThread - ==============================
INFO ServiceThread-P2_Place-14002 org.btsn.derby.Analysis.BuildServiceAnalysisDatabase - Wrote service timing record for sequenceID: 1060001
DEBUG ServiceThread-P2_Place-14002 org.btsn.handlers.ServiceThread -   Queue Time (including priority queue): 610ms
DEBUG ServiceThread-P2_Place-14002 org.btsn.handlers.ServiceThread -   Service Time: 566ms
DEBUG ServiceThread-P2_Place-14002 org.btsn.handlers.ServiceThread -   Total Time: 1176ms
DEBUG ServiceThread-P2_Place-14002 org.btsn.handlers.ServiceThread -   Buffer Utilization: 0.0%
DEBUG ServiceThread-P2_Place-14002 org.btsn.handlers.ServiceThread - ORCHESTRATOR: Cleaned up join 1060000
DEBUG ServiceThread-P2_Place-14002 org.btsn.handlers.ServiceThread - ORCHESTRATOR: Service P2_Place sequence ID: 1060000 complete.
DEBUG ServiceThread-P2_Place-14002 org.btsn.handlers.ServiceThread - ORCHESTRATOR: Processing:: token = {"token":{"annotation":"{\"place\":\"P1\",\"entryTime\":1770634695004,\"exitTime\":1770634695112,\"residenceTime\":108,\"delayMs\":0,\"marking\":1,\"capacity\":1,\"distribution\":\"DETERMINISTIC\",\"routingPath\":\"true\"}","notAfter":1770634813737,"tokenId":"1080000","data":{"delayMs":"0","place":"P1","distribution":"DETERMINISTIC"},"workflow_start_time":1770634693737,"placeId":"token","routing_decision":{"probability":0.5,"guard_result":true,"routing_path":"true"},"service_start_time":1770634695003,"version":"v001","executionTime":108,"marking":1,"currentPlace":"P1_Place","service_processing_time_ms":112,"original_token":"{\"notAfter\":1770634813737,\"tokenId\":\"1080000\",\"data\":{},\"workflow_start_time\":1770634693737,\"currentPlace\":\"P1_Place\",\"version\":\"v001\"}","service_end_time":1770634695115,"status":"COMPLETED"}}
DEBUG ServiceThread-P2_Place-14002 org.btsn.handlers.ServiceThread - CAPTURE: WorkflowStartTime=1770634693737 for seqID=1080001
INFO ServiceThread-P2_Place-14002 org.btsn.handlers.ServiceThread - Incoming Sequence ID = 1080001
INFO ServiceThread-P2_Place-14002 org.btsn.handlers.ServiceThread - MonitorIncomingEvents+ = true
DEBUG ServiceThread-P2_Place-14002 org.btsn.handlers.ServiceThread - Using RuleBaseVersion: v001
DEBUG ServiceThread-P2_Place-14002 org.btsn.handlers.ServiceThread - FILTER: Event for P2_Place.processToken accepted by P2_Place thread
WARN ServiceThread-P2_Place-14002 org.btsn.json.jsonLibrary - Key "token" already exists. Skipping.
DEBUG ServiceThread-P2_Place-14002 org.btsn.handlers.ServiceThread - JOIN-MAP: Added key=token to join 1080000 (tokenId=1080001, mapSize=1)
INFO ServiceThread-P2_Place-14002 org.btsn.handlers.ServiceThread - DEBUG: Loading rule base for operation: processToken
INFO ServiceThread-P2_Place-14002 org.btsn.handlers.ServiceThread - DEBUG: Rule base location: C:\DevShare\BTSN_R001\BTSN\btsn.petrinet.places.p2/RuleFolder.v001/processToken/Service.ruleml
INFO ServiceThread-P2_Place-14002 org.btsn.handlers.ServiceThread - DEBUG: Using cached knowledge base for version: v001
INFO ServiceThread-P2_Place-14002 org.btsn.handlers.ServiceThread - DEBUG: Parsing knowledge base...
INFO ServiceThread-P2_Place-14002 org.btsn.handlers.ServiceThread - DEBUG: Knowledge base parsed successfully
DEBUG ServiceThread-P2_Place-14002 org.btsn.handlers.ServiceThread - CANONICAL-BINDING: Checking canonical binding for P2_Place.processToken with attribute 'token'
DEBUG ServiceThread-P2_Place-14002 org.btsn.handlers.ServiceThread - CANONICAL-BINDING: Operation processToken uses standard (AND) semantics
INFO ServiceThread-P2_Place-14002 org.btsn.handlers.ServiceThread - CANONICAL-BINDING: processToken requires 1 inputs total (standard AND logic)
INFO ServiceThread-P2_Place-14002 org.btsn.handlers.ServiceThread - CANONICAL-BINDING: processToken needs 1 input - can call immediately with 'token'
INFO ServiceThread-P2_Place-14002 org.btsn.handlers.ServiceThread - ORCHESTRATOR: Canonical binding found - overriding serviceName facts
INFO ServiceThread-P2_Place-14002 org.btsn.handlers.ServiceThread - ORCHESTRATOR: Overrode inputCollection for canonical binding
DEBUG ServiceThread-P2_Place-14002 org.btsn.handlers.ServiceThread - decisionValueCollection already populated from publishes query - skipping legacy getDecisionValue
DEBUG ServiceThread-P2_Place-14002 org.btsn.handlers.PetriNetInstrumentationHelper - Token 1080001 buffered at T_in_P2_Place (buffer=0)
DEBUG ServiceThread-P2_Place-14002 org.btsn.handlers.PetriNetInstrumentationHelper - Could not extract previousPlace from payload
DEBUG ServiceThread-P2_Place-14002 org.btsn.derby.Analysis.BuildServiceAnalysisDatabase - Wrote transition firing: T_in_P2 token=1080001 eventType=BUFFERED
DEBUG ServiceThread-P2_Place-14002 org.btsn.handlers.PetriNetInstrumentationHelper - Recorded transition: T_in_P2 (EdgeNode) token=1080001  -> P2_Place [BUFFERED] buffer=0
DEBUG ServiceThread-P2_Place-14002 org.btsn.handlers.ServiceThread - PETRI-NET: Token 1080001 BUFFERED at P2_Place (T_in arrival)
DEBUG ServiceThread-P2_Place-14002 org.btsn.handlers.PetriNetInstrumentationHelper - Token 1080001 entering place: P2_Place (buffer=0)
DEBUG ServiceThread-P2_Place-14002 org.btsn.handlers.PetriNetInstrumentationHelper - Could not extract previousPlace from payload
DEBUG ServiceThread-P2_Place-14002 org.btsn.derby.Analysis.BuildServiceAnalysisDatabase - Wrote transition firing: T_in_P2 token=1080001 eventType=ENTER
DEBUG ServiceThread-P2_Place-14002 org.btsn.handlers.PetriNetInstrumentationHelper - Recorded transition: T_in_P2 (EdgeNode) token=1080001  -> P2_Place [ENTER] buffer=0
DEBUG ServiceThread-P2_Place-14002 org.btsn.handlers.ServiceThread - PETRI-NET: Token 1080001 ENTER at P2_Place
INFO ServiceThread-P2_Place-14002 org.btsn.handlers.ServiceThread - DEBUG: About to check inputCollection.isEmpty() - size: 1
INFO ServiceThread-P2_Place-14002 org.btsn.handlers.ServiceThread - DEBUG: inputCollection contents: [null]
INFO ServiceThread-P2_Place-14002 org.btsn.handlers.ServiceThread - DEBUG: nodeType: EdgeNode
INFO ServiceThread-P2_Place-14002 org.btsn.handlers.ServiceThread - DEBUG: needsInputSynchronization: false
INFO ServiceThread-P2_Place-14002 org.btsn.handlers.ServiceThread - DEBUG: Past inputCollection check, about to enter JOIN processing
INFO ServiceThread-P2_Place-14002 org.btsn.handlers.ServiceThread - DEBUG: inputCollection.get(0): null
INFO ServiceThread-P2_Place-14002 org.btsn.handlers.ServiceThread - ORCHESTRATOR: Zero-input service P2_Place:processToken executing with trigger token (no workflow data required)
INFO ServiceThread-P2_Place-14002 org.btsn.handlers.ServiceThread - ORCHESTRATOR: Processing EdgeNode for P2_Place.processToken
INFO ServiceThread-P2_Place-14002 org.btsn.handlers.TransitionHandler - ORCHESTRATOR: Processing EdgeNode/MergeNode for P2_Place.processToken
DEBUG ServiceThread-P2_Place-14002 org.btsn.handlers.ServiceThread - CANONICAL-BINDING: Checking canonical binding for P2_Place.processToken with attribute 'token'
DEBUG ServiceThread-P2_Place-14002 org.btsn.handlers.ServiceThread - CANONICAL-BINDING: Operation processToken uses standard (AND) semantics
INFO ServiceThread-P2_Place-14002 org.btsn.handlers.ServiceThread - CANONICAL-BINDING: processToken requires 1 inputs total (standard AND logic)
INFO ServiceThread-P2_Place-14002 org.btsn.handlers.ServiceThread - CANONICAL-BINDING: processToken needs 1 input - can call immediately with 'token'
INFO ServiceThread-P2_Place-14002 org.btsn.handlers.ServiceThread - ORCHESTRATOR: Found single-input canonical binding - calling P2_Place.processToken immediately
INFO ServiceThread-P2_Place-14002 org.btsn.handlers.ServiceThread - ORCHESTRATOR: Invoking P2_Place.processToken via ServiceHelper (canonical binding)
INFO ServiceThread-P2_Place-14002 org.btsn.handlers.ServiceHelper - === SERVICE INVOCATION START ===
INFO ServiceThread-P2_Place-14002 org.btsn.handlers.ServiceHelper - Service: org.btsn.places.P2_Place.processToken
INFO ServiceThread-P2_Place-14002 org.btsn.handlers.ServiceHelper - SequenceID: 1080000
INFO ServiceThread-P2_Place-14002 org.btsn.handlers.ServiceHelper - Input arguments count: 1
DEBUG ServiceThread-P2_Place-14002 org.btsn.handlers.ServiceHelper - Processing argument 1/1, raw length: 842
DEBUG ServiceThread-P2_Place-14002 org.btsn.handlers.ServiceHelper - ENRICHMENT: Unwrapped place response from key: token
DEBUG ServiceThread-P2_Place-14002 org.btsn.handlers.ServiceHelper - ENRICHMENT: Found existing original_token to preserve
DEBUG ServiceThread-P2_Place-14002 org.btsn.handlers.ServiceHelper - ENRICHMENT: Extracted workflow_start_time=1770634693737
DEBUG ServiceThread-P2_Place-14002 org.btsn.handlers.ServiceHelper - ENRICHMENT: Cleaned argument 1, length: 842 (removed 0 bytes of metadata)
INFO ServiceThread-P2_Place-14002 org.btsn.handlers.ServiceHelper - ENRICHMENT: Extracted 1 clean business data arguments (removed infrastructure metadata)
INFO ServiceThread-P2_Place-14002 org.btsn.handlers.ServiceHelper - SERVICE INVOKE: Calling org.btsn.places.P2_Place.processToken with 1 CLEAN business data arguments
DEBUG ServiceThread-P2_Place-14002 org.btsn.handlers.ServiceHelper - INVOKE: Reflecting on org.btsn.places.P2_Place.processToken
DEBUG ServiceThread-P2_Place-14002 org.btsn.handlers.ServiceHelper - INVOKE: Looking for method with 1 String parameters
INFO ServiceThread-P2_Place-14002 org.btsn.logger.PetriNetEventLogger - PLACE_CREATED: placeId=P2, sequenceId=1080000, type=P2, capacity=1
DEBUG ServiceThread-P2_Place-14002 org.btsn.handlers.ServiceHelper - INVOKE: Created instance using 1-param constructor (context) for org.btsn.places.P2_Place
DEBUG ServiceThread-P2_Place-14002 org.btsn.handlers.ServiceHelper - INVOKE: Found standard method (1 String args)
DEBUG ServiceThread-P2_Place-14002 org.btsn.handlers.ServiceHelper - INVOKE: Calling processToken with 1 arguments
INFO ServiceThread-P2_Place-14002 org.btsn.logger.PetriNetEventLogger - TOKEN_ARRIVAL: placeId=P2, sequenceId=1080000, token=Token{id='1080000', version='v001', place='P1_Place', processType='null', data={delayMs=0, place=P1, distribution=DETERMINISTIC, workflow_start_time=1770634693737}, valid=true}
INFO ServiceThread-P2_Place-14002 org.btsn.logger.PetriNetEventLogger - CAPACITY_CHECK: placeId=P2, sequenceId=1080000, M(P)=0, capacity=1, hasCapacity=true
INFO ServiceThread-P2_Place-14002 org.btsn.logger.PetriNetEventLogger - MARKING_CHANGE: placeId=P2, sequenceId=1080000, M(P)=1, reason=token_accepted
INFO ServiceThread-P2_Place-14002 org.btsn.logger.PetriNetEventLogger - TOKEN_HELD: placeId=P2, sequenceId=1080000, token=Token{id='1080000', version='v001', place='P1_Place', processType='null', data={delayMs=0, place=P1, distribution=DETERMINISTIC, workflow_start_time=1770634693737}, valid=true}, M(P)=1, capacity=1
INFO ServiceThread-P2_Place-14002 org.btsn.logger.PetriNetEventLogger - VALIDITY_WINDOW_CHECK: placeId=P2, sequenceId=1080000, currentTime=1770634696094, notAfter=1770634813737, valid=true
INFO ServiceThread-P2_Place-14002 org.btsn.logger.PetriNetEventLogger - PLACE_EXECUTION: placeId=P2, sequenceId=1080000, executionTime=121ms, result=COMPLETED
INFO ServiceThread-P2_Place-14002 org.btsn.base.BaseStochasticPetriNetPlace - PN_PROCESS: place=P2, seq=1080000, guard=false, delay=0ms, total=121ms
INFO ServiceThread-P2_Place-14002 org.btsn.logger.PetriNetEventLogger - MARKING_CHANGE: placeId=P2, sequenceId=1080000, M(P)=0, reason=token_released
INFO ServiceThread-P2_Place-14002 org.btsn.logger.PetriNetEventLogger - TOKEN_RELEASED: placeId=P2, sequenceId=1080000, token=Token{id='1080000', version='v001', place='P1_Place', processType='null', data={delayMs=0, place=P1, distribution=DETERMINISTIC, workflow_start_time=1770634693737}, valid=true}, M(P)=0
INFO ServiceThread-P2_Place-14002 org.btsn.logger.PetriNetEventLogger - TOKEN_DEPARTURE: placeId=P2, sequenceId=1080000, token=Token{id='1080000', version='v001', place='P1_Place', processType='null', data={delayMs=0, place=P1, distribution=DETERMINISTIC, workflow_start_time=1770634693737}, valid=true}, annotation={"place":"P2","entryTime":1770634695974,"exitTime":1770634696095,"residenceTime":121,"delayMs":0,"marking":1,"capacity":1,"distribution":"DETERMINISTIC","routingPath":"false"}
INFO ServiceThread-P2_Place-14002 org.btsn.handlers.ServiceHelper - SERVICE COMPLETE: org.btsn.places.P2_Place.processToken completed in 126ms
DEBUG ServiceThread-P2_Place-14002 org.btsn.handlers.ServiceHelper - ENRICHMENT: Using wrapped response key 'token' instead of 'token_branch2'
INFO ServiceThread-P2_Place-14002 org.btsn.handlers.ServiceHelper - ENRICHMENT: Successfully enriched service result with metadata
INFO ServiceThread-P2_Place-14002 org.btsn.handlers.ServiceHelper - === SERVICE INVOCATION COMPLETE ===
INFO ServiceThread-P2_Place-14002 org.btsn.handlers.TransitionHandler - ORCHESTRATOR: Service returned: {"token":{"annotation":"{\"place\":\"P2\",\"entryTime\":1770634695974,\"exitTime\":1770634696095,\"residenceTime\":121,\"delayMs\":0,\"marking\":1,\"capacity\":1,\"distribution\":\"DETERMINISTIC\",\"routingPath\":\"false\"}","notAfter":1770634813737,"tokenId":"1080000","data":{"delayMs":"0","place":"P2","distribution":"DETERMINISTIC"},"workflow_start_time":1770634693737,"placeId":"token","routing_decision":{"probability":0.5,"guard_result":false,"routing_path":"false"},"service_start_time":1770634695971,"version":"v001","executionTime":121,"marking":1,"currentPlace":"P1_Place","service_processing_time_ms":126,"original_token":"{\"notAfter\":1770634813737,\"tokenId\":\"1080000\",\"data\":{},\"workflow_start_time\":1770634693737,\"currentPlace\":\"P1_Place\",\"version\":\"v001\"}","service_end_time":1770634696097,"status":"COMPLETED"}}
DEBUG ServiceThread-P2_Place-14002 org.btsn.handlers.PetriNetInstrumentationHelper - Token 1080001 exiting place: P2_Place -> P4_Place [arc=$ANON11]
DEBUG ServiceThread-P2_Place-14002 org.btsn.derby.Analysis.BuildServiceAnalysisDatabase - Wrote transition firing: T_out_P2 token=1080001 eventType=EXIT
DEBUG ServiceThread-P2_Place-14002 org.btsn.handlers.PetriNetInstrumentationHelper - Recorded transition: T_out_P2 (EdgeNode) token=1080001 P2_Place -> P4_Place [EXIT] arc=$ANON11
DEBUG ServiceThread-P2_Place-14002 org.btsn.handlers.ServiceThread - PETRI-NET: Token 1080001 EXIT from P2_Place -> P4_Place.processToken [arc=$ANON11]
INFO ServiceThread-P2_Place-14002 org.btsn.handlers.ServiceThread - DEBUG: Querying activeService for P4_Place.processToken
INFO ServiceThread-P2_Place-14002 org.btsn.handlers.ServiceThread - DEBUG: ActiveService query returned 2 rows
INFO ServiceThread-P2_Place-14002 org.btsn.handlers.ServiceThread - DEBUG: ActiveService result - ?channelId = ip0
INFO ServiceThread-P2_Place-14002 org.btsn.handlers.ServiceThread - DEBUG: ActiveService result - ?port = 4004
INFO ServiceThread-P2_Place-14002 org.btsn.handlers.ServiceThread - ORCHESTRATOR: APPLYING activeService override - Channel: ip0, Port: 4004
INFO ServiceThread-P2_Place-14002 org.btsn.handlers.ServiceThread - ORCHESTRATOR: Resolved ip0 to IP 192.168.1.152
DEBUG ServiceThread-P2_Place-14002 org.btsn.handlers.ServiceThread - ROUTING: External to P4_Place -> 'token_branch2'
INFO ServiceThread-P2_Place-14002 org.btsn.handlers.ServiceThread - ROUTING: Token 1080001 -> 'token_branch2' to P4_Place.processToken
INFO ServiceThread-P2_Place-14002 org.btsn.handlers.ServiceThread - ORCHESTRATOR: Publishing to Service P4_Place Operation: processToken
INFO ServiceThread-P2_Place-14002 org.btsn.handlers.ServiceThread - ORCHESTRATOR: Channel: 192.168.1.152, Port: 4004
INFO ServiceThread-P2_Place-14002 org.btsn.handlers.ServiceThread - ORCHESTRATOR: Attribute token_branch2 = {"token":{"annotation":"{\"place\":\"P2\",\"entryTime\":1770634695974,\"exitTime\":1770634696095,\"residenceTime\":121,\"delayMs\":0,\"marking\":1,\"capacity\":1,\"distribution\":\"DETERMINISTIC\",\"routingPath\":\"false\"}","notAfter":1770634813737,"tokenId":"1080000","data":{"delayMs":"0","place":"P2","distribution":"DETERMINISTIC"},"workflow_start_time":1770634693737,"placeId":"token","routing_decision":{"probability":0.5,"guard_result":false,"routing_path":"false"},"service_start_time":1770634695971,"version":"v001","executionTime":121,"marking":1,"currentPlace":"P1_Place","service_processing_time_ms":126,"original_token":"{\"notAfter\":1770634813737,\"tokenId\":\"1080000\",\"data\":{},\"workflow_start_time\":1770634693737,\"currentPlace\":\"P1_Place\",\"version\":\"v001\"}","service_end_time":1770634696097,"status":"COMPLETED"}}
INFO ServiceThread-P2_Place-14002 org.btsn.handlers.ServiceThread - ORCHESTRATOR: Completed callNextOperation for P4_Place, published=true
INFO ServiceThread-P2_Place-14002 org.btsn.handlers.ServiceThread - ORCHESTRATOR: Successfully published to P4_Place via EventPublisher
ERROR ServiceThread-P2_Place-14002 org.btsn.handlers.ServiceThread - monitorIncomingEvents: true
DEBUG ServiceThread-P2_Place-14002 org.btsn.handlers.ServiceThread - TIMING: Using EventReactor arrival time=1770634695284 for seqID=1080001
DEBUG ServiceThread-P2_Place-14002 org.btsn.handlers.ServiceThread - WRITE: Using captured workflowStartTime=1770634693737 for seqID=1080001
INFO ServiceThread-P2_Place-14002 org.btsn.handlers.ServiceThread - === SERVICE TIMING RECORD ===
INFO ServiceThread-P2_Place-14002 org.btsn.handlers.ServiceThread -   Sequence ID: 1080001
INFO ServiceThread-P2_Place-14002 org.btsn.handlers.ServiceThread -   Service: P2_Place
INFO ServiceThread-P2_Place-14002 org.btsn.handlers.ServiceThread -   Operation: processToken
INFO ServiceThread-P2_Place-14002 org.btsn.handlers.ServiceThread -   Arrival Time (EventReactor): 1770634695284
INFO ServiceThread-P2_Place-14002 org.btsn.handlers.ServiceThread -   Invocation Time: 1770634695770
INFO ServiceThread-P2_Place-14002 org.btsn.handlers.ServiceThread -   Publish Time: 1770634696373
INFO ServiceThread-P2_Place-14002 org.btsn.handlers.ServiceThread -   Workflow Start Time: 1770634693737
INFO ServiceThread-P2_Place-14002 org.btsn.handlers.ServiceThread -   MARKING: Buffer=0, Total=1, Capacity=50
INFO ServiceThread-P2_Place-14002 org.btsn.handlers.ServiceThread - ==============================
INFO ServiceThread-P2_Place-14002 org.btsn.derby.Analysis.BuildServiceAnalysisDatabase - Wrote service timing record for sequenceID: 1080001
DEBUG ServiceThread-P2_Place-14002 org.btsn.handlers.ServiceThread -   Queue Time (including priority queue): 486ms
DEBUG ServiceThread-P2_Place-14002 org.btsn.handlers.ServiceThread -   Service Time: 603ms
DEBUG ServiceThread-P2_Place-14002 org.btsn.handlers.ServiceThread -   Total Time: 1089ms
DEBUG ServiceThread-P2_Place-14002 org.btsn.handlers.ServiceThread -   Buffer Utilization: 0.0%
DEBUG ServiceThread-P2_Place-14002 org.btsn.handlers.ServiceThread - ORCHESTRATOR: Cleaned up join 1080000
DEBUG ServiceThread-P2_Place-14002 org.btsn.handlers.ServiceThread - ORCHESTRATOR: Service P2_Place sequence ID: 1080000 complete.
DEBUG ServiceThread-P2_CollectorService-14101 org.btsn.handlers.ServiceThread - ORCHESTRATOR: Processing:: token = {"token":"workflow_1000000_v001"}
DEBUG ServiceThread-P2_CollectorService-14101 org.btsn.handlers.ServiceThread - CAPTURE: WorkflowStartTime=1770634715072 for seqID=1000000
INFO ServiceThread-P2_CollectorService-14101 org.btsn.handlers.ServiceThread - Incoming Sequence ID = 1000000
INFO ServiceThread-P2_CollectorService-14101 org.btsn.handlers.ServiceThread - MonitorIncomingEvents+ = true
DEBUG ServiceThread-P2_CollectorService-14101 org.btsn.handlers.ServiceThread - Using RuleBaseVersion: v999
DEBUG ServiceThread-P2_CollectorService-14101 org.btsn.handlers.ServiceThread - FILTER: Event for P2_CollectorService.collectAllData accepted by P2_CollectorService thread
WARN ServiceThread-P2_CollectorService-14101 org.btsn.json.jsonLibrary - Key "token" already exists. Skipping.
DEBUG ServiceThread-P2_CollectorService-14101 org.btsn.handlers.ServiceThread - JOIN-MAP: Added key=token to join 1000000 (tokenId=1000000, mapSize=1)
INFO ServiceThread-P2_CollectorService-14101 org.btsn.handlers.ServiceThread - DEBUG: Loading rule base for operation: collectAllData
INFO ServiceThread-P2_CollectorService-14101 org.btsn.handlers.ServiceThread - DEBUG: Rule base location: C:\DevShare\BTSN_R001\BTSN\btsn.petrinet.places.p2/RuleFolder.v999/collectAllData/Service.ruleml
INFO ServiceThread-P2_CollectorService-14101 org.btsn.handlers.ServiceThread - DEBUG: Loading fresh knowledge base from: C:\DevShare\BTSN_R001\BTSN\btsn.petrinet.places.p2/RuleFolder.v999/collectAllData/Service.ruleml
INFO ServiceThread-P2_CollectorService-14101 org.btsn.handlers.ServiceThread - DEBUG: Loaded knowledge base length: 13498
DEBUG ServiceThread-P2_CollectorService-14101 org.btsn.handlers.ServiceThread - DEBUG: Knowledge base content preview: <Assert>
<Rulebase mapClosure="universal">
<!-- Version On -->
<Data><Atom><Rel>Version</Rel><Ind>v999</Ind></Atom></Data>
<!-- Common Rules to all services -->
<!-- 
This is the rule determines the operational parameters associated with
the destination service.
 -->
<Implies>
	<then>
		<Atom>
			<Rel>publishes</Rel>
			<Var>service</Var>
			<Var>condition</Var>
			<Var>operation</Var>
			<Var>channel</Var>
			<Var>ip</Var>
			<Var>port</Var>
			<Var>decisionValue</Var>
		</A
INFO ServiceThread-P2_CollectorService-14101 org.btsn.handlers.ServiceThread - DEBUG: Parsing knowledge base...
INFO ServiceThread-P2_CollectorService-14101 org.btsn.handlers.ServiceThread - DEBUG: Knowledge base parsed successfully
DEBUG ServiceThread-P2_CollectorService-14101 org.btsn.handlers.ServiceThread - CANONICAL-BINDING: Checking canonical binding for P2_CollectorService.collectAllData with attribute 'token'
DEBUG ServiceThread-P2_CollectorService-14101 org.btsn.handlers.ServiceThread - CANONICAL-BINDING: Operation collectAllData uses standard (AND) semantics
INFO ServiceThread-P2_CollectorService-14101 org.btsn.handlers.ServiceThread - CANONICAL-BINDING: collectAllData requires 1 inputs total (standard AND logic)
INFO ServiceThread-P2_CollectorService-14101 org.btsn.handlers.ServiceThread - CANONICAL-BINDING: collectAllData needs 1 input - can call immediately with 'token'
INFO ServiceThread-P2_CollectorService-14101 org.btsn.handlers.ServiceThread - ORCHESTRATOR: Canonical binding found - overriding serviceName facts
INFO ServiceThread-P2_CollectorService-14101 org.btsn.handlers.ServiceThread - ORCHESTRATOR: Overrode inputCollection for canonical binding
WARN ServiceThread-P2_CollectorService-14101 org.btsn.handlers.ServiceThread - Using legacy getDecisionValue - consider updating CoreRuleBase to include decisionValue in publishes
DEBUG ServiceThread-P2_CollectorService-14101 org.btsn.handlers.PetriNetInstrumentationHelper - Token 1000000 buffered at T_in_P2_CollectorService (buffer=0)
DEBUG ServiceThread-P2_CollectorService-14101 org.btsn.handlers.PetriNetInstrumentationHelper - Could not extract previousPlace from payload
WARN ServiceThread-P2_CollectorService-14101 org.btsn.handlers.PetriNetInstrumentationHelper - NAMING CONVENTION VIOLATION: Service 'P2_CollectorService' does not end with '_Place'. Expected format: {NodeName}_Place. Transition IDs may not match topology. Please rename the service.
DEBUG ServiceThread-P2_CollectorService-14101 org.btsn.derby.Analysis.BuildServiceAnalysisDatabase - Wrote transition firing: T_in_P2_CollectorService token=1000000 eventType=BUFFERED
DEBUG ServiceThread-P2_CollectorService-14101 org.btsn.handlers.PetriNetInstrumentationHelper - Recorded transition: T_in_P2_CollectorService (EdgeNode) token=1000000  -> P2_CollectorService [BUFFERED] buffer=0
DEBUG ServiceThread-P2_CollectorService-14101 org.btsn.handlers.ServiceThread - PETRI-NET: Token 1000000 BUFFERED at P2_CollectorService (T_in arrival)
DEBUG ServiceThread-P2_CollectorService-14101 org.btsn.handlers.PetriNetInstrumentationHelper - Token 1000000 entering place: P2_CollectorService (buffer=0)
DEBUG ServiceThread-P2_CollectorService-14101 org.btsn.handlers.PetriNetInstrumentationHelper - Could not extract previousPlace from payload
WARN ServiceThread-P2_CollectorService-14101 org.btsn.handlers.PetriNetInstrumentationHelper - NAMING CONVENTION VIOLATION: Service 'P2_CollectorService' does not end with '_Place'. Expected format: {NodeName}_Place. Transition IDs may not match topology. Please rename the service.
DEBUG ServiceThread-P2_CollectorService-14101 org.btsn.derby.Analysis.BuildServiceAnalysisDatabase - Wrote transition firing: T_in_P2_CollectorService token=1000000 eventType=ENTER
DEBUG ServiceThread-P2_CollectorService-14101 org.btsn.handlers.PetriNetInstrumentationHelper - Recorded transition: T_in_P2_CollectorService (EdgeNode) token=1000000  -> P2_CollectorService [ENTER] buffer=0
DEBUG ServiceThread-P2_CollectorService-14101 org.btsn.handlers.ServiceThread - PETRI-NET: Token 1000000 ENTER at P2_CollectorService
INFO ServiceThread-P2_CollectorService-14101 org.btsn.handlers.ServiceThread - DEBUG: About to check inputCollection.isEmpty() - size: 1
INFO ServiceThread-P2_CollectorService-14101 org.btsn.handlers.ServiceThread - DEBUG: inputCollection contents: [null]
INFO ServiceThread-P2_CollectorService-14101 org.btsn.handlers.ServiceThread - DEBUG: nodeType: EdgeNode
INFO ServiceThread-P2_CollectorService-14101 org.btsn.handlers.ServiceThread - DEBUG: needsInputSynchronization: false
INFO ServiceThread-P2_CollectorService-14101 org.btsn.handlers.ServiceThread - DEBUG: Past inputCollection check, about to enter JOIN processing
INFO ServiceThread-P2_CollectorService-14101 org.btsn.handlers.ServiceThread - DEBUG: inputCollection.get(0): null
INFO ServiceThread-P2_CollectorService-14101 org.btsn.handlers.ServiceThread - ORCHESTRATOR: Zero-input service P2_CollectorService:collectAllData executing with trigger token (no workflow data required)
INFO ServiceThread-P2_CollectorService-14101 org.btsn.handlers.ServiceThread - ORCHESTRATOR: Processing EdgeNode for P2_CollectorService.collectAllData
INFO ServiceThread-P2_CollectorService-14101 org.btsn.handlers.TransitionHandler - ORCHESTRATOR: Processing EdgeNode/MergeNode for P2_CollectorService.collectAllData
DEBUG ServiceThread-P2_CollectorService-14101 org.btsn.handlers.ServiceThread - CANONICAL-BINDING: Checking canonical binding for P2_CollectorService.collectAllData with attribute 'token'
DEBUG ServiceThread-P2_CollectorService-14101 org.btsn.handlers.ServiceThread - CANONICAL-BINDING: Operation collectAllData uses standard (AND) semantics
INFO ServiceThread-P2_CollectorService-14101 org.btsn.handlers.ServiceThread - CANONICAL-BINDING: collectAllData requires 1 inputs total (standard AND logic)
INFO ServiceThread-P2_CollectorService-14101 org.btsn.handlers.ServiceThread - CANONICAL-BINDING: collectAllData needs 1 input - can call immediately with 'token'
INFO ServiceThread-P2_CollectorService-14101 org.btsn.handlers.ServiceThread - ORCHESTRATOR: Found single-input canonical binding - calling P2_CollectorService.collectAllData immediately
INFO ServiceThread-P2_CollectorService-14101 org.btsn.handlers.ServiceThread - ORCHESTRATOR: Invoking P2_CollectorService.collectAllData via ServiceHelper (canonical binding)
INFO ServiceThread-P2_CollectorService-14101 org.btsn.handlers.ServiceHelper - === SERVICE INVOCATION START ===
INFO ServiceThread-P2_CollectorService-14101 org.btsn.handlers.ServiceHelper - Service: org.btsn.places.P2_CollectorService.collectAllData
INFO ServiceThread-P2_CollectorService-14101 org.btsn.handlers.ServiceHelper - SequenceID: 1000000
INFO ServiceThread-P2_CollectorService-14101 org.btsn.handlers.ServiceHelper - Input arguments count: 1
DEBUG ServiceThread-P2_CollectorService-14101 org.btsn.handlers.ServiceHelper - Processing argument 1/1, raw length: 33
DEBUG ServiceThread-P2_CollectorService-14101 org.btsn.handlers.ServiceHelper - ENRICHMENT: First service - raw token IS original_token
INFO ServiceThread-P2_CollectorService-14101 org.btsn.handlers.ServiceHelper - ENRICHMENT: Initialized workflow start time (first service)
DEBUG ServiceThread-P2_CollectorService-14101 org.btsn.handlers.ServiceHelper - ENRICHMENT: Cleaned argument 1, length: 33 (removed 0 bytes of metadata)
INFO ServiceThread-P2_CollectorService-14101 org.btsn.handlers.ServiceHelper - ENRICHMENT: Extracted 1 clean business data arguments (removed infrastructure metadata)
INFO ServiceThread-P2_CollectorService-14101 org.btsn.handlers.ServiceHelper - SERVICE INVOKE: Calling org.btsn.places.P2_CollectorService.collectAllData with 1 CLEAN business data arguments
DEBUG ServiceThread-P2_CollectorService-14101 org.btsn.handlers.ServiceHelper - INVOKE: Reflecting on org.btsn.places.P2_CollectorService.collectAllData
DEBUG ServiceThread-P2_CollectorService-14101 org.btsn.handlers.ServiceHelper - INVOKE: Looking for method with 1 String parameters
DEBUG ServiceThread-P2_CollectorService-14101 org.btsn.handlers.ServiceHelper - INVOKE: Created instance using 3-param constructor (context, placeName, buildVersion) for org.btsn.places.P2_CollectorService
DEBUG ServiceThread-P2_CollectorService-14101 org.btsn.handlers.ServiceHelper - INVOKE: Found standard method (1 String args)
DEBUG ServiceThread-P2_CollectorService-14101 org.btsn.handlers.ServiceHelper - INVOKE: Calling collectAllData with 1 arguments
INFO ServiceThread-P2_CollectorService-14101 org.btsn.handlers.ServiceHelper - SERVICE COMPLETE: org.btsn.places.P2_CollectorService.collectAllData completed in 335ms
WARN ServiceThread-P2_CollectorService-14101 org.btsn.handlers.ServiceHelper - ENRICHMENT: Inner object is not a JSONObject, cannot enrich
INFO ServiceThread-P2_CollectorService-14101 org.btsn.handlers.ServiceHelper - ENRICHMENT: Successfully enriched service result with metadata
INFO ServiceThread-P2_CollectorService-14101 org.btsn.handlers.ServiceHelper - === SERVICE INVOCATION COMPLETE ===
INFO ServiceThread-P2_CollectorService-14101 org.btsn.handlers.TransitionHandler - ORCHESTRATOR: Service returned: {"monitoredPlace":"P2_Place","petriNetData":{"firingRecordCount":9,"workflowGroups":{"1000000":{"markingEvolution":[{"marking":1,"tokenId":1050001,"transitionId":"T_in_P2","toPlace":"P2_Place","workflowBase":1000000,"eventType":"BUFFERED","placeName":"P2_Place","timestamp":1770634689644,"bufferSize":0},{"marking":1,"tokenId":1050001,"transitionId":"T_in_P2","toPlace":"P2_Place","workflowBase":1000000,"eventType":"ENTER","placeName":"P2_Place","timestamp":1770634689718,"bufferSize":0},{"marking":0,"tokenId":1050001,"transitionId":"T_out_P2","toPlace":"P4_Place","workflowBase":1000000,"eventType":"EXIT","placeName":"P2_Place","timestamp":1770634690109,"bufferSize":0},{"marking":1,"tokenId":1060001,"transitionId":"T_in_P2","toPlace":"P2_Place","workflowBase":1000000,"eventType":"BUFFERED","placeName":"P2_Place","timestamp":1770634692351,"bufferSize":0},{"marking":1,"tokenId":1060001,"transitionId":"T_in_P2","toPlace":"P2_Place","workflowBase":1000000,"eventType":"ENTER","placeName":"P2_Place","timestamp":1770634692365,"bufferSize":0},{"marking":0,"tokenId":1060001,"transitionId":"T_out_P2","toPlace":"P4_Place","workflowBase":1000000,"eventType":"EXIT","placeName":"P2_Place","timestamp":1770634692771,"bufferSize":0},{"marking":1,"tokenId":1080001,"transitionId":"T_in_P2","toPlace":"P2_Place","workflowBase":1000000,"eventType":"BUFFERED","placeName":"P2_Place","timestamp":1770634695711,"bufferSize":0},{"marking":1,"tokenId":1080001,"transitionId":"T_in_P2","toPlace":"P2_Place","workflowBase":1000000,"eventType":"ENTER","placeName":"P2_Place","timestamp":1770634695745,"bufferSize":0},{"marking":0,"tokenId":1080001,"transitionId":"T_out_P2","toPlace":"P4_Place","workflowBase":1000000,"eventType":"EXIT","placeName":"P2_Place","timestamp":1770634696098,"bufferSize":0}],"tokenGenealogy":[],"tokenPaths":[{"entryTime":1770634689644,"exitTime":1770634690109,"residenceTime":465,"entryBufferSize":0,"tokenId":1050001,"exitBufferSize":0,"workflowBase":1000000,"placeName":"P2_Place"},{"entryTime":1770634689718,"exitTime":1770634690109,"residenceTime":391,"entryBufferSize":0,"tokenId":1050001,"exitBufferSize":0,"workflowBase":1000000,"placeName":"P2_Place"},{"entryTime":1770634692351,"exitTime":1770634692771,"residenceTime":420,"entryBufferSize":0,"tokenId":1060001,"exitBufferSize":0,"workflowBase":1000000,"placeName":"P2_Place"},{"entryTime":1770634692365,"exitTime":1770634692771,"residenceTime":406,"entryBufferSize":0,"tokenId":1060001,"exitBufferSize":0,"workflowBase":1000000,"placeName":"P2_Place"},{"entryTime":1770634695711,"exitTime":1770634696098,"residenceTime":387,"entryBufferSize":0,"tokenId":1080001,"exitBufferSize":0,"workflowBase":1000000,"placeName":"P2_Place"},{"entryTime":1770634695745,"exitTime":1770634696098,"residenceTime":353,"entryBufferSize":0,"tokenId":1080001,"exitBufferSize":0,"workflowBase":1000000,"placeName":"P2_Place"}],"transitionFirings":[{"tokenId":1050001,"transitionId":"T_in_P2","fromPlace":"","toPlace":"P2_Place","workflowBase":1000000,"eventType":"BUFFERED","placeName":"P2_Place","timestamp":1770634689644,"bufferSize":0},{"tokenId":1050001,"transitionId":"T_in_P2","fromPlace":"","toPlace":"P2_Place","workflowBase":1000000,"eventType":"ENTER","placeName":"P2_Place","timestamp":1770634689718,"bufferSize":0},{"tokenId":1050001,"transitionId":"T_out_P2","fromPlace":"P2_Place","toPlace":"P4_Place","workflowBase":1000000,"eventType":"EXIT","placeName":"P2_Place","timestamp":1770634690109,"bufferSize":0},{"tokenId":1060001,"transitionId":"T_in_P2","fromPlace":"","toPlace":"P2_Place","workflowBase":1000000,"eventType":"BUFFERED","placeName":"P2_Place","timestamp":1770634692351,"bufferSize":0},{"tokenId":1060001,"transitionId":"T_in_P2","fromPlace":"","toPlace":"P2_Place","workflowBase":1000000,"eventType":"ENTER","placeName":"P2_Place","timestamp":1770634692365,"bufferSize":0},{"tokenId":1060001,"transitionId":"T_out_P2","fromPlace":"P2_Place","toPlace":"P4_Place","workflowBase":1000000,"eventType":"EXIT","placeName":"P2_Place","timestamp":1770634692771,"bufferSize":0},{"tokenId":1080001,"transitionId":"T_in_P2","fromPlace":"","toPlace":"P2_Place","workflowBase":1000000,"eventType":"BUFFERED","placeName":"P2_Place","timestamp":1770634695711,"bufferSize":0},{"tokenId":1080001,"transitionId":"T_in_P2","fromPlace":"","toPlace":"P2_Place","workflowBase":1000000,"eventType":"ENTER","placeName":"P2_Place","timestamp":1770634695745,"bufferSize":0},{"tokenId":1080001,"transitionId":"T_out_P2","fromPlace":"P2_Place","toPlace":"P4_Place","workflowBase":1000000,"eventType":"EXIT","placeName":"P2_Place","timestamp":1770634696098,"bufferSize":0}],"statistics":[{"avgResidenceTime":403.0,"minResidenceTime":353,"maxBufferSize":0,"tokenCount":6,"maxResidenceTime":465,"workflowBase":1000000,"throughput":2.4813895781637716,"placeName":"P2_Place","avgBufferSize":0.0}]}},"pathRecordCount":6,"statisticsRecordCount":1,"markingRecordCount":9},"reportingService":"P2_CollectorService","collectionTime":1770634715461,"performanceData":{"workflowGroups":{"1770634688535":[{"maxQueueCapacity":50,"arrivalTime":1770634689104,"totalTime":1235,"workflowStartTime":1770634688535,"totalMarking":1,"serviceName":"P2_Place","sequenceId":1050001,"operation":"processToken","serviceTime":569,"queueTime":666,"bufferSize":0}],"1770634693737":[{"maxQueueCapacity":50,"arrivalTime":1770634695284,"totalTime":1089,"workflowStartTime":1770634693737,"totalMarking":1,"serviceName":"P2_Place","sequenceId":1080001,"operation":"processToken","serviceTime":603,"queueTime":486,"bufferSize":0}],"1770634690342":[{"maxQueueCapacity":50,"arrivalTime":1770634691764,"totalTime":1176,"workflowStartTime":1770634690342,"totalMarking":1,"serviceName":"P2_Place","sequenceId":1060001,"operation":"processToken","serviceTime":566,"queueTime":610,"bufferSize":0}]},"markingData":{"1770634688535":[{"publishTime":1770634690339,"maxQueueCapacity":50,"arrivalTime":1770634689104,"invocationTime":1770634689770,"workflowStartTime":1770634688535,"totalMarking":1,"serviceName":"P2_Place","sequenceId":1050001,"operation":"processToken","bufferSize":0}],"1770634693737":[{"publishTime":1770634696373,"maxQueueCapacity":50,"arrivalTime":1770634695284,"invocationTime":1770634695770,"workflowStartTime":1770634693737,"totalMarking":1,"serviceName":"P2_Place","sequenceId":1080001,"operation":"processToken","bufferSize":0}],"1770634690342":[{"publishTime":1770634692940,"maxQueueCapacity":50,"arrivalTime":1770634691764,"invocationTime":1770634692374,"workflowStartTime":1770634690342,"totalMarking":1,"serviceName":"P2_Place","sequenceId":1060001,"operation":"processToken","bufferSize":0}]},"timingRecordCount":3,"markingRecordCount":3},"reportingChannel":"unified_collection","serviceContext":"1000000","version":"v001","token":"{\"token\":\"workflow_1000000_v001\"}"}
DEBUG ServiceThread-P2_CollectorService-14101 org.btsn.handlers.PetriNetInstrumentationHelper - Token 1000000 exiting place: P2_CollectorService -> MonitorService [arc=$ANON11]
WARN ServiceThread-P2_CollectorService-14101 org.btsn.handlers.PetriNetInstrumentationHelper - NAMING CONVENTION VIOLATION: Service 'P2_CollectorService' does not end with '_Place'. Expected format: {NodeName}_Place. Transition IDs may not match topology. Please rename the service.
DEBUG ServiceThread-P2_CollectorService-14101 org.btsn.derby.Analysis.BuildServiceAnalysisDatabase - Wrote transition firing: T_out_P2_CollectorService token=1000000 eventType=EXIT
DEBUG ServiceThread-P2_CollectorService-14101 org.btsn.handlers.PetriNetInstrumentationHelper - Recorded transition: T_out_P2_CollectorService (EdgeNode) token=1000000 P2_CollectorService -> MonitorService [EXIT] arc=$ANON11
DEBUG ServiceThread-P2_CollectorService-14101 org.btsn.handlers.ServiceThread - PETRI-NET: Token 1000000 EXIT from P2_CollectorService -> MonitorService.writeCollectorData [arc=$ANON11]
INFO ServiceThread-P2_CollectorService-14101 org.btsn.handlers.ServiceThread - DEBUG: Querying activeService for MonitorService.writeCollectorData
INFO ServiceThread-P2_CollectorService-14101 org.btsn.handlers.ServiceThread - DEBUG: ActiveService query returned 2 rows
INFO ServiceThread-P2_CollectorService-14101 org.btsn.handlers.ServiceThread - DEBUG: ActiveService result - ?channelId = ip0
INFO ServiceThread-P2_CollectorService-14101 org.btsn.handlers.ServiceThread - DEBUG: ActiveService result - ?port = 3002
INFO ServiceThread-P2_CollectorService-14101 org.btsn.handlers.ServiceThread - ORCHESTRATOR: APPLYING activeService override - Channel: ip0, Port: 3002
INFO ServiceThread-P2_CollectorService-14101 org.btsn.handlers.ServiceThread - ORCHESTRATOR: Resolved ip0 to IP 192.168.1.152
DEBUG ServiceThread-P2_CollectorService-14101 org.btsn.handlers.ServiceThread - ROUTING: External to MonitorService -> 'token'
INFO ServiceThread-P2_CollectorService-14101 org.btsn.handlers.ServiceThread - ROUTING: Token 1000000 -> 'token' to MonitorService.writeCollectorData
INFO ServiceThread-P2_CollectorService-14101 org.btsn.handlers.ServiceThread - ORCHESTRATOR: Publishing to Service MonitorService Operation: writeCollectorData
INFO ServiceThread-P2_CollectorService-14101 org.btsn.handlers.ServiceThread - ORCHESTRATOR: Channel: 192.168.1.152, Port: 3002
INFO ServiceThread-P2_CollectorService-14101 org.btsn.handlers.ServiceThread - ORCHESTRATOR: Attribute token = {"monitoredPlace":"P2_Place","petriNetData":{"firingRecordCount":9,"workflowGroups":{"1000000":{"markingEvolution":[{"marking":1,"tokenId":1050001,"transitionId":"T_in_P2","toPlace":"P2_Place","workflowBase":1000000,"eventType":"BUFFERED","placeName":"P2_Place","timestamp":1770634689644,"bufferSize":0},{"marking":1,"tokenId":1050001,"transitionId":"T_in_P2","toPlace":"P2_Place","workflowBase":1000000,"eventType":"ENTER","placeName":"P2_Place","timestamp":1770634689718,"bufferSize":0},{"marking":0,"tokenId":1050001,"transitionId":"T_out_P2","toPlace":"P4_Place","workflowBase":1000000,"eventType":"EXIT","placeName":"P2_Place","timestamp":1770634690109,"bufferSize":0},{"marking":1,"tokenId":1060001,"transitionId":"T_in_P2","toPlace":"P2_Place","workflowBase":1000000,"eventType":"BUFFERED","placeName":"P2_Place","timestamp":1770634692351,"bufferSize":0},{"marking":1,"tokenId":1060001,"transitionId":"T_in_P2","toPlace":"P2_Place","workflowBase":1000000,"eventType":"ENTER","placeName":"P2_Place","timestamp":1770634692365,"bufferSize":0},{"marking":0,"tokenId":1060001,"transitionId":"T_out_P2","toPlace":"P4_Place","workflowBase":1000000,"eventType":"EXIT","placeName":"P2_Place","timestamp":1770634692771,"bufferSize":0},{"marking":1,"tokenId":1080001,"transitionId":"T_in_P2","toPlace":"P2_Place","workflowBase":1000000,"eventType":"BUFFERED","placeName":"P2_Place","timestamp":1770634695711,"bufferSize":0},{"marking":1,"tokenId":1080001,"transitionId":"T_in_P2","toPlace":"P2_Place","workflowBase":1000000,"eventType":"ENTER","placeName":"P2_Place","timestamp":1770634695745,"bufferSize":0},{"marking":0,"tokenId":1080001,"transitionId":"T_out_P2","toPlace":"P4_Place","workflowBase":1000000,"eventType":"EXIT","placeName":"P2_Place","timestamp":1770634696098,"bufferSize":0}],"tokenGenealogy":[],"tokenPaths":[{"entryTime":1770634689644,"exitTime":1770634690109,"residenceTime":465,"entryBufferSize":0,"tokenId":1050001,"exitBufferSize":0,"workflowBase":1000000,"placeName":"P2_Place"},{"entryTime":1770634689718,"exitTime":1770634690109,"residenceTime":391,"entryBufferSize":0,"tokenId":1050001,"exitBufferSize":0,"workflowBase":1000000,"placeName":"P2_Place"},{"entryTime":1770634692351,"exitTime":1770634692771,"residenceTime":420,"entryBufferSize":0,"tokenId":1060001,"exitBufferSize":0,"workflowBase":1000000,"placeName":"P2_Place"},{"entryTime":1770634692365,"exitTime":1770634692771,"residenceTime":406,"entryBufferSize":0,"tokenId":1060001,"exitBufferSize":0,"workflowBase":1000000,"placeName":"P2_Place"},{"entryTime":1770634695711,"exitTime":1770634696098,"residenceTime":387,"entryBufferSize":0,"tokenId":1080001,"exitBufferSize":0,"workflowBase":1000000,"placeName":"P2_Place"},{"entryTime":1770634695745,"exitTime":1770634696098,"residenceTime":353,"entryBufferSize":0,"tokenId":1080001,"exitBufferSize":0,"workflowBase":1000000,"placeName":"P2_Place"}],"transitionFirings":[{"tokenId":1050001,"transitionId":"T_in_P2","fromPlace":"","toPlace":"P2_Place","workflowBase":1000000,"eventType":"BUFFERED","placeName":"P2_Place","timestamp":1770634689644,"bufferSize":0},{"tokenId":1050001,"transitionId":"T_in_P2","fromPlace":"","toPlace":"P2_Place","workflowBase":1000000,"eventType":"ENTER","placeName":"P2_Place","timestamp":1770634689718,"bufferSize":0},{"tokenId":1050001,"transitionId":"T_out_P2","fromPlace":"P2_Place","toPlace":"P4_Place","workflowBase":1000000,"eventType":"EXIT","placeName":"P2_Place","timestamp":1770634690109,"bufferSize":0},{"tokenId":1060001,"transitionId":"T_in_P2","fromPlace":"","toPlace":"P2_Place","workflowBase":1000000,"eventType":"BUFFERED","placeName":"P2_Place","timestamp":1770634692351,"bufferSize":0},{"tokenId":1060001,"transitionId":"T_in_P2","fromPlace":"","toPlace":"P2_Place","workflowBase":1000000,"eventType":"ENTER","placeName":"P2_Place","timestamp":1770634692365,"bufferSize":0},{"tokenId":1060001,"transitionId":"T_out_P2","fromPlace":"P2_Place","toPlace":"P4_Place","workflowBase":1000000,"eventType":"EXIT","placeName":"P2_Place","timestamp":1770634692771,"bufferSize":0},{"tokenId":1080001,"transitionId":"T_in_P2","fromPlace":"","toPlace":"P2_Place","workflowBase":1000000,"eventType":"BUFFERED","placeName":"P2_Place","timestamp":1770634695711,"bufferSize":0},{"tokenId":1080001,"transitionId":"T_in_P2","fromPlace":"","toPlace":"P2_Place","workflowBase":1000000,"eventType":"ENTER","placeName":"P2_Place","timestamp":1770634695745,"bufferSize":0},{"tokenId":1080001,"transitionId":"T_out_P2","fromPlace":"P2_Place","toPlace":"P4_Place","workflowBase":1000000,"eventType":"EXIT","placeName":"P2_Place","timestamp":1770634696098,"bufferSize":0}],"statistics":[{"avgResidenceTime":403.0,"minResidenceTime":353,"maxBufferSize":0,"tokenCount":6,"maxResidenceTime":465,"workflowBase":1000000,"throughput":2.4813895781637716,"placeName":"P2_Place","avgBufferSize":0.0}]}},"pathRecordCount":6,"statisticsRecordCount":1,"markingRecordCount":9},"reportingService":"P2_CollectorService","collectionTime":1770634715461,"performanceData":{"workflowGroups":{"1770634688535":[{"maxQueueCapacity":50,"arrivalTime":1770634689104,"totalTime":1235,"workflowStartTime":1770634688535,"totalMarking":1,"serviceName":"P2_Place","sequenceId":1050001,"operation":"processToken","serviceTime":569,"queueTime":666,"bufferSize":0}],"1770634693737":[{"maxQueueCapacity":50,"arrivalTime":1770634695284,"totalTime":1089,"workflowStartTime":1770634693737,"totalMarking":1,"serviceName":"P2_Place","sequenceId":1080001,"operation":"processToken","serviceTime":603,"queueTime":486,"bufferSize":0}],"1770634690342":[{"maxQueueCapacity":50,"arrivalTime":1770634691764,"totalTime":1176,"workflowStartTime":1770634690342,"totalMarking":1,"serviceName":"P2_Place","sequenceId":1060001,"operation":"processToken","serviceTime":566,"queueTime":610,"bufferSize":0}]},"markingData":{"1770634688535":[{"publishTime":1770634690339,"maxQueueCapacity":50,"arrivalTime":1770634689104,"invocationTime":1770634689770,"workflowStartTime":1770634688535,"totalMarking":1,"serviceName":"P2_Place","sequenceId":1050001,"operation":"processToken","bufferSize":0}],"1770634693737":[{"publishTime":1770634696373,"maxQueueCapacity":50,"arrivalTime":1770634695284,"invocationTime":1770634695770,"workflowStartTime":1770634693737,"totalMarking":1,"serviceName":"P2_Place","sequenceId":1080001,"operation":"processToken","bufferSize":0}],"1770634690342":[{"publishTime":1770634692940,"maxQueueCapacity":50,"arrivalTime":1770634691764,"invocationTime":1770634692374,"workflowStartTime":1770634690342,"totalMarking":1,"serviceName":"P2_Place","sequenceId":1060001,"operation":"processToken","bufferSize":0}]},"timingRecordCount":3,"markingRecordCount":3},"reportingChannel":"unified_collection","serviceContext":"1000000","version":"v001","token":"{\"token\":\"workflow_1000000_v001\"}"}
INFO ServiceThread-P2_CollectorService-14101 org.btsn.handlers.ServiceThread - ORCHESTRATOR: Completed callNextOperation for MonitorService, published=true
INFO ServiceThread-P2_CollectorService-14101 org.btsn.handlers.ServiceThread - ORCHESTRATOR: Successfully published to MonitorService via EventPublisher
ERROR ServiceThread-P2_CollectorService-14101 org.btsn.handlers.ServiceThread - monitorIncomingEvents: false
DEBUG ServiceThread-P2_CollectorService-14101 org.btsn.handlers.ServiceThread - ORCHESTRATOR: Cleaned up join 1000000
DEBUG ServiceThread-P2_CollectorService-14101 org.btsn.handlers.ServiceThread - ORCHESTRATOR: Service P2_CollectorService sequence ID: 1000000 complete.
