DEBUG main org.btsn.rulecontroller.model.WorkflowModel - Finding destination services from transition: T_out_Diagnosis (EdgeNode)
DEBUG main org.btsn.rulecontroller.model.WorkflowModel - Found destination service: Monitor via T_in_Monitor
INFO main org.btsn.rulecontroller.RuleDeployer - Found 1 destination services
DEBUG main org.btsn.rulecontroller.RuleDeployer - Finding operation for path from T_out_Diagnosis to Monitor
DEBUG main org.btsn.rulecontroller.RuleDeployer - Wrote meetsCondition: MonitorService:writeCollectorData:EDGE_NODE:
INFO main org.btsn.rulecontroller.RuleDeployer - Added meetsCondition: MonitorService:writeCollectorData via EdgeNode:EDGE_NODE
INFO main org.btsn.rulecontroller.RuleDeployer - === END SERVICE RULE GENERATION ===
DEBUG main org.btsn.rulecontroller.RuleDeployer - Searching for buffer value for service: Diagnosis
DEBUG main org.btsn.rulecontroller.RuleDeployer - Found buffer=10 from transition: T_in_Diagnosis
INFO main org.btsn.rulecontroller.RuleDeployer - Sending payload for Diagnosis_CollectorService:collectAllData (commitment: 6), attempt: 1
INFO main org.btsn.rulecontroller.RuleDeployer - Using remote host: 192.168.1.152
INFO main org.btsn.rulecontroller.RuleDeployer - === Port Calculation for Diagnosis_CollectorService ===
INFO main org.btsn.rulecontroller.RuleDeployer - Channel: ip0 (#0)
INFO main org.btsn.rulecontroller.RuleDeployer - Base Port: 2203
INFO main org.btsn.rulecontroller.RuleDeployer - Channel Offset: 0 (channel x 1000)
INFO main org.btsn.rulecontroller.RuleDeployer - Target Port: 22203 (20000 + 0 + 2203)
INFO main org.btsn.rulecontroller.RuleDeployer - Sent UDP payload to 192.168.1.152:22203 (RuleHandler for Diagnosis_CollectorService:collectAllData, channel 0)
INFO CommitmentListener-v001 org.btsn.rulecontroller.RuleDeployer - [OK] UDP commitment confirmation received: v001:6
DEBUG main org.btsn.rulecontroller.RuleDeployer - Commitment confirmed for Diagnosis_CollectorService:collectAllData in 101ms
INFO main org.btsn.rulecontroller.RuleDeployer - Successfully deployed rule for: Diagnosis_CollectorService:collectAllData
INFO main org.btsn.rulecontroller.RuleDeployer - Successfully deployed: Diagnosis_CollectorService:collectAllData
INFO main org.btsn.rulecontroller.RuleDeployer - === STARTING DEPLOYMENT FOR: Cardiology_CollectorService:collectAllData ===
INFO main org.btsn.rulecontroller.RuleDeployer - Rules for Cardiology should go to itself: Cardiology_CollectorService
INFO main org.btsn.rulecontroller.RuleDeployer - Step 1: Checking activeService facts for Cardiology_CollectorService:collectAllData
INFO main org.btsn.rulecontroller.RuleDeployer - [OK] Found activeService entry for Cardiology_CollectorService:collectAllData
INFO main org.btsn.rulecontroller.RuleDeployer -   Channel ID from activeService: ip0
INFO main org.btsn.rulecontroller.RuleDeployer -   Port from activeService: 2202
INFO main org.btsn.rulecontroller.RuleDeployer - Step 3: Resolving channel ID 'ip0' via boundChannel facts
INFO main org.btsn.rulecontroller.RuleDeployer - [OK] REMOTE HOST DEPLOYMENT DETECTED
INFO main org.btsn.rulecontroller.RuleDeployer -   Service: Cardiology_CollectorService:collectAllData
INFO main org.btsn.rulecontroller.RuleDeployer -   Channel ID: ip0
INFO main org.btsn.rulecontroller.RuleDeployer -   Remote Host: 192.168.1.152
INFO main org.btsn.rulecontroller.RuleDeployer -   Port: 2202
INFO main org.btsn.rulecontroller.RuleDeployer - === CHANNEL RESOLUTION COMPLETE ===
INFO main org.btsn.rulecontroller.RuleDeployer - Service: Cardiology_CollectorService:collectAllData
INFO main org.btsn.rulecontroller.RuleDeployer - From: activeService facts
INFO main org.btsn.rulecontroller.RuleDeployer - Channel ID: ip0
INFO main org.btsn.rulecontroller.RuleDeployer - Resolved to: REMOTE 192.168.1.152
INFO main org.btsn.rulecontroller.RuleDeployer - Rule Channel: ip0
INFO main org.btsn.rulecontroller.RuleDeployer - Rule Port: 2202
INFO main org.btsn.rulecontroller.RuleDeployer - === GENERATING RULES FOR SERVICE: Cardiology_CollectorService:collectAllData ===
INFO main org.btsn.rulecontroller.model.WorkflowModel - Finding INCOMING transitions for service: Cardiology
INFO main org.btsn.rulecontroller.model.WorkflowModel - Found incoming transition: T_in_Cardiology ? Cardiology (EdgeNode)
INFO main org.btsn.rulecontroller.model.WorkflowModel - Service Cardiology has 1 incoming transitions
INFO main org.btsn.rulecontroller.RuleDeployer - Input coordination from INCOMING: T_in_Cardiology (EdgeNode)
INFO main org.btsn.rulecontroller.model.WorkflowModel - Finding OUTGOING transitions for service: Cardiology
INFO main org.btsn.rulecontroller.model.WorkflowModel - Found outgoing transition: Cardiology ? T_out_Cardiology (EdgeNode)
INFO main org.btsn.rulecontroller.model.WorkflowModel - Service Cardiology has 1 outgoing transitions
INFO main org.btsn.rulecontroller.RuleDeployer - DECISION: Using OUTGOING EdgeNode (default output behavior)
INFO main org.btsn.rulecontroller.RuleDeployer - CONTROLLING TRANSITION for NodeType: T_out_Cardiology (EdgeNode)
DEBUG main org.btsn.rulecontroller.RuleDeployer - Wrote NodeType: EdgeNode
INFO main org.btsn.rulecontroller.RuleDeployer - Wrote NodeType: EdgeNode
INFO main org.btsn.rulecontroller.RuleDeployer - Found 1 outgoing transitions for routing
INFO main org.btsn.rulecontroller.RuleDeployer - Processing OUTGOING: T_out_Cardiology (EdgeNode)
DEBUG main org.btsn.rulecontroller.model.WorkflowModel - Finding destination services from transition: T_out_Cardiology (EdgeNode)
DEBUG main org.btsn.rulecontroller.model.WorkflowModel - Found destination service: Monitor via T_in_Monitor
INFO main org.btsn.rulecontroller.RuleDeployer - Found 1 destination services
DEBUG main org.btsn.rulecontroller.RuleDeployer - Finding operation for path from T_out_Cardiology to Monitor
DEBUG main org.btsn.rulecontroller.RuleDeployer - Wrote meetsCondition: MonitorService:writeCollectorData:EDGE_NODE:
INFO main org.btsn.rulecontroller.RuleDeployer - Added meetsCondition: MonitorService:writeCollectorData via EdgeNode:EDGE_NODE
INFO main org.btsn.rulecontroller.RuleDeployer - === END SERVICE RULE GENERATION ===
DEBUG main org.btsn.rulecontroller.RuleDeployer - Searching for buffer value for service: Cardiology
DEBUG main org.btsn.rulecontroller.RuleDeployer - Found buffer=10 from transition: T_in_Cardiology
INFO main org.btsn.rulecontroller.RuleDeployer - Sending payload for Cardiology_CollectorService:collectAllData (commitment: 7), attempt: 1
INFO main org.btsn.rulecontroller.RuleDeployer - Using remote host: 192.168.1.152
INFO main org.btsn.rulecontroller.RuleDeployer - === Port Calculation for Cardiology_CollectorService ===
INFO main org.btsn.rulecontroller.RuleDeployer - Channel: ip0 (#0)
INFO main org.btsn.rulecontroller.RuleDeployer - Base Port: 2202
INFO main org.btsn.rulecontroller.RuleDeployer - Channel Offset: 0 (channel x 1000)
INFO main org.btsn.rulecontroller.RuleDeployer - Target Port: 22202 (20000 + 0 + 2202)
INFO main org.btsn.rulecontroller.RuleDeployer - Sent UDP payload to 192.168.1.152:22202 (RuleHandler for Cardiology_CollectorService:collectAllData, channel 0)
INFO CommitmentListener-v001 org.btsn.rulecontroller.RuleDeployer - [OK] UDP commitment confirmation received: v001:7
DEBUG main org.btsn.rulecontroller.RuleDeployer - Commitment confirmed for Cardiology_CollectorService:collectAllData in 101ms
INFO main org.btsn.rulecontroller.RuleDeployer - Successfully deployed rule for: Cardiology_CollectorService:collectAllData
INFO main org.btsn.rulecontroller.RuleDeployer - Successfully deployed: Cardiology_CollectorService:collectAllData
INFO main org.btsn.rulecontroller.RuleDeployer - === DEPLOYMENT SUMMARY ===
INFO main org.btsn.rulecontroller.RuleDeployer - Total services processed: 7
INFO main org.btsn.rulecontroller.RuleDeployer - Successfully deployed: 7
INFO main org.btsn.rulecontroller.RuleDeployer - Floating nodes skipped: 0
INFO main org.btsn.rulecontroller.RuleDeployer - Event generators skipped: 0
INFO main org.btsn.rulecontroller.RuleDeployer - Total in manifest: 7
INFO main org.btsn.rulecontroller.RuleDeployer - === DEPLOYING STANDALONE MONITOR NODES ===
INFO main org.btsn.rulecontroller.RuleDeployer - === JSON-BASED DEPLOYMENT COMPLETED SUCCESSFULLY ===
INFO main org.btsn.rulecontroller.RuleDeployer - Deployed 7 service operations from JSON workflow
INFO main org.btsn.rulecontroller.RuleDeployer - === DEPLOYMENT SUCCESSFUL ===
INFO main org.btsn.rulecontroller.RuleDeployer - Commitments: 7
