DEBUG ServiceThread-P3_Place-14003 org.btsn.handlers.ServiceThread - CANONICAL-BINDING: Operation processToken uses standard (AND) semantics
INFO ServiceThread-P3_Place-14003 org.btsn.handlers.ServiceThread - CANONICAL-BINDING: processToken requires 1 inputs total (standard AND logic)
INFO ServiceThread-P3_Place-14003 org.btsn.handlers.ServiceThread - CANONICAL-BINDING: processToken needs 1 input - can call immediately with 'token'
INFO ServiceThread-P3_Place-14003 org.btsn.handlers.ServiceThread - ORCHESTRATOR: Canonical binding found - overriding serviceName facts
INFO ServiceThread-P3_Place-14003 org.btsn.handlers.ServiceThread - ORCHESTRATOR: Overrode inputCollection for canonical binding
DEBUG ServiceThread-P3_Place-14003 org.btsn.handlers.ServiceThread - decisionValueCollection already populated from publishes query - skipping legacy getDecisionValue
DEBUG ServiceThread-P3_Place-14003 org.btsn.handlers.PetriNetInstrumentationHelper - Token 1060002 buffered at T_in_P3_Place (buffer=0)
DEBUG ServiceThread-P3_Place-14003 org.btsn.handlers.PetriNetInstrumentationHelper - Could not extract previousPlace from payload
DEBUG ServiceThread-P3_Place-14003 org.btsn.derby.Analysis.BuildServiceAnalysisDatabase - Wrote transition firing: T_in_P3 token=1060002 eventType=BUFFERED
DEBUG ServiceThread-P3_Place-14003 org.btsn.handlers.PetriNetInstrumentationHelper - Recorded transition: T_in_P3 (EdgeNode) token=1060002  -> P3_Place [BUFFERED] buffer=0
DEBUG ServiceThread-P3_Place-14003 org.btsn.handlers.ServiceThread - PETRI-NET: Token 1060002 BUFFERED at P3_Place (T_in arrival)
DEBUG ServiceThread-P3_Place-14003 org.btsn.handlers.PetriNetInstrumentationHelper - Token 1060002 entering place: P3_Place (buffer=0)
DEBUG ServiceThread-P3_Place-14003 org.btsn.handlers.PetriNetInstrumentationHelper - Could not extract previousPlace from payload
DEBUG ServiceThread-P3_Place-14003 org.btsn.derby.Analysis.BuildServiceAnalysisDatabase - Wrote transition firing: T_in_P3 token=1060002 eventType=ENTER
DEBUG ServiceThread-P3_Place-14003 org.btsn.handlers.PetriNetInstrumentationHelper - Recorded transition: T_in_P3 (EdgeNode) token=1060002  -> P3_Place [ENTER] buffer=0
DEBUG ServiceThread-P3_Place-14003 org.btsn.handlers.ServiceThread - PETRI-NET: Token 1060002 ENTER at P3_Place
INFO ServiceThread-P3_Place-14003 org.btsn.handlers.ServiceThread - DEBUG: About to check inputCollection.isEmpty() - size: 1
INFO ServiceThread-P3_Place-14003 org.btsn.handlers.ServiceThread - DEBUG: inputCollection contents: [null]
INFO ServiceThread-P3_Place-14003 org.btsn.handlers.ServiceThread - DEBUG: nodeType: EdgeNode
INFO ServiceThread-P3_Place-14003 org.btsn.handlers.ServiceThread - DEBUG: needsInputSynchronization: false
INFO ServiceThread-P3_Place-14003 org.btsn.handlers.ServiceThread - DEBUG: Past inputCollection check, about to enter JOIN processing
INFO ServiceThread-P3_Place-14003 org.btsn.handlers.ServiceThread - DEBUG: inputCollection.get(0): null
INFO ServiceThread-P3_Place-14003 org.btsn.handlers.ServiceThread - ORCHESTRATOR: Zero-input service P3_Place:processToken executing with trigger token (no workflow data required)
INFO ServiceThread-P3_Place-14003 org.btsn.handlers.ServiceThread - ORCHESTRATOR: Processing EdgeNode for P3_Place.processToken
INFO ServiceThread-P3_Place-14003 org.btsn.handlers.TransitionHandler - ORCHESTRATOR: Processing EdgeNode/MergeNode for P3_Place.processToken
DEBUG ServiceThread-P3_Place-14003 org.btsn.handlers.ServiceThread - CANONICAL-BINDING: Checking canonical binding for P3_Place.processToken with attribute 'token'
DEBUG ServiceThread-P3_Place-14003 org.btsn.handlers.ServiceThread - CANONICAL-BINDING: Operation processToken uses standard (AND) semantics
INFO ServiceThread-P3_Place-14003 org.btsn.handlers.ServiceThread - CANONICAL-BINDING: processToken requires 1 inputs total (standard AND logic)
INFO ServiceThread-P3_Place-14003 org.btsn.handlers.ServiceThread - CANONICAL-BINDING: processToken needs 1 input - can call immediately with 'token'
INFO ServiceThread-P3_Place-14003 org.btsn.handlers.ServiceThread - ORCHESTRATOR: Found single-input canonical binding - calling P3_Place.processToken immediately
INFO ServiceThread-P3_Place-14003 org.btsn.handlers.ServiceThread - ORCHESTRATOR: Invoking P3_Place.processToken via ServiceHelper (canonical binding)
INFO ServiceThread-P3_Place-14003 org.btsn.handlers.ServiceHelper - === SERVICE INVOCATION START ===
INFO ServiceThread-P3_Place-14003 org.btsn.handlers.ServiceHelper - Service: org.btsn.places.P3_Place.processToken
INFO ServiceThread-P3_Place-14003 org.btsn.handlers.ServiceHelper - SequenceID: 1060000
INFO ServiceThread-P3_Place-14003 org.btsn.handlers.ServiceHelper - Input arguments count: 1
DEBUG ServiceThread-P3_Place-14003 org.btsn.handlers.ServiceHelper - Processing argument 1/1, raw length: 842
DEBUG ServiceThread-P3_Place-14003 org.btsn.handlers.ServiceHelper - ENRICHMENT: Unwrapped place response from key: token
DEBUG ServiceThread-P3_Place-14003 org.btsn.handlers.ServiceHelper - ENRICHMENT: Found existing original_token to preserve
DEBUG ServiceThread-P3_Place-14003 org.btsn.handlers.ServiceHelper - ENRICHMENT: Extracted workflow_start_time=1770634690341
DEBUG ServiceThread-P3_Place-14003 org.btsn.handlers.ServiceHelper - ENRICHMENT: Cleaned argument 1, length: 842 (removed 0 bytes of metadata)
INFO ServiceThread-P3_Place-14003 org.btsn.handlers.ServiceHelper - ENRICHMENT: Extracted 1 clean business data arguments (removed infrastructure metadata)
INFO ServiceThread-P3_Place-14003 org.btsn.handlers.ServiceHelper - SERVICE INVOKE: Calling org.btsn.places.P3_Place.processToken with 1 CLEAN business data arguments
DEBUG ServiceThread-P3_Place-14003 org.btsn.handlers.ServiceHelper - INVOKE: Reflecting on org.btsn.places.P3_Place.processToken
DEBUG ServiceThread-P3_Place-14003 org.btsn.handlers.ServiceHelper - INVOKE: Looking for method with 1 String parameters
INFO ServiceThread-P3_Place-14003 org.btsn.logger.PetriNetEventLogger - PLACE_CREATED: placeId=P3, sequenceId=1060000, type=P3, capacity=1
DEBUG ServiceThread-P3_Place-14003 org.btsn.handlers.ServiceHelper - INVOKE: Created instance using 1-param constructor (context) for org.btsn.places.P3_Place
DEBUG ServiceThread-P3_Place-14003 org.btsn.handlers.ServiceHelper - INVOKE: Found standard method (1 String args)
DEBUG ServiceThread-P3_Place-14003 org.btsn.handlers.ServiceHelper - INVOKE: Calling processToken with 1 arguments
INFO ServiceThread-P3_Place-14003 org.btsn.logger.PetriNetEventLogger - TOKEN_ARRIVAL: placeId=P3, sequenceId=1060000, token=Token{id='1060000', version='v001', place='P1_Place', processType='null', data={delayMs=0, place=P1, distribution=DETERMINISTIC, workflow_start_time=1770634690341}, valid=true}
INFO ServiceThread-P3_Place-14003 org.btsn.logger.PetriNetEventLogger - CAPACITY_CHECK: placeId=P3, sequenceId=1060000, M(P)=0, capacity=1, hasCapacity=true
INFO ServiceThread-P3_Place-14003 org.btsn.logger.PetriNetEventLogger - MARKING_CHANGE: placeId=P3, sequenceId=1060000, M(P)=1, reason=token_accepted
INFO ServiceThread-P3_Place-14003 org.btsn.logger.PetriNetEventLogger - TOKEN_HELD: placeId=P3, sequenceId=1060000, token=Token{id='1060000', version='v001', place='P1_Place', processType='null', data={delayMs=0, place=P1, distribution=DETERMINISTIC, workflow_start_time=1770634690341}, valid=true}, M(P)=1, capacity=1
INFO ServiceThread-P3_Place-14003 org.btsn.logger.PetriNetEventLogger - VALIDITY_WINDOW_CHECK: placeId=P3, sequenceId=1060000, currentTime=1770634693164, notAfter=1770634810341, valid=true
INFO ServiceThread-P3_Place-14003 org.btsn.logger.PetriNetEventLogger - PLACE_EXECUTION: placeId=P3, sequenceId=1060000, executionTime=129ms, result=COMPLETED
INFO ServiceThread-P3_Place-14003 org.btsn.base.BaseStochasticPetriNetPlace - PN_PROCESS: place=P3, seq=1060000, guard=false, delay=0ms, total=129ms
INFO ServiceThread-P3_Place-14003 org.btsn.logger.PetriNetEventLogger - MARKING_CHANGE: placeId=P3, sequenceId=1060000, M(P)=0, reason=token_released
INFO ServiceThread-P3_Place-14003 org.btsn.logger.PetriNetEventLogger - TOKEN_RELEASED: placeId=P3, sequenceId=1060000, token=Token{id='1060000', version='v001', place='P1_Place', processType='null', data={delayMs=0, place=P1, distribution=DETERMINISTIC, workflow_start_time=1770634690341}, valid=true}, M(P)=0
INFO ServiceThread-P3_Place-14003 org.btsn.logger.PetriNetEventLogger - TOKEN_DEPARTURE: placeId=P3, sequenceId=1060000, token=Token{id='1060000', version='v001', place='P1_Place', processType='null', data={delayMs=0, place=P1, distribution=DETERMINISTIC, workflow_start_time=1770634690341}, valid=true}, annotation={"place":"P3","entryTime":1770634693035,"exitTime":1770634693164,"residenceTime":129,"delayMs":0,"marking":1,"capacity":1,"distribution":"DETERMINISTIC","routingPath":"false"}
INFO ServiceThread-P3_Place-14003 org.btsn.handlers.ServiceHelper - SERVICE COMPLETE: org.btsn.places.P3_Place.processToken completed in 261ms
DEBUG ServiceThread-P3_Place-14003 org.btsn.handlers.ServiceHelper - ENRICHMENT: Using wrapped response key 'token' instead of 'token_branch1'
INFO ServiceThread-P3_Place-14003 org.btsn.handlers.ServiceHelper - ENRICHMENT: Successfully enriched service result with metadata
INFO ServiceThread-P3_Place-14003 org.btsn.handlers.ServiceHelper - === SERVICE INVOCATION COMPLETE ===
INFO ServiceThread-P3_Place-14003 org.btsn.handlers.TransitionHandler - ORCHESTRATOR: Service returned: {"token":{"annotation":"{\"place\":\"P3\",\"entryTime\":1770634693035,\"exitTime\":1770634693164,\"residenceTime\":129,\"delayMs\":0,\"marking\":1,\"capacity\":1,\"distribution\":\"DETERMINISTIC\",\"routingPath\":\"false\"}","notAfter":1770634810341,"tokenId":"1060000","data":{"delayMs":"0","place":"P3","distribution":"DETERMINISTIC"},"workflow_start_time":1770634690341,"placeId":"token","routing_decision":{"probability":0.5,"guard_result":false,"routing_path":"false"},"service_start_time":1770634693021,"version":"v001","executionTime":129,"marking":1,"currentPlace":"P1_Place","service_processing_time_ms":261,"original_token":"{\"notAfter\":1770634810341,\"tokenId\":\"1060000\",\"data\":{},\"workflow_start_time\":1770634690341,\"currentPlace\":\"P1_Place\",\"version\":\"v001\"}","service_end_time":1770634693282,"status":"COMPLETED"}}
DEBUG ServiceThread-P3_Place-14003 org.btsn.handlers.PetriNetInstrumentationHelper - Token 1060002 exiting place: P3_Place -> P4_Place [arc=$ANON11]
DEBUG ServiceThread-P3_Place-14003 org.btsn.derby.Analysis.BuildServiceAnalysisDatabase - Wrote transition firing: T_out_P3 token=1060002 eventType=EXIT
DEBUG ServiceThread-P3_Place-14003 org.btsn.handlers.PetriNetInstrumentationHelper - Recorded transition: T_out_P3 (EdgeNode) token=1060002 P3_Place -> P4_Place [EXIT] arc=$ANON11
DEBUG ServiceThread-P3_Place-14003 org.btsn.handlers.ServiceThread - PETRI-NET: Token 1060002 EXIT from P3_Place -> P4_Place.processToken [arc=$ANON11]
INFO ServiceThread-P3_Place-14003 org.btsn.handlers.ServiceThread - DEBUG: Querying activeService for P4_Place.processToken
INFO ServiceThread-P3_Place-14003 org.btsn.handlers.ServiceThread - DEBUG: ActiveService query returned 2 rows
INFO ServiceThread-P3_Place-14003 org.btsn.handlers.ServiceThread - DEBUG: ActiveService result - ?channelId = ip0
INFO ServiceThread-P3_Place-14003 org.btsn.handlers.ServiceThread - DEBUG: ActiveService result - ?port = 4004
INFO ServiceThread-P3_Place-14003 org.btsn.handlers.ServiceThread - ORCHESTRATOR: APPLYING activeService override - Channel: ip0, Port: 4004
INFO ServiceThread-P3_Place-14003 org.btsn.handlers.ServiceThread - ORCHESTRATOR: Resolved ip0 to IP 192.168.1.152
DEBUG ServiceThread-P3_Place-14003 org.btsn.handlers.ServiceThread - ROUTING: External to P4_Place -> 'token_branch1'
INFO ServiceThread-P3_Place-14003 org.btsn.handlers.ServiceThread - ROUTING: Token 1060002 -> 'token_branch1' to P4_Place.processToken
INFO ServiceThread-P3_Place-14003 org.btsn.handlers.ServiceThread - ORCHESTRATOR: Publishing to Service P4_Place Operation: processToken
INFO ServiceThread-P3_Place-14003 org.btsn.handlers.ServiceThread - ORCHESTRATOR: Channel: 192.168.1.152, Port: 4004
INFO ServiceThread-P3_Place-14003 org.btsn.handlers.ServiceThread - ORCHESTRATOR: Attribute token_branch1 = {"token":{"annotation":"{\"place\":\"P3\",\"entryTime\":1770634693035,\"exitTime\":1770634693164,\"residenceTime\":129,\"delayMs\":0,\"marking\":1,\"capacity\":1,\"distribution\":\"DETERMINISTIC\",\"routingPath\":\"false\"}","notAfter":1770634810341,"tokenId":"1060000","data":{"delayMs":"0","place":"P3","distribution":"DETERMINISTIC"},"workflow_start_time":1770634690341,"placeId":"token","routing_decision":{"probability":0.5,"guard_result":false,"routing_path":"false"},"service_start_time":1770634693021,"version":"v001","executionTime":129,"marking":1,"currentPlace":"P1_Place","service_processing_time_ms":261,"original_token":"{\"notAfter\":1770634810341,\"tokenId\":\"1060000\",\"data\":{},\"workflow_start_time\":1770634690341,\"currentPlace\":\"P1_Place\",\"version\":\"v001\"}","service_end_time":1770634693282,"status":"COMPLETED"}}
INFO ServiceThread-P3_Place-14003 org.btsn.handlers.ServiceThread - ORCHESTRATOR: Completed callNextOperation for P4_Place, published=true
INFO ServiceThread-P3_Place-14003 org.btsn.handlers.ServiceThread - ORCHESTRATOR: Successfully published to P4_Place via EventPublisher
ERROR ServiceThread-P3_Place-14003 org.btsn.handlers.ServiceThread - monitorIncomingEvents: true
DEBUG ServiceThread-P3_Place-14003 org.btsn.handlers.ServiceThread - TIMING: Using EventReactor arrival time=1770634691942 for seqID=1060002
DEBUG ServiceThread-P3_Place-14003 org.btsn.handlers.ServiceThread - WRITE: Using captured workflowStartTime=1770634690342 for seqID=1060002
INFO ServiceThread-P3_Place-14003 org.btsn.handlers.ServiceThread - === SERVICE TIMING RECORD ===
INFO ServiceThread-P3_Place-14003 org.btsn.handlers.ServiceThread -   Sequence ID: 1060002
INFO ServiceThread-P3_Place-14003 org.btsn.handlers.ServiceThread -   Service: P3_Place
INFO ServiceThread-P3_Place-14003 org.btsn.handlers.ServiceThread -   Operation: processToken
INFO ServiceThread-P3_Place-14003 org.btsn.handlers.ServiceThread -   Arrival Time (EventReactor): 1770634691942
INFO ServiceThread-P3_Place-14003 org.btsn.handlers.ServiceThread -   Invocation Time: 1770634692696
INFO ServiceThread-P3_Place-14003 org.btsn.handlers.ServiceThread -   Publish Time: 1770634693574
INFO ServiceThread-P3_Place-14003 org.btsn.handlers.ServiceThread -   Workflow Start Time: 1770634690342
INFO ServiceThread-P3_Place-14003 org.btsn.handlers.ServiceThread -   MARKING: Buffer=0, Total=1, Capacity=50
INFO ServiceThread-P3_Place-14003 org.btsn.handlers.ServiceThread - ==============================
INFO ServiceThread-P3_Place-14003 org.btsn.derby.Analysis.BuildServiceAnalysisDatabase - Wrote service timing record for sequenceID: 1060002
DEBUG ServiceThread-P3_Place-14003 org.btsn.handlers.ServiceThread -   Queue Time (including priority queue): 754ms
DEBUG ServiceThread-P3_Place-14003 org.btsn.handlers.ServiceThread -   Service Time: 878ms
DEBUG ServiceThread-P3_Place-14003 org.btsn.handlers.ServiceThread -   Total Time: 1632ms
DEBUG ServiceThread-P3_Place-14003 org.btsn.handlers.ServiceThread -   Buffer Utilization: 0.0%
DEBUG ServiceThread-P3_Place-14003 org.btsn.handlers.ServiceThread - ORCHESTRATOR: Cleaned up join 1060000
DEBUG ServiceThread-P3_Place-14003 org.btsn.handlers.ServiceThread - ORCHESTRATOR: Service P3_Place sequence ID: 1060000 complete.
DEBUG ServiceThread-P3_Place-14003 org.btsn.handlers.ServiceThread - ORCHESTRATOR: Processing:: token = {"token":{"annotation":"{\"place\":\"P1\",\"entryTime\":1770634695004,\"exitTime\":1770634695112,\"residenceTime\":108,\"delayMs\":0,\"marking\":1,\"capacity\":1,\"distribution\":\"DETERMINISTIC\",\"routingPath\":\"true\"}","notAfter":1770634813737,"tokenId":"1080000","data":{"delayMs":"0","place":"P1","distribution":"DETERMINISTIC"},"workflow_start_time":1770634693737,"placeId":"token","routing_decision":{"probability":0.5,"guard_result":true,"routing_path":"true"},"service_start_time":1770634695003,"version":"v001","executionTime":108,"marking":1,"currentPlace":"P1_Place","service_processing_time_ms":112,"original_token":"{\"notAfter\":1770634813737,\"tokenId\":\"1080000\",\"data\":{},\"workflow_start_time\":1770634693737,\"currentPlace\":\"P1_Place\",\"version\":\"v001\"}","service_end_time":1770634695115,"status":"COMPLETED"}}
DEBUG ServiceThread-P3_Place-14003 org.btsn.handlers.ServiceThread - CAPTURE: WorkflowStartTime=1770634693737 for seqID=1080002
INFO ServiceThread-P3_Place-14003 org.btsn.handlers.ServiceThread - Incoming Sequence ID = 1080002
INFO ServiceThread-P3_Place-14003 org.btsn.handlers.ServiceThread - MonitorIncomingEvents+ = true
DEBUG ServiceThread-P3_Place-14003 org.btsn.handlers.ServiceThread - Using RuleBaseVersion: v001
DEBUG ServiceThread-P3_Place-14003 org.btsn.handlers.ServiceThread - FILTER: Event for P3_Place.processToken accepted by P3_Place thread
WARN ServiceThread-P3_Place-14003 org.btsn.json.jsonLibrary - Key "token" already exists. Skipping.
DEBUG ServiceThread-P3_Place-14003 org.btsn.handlers.ServiceThread - JOIN-MAP: Added key=token to join 1080000 (tokenId=1080002, mapSize=1)
INFO ServiceThread-P3_Place-14003 org.btsn.handlers.ServiceThread - DEBUG: Loading rule base for operation: processToken
INFO ServiceThread-P3_Place-14003 org.btsn.handlers.ServiceThread - DEBUG: Rule base location: C:\DevShare\BTSN_R001\BTSN\btsn.petrinet.places.p3/RuleFolder.v001/processToken/Service.ruleml
INFO ServiceThread-P3_Place-14003 org.btsn.handlers.ServiceThread - DEBUG: Using cached knowledge base for version: v001
INFO ServiceThread-P3_Place-14003 org.btsn.handlers.ServiceThread - DEBUG: Parsing knowledge base...
INFO ServiceThread-P3_Place-14003 org.btsn.handlers.ServiceThread - DEBUG: Knowledge base parsed successfully
DEBUG ServiceThread-P3_Place-14003 org.btsn.handlers.ServiceThread - CANONICAL-BINDING: Checking canonical binding for P3_Place.processToken with attribute 'token'
DEBUG ServiceThread-P3_Place-14003 org.btsn.handlers.ServiceThread - CANONICAL-BINDING: Operation processToken uses standard (AND) semantics
INFO ServiceThread-P3_Place-14003 org.btsn.handlers.ServiceThread - CANONICAL-BINDING: processToken requires 1 inputs total (standard AND logic)
INFO ServiceThread-P3_Place-14003 org.btsn.handlers.ServiceThread - CANONICAL-BINDING: processToken needs 1 input - can call immediately with 'token'
INFO ServiceThread-P3_Place-14003 org.btsn.handlers.ServiceThread - ORCHESTRATOR: Canonical binding found - overriding serviceName facts
INFO ServiceThread-P3_Place-14003 org.btsn.handlers.ServiceThread - ORCHESTRATOR: Overrode inputCollection for canonical binding
DEBUG ServiceThread-P3_Place-14003 org.btsn.handlers.ServiceThread - decisionValueCollection already populated from publishes query - skipping legacy getDecisionValue
DEBUG ServiceThread-P3_Place-14003 org.btsn.handlers.PetriNetInstrumentationHelper - Token 1080002 buffered at T_in_P3_Place (buffer=0)
DEBUG ServiceThread-P3_Place-14003 org.btsn.handlers.PetriNetInstrumentationHelper - Could not extract previousPlace from payload
DEBUG ServiceThread-P3_Place-14003 org.btsn.derby.Analysis.BuildServiceAnalysisDatabase - Wrote transition firing: T_in_P3 token=1080002 eventType=BUFFERED
DEBUG ServiceThread-P3_Place-14003 org.btsn.handlers.PetriNetInstrumentationHelper - Recorded transition: T_in_P3 (EdgeNode) token=1080002  -> P3_Place [BUFFERED] buffer=0
DEBUG ServiceThread-P3_Place-14003 org.btsn.handlers.ServiceThread - PETRI-NET: Token 1080002 BUFFERED at P3_Place (T_in arrival)
DEBUG ServiceThread-P3_Place-14003 org.btsn.handlers.PetriNetInstrumentationHelper - Token 1080002 entering place: P3_Place (buffer=0)
DEBUG ServiceThread-P3_Place-14003 org.btsn.handlers.PetriNetInstrumentationHelper - Could not extract previousPlace from payload
DEBUG ServiceThread-P3_Place-14003 org.btsn.derby.Analysis.BuildServiceAnalysisDatabase - Wrote transition firing: T_in_P3 token=1080002 eventType=ENTER
DEBUG ServiceThread-P3_Place-14003 org.btsn.handlers.PetriNetInstrumentationHelper - Recorded transition: T_in_P3 (EdgeNode) token=1080002  -> P3_Place [ENTER] buffer=0
DEBUG ServiceThread-P3_Place-14003 org.btsn.handlers.ServiceThread - PETRI-NET: Token 1080002 ENTER at P3_Place
INFO ServiceThread-P3_Place-14003 org.btsn.handlers.ServiceThread - DEBUG: About to check inputCollection.isEmpty() - size: 1
INFO ServiceThread-P3_Place-14003 org.btsn.handlers.ServiceThread - DEBUG: inputCollection contents: [null]
INFO ServiceThread-P3_Place-14003 org.btsn.handlers.ServiceThread - DEBUG: nodeType: EdgeNode
INFO ServiceThread-P3_Place-14003 org.btsn.handlers.ServiceThread - DEBUG: needsInputSynchronization: false
INFO ServiceThread-P3_Place-14003 org.btsn.handlers.ServiceThread - DEBUG: Past inputCollection check, about to enter JOIN processing
INFO ServiceThread-P3_Place-14003 org.btsn.handlers.ServiceThread - DEBUG: inputCollection.get(0): null
INFO ServiceThread-P3_Place-14003 org.btsn.handlers.ServiceThread - ORCHESTRATOR: Zero-input service P3_Place:processToken executing with trigger token (no workflow data required)
INFO ServiceThread-P3_Place-14003 org.btsn.handlers.ServiceThread - ORCHESTRATOR: Processing EdgeNode for P3_Place.processToken
INFO ServiceThread-P3_Place-14003 org.btsn.handlers.TransitionHandler - ORCHESTRATOR: Processing EdgeNode/MergeNode for P3_Place.processToken
DEBUG ServiceThread-P3_Place-14003 org.btsn.handlers.ServiceThread - CANONICAL-BINDING: Checking canonical binding for P3_Place.processToken with attribute 'token'
DEBUG ServiceThread-P3_Place-14003 org.btsn.handlers.ServiceThread - CANONICAL-BINDING: Operation processToken uses standard (AND) semantics
INFO ServiceThread-P3_Place-14003 org.btsn.handlers.ServiceThread - CANONICAL-BINDING: processToken requires 1 inputs total (standard AND logic)
INFO ServiceThread-P3_Place-14003 org.btsn.handlers.ServiceThread - CANONICAL-BINDING: processToken needs 1 input - can call immediately with 'token'
INFO ServiceThread-P3_Place-14003 org.btsn.handlers.ServiceThread - ORCHESTRATOR: Found single-input canonical binding - calling P3_Place.processToken immediately
INFO ServiceThread-P3_Place-14003 org.btsn.handlers.ServiceThread - ORCHESTRATOR: Invoking P3_Place.processToken via ServiceHelper (canonical binding)
INFO ServiceThread-P3_Place-14003 org.btsn.handlers.ServiceHelper - === SERVICE INVOCATION START ===
INFO ServiceThread-P3_Place-14003 org.btsn.handlers.ServiceHelper - Service: org.btsn.places.P3_Place.processToken
INFO ServiceThread-P3_Place-14003 org.btsn.handlers.ServiceHelper - SequenceID: 1080000
INFO ServiceThread-P3_Place-14003 org.btsn.handlers.ServiceHelper - Input arguments count: 1
DEBUG ServiceThread-P3_Place-14003 org.btsn.handlers.ServiceHelper - Processing argument 1/1, raw length: 842
DEBUG ServiceThread-P3_Place-14003 org.btsn.handlers.ServiceHelper - ENRICHMENT: Unwrapped place response from key: token
DEBUG ServiceThread-P3_Place-14003 org.btsn.handlers.ServiceHelper - ENRICHMENT: Found existing original_token to preserve
DEBUG ServiceThread-P3_Place-14003 org.btsn.handlers.ServiceHelper - ENRICHMENT: Extracted workflow_start_time=1770634693737
DEBUG ServiceThread-P3_Place-14003 org.btsn.handlers.ServiceHelper - ENRICHMENT: Cleaned argument 1, length: 842 (removed 0 bytes of metadata)
INFO ServiceThread-P3_Place-14003 org.btsn.handlers.ServiceHelper - ENRICHMENT: Extracted 1 clean business data arguments (removed infrastructure metadata)
INFO ServiceThread-P3_Place-14003 org.btsn.handlers.ServiceHelper - SERVICE INVOKE: Calling org.btsn.places.P3_Place.processToken with 1 CLEAN business data arguments
DEBUG ServiceThread-P3_Place-14003 org.btsn.handlers.ServiceHelper - INVOKE: Reflecting on org.btsn.places.P3_Place.processToken
DEBUG ServiceThread-P3_Place-14003 org.btsn.handlers.ServiceHelper - INVOKE: Looking for method with 1 String parameters
INFO ServiceThread-P3_Place-14003 org.btsn.logger.PetriNetEventLogger - PLACE_CREATED: placeId=P3, sequenceId=1080000, type=P3, capacity=1
DEBUG ServiceThread-P3_Place-14003 org.btsn.handlers.ServiceHelper - INVOKE: Created instance using 1-param constructor (context) for org.btsn.places.P3_Place
DEBUG ServiceThread-P3_Place-14003 org.btsn.handlers.ServiceHelper - INVOKE: Found standard method (1 String args)
DEBUG ServiceThread-P3_Place-14003 org.btsn.handlers.ServiceHelper - INVOKE: Calling processToken with 1 arguments
INFO ServiceThread-P3_Place-14003 org.btsn.logger.PetriNetEventLogger - TOKEN_ARRIVAL: placeId=P3, sequenceId=1080000, token=Token{id='1080000', version='v001', place='P1_Place', processType='null', data={delayMs=0, place=P1, distribution=DETERMINISTIC, workflow_start_time=1770634693737}, valid=true}
INFO ServiceThread-P3_Place-14003 org.btsn.logger.PetriNetEventLogger - CAPACITY_CHECK: placeId=P3, sequenceId=1080000, M(P)=0, capacity=1, hasCapacity=true
INFO ServiceThread-P3_Place-14003 org.btsn.logger.PetriNetEventLogger - MARKING_CHANGE: placeId=P3, sequenceId=1080000, M(P)=1, reason=token_accepted
INFO ServiceThread-P3_Place-14003 org.btsn.logger.PetriNetEventLogger - TOKEN_HELD: placeId=P3, sequenceId=1080000, token=Token{id='1080000', version='v001', place='P1_Place', processType='null', data={delayMs=0, place=P1, distribution=DETERMINISTIC, workflow_start_time=1770634693737}, valid=true}, M(P)=1, capacity=1
INFO ServiceThread-P3_Place-14003 org.btsn.logger.PetriNetEventLogger - VALIDITY_WINDOW_CHECK: placeId=P3, sequenceId=1080000, currentTime=1770634696614, notAfter=1770634813737, valid=true
INFO ServiceThread-P3_Place-14003 org.btsn.logger.PetriNetEventLogger - PLACE_EXECUTION: placeId=P3, sequenceId=1080000, executionTime=104ms, result=COMPLETED
INFO ServiceThread-P3_Place-14003 org.btsn.base.BaseStochasticPetriNetPlace - PN_PROCESS: place=P3, seq=1080000, guard=true, delay=0ms, total=104ms
INFO ServiceThread-P3_Place-14003 org.btsn.logger.PetriNetEventLogger - MARKING_CHANGE: placeId=P3, sequenceId=1080000, M(P)=0, reason=token_released
INFO ServiceThread-P3_Place-14003 org.btsn.logger.PetriNetEventLogger - TOKEN_RELEASED: placeId=P3, sequenceId=1080000, token=Token{id='1080000', version='v001', place='P1_Place', processType='null', data={delayMs=0, place=P1, distribution=DETERMINISTIC, workflow_start_time=1770634693737}, valid=true}, M(P)=0
INFO ServiceThread-P3_Place-14003 org.btsn.logger.PetriNetEventLogger - TOKEN_DEPARTURE: placeId=P3, sequenceId=1080000, token=Token{id='1080000', version='v001', place='P1_Place', processType='null', data={delayMs=0, place=P1, distribution=DETERMINISTIC, workflow_start_time=1770634693737}, valid=true}, annotation={"place":"P3","entryTime":1770634696510,"exitTime":1770634696614,"residenceTime":104,"delayMs":0,"marking":1,"capacity":1,"distribution":"DETERMINISTIC","routingPath":"true"}
INFO ServiceThread-P3_Place-14003 org.btsn.handlers.ServiceHelper - SERVICE COMPLETE: org.btsn.places.P3_Place.processToken completed in 112ms
DEBUG ServiceThread-P3_Place-14003 org.btsn.handlers.ServiceHelper - ENRICHMENT: Using wrapped response key 'token' instead of 'token_branch1'
INFO ServiceThread-P3_Place-14003 org.btsn.handlers.ServiceHelper - ENRICHMENT: Successfully enriched service result with metadata
INFO ServiceThread-P3_Place-14003 org.btsn.handlers.ServiceHelper - === SERVICE INVOCATION COMPLETE ===
INFO ServiceThread-P3_Place-14003 org.btsn.handlers.TransitionHandler - ORCHESTRATOR: Service returned: {"token":{"annotation":"{\"place\":\"P3\",\"entryTime\":1770634696510,\"exitTime\":1770634696614,\"residenceTime\":104,\"delayMs\":0,\"marking\":1,\"capacity\":1,\"distribution\":\"DETERMINISTIC\",\"routingPath\":\"true\"}","notAfter":1770634813737,"tokenId":"1080000","data":{"delayMs":"0","place":"P3","distribution":"DETERMINISTIC"},"workflow_start_time":1770634693737,"placeId":"token","routing_decision":{"probability":0.5,"guard_result":true,"routing_path":"true"},"service_start_time":1770634696504,"version":"v001","executionTime":104,"marking":1,"currentPlace":"P1_Place","service_processing_time_ms":112,"original_token":"{\"notAfter\":1770634813737,\"tokenId\":\"1080000\",\"data\":{},\"workflow_start_time\":1770634693737,\"currentPlace\":\"P1_Place\",\"version\":\"v001\"}","service_end_time":1770634696616,"status":"COMPLETED"}}
DEBUG ServiceThread-P3_Place-14003 org.btsn.handlers.PetriNetInstrumentationHelper - Token 1080002 exiting place: P3_Place -> P4_Place [arc=$ANON11]
DEBUG ServiceThread-P3_Place-14003 org.btsn.derby.Analysis.BuildServiceAnalysisDatabase - Wrote transition firing: T_out_P3 token=1080002 eventType=EXIT
DEBUG ServiceThread-P3_Place-14003 org.btsn.handlers.PetriNetInstrumentationHelper - Recorded transition: T_out_P3 (EdgeNode) token=1080002 P3_Place -> P4_Place [EXIT] arc=$ANON11
DEBUG ServiceThread-P3_Place-14003 org.btsn.handlers.ServiceThread - PETRI-NET: Token 1080002 EXIT from P3_Place -> P4_Place.processToken [arc=$ANON11]
INFO ServiceThread-P3_Place-14003 org.btsn.handlers.ServiceThread - DEBUG: Querying activeService for P4_Place.processToken
INFO ServiceThread-P3_Place-14003 org.btsn.handlers.ServiceThread - DEBUG: ActiveService query returned 2 rows
INFO ServiceThread-P3_Place-14003 org.btsn.handlers.ServiceThread - DEBUG: ActiveService result - ?channelId = ip0
INFO ServiceThread-P3_Place-14003 org.btsn.handlers.ServiceThread - DEBUG: ActiveService result - ?port = 4004
INFO ServiceThread-P3_Place-14003 org.btsn.handlers.ServiceThread - ORCHESTRATOR: APPLYING activeService override - Channel: ip0, Port: 4004
INFO ServiceThread-P3_Place-14003 org.btsn.handlers.ServiceThread - ORCHESTRATOR: Resolved ip0 to IP 192.168.1.152
DEBUG ServiceThread-P3_Place-14003 org.btsn.handlers.ServiceThread - ROUTING: External to P4_Place -> 'token_branch1'
INFO ServiceThread-P3_Place-14003 org.btsn.handlers.ServiceThread - ROUTING: Token 1080002 -> 'token_branch1' to P4_Place.processToken
INFO ServiceThread-P3_Place-14003 org.btsn.handlers.ServiceThread - ORCHESTRATOR: Publishing to Service P4_Place Operation: processToken
INFO ServiceThread-P3_Place-14003 org.btsn.handlers.ServiceThread - ORCHESTRATOR: Channel: 192.168.1.152, Port: 4004
INFO ServiceThread-P3_Place-14003 org.btsn.handlers.ServiceThread - ORCHESTRATOR: Attribute token_branch1 = {"token":{"annotation":"{\"place\":\"P3\",\"entryTime\":1770634696510,\"exitTime\":1770634696614,\"residenceTime\":104,\"delayMs\":0,\"marking\":1,\"capacity\":1,\"distribution\":\"DETERMINISTIC\",\"routingPath\":\"true\"}","notAfter":1770634813737,"tokenId":"1080000","data":{"delayMs":"0","place":"P3","distribution":"DETERMINISTIC"},"workflow_start_time":1770634693737,"placeId":"token","routing_decision":{"probability":0.5,"guard_result":true,"routing_path":"true"},"service_start_time":1770634696504,"version":"v001","executionTime":104,"marking":1,"currentPlace":"P1_Place","service_processing_time_ms":112,"original_token":"{\"notAfter\":1770634813737,\"tokenId\":\"1080000\",\"data\":{},\"workflow_start_time\":1770634693737,\"currentPlace\":\"P1_Place\",\"version\":\"v001\"}","service_end_time":1770634696616,"status":"COMPLETED"}}
INFO ServiceThread-P3_Place-14003 org.btsn.handlers.ServiceThread - ORCHESTRATOR: Completed callNextOperation for P4_Place, published=true
INFO ServiceThread-P3_Place-14003 org.btsn.handlers.ServiceThread - ORCHESTRATOR: Successfully published to P4_Place via EventPublisher
ERROR ServiceThread-P3_Place-14003 org.btsn.handlers.ServiceThread - monitorIncomingEvents: true
DEBUG ServiceThread-P3_Place-14003 org.btsn.handlers.ServiceThread - TIMING: Using EventReactor arrival time=1770634695431 for seqID=1080002
DEBUG ServiceThread-P3_Place-14003 org.btsn.handlers.ServiceThread - WRITE: Using captured workflowStartTime=1770634693737 for seqID=1080002
INFO ServiceThread-P3_Place-14003 org.btsn.handlers.ServiceThread - === SERVICE TIMING RECORD ===
INFO ServiceThread-P3_Place-14003 org.btsn.handlers.ServiceThread -   Sequence ID: 1080002
INFO ServiceThread-P3_Place-14003 org.btsn.handlers.ServiceThread -   Service: P3_Place
INFO ServiceThread-P3_Place-14003 org.btsn.handlers.ServiceThread -   Operation: processToken
INFO ServiceThread-P3_Place-14003 org.btsn.handlers.ServiceThread -   Arrival Time (EventReactor): 1770634695431
INFO ServiceThread-P3_Place-14003 org.btsn.handlers.ServiceThread -   Invocation Time: 1770634696071
INFO ServiceThread-P3_Place-14003 org.btsn.handlers.ServiceThread -   Publish Time: 1770634696715
INFO ServiceThread-P3_Place-14003 org.btsn.handlers.ServiceThread -   Workflow Start Time: 1770634693737
INFO ServiceThread-P3_Place-14003 org.btsn.handlers.ServiceThread -   MARKING: Buffer=0, Total=1, Capacity=50
INFO ServiceThread-P3_Place-14003 org.btsn.handlers.ServiceThread - ==============================
INFO ServiceThread-P3_Place-14003 org.btsn.derby.Analysis.BuildServiceAnalysisDatabase - Wrote service timing record for sequenceID: 1080002
DEBUG ServiceThread-P3_Place-14003 org.btsn.handlers.ServiceThread -   Queue Time (including priority queue): 640ms
DEBUG ServiceThread-P3_Place-14003 org.btsn.handlers.ServiceThread -   Service Time: 644ms
DEBUG ServiceThread-P3_Place-14003 org.btsn.handlers.ServiceThread -   Total Time: 1284ms
DEBUG ServiceThread-P3_Place-14003 org.btsn.handlers.ServiceThread -   Buffer Utilization: 0.0%
DEBUG ServiceThread-P3_Place-14003 org.btsn.handlers.ServiceThread - ORCHESTRATOR: Cleaned up join 1080000
DEBUG ServiceThread-P3_Place-14003 org.btsn.handlers.ServiceThread - ORCHESTRATOR: Service P3_Place sequence ID: 1080000 complete.
DEBUG ServiceThread-P3_CollectorService-14102 org.btsn.handlers.ServiceThread - ORCHESTRATOR: Processing:: token = {"token":"workflow_1000000_v001"}
DEBUG ServiceThread-P3_CollectorService-14102 org.btsn.handlers.ServiceThread - CAPTURE: WorkflowStartTime=1770634719169 for seqID=1000000
INFO ServiceThread-P3_CollectorService-14102 org.btsn.handlers.ServiceThread - Incoming Sequence ID = 1000000
INFO ServiceThread-P3_CollectorService-14102 org.btsn.handlers.ServiceThread - MonitorIncomingEvents+ = true
DEBUG ServiceThread-P3_CollectorService-14102 org.btsn.handlers.ServiceThread - Using RuleBaseVersion: v999
DEBUG ServiceThread-P3_CollectorService-14102 org.btsn.handlers.ServiceThread - FILTER: Event for P3_CollectorService.collectAllData accepted by P3_CollectorService thread
WARN ServiceThread-P3_CollectorService-14102 org.btsn.json.jsonLibrary - Key "token" already exists. Skipping.
DEBUG ServiceThread-P3_CollectorService-14102 org.btsn.handlers.ServiceThread - JOIN-MAP: Added key=token to join 1000000 (tokenId=1000000, mapSize=1)
INFO ServiceThread-P3_CollectorService-14102 org.btsn.handlers.ServiceThread - DEBUG: Loading rule base for operation: collectAllData
INFO ServiceThread-P3_CollectorService-14102 org.btsn.handlers.ServiceThread - DEBUG: Rule base location: C:\DevShare\BTSN_R001\BTSN\btsn.petrinet.places.p3/RuleFolder.v999/collectAllData/Service.ruleml
INFO ServiceThread-P3_CollectorService-14102 org.btsn.handlers.ServiceThread - DEBUG: Loading fresh knowledge base from: C:\DevShare\BTSN_R001\BTSN\btsn.petrinet.places.p3/RuleFolder.v999/collectAllData/Service.ruleml
INFO ServiceThread-P3_CollectorService-14102 org.btsn.handlers.ServiceThread - DEBUG: Loaded knowledge base length: 13498
DEBUG ServiceThread-P3_CollectorService-14102 org.btsn.handlers.ServiceThread - DEBUG: Knowledge base content preview: <Assert>
<Rulebase mapClosure="universal">
<!-- Version On -->
<Data><Atom><Rel>Version</Rel><Ind>v999</Ind></Atom></Data>
<!-- Common Rules to all services -->
<!-- 
This is the rule determines the operational parameters associated with
the destination service.
 -->
<Implies>
	<then>
		<Atom>
			<Rel>publishes</Rel>
			<Var>service</Var>
			<Var>condition</Var>
			<Var>operation</Var>
			<Var>channel</Var>
			<Var>ip</Var>
			<Var>port</Var>
			<Var>decisionValue</Var>
		</A
INFO ServiceThread-P3_CollectorService-14102 org.btsn.handlers.ServiceThread - DEBUG: Parsing knowledge base...
INFO ServiceThread-P3_CollectorService-14102 org.btsn.handlers.ServiceThread - DEBUG: Knowledge base parsed successfully
DEBUG ServiceThread-P3_CollectorService-14102 org.btsn.handlers.ServiceThread - CANONICAL-BINDING: Checking canonical binding for P3_CollectorService.collectAllData with attribute 'token'
DEBUG ServiceThread-P3_CollectorService-14102 org.btsn.handlers.ServiceThread - CANONICAL-BINDING: Operation collectAllData uses standard (AND) semantics
INFO ServiceThread-P3_CollectorService-14102 org.btsn.handlers.ServiceThread - CANONICAL-BINDING: collectAllData requires 1 inputs total (standard AND logic)
INFO ServiceThread-P3_CollectorService-14102 org.btsn.handlers.ServiceThread - CANONICAL-BINDING: collectAllData needs 1 input - can call immediately with 'token'
INFO ServiceThread-P3_CollectorService-14102 org.btsn.handlers.ServiceThread - ORCHESTRATOR: Canonical binding found - overriding serviceName facts
INFO ServiceThread-P3_CollectorService-14102 org.btsn.handlers.ServiceThread - ORCHESTRATOR: Overrode inputCollection for canonical binding
WARN ServiceThread-P3_CollectorService-14102 org.btsn.handlers.ServiceThread - Using legacy getDecisionValue - consider updating CoreRuleBase to include decisionValue in publishes
DEBUG ServiceThread-P3_CollectorService-14102 org.btsn.handlers.PetriNetInstrumentationHelper - Token 1000000 buffered at T_in_P3_CollectorService (buffer=0)
DEBUG ServiceThread-P3_CollectorService-14102 org.btsn.handlers.PetriNetInstrumentationHelper - Could not extract previousPlace from payload
WARN ServiceThread-P3_CollectorService-14102 org.btsn.handlers.PetriNetInstrumentationHelper - NAMING CONVENTION VIOLATION: Service 'P3_CollectorService' does not end with '_Place'. Expected format: {NodeName}_Place. Transition IDs may not match topology. Please rename the service.
DEBUG ServiceThread-P3_CollectorService-14102 org.btsn.derby.Analysis.BuildServiceAnalysisDatabase - Wrote transition firing: T_in_P3_CollectorService token=1000000 eventType=BUFFERED
DEBUG ServiceThread-P3_CollectorService-14102 org.btsn.handlers.PetriNetInstrumentationHelper - Recorded transition: T_in_P3_CollectorService (EdgeNode) token=1000000  -> P3_CollectorService [BUFFERED] buffer=0
DEBUG ServiceThread-P3_CollectorService-14102 org.btsn.handlers.ServiceThread - PETRI-NET: Token 1000000 BUFFERED at P3_CollectorService (T_in arrival)
DEBUG ServiceThread-P3_CollectorService-14102 org.btsn.handlers.PetriNetInstrumentationHelper - Token 1000000 entering place: P3_CollectorService (buffer=0)
DEBUG ServiceThread-P3_CollectorService-14102 org.btsn.handlers.PetriNetInstrumentationHelper - Could not extract previousPlace from payload
WARN ServiceThread-P3_CollectorService-14102 org.btsn.handlers.PetriNetInstrumentationHelper - NAMING CONVENTION VIOLATION: Service 'P3_CollectorService' does not end with '_Place'. Expected format: {NodeName}_Place. Transition IDs may not match topology. Please rename the service.
DEBUG ServiceThread-P3_CollectorService-14102 org.btsn.derby.Analysis.BuildServiceAnalysisDatabase - Wrote transition firing: T_in_P3_CollectorService token=1000000 eventType=ENTER
DEBUG ServiceThread-P3_CollectorService-14102 org.btsn.handlers.PetriNetInstrumentationHelper - Recorded transition: T_in_P3_CollectorService (EdgeNode) token=1000000  -> P3_CollectorService [ENTER] buffer=0
DEBUG ServiceThread-P3_CollectorService-14102 org.btsn.handlers.ServiceThread - PETRI-NET: Token 1000000 ENTER at P3_CollectorService
INFO ServiceThread-P3_CollectorService-14102 org.btsn.handlers.ServiceThread - DEBUG: About to check inputCollection.isEmpty() - size: 1
INFO ServiceThread-P3_CollectorService-14102 org.btsn.handlers.ServiceThread - DEBUG: inputCollection contents: [null]
INFO ServiceThread-P3_CollectorService-14102 org.btsn.handlers.ServiceThread - DEBUG: nodeType: EdgeNode
INFO ServiceThread-P3_CollectorService-14102 org.btsn.handlers.ServiceThread - DEBUG: needsInputSynchronization: false
INFO ServiceThread-P3_CollectorService-14102 org.btsn.handlers.ServiceThread - DEBUG: Past inputCollection check, about to enter JOIN processing
INFO ServiceThread-P3_CollectorService-14102 org.btsn.handlers.ServiceThread - DEBUG: inputCollection.get(0): null
INFO ServiceThread-P3_CollectorService-14102 org.btsn.handlers.ServiceThread - ORCHESTRATOR: Zero-input service P3_CollectorService:collectAllData executing with trigger token (no workflow data required)
INFO ServiceThread-P3_CollectorService-14102 org.btsn.handlers.ServiceThread - ORCHESTRATOR: Processing EdgeNode for P3_CollectorService.collectAllData
INFO ServiceThread-P3_CollectorService-14102 org.btsn.handlers.TransitionHandler - ORCHESTRATOR: Processing EdgeNode/MergeNode for P3_CollectorService.collectAllData
DEBUG ServiceThread-P3_CollectorService-14102 org.btsn.handlers.ServiceThread - CANONICAL-BINDING: Checking canonical binding for P3_CollectorService.collectAllData with attribute 'token'
DEBUG ServiceThread-P3_CollectorService-14102 org.btsn.handlers.ServiceThread - CANONICAL-BINDING: Operation collectAllData uses standard (AND) semantics
INFO ServiceThread-P3_CollectorService-14102 org.btsn.handlers.ServiceThread - CANONICAL-BINDING: collectAllData requires 1 inputs total (standard AND logic)
INFO ServiceThread-P3_CollectorService-14102 org.btsn.handlers.ServiceThread - CANONICAL-BINDING: collectAllData needs 1 input - can call immediately with 'token'
INFO ServiceThread-P3_CollectorService-14102 org.btsn.handlers.ServiceThread - ORCHESTRATOR: Found single-input canonical binding - calling P3_CollectorService.collectAllData immediately
INFO ServiceThread-P3_CollectorService-14102 org.btsn.handlers.ServiceThread - ORCHESTRATOR: Invoking P3_CollectorService.collectAllData via ServiceHelper (canonical binding)
INFO ServiceThread-P3_CollectorService-14102 org.btsn.handlers.ServiceHelper - === SERVICE INVOCATION START ===
INFO ServiceThread-P3_CollectorService-14102 org.btsn.handlers.ServiceHelper - Service: org.btsn.places.P3_CollectorService.collectAllData
INFO ServiceThread-P3_CollectorService-14102 org.btsn.handlers.ServiceHelper - SequenceID: 1000000
INFO ServiceThread-P3_CollectorService-14102 org.btsn.handlers.ServiceHelper - Input arguments count: 1
DEBUG ServiceThread-P3_CollectorService-14102 org.btsn.handlers.ServiceHelper - Processing argument 1/1, raw length: 33
DEBUG ServiceThread-P3_CollectorService-14102 org.btsn.handlers.ServiceHelper - ENRICHMENT: First service - raw token IS original_token
INFO ServiceThread-P3_CollectorService-14102 org.btsn.handlers.ServiceHelper - ENRICHMENT: Initialized workflow start time (first service)
DEBUG ServiceThread-P3_CollectorService-14102 org.btsn.handlers.ServiceHelper - ENRICHMENT: Cleaned argument 1, length: 33 (removed 0 bytes of metadata)
INFO ServiceThread-P3_CollectorService-14102 org.btsn.handlers.ServiceHelper - ENRICHMENT: Extracted 1 clean business data arguments (removed infrastructure metadata)
INFO ServiceThread-P3_CollectorService-14102 org.btsn.handlers.ServiceHelper - SERVICE INVOKE: Calling org.btsn.places.P3_CollectorService.collectAllData with 1 CLEAN business data arguments
DEBUG ServiceThread-P3_CollectorService-14102 org.btsn.handlers.ServiceHelper - INVOKE: Reflecting on org.btsn.places.P3_CollectorService.collectAllData
DEBUG ServiceThread-P3_CollectorService-14102 org.btsn.handlers.ServiceHelper - INVOKE: Looking for method with 1 String parameters
DEBUG ServiceThread-P3_CollectorService-14102 org.btsn.handlers.ServiceHelper - INVOKE: Created instance using 3-param constructor (context, placeName, buildVersion) for org.btsn.places.P3_CollectorService
DEBUG ServiceThread-P3_CollectorService-14102 org.btsn.handlers.ServiceHelper - INVOKE: Found standard method (1 String args)
DEBUG ServiceThread-P3_CollectorService-14102 org.btsn.handlers.ServiceHelper - INVOKE: Calling collectAllData with 1 arguments
INFO ServiceThread-P3_CollectorService-14102 org.btsn.handlers.ServiceHelper - SERVICE COMPLETE: org.btsn.places.P3_CollectorService.collectAllData completed in 258ms
WARN ServiceThread-P3_CollectorService-14102 org.btsn.handlers.ServiceHelper - ENRICHMENT: Inner object is not a JSONObject, cannot enrich
INFO ServiceThread-P3_CollectorService-14102 org.btsn.handlers.ServiceHelper - ENRICHMENT: Successfully enriched service result with metadata
INFO ServiceThread-P3_CollectorService-14102 org.btsn.handlers.ServiceHelper - === SERVICE INVOCATION COMPLETE ===
INFO ServiceThread-P3_CollectorService-14102 org.btsn.handlers.TransitionHandler - ORCHESTRATOR: Service returned: {"monitoredPlace":"P3_Place","petriNetData":{"firingRecordCount":9,"workflowGroups":{"1000000":{"markingEvolution":[{"marking":1,"tokenId":1050002,"transitionId":"T_in_P3","toPlace":"P3_Place","workflowBase":1000000,"eventType":"BUFFERED","placeName":"P3_Place","timestamp":1770634689983,"bufferSize":0},{"marking":1,"tokenId":1050002,"transitionId":"T_in_P3","toPlace":"P3_Place","workflowBase":1000000,"eventType":"ENTER","placeName":"P3_Place","timestamp":1770634690068,"bufferSize":0},{"marking":0,"tokenId":1050002,"transitionId":"T_out_P3","toPlace":"P4_Place","workflowBase":1000000,"eventType":"EXIT","placeName":"P3_Place","timestamp":1770634690408,"bufferSize":0},{"marking":1,"tokenId":1060002,"transitionId":"T_in_P3","toPlace":"P3_Place","workflowBase":1000000,"eventType":"BUFFERED","placeName":"P3_Place","timestamp":1770634692641,"bufferSize":0},{"marking":1,"tokenId":1060002,"transitionId":"T_in_P3","toPlace":"P3_Place","workflowBase":1000000,"eventType":"ENTER","placeName":"P3_Place","timestamp":1770634692680,"bufferSize":0},{"marking":0,"tokenId":1060002,"transitionId":"T_out_P3","toPlace":"P4_Place","workflowBase":1000000,"eventType":"EXIT","placeName":"P3_Place","timestamp":1770634693283,"bufferSize":0},{"marking":1,"tokenId":1080002,"transitionId":"T_in_P3","toPlace":"P3_Place","workflowBase":1000000,"eventType":"BUFFERED","placeName":"P3_Place","timestamp":1770634695964,"bufferSize":0},{"marking":1,"tokenId":1080002,"transitionId":"T_in_P3","toPlace":"P3_Place","workflowBase":1000000,"eventType":"ENTER","placeName":"P3_Place","timestamp":1770634695981,"bufferSize":0},{"marking":0,"tokenId":1080002,"transitionId":"T_out_P3","toPlace":"P4_Place","workflowBase":1000000,"eventType":"EXIT","placeName":"P3_Place","timestamp":1770634696623,"bufferSize":0}],"tokenGenealogy":[],"tokenPaths":[{"entryTime":1770634689983,"exitTime":1770634690408,"residenceTime":425,"entryBufferSize":0,"tokenId":1050002,"exitBufferSize":0,"workflowBase":1000000,"placeName":"P3_Place"},{"entryTime":1770634690068,"exitTime":1770634690408,"residenceTime":340,"entryBufferSize":0,"tokenId":1050002,"exitBufferSize":0,"workflowBase":1000000,"placeName":"P3_Place"},{"entryTime":1770634692641,"exitTime":1770634693283,"residenceTime":642,"entryBufferSize":0,"tokenId":1060002,"exitBufferSize":0,"workflowBase":1000000,"placeName":"P3_Place"},{"entryTime":1770634692680,"exitTime":1770634693283,"residenceTime":603,"entryBufferSize":0,"tokenId":1060002,"exitBufferSize":0,"workflowBase":1000000,"placeName":"P3_Place"},{"entryTime":1770634695964,"exitTime":1770634696623,"residenceTime":659,"entryBufferSize":0,"tokenId":1080002,"exitBufferSize":0,"workflowBase":1000000,"placeName":"P3_Place"},{"entryTime":1770634695981,"exitTime":1770634696623,"residenceTime":642,"entryBufferSize":0,"tokenId":1080002,"exitBufferSize":0,"workflowBase":1000000,"placeName":"P3_Place"}],"transitionFirings":[{"tokenId":1050002,"transitionId":"T_in_P3","fromPlace":"","toPlace":"P3_Place","workflowBase":1000000,"eventType":"BUFFERED","placeName":"P3_Place","timestamp":1770634689983,"bufferSize":0},{"tokenId":1050002,"transitionId":"T_in_P3","fromPlace":"","toPlace":"P3_Place","workflowBase":1000000,"eventType":"ENTER","placeName":"P3_Place","timestamp":1770634690068,"bufferSize":0},{"tokenId":1050002,"transitionId":"T_out_P3","fromPlace":"P3_Place","toPlace":"P4_Place","workflowBase":1000000,"eventType":"EXIT","placeName":"P3_Place","timestamp":1770634690408,"bufferSize":0},{"tokenId":1060002,"transitionId":"T_in_P3","fromPlace":"","toPlace":"P3_Place","workflowBase":1000000,"eventType":"BUFFERED","placeName":"P3_Place","timestamp":1770634692641,"bufferSize":0},{"tokenId":1060002,"transitionId":"T_in_P3","fromPlace":"","toPlace":"P3_Place","workflowBase":1000000,"eventType":"ENTER","placeName":"P3_Place","timestamp":1770634692680,"bufferSize":0},{"tokenId":1060002,"transitionId":"T_out_P3","fromPlace":"P3_Place","toPlace":"P4_Place","workflowBase":1000000,"eventType":"EXIT","placeName":"P3_Place","timestamp":1770634693283,"bufferSize":0},{"tokenId":1080002,"transitionId":"T_in_P3","fromPlace":"","toPlace":"P3_Place","workflowBase":1000000,"eventType":"BUFFERED","placeName":"P3_Place","timestamp":1770634695964,"bufferSize":0},{"tokenId":1080002,"transitionId":"T_in_P3","fromPlace":"","toPlace":"P3_Place","workflowBase":1000000,"eventType":"ENTER","placeName":"P3_Place","timestamp":1770634695981,"bufferSize":0},{"tokenId":1080002,"transitionId":"T_out_P3","fromPlace":"P3_Place","toPlace":"P4_Place","workflowBase":1000000,"eventType":"EXIT","placeName":"P3_Place","timestamp":1770634696623,"bufferSize":0}],"statistics":[{"avgResidenceTime":551.0,"minResidenceTime":340,"maxBufferSize":0,"tokenCount":6,"maxResidenceTime":659,"workflowBase":1000000,"throughput":1.8148820326678765,"placeName":"P3_Place","avgBufferSize":0.0}]}},"pathRecordCount":6,"statisticsRecordCount":1,"markingRecordCount":9},"reportingService":"P3_CollectorService","collectionTime":1770634719540,"performanceData":{"workflowGroups":{"1770634688535":[{"maxQueueCapacity":50,"arrivalTime":1770634689232,"totalTime":1295,"workflowStartTime":1770634688535,"totalMarking":1,"serviceName":"P3_Place","sequenceId":1050002,"operation":"processToken","serviceTime":424,"queueTime":871,"bufferSize":0}],"1770634693737":[{"maxQueueCapacity":50,"arrivalTime":1770634695431,"totalTime":1284,"workflowStartTime":1770634693737,"totalMarking":1,"serviceName":"P3_Place","sequenceId":1080002,"operation":"processToken","serviceTime":644,"queueTime":640,"bufferSize":0}],"1770634690342":[{"maxQueueCapacity":50,"arrivalTime":1770634691942,"totalTime":1632,"workflowStartTime":1770634690342,"totalMarking":1,"serviceName":"P3_Place","sequenceId":1060002,"operation":"processToken","serviceTime":878,"queueTime":754,"bufferSize":0}]},"markingData":{"1770634688535":[{"publishTime":1770634690527,"maxQueueCapacity":50,"arrivalTime":1770634689232,"invocationTime":1770634690103,"workflowStartTime":1770634688535,"totalMarking":1,"serviceName":"P3_Place","sequenceId":1050002,"operation":"processToken","bufferSize":0}],"1770634693737":[{"publishTime":1770634696715,"maxQueueCapacity":50,"arrivalTime":1770634695431,"invocationTime":1770634696071,"workflowStartTime":1770634693737,"totalMarking":1,"serviceName":"P3_Place","sequenceId":1080002,"operation":"processToken","bufferSize":0}],"1770634690342":[{"publishTime":1770634693574,"maxQueueCapacity":50,"arrivalTime":1770634691942,"invocationTime":1770634692696,"workflowStartTime":1770634690342,"totalMarking":1,"serviceName":"P3_Place","sequenceId":1060002,"operation":"processToken","bufferSize":0}]},"timingRecordCount":3,"markingRecordCount":3},"reportingChannel":"unified_collection","serviceContext":"1000000","version":"v001","token":"{\"token\":\"workflow_1000000_v001\"}"}
DEBUG ServiceThread-P3_CollectorService-14102 org.btsn.handlers.PetriNetInstrumentationHelper - Token 1000000 exiting place: P3_CollectorService -> MonitorService [arc=$ANON11]
WARN ServiceThread-P3_CollectorService-14102 org.btsn.handlers.PetriNetInstrumentationHelper - NAMING CONVENTION VIOLATION: Service 'P3_CollectorService' does not end with '_Place'. Expected format: {NodeName}_Place. Transition IDs may not match topology. Please rename the service.
DEBUG ServiceThread-P3_CollectorService-14102 org.btsn.derby.Analysis.BuildServiceAnalysisDatabase - Wrote transition firing: T_out_P3_CollectorService token=1000000 eventType=EXIT
DEBUG ServiceThread-P3_CollectorService-14102 org.btsn.handlers.PetriNetInstrumentationHelper - Recorded transition: T_out_P3_CollectorService (EdgeNode) token=1000000 P3_CollectorService -> MonitorService [EXIT] arc=$ANON11
DEBUG ServiceThread-P3_CollectorService-14102 org.btsn.handlers.ServiceThread - PETRI-NET: Token 1000000 EXIT from P3_CollectorService -> MonitorService.writeCollectorData [arc=$ANON11]
INFO ServiceThread-P3_CollectorService-14102 org.btsn.handlers.ServiceThread - DEBUG: Querying activeService for MonitorService.writeCollectorData
INFO ServiceThread-P3_CollectorService-14102 org.btsn.handlers.ServiceThread - DEBUG: ActiveService query returned 2 rows
INFO ServiceThread-P3_CollectorService-14102 org.btsn.handlers.ServiceThread - DEBUG: ActiveService result - ?channelId = ip0
INFO ServiceThread-P3_CollectorService-14102 org.btsn.handlers.ServiceThread - DEBUG: ActiveService result - ?port = 3002
INFO ServiceThread-P3_CollectorService-14102 org.btsn.handlers.ServiceThread - ORCHESTRATOR: APPLYING activeService override - Channel: ip0, Port: 3002
INFO ServiceThread-P3_CollectorService-14102 org.btsn.handlers.ServiceThread - ORCHESTRATOR: Resolved ip0 to IP 192.168.1.152
DEBUG ServiceThread-P3_CollectorService-14102 org.btsn.handlers.ServiceThread - ROUTING: External to MonitorService -> 'token'
INFO ServiceThread-P3_CollectorService-14102 org.btsn.handlers.ServiceThread - ROUTING: Token 1000000 -> 'token' to MonitorService.writeCollectorData
INFO ServiceThread-P3_CollectorService-14102 org.btsn.handlers.ServiceThread - ORCHESTRATOR: Publishing to Service MonitorService Operation: writeCollectorData
INFO ServiceThread-P3_CollectorService-14102 org.btsn.handlers.ServiceThread - ORCHESTRATOR: Channel: 192.168.1.152, Port: 3002
INFO ServiceThread-P3_CollectorService-14102 org.btsn.handlers.ServiceThread - ORCHESTRATOR: Attribute token = {"monitoredPlace":"P3_Place","petriNetData":{"firingRecordCount":9,"workflowGroups":{"1000000":{"markingEvolution":[{"marking":1,"tokenId":1050002,"transitionId":"T_in_P3","toPlace":"P3_Place","workflowBase":1000000,"eventType":"BUFFERED","placeName":"P3_Place","timestamp":1770634689983,"bufferSize":0},{"marking":1,"tokenId":1050002,"transitionId":"T_in_P3","toPlace":"P3_Place","workflowBase":1000000,"eventType":"ENTER","placeName":"P3_Place","timestamp":1770634690068,"bufferSize":0},{"marking":0,"tokenId":1050002,"transitionId":"T_out_P3","toPlace":"P4_Place","workflowBase":1000000,"eventType":"EXIT","placeName":"P3_Place","timestamp":1770634690408,"bufferSize":0},{"marking":1,"tokenId":1060002,"transitionId":"T_in_P3","toPlace":"P3_Place","workflowBase":1000000,"eventType":"BUFFERED","placeName":"P3_Place","timestamp":1770634692641,"bufferSize":0},{"marking":1,"tokenId":1060002,"transitionId":"T_in_P3","toPlace":"P3_Place","workflowBase":1000000,"eventType":"ENTER","placeName":"P3_Place","timestamp":1770634692680,"bufferSize":0},{"marking":0,"tokenId":1060002,"transitionId":"T_out_P3","toPlace":"P4_Place","workflowBase":1000000,"eventType":"EXIT","placeName":"P3_Place","timestamp":1770634693283,"bufferSize":0},{"marking":1,"tokenId":1080002,"transitionId":"T_in_P3","toPlace":"P3_Place","workflowBase":1000000,"eventType":"BUFFERED","placeName":"P3_Place","timestamp":1770634695964,"bufferSize":0},{"marking":1,"tokenId":1080002,"transitionId":"T_in_P3","toPlace":"P3_Place","workflowBase":1000000,"eventType":"ENTER","placeName":"P3_Place","timestamp":1770634695981,"bufferSize":0},{"marking":0,"tokenId":1080002,"transitionId":"T_out_P3","toPlace":"P4_Place","workflowBase":1000000,"eventType":"EXIT","placeName":"P3_Place","timestamp":1770634696623,"bufferSize":0}],"tokenGenealogy":[],"tokenPaths":[{"entryTime":1770634689983,"exitTime":1770634690408,"residenceTime":425,"entryBufferSize":0,"tokenId":1050002,"exitBufferSize":0,"workflowBase":1000000,"placeName":"P3_Place"},{"entryTime":1770634690068,"exitTime":1770634690408,"residenceTime":340,"entryBufferSize":0,"tokenId":1050002,"exitBufferSize":0,"workflowBase":1000000,"placeName":"P3_Place"},{"entryTime":1770634692641,"exitTime":1770634693283,"residenceTime":642,"entryBufferSize":0,"tokenId":1060002,"exitBufferSize":0,"workflowBase":1000000,"placeName":"P3_Place"},{"entryTime":1770634692680,"exitTime":1770634693283,"residenceTime":603,"entryBufferSize":0,"tokenId":1060002,"exitBufferSize":0,"workflowBase":1000000,"placeName":"P3_Place"},{"entryTime":1770634695964,"exitTime":1770634696623,"residenceTime":659,"entryBufferSize":0,"tokenId":1080002,"exitBufferSize":0,"workflowBase":1000000,"placeName":"P3_Place"},{"entryTime":1770634695981,"exitTime":1770634696623,"residenceTime":642,"entryBufferSize":0,"tokenId":1080002,"exitBufferSize":0,"workflowBase":1000000,"placeName":"P3_Place"}],"transitionFirings":[{"tokenId":1050002,"transitionId":"T_in_P3","fromPlace":"","toPlace":"P3_Place","workflowBase":1000000,"eventType":"BUFFERED","placeName":"P3_Place","timestamp":1770634689983,"bufferSize":0},{"tokenId":1050002,"transitionId":"T_in_P3","fromPlace":"","toPlace":"P3_Place","workflowBase":1000000,"eventType":"ENTER","placeName":"P3_Place","timestamp":1770634690068,"bufferSize":0},{"tokenId":1050002,"transitionId":"T_out_P3","fromPlace":"P3_Place","toPlace":"P4_Place","workflowBase":1000000,"eventType":"EXIT","placeName":"P3_Place","timestamp":1770634690408,"bufferSize":0},{"tokenId":1060002,"transitionId":"T_in_P3","fromPlace":"","toPlace":"P3_Place","workflowBase":1000000,"eventType":"BUFFERED","placeName":"P3_Place","timestamp":1770634692641,"bufferSize":0},{"tokenId":1060002,"transitionId":"T_in_P3","fromPlace":"","toPlace":"P3_Place","workflowBase":1000000,"eventType":"ENTER","placeName":"P3_Place","timestamp":1770634692680,"bufferSize":0},{"tokenId":1060002,"transitionId":"T_out_P3","fromPlace":"P3_Place","toPlace":"P4_Place","workflowBase":1000000,"eventType":"EXIT","placeName":"P3_Place","timestamp":1770634693283,"bufferSize":0},{"tokenId":1080002,"transitionId":"T_in_P3","fromPlace":"","toPlace":"P3_Place","workflowBase":1000000,"eventType":"BUFFERED","placeName":"P3_Place","timestamp":1770634695964,"bufferSize":0},{"tokenId":1080002,"transitionId":"T_in_P3","fromPlace":"","toPlace":"P3_Place","workflowBase":1000000,"eventType":"ENTER","placeName":"P3_Place","timestamp":1770634695981,"bufferSize":0},{"tokenId":1080002,"transitionId":"T_out_P3","fromPlace":"P3_Place","toPlace":"P4_Place","workflowBase":1000000,"eventType":"EXIT","placeName":"P3_Place","timestamp":1770634696623,"bufferSize":0}],"statistics":[{"avgResidenceTime":551.0,"minResidenceTime":340,"maxBufferSize":0,"tokenCount":6,"maxResidenceTime":659,"workflowBase":1000000,"throughput":1.8148820326678765,"placeName":"P3_Place","avgBufferSize":0.0}]}},"pathRecordCount":6,"statisticsRecordCount":1,"markingRecordCount":9},"reportingService":"P3_CollectorService","collectionTime":1770634719540,"performanceData":{"workflowGroups":{"1770634688535":[{"maxQueueCapacity":50,"arrivalTime":1770634689232,"totalTime":1295,"workflowStartTime":1770634688535,"totalMarking":1,"serviceName":"P3_Place","sequenceId":1050002,"operation":"processToken","serviceTime":424,"queueTime":871,"bufferSize":0}],"1770634693737":[{"maxQueueCapacity":50,"arrivalTime":1770634695431,"totalTime":1284,"workflowStartTime":1770634693737,"totalMarking":1,"serviceName":"P3_Place","sequenceId":1080002,"operation":"processToken","serviceTime":644,"queueTime":640,"bufferSize":0}],"1770634690342":[{"maxQueueCapacity":50,"arrivalTime":1770634691942,"totalTime":1632,"workflowStartTime":1770634690342,"totalMarking":1,"serviceName":"P3_Place","sequenceId":1060002,"operation":"processToken","serviceTime":878,"queueTime":754,"bufferSize":0}]},"markingData":{"1770634688535":[{"publishTime":1770634690527,"maxQueueCapacity":50,"arrivalTime":1770634689232,"invocationTime":1770634690103,"workflowStartTime":1770634688535,"totalMarking":1,"serviceName":"P3_Place","sequenceId":1050002,"operation":"processToken","bufferSize":0}],"1770634693737":[{"publishTime":1770634696715,"maxQueueCapacity":50,"arrivalTime":1770634695431,"invocationTime":1770634696071,"workflowStartTime":1770634693737,"totalMarking":1,"serviceName":"P3_Place","sequenceId":1080002,"operation":"processToken","bufferSize":0}],"1770634690342":[{"publishTime":1770634693574,"maxQueueCapacity":50,"arrivalTime":1770634691942,"invocationTime":1770634692696,"workflowStartTime":1770634690342,"totalMarking":1,"serviceName":"P3_Place","sequenceId":1060002,"operation":"processToken","bufferSize":0}]},"timingRecordCount":3,"markingRecordCount":3},"reportingChannel":"unified_collection","serviceContext":"1000000","version":"v001","token":"{\"token\":\"workflow_1000000_v001\"}"}
INFO ServiceThread-P3_CollectorService-14102 org.btsn.handlers.ServiceThread - ORCHESTRATOR: Completed callNextOperation for MonitorService, published=true
INFO ServiceThread-P3_CollectorService-14102 org.btsn.handlers.ServiceThread - ORCHESTRATOR: Successfully published to MonitorService via EventPublisher
ERROR ServiceThread-P3_CollectorService-14102 org.btsn.handlers.ServiceThread - monitorIncomingEvents: false
DEBUG ServiceThread-P3_CollectorService-14102 org.btsn.handlers.ServiceThread - ORCHESTRATOR: Cleaned up join 1000000
DEBUG ServiceThread-P3_CollectorService-14102 org.btsn.handlers.ServiceThread - ORCHESTRATOR: Service P3_CollectorService sequence ID: 1000000 complete.
