DEBUG ServiceThread-P1_Place-14001 org.btsn.handlers.TransitionHandler - DECISION: Found routing_decision object
DEBUG ServiceThread-P1_Place-14001 org.btsn.handlers.TransitionHandler - DECISION: Found routing_path = 'false' in routing_decision
INFO ServiceThread-P1_Place-14001 org.btsn.handlers.TransitionHandler - GATEWAY-DIAG: Service routing_path = 'false'
INFO ServiceThread-P1_Place-14001 org.btsn.handlers.TransitionHandler - GATEWAY-DIAG: Available routes: 1
INFO ServiceThread-P1_Place-14001 org.btsn.handlers.TransitionHandler - GATEWAY-DIAG:   [0] P2_Place (decision_value='$ANON11')
INFO ServiceThread-P1_Place-14001 org.btsn.handlers.TransitionHandler - GATEWAY-DIAG: Total matches: 0
INFO ServiceThread-P1_Place-14001 org.btsn.handlers.TransitionHandler - GATEWAY-DIAG: No conditions matched, but single destination exists - using EdgeNode fallback
INFO ServiceThread-P1_Place-14001 org.btsn.handlers.TransitionHandler - GATEWAY-DIAG: Single match -> EDGE strategy
INFO ServiceThread-P1_Place-14001 org.btsn.handlers.TransitionHandler - GATEWAY-EDGE: Single path to P2_Place.processToken with token 1090000 [arc=false]
DEBUG ServiceThread-P1_Place-14001 org.btsn.handlers.PetriNetInstrumentationHelper - Token 1090000 exiting place: P1_Place -> P2_Place [arc=false]
DEBUG ServiceThread-P1_Place-14001 org.btsn.derby.Analysis.BuildServiceAnalysisDatabase - Wrote transition firing: T_out_P1 token=1090000 eventType=EXIT
DEBUG ServiceThread-P1_Place-14001 org.btsn.handlers.PetriNetInstrumentationHelper - Recorded transition: T_out_P1 (GatewayNode) token=1090000 P1_Place -> P2_Place [EXIT] arc=false
DEBUG ServiceThread-P1_Place-14001 org.btsn.handlers.ServiceThread - PETRI-NET: Token 1090000 EXIT from P1_Place -> P2_Place.processToken [arc=false]
INFO ServiceThread-P1_Place-14001 org.btsn.handlers.ServiceThread - DEBUG: Querying activeService for P2_Place.processToken
INFO ServiceThread-P1_Place-14001 org.btsn.handlers.ServiceThread - DEBUG: ActiveService query returned 2 rows
INFO ServiceThread-P1_Place-14001 org.btsn.handlers.ServiceThread - DEBUG: ActiveService result - ?channelId = ip0
INFO ServiceThread-P1_Place-14001 org.btsn.handlers.ServiceThread - DEBUG: ActiveService result - ?port = 4002
INFO ServiceThread-P1_Place-14001 org.btsn.handlers.ServiceThread - ORCHESTRATOR: APPLYING activeService override - Channel: ip0, Port: 4002
INFO ServiceThread-P1_Place-14001 org.btsn.handlers.ServiceThread - ORCHESTRATOR: Resolved ip0 to IP 192.168.1.152
DEBUG ServiceThread-P1_Place-14001 org.btsn.handlers.ServiceThread - ROUTING: External to P2_Place -> 'token'
INFO ServiceThread-P1_Place-14001 org.btsn.handlers.ServiceThread - ROUTING: Token 1090000 -> 'token' to P2_Place.processToken
INFO ServiceThread-P1_Place-14001 org.btsn.handlers.ServiceThread - ORCHESTRATOR: Publishing to Service P2_Place Operation: processToken
INFO ServiceThread-P1_Place-14001 org.btsn.handlers.ServiceThread - ORCHESTRATOR: Channel: 192.168.1.152, Port: 4002
INFO ServiceThread-P1_Place-14001 org.btsn.handlers.ServiceThread - ORCHESTRATOR: Attribute token = {"token":{"annotation":"{\"place\":\"P1\",\"entryTime\":1770257049593,\"exitTime\":1770257049698,\"residenceTime\":105,\"delayMs\":0,\"marking\":1,\"capacity\":1,\"distribution\":\"DETERMINISTIC\",\"routingPath\":\"false\"}","notAfter":1770257169309,"tokenId":"1090000","data":{"delayMs":"0","place":"P1","distribution":"DETERMINISTIC"},"workflow_start_time":1770257049309,"placeId":"token","routing_decision":{"probability":0.5,"guard_result":false,"routing_path":"false"},"service_start_time":1770257049592,"version":"v001","executionTime":105,"marking":1,"currentPlace":"P1_Place","service_processing_time_ms":107,"original_token":"{\"notAfter\":1770257169309,\"tokenId\":\"1090000\",\"data\":{},\"workflow_start_time\":1770257049309,\"currentPlace\":\"P1_Place\",\"version\":\"v001\"}","service_end_time":1770257049699,"status":"COMPLETED"}}
INFO ServiceThread-P1_Place-14001 org.btsn.handlers.ServiceThread - ORCHESTRATOR: Completed callNextOperation for P2_Place, published=true
INFO ServiceThread-P1_Place-14001 org.btsn.handlers.ServiceThread - ORCHESTRATOR: Successfully published to P2_Place via EventPublisher
INFO ServiceThread-P1_Place-14001 org.btsn.handlers.TransitionHandler - GATEWAY-DIAG: === END GATEWAY ROUTING ===
ERROR ServiceThread-P1_Place-14001 org.btsn.handlers.ServiceThread - monitorIncomingEvents: true
WARN ServiceThread-P1_Place-14001 org.btsn.handlers.ServiceThread - TIMING: EventReactor arrival time not found, using ServiceThread dequeue time=1770257049336 for seqID=1090000
DEBUG ServiceThread-P1_Place-14001 org.btsn.handlers.ServiceThread - WRITE: Using captured workflowStartTime=1770257049309 for seqID=1090000
INFO ServiceThread-P1_Place-14001 org.btsn.handlers.ServiceThread - === SERVICE TIMING RECORD ===
INFO ServiceThread-P1_Place-14001 org.btsn.handlers.ServiceThread -   Sequence ID: 1090000
INFO ServiceThread-P1_Place-14001 org.btsn.handlers.ServiceThread -   Service: P1_Place
INFO ServiceThread-P1_Place-14001 org.btsn.handlers.ServiceThread -   Operation: processToken
INFO ServiceThread-P1_Place-14001 org.btsn.handlers.ServiceThread -   Arrival Time (EventReactor): 1770257049336
INFO ServiceThread-P1_Place-14001 org.btsn.handlers.ServiceThread -   Invocation Time: 1770257049515
INFO ServiceThread-P1_Place-14001 org.btsn.handlers.ServiceThread -   Publish Time: 1770257049824
INFO ServiceThread-P1_Place-14001 org.btsn.handlers.ServiceThread -   Workflow Start Time: 1770257049309
INFO ServiceThread-P1_Place-14001 org.btsn.handlers.ServiceThread -   MARKING: Buffer=0, Total=1, Capacity=50
INFO ServiceThread-P1_Place-14001 org.btsn.handlers.ServiceThread - ==============================
INFO ServiceThread-P1_Place-14001 org.btsn.derby.Analysis.BuildServiceAnalysisDatabase - Wrote service timing record for sequenceID: 1090000
DEBUG ServiceThread-P1_Place-14001 org.btsn.handlers.ServiceThread -   Queue Time (including priority queue): 179ms
DEBUG ServiceThread-P1_Place-14001 org.btsn.handlers.ServiceThread -   Service Time: 309ms
DEBUG ServiceThread-P1_Place-14001 org.btsn.handlers.ServiceThread -   Total Time: 488ms
DEBUG ServiceThread-P1_Place-14001 org.btsn.handlers.ServiceThread -   Buffer Utilization: 0.0%
DEBUG ServiceThread-P1_Place-14001 org.btsn.handlers.ServiceThread - ORCHESTRATOR: Cleaned up join 1090000
DEBUG ServiceThread-P1_Place-14001 org.btsn.handlers.ServiceThread - ORCHESTRATOR: Service P1_Place sequence ID: 1090000 complete.
DEBUG ServiceThread-P1_CollectorService-14100 org.btsn.handlers.ServiceThread - ORCHESTRATOR: Processing:: token = {"token":"workflow_1000000_v001"}
DEBUG ServiceThread-P1_CollectorService-14100 org.btsn.handlers.ServiceThread - CAPTURE: WorkflowStartTime=1770257058294 for seqID=1000000
INFO ServiceThread-P1_CollectorService-14100 org.btsn.handlers.ServiceThread - Incoming Sequence ID = 1000000
INFO ServiceThread-P1_CollectorService-14100 org.btsn.handlers.ServiceThread - MonitorIncomingEvents+ = true
DEBUG ServiceThread-P1_CollectorService-14100 org.btsn.handlers.ServiceThread - Using RuleBaseVersion: v999
DEBUG ServiceThread-P1_CollectorService-14100 org.btsn.handlers.ServiceThread - FILTER: Event for P1_CollectorService.collectAllData accepted by P1_CollectorService thread
WARN ServiceThread-P1_CollectorService-14100 org.btsn.json.jsonLibrary - Key "token" already exists. Skipping.
DEBUG ServiceThread-P1_CollectorService-14100 org.btsn.handlers.ServiceThread - JOIN-MAP: Added key=token to join 1000000 (tokenId=1000000, mapSize=1)
INFO ServiceThread-P1_CollectorService-14100 org.btsn.handlers.ServiceThread - DEBUG: Loading rule base for operation: collectAllData
INFO ServiceThread-P1_CollectorService-14100 org.btsn.handlers.ServiceThread - DEBUG: Rule base location: C:\DevShare\BTSN_R001\BTSN\btsn.petrinet.places.p1/RuleFolder.v999/collectAllData/Service.ruleml
INFO ServiceThread-P1_CollectorService-14100 org.btsn.handlers.ServiceThread - DEBUG: Loading fresh knowledge base from: C:\DevShare\BTSN_R001\BTSN\btsn.petrinet.places.p1/RuleFolder.v999/collectAllData/Service.ruleml
INFO ServiceThread-P1_CollectorService-14100 org.btsn.handlers.ServiceThread - DEBUG: Loaded knowledge base length: 13498
DEBUG ServiceThread-P1_CollectorService-14100 org.btsn.handlers.ServiceThread - DEBUG: Knowledge base content preview: <Assert>
<Rulebase mapClosure="universal">
<!-- Version On -->
<Data><Atom><Rel>Version</Rel><Ind>v999</Ind></Atom></Data>
<!-- Common Rules to all services -->
<!-- 
This is the rule determines the operational parameters associated with
the destination service.
 -->
<Implies>
	<then>
		<Atom>
			<Rel>publishes</Rel>
			<Var>service</Var>
			<Var>condition</Var>
			<Var>operation</Var>
			<Var>channel</Var>
			<Var>ip</Var>
			<Var>port</Var>
			<Var>decisionValue</Var>
		</A
INFO ServiceThread-P1_CollectorService-14100 org.btsn.handlers.ServiceThread - DEBUG: Parsing knowledge base...
INFO ServiceThread-P1_CollectorService-14100 org.btsn.handlers.ServiceThread - DEBUG: Knowledge base parsed successfully
DEBUG ServiceThread-P1_CollectorService-14100 org.btsn.handlers.ServiceThread - CANONICAL-BINDING: Checking canonical binding for P1_CollectorService.collectAllData with attribute 'token'
DEBUG ServiceThread-P1_CollectorService-14100 org.btsn.handlers.ServiceThread - CANONICAL-BINDING: Operation collectAllData uses standard (AND) semantics
INFO ServiceThread-P1_CollectorService-14100 org.btsn.handlers.ServiceThread - CANONICAL-BINDING: collectAllData requires 1 inputs total (standard AND logic)
INFO ServiceThread-P1_CollectorService-14100 org.btsn.handlers.ServiceThread - CANONICAL-BINDING: collectAllData needs 1 input - can call immediately with 'token'
INFO ServiceThread-P1_CollectorService-14100 org.btsn.handlers.ServiceThread - ORCHESTRATOR: Canonical binding found - overriding serviceName facts
INFO ServiceThread-P1_CollectorService-14100 org.btsn.handlers.ServiceThread - ORCHESTRATOR: Overrode inputCollection for canonical binding
WARN ServiceThread-P1_CollectorService-14100 org.btsn.handlers.ServiceThread - Using legacy getDecisionValue - consider updating CoreRuleBase to include decisionValue in publishes
DEBUG ServiceThread-P1_CollectorService-14100 org.btsn.handlers.PetriNetInstrumentationHelper - Token 1000000 buffered at T_in_P1_CollectorService (buffer=0)
DEBUG ServiceThread-P1_CollectorService-14100 org.btsn.handlers.PetriNetInstrumentationHelper - Could not extract previousPlace from payload
WARN ServiceThread-P1_CollectorService-14100 org.btsn.handlers.PetriNetInstrumentationHelper - NAMING CONVENTION VIOLATION: Service 'P1_CollectorService' does not end with '_Place'. Expected format: {NodeName}_Place. Transition IDs may not match topology. Please rename the service.
DEBUG ServiceThread-P1_CollectorService-14100 org.btsn.derby.Analysis.BuildServiceAnalysisDatabase - Wrote transition firing: T_in_P1_CollectorService token=1000000 eventType=BUFFERED
DEBUG ServiceThread-P1_CollectorService-14100 org.btsn.handlers.PetriNetInstrumentationHelper - Recorded transition: T_in_P1_CollectorService (EdgeNode) token=1000000  -> P1_CollectorService [BUFFERED] buffer=0
DEBUG ServiceThread-P1_CollectorService-14100 org.btsn.handlers.ServiceThread - PETRI-NET: Token 1000000 BUFFERED at P1_CollectorService (T_in arrival)
DEBUG ServiceThread-P1_CollectorService-14100 org.btsn.handlers.PetriNetInstrumentationHelper - Token 1000000 entering place: P1_CollectorService (buffer=0)
DEBUG ServiceThread-P1_CollectorService-14100 org.btsn.handlers.PetriNetInstrumentationHelper - Could not extract previousPlace from payload
WARN ServiceThread-P1_CollectorService-14100 org.btsn.handlers.PetriNetInstrumentationHelper - NAMING CONVENTION VIOLATION: Service 'P1_CollectorService' does not end with '_Place'. Expected format: {NodeName}_Place. Transition IDs may not match topology. Please rename the service.
DEBUG ServiceThread-P1_CollectorService-14100 org.btsn.derby.Analysis.BuildServiceAnalysisDatabase - Wrote transition firing: T_in_P1_CollectorService token=1000000 eventType=ENTER
DEBUG ServiceThread-P1_CollectorService-14100 org.btsn.handlers.PetriNetInstrumentationHelper - Recorded transition: T_in_P1_CollectorService (EdgeNode) token=1000000  -> P1_CollectorService [ENTER] buffer=0
DEBUG ServiceThread-P1_CollectorService-14100 org.btsn.handlers.ServiceThread - PETRI-NET: Token 1000000 ENTER at P1_CollectorService
INFO ServiceThread-P1_CollectorService-14100 org.btsn.handlers.ServiceThread - DEBUG: About to check inputCollection.isEmpty() - size: 1
INFO ServiceThread-P1_CollectorService-14100 org.btsn.handlers.ServiceThread - DEBUG: inputCollection contents: [null]
INFO ServiceThread-P1_CollectorService-14100 org.btsn.handlers.ServiceThread - DEBUG: nodeType: EdgeNode
INFO ServiceThread-P1_CollectorService-14100 org.btsn.handlers.ServiceThread - DEBUG: needsInputSynchronization: false
INFO ServiceThread-P1_CollectorService-14100 org.btsn.handlers.ServiceThread - DEBUG: Past inputCollection check, about to enter JOIN processing
INFO ServiceThread-P1_CollectorService-14100 org.btsn.handlers.ServiceThread - DEBUG: inputCollection.get(0): null
INFO ServiceThread-P1_CollectorService-14100 org.btsn.handlers.ServiceThread - ORCHESTRATOR: Zero-input service P1_CollectorService:collectAllData executing with trigger token (no workflow data required)
INFO ServiceThread-P1_CollectorService-14100 org.btsn.handlers.ServiceThread - ORCHESTRATOR: Processing EdgeNode for P1_CollectorService.collectAllData
INFO ServiceThread-P1_CollectorService-14100 org.btsn.handlers.TransitionHandler - ORCHESTRATOR: Processing EdgeNode/MergeNode for P1_CollectorService.collectAllData
DEBUG ServiceThread-P1_CollectorService-14100 org.btsn.handlers.ServiceThread - CANONICAL-BINDING: Checking canonical binding for P1_CollectorService.collectAllData with attribute 'token'
DEBUG ServiceThread-P1_CollectorService-14100 org.btsn.handlers.ServiceThread - CANONICAL-BINDING: Operation collectAllData uses standard (AND) semantics
INFO ServiceThread-P1_CollectorService-14100 org.btsn.handlers.ServiceThread - CANONICAL-BINDING: collectAllData requires 1 inputs total (standard AND logic)
INFO ServiceThread-P1_CollectorService-14100 org.btsn.handlers.ServiceThread - CANONICAL-BINDING: collectAllData needs 1 input - can call immediately with 'token'
INFO ServiceThread-P1_CollectorService-14100 org.btsn.handlers.ServiceThread - ORCHESTRATOR: Found single-input canonical binding - calling P1_CollectorService.collectAllData immediately
INFO ServiceThread-P1_CollectorService-14100 org.btsn.handlers.ServiceThread - ORCHESTRATOR: Invoking P1_CollectorService.collectAllData via ServiceHelper (canonical binding)
INFO ServiceThread-P1_CollectorService-14100 org.btsn.handlers.ServiceHelper - === SERVICE INVOCATION START ===
INFO ServiceThread-P1_CollectorService-14100 org.btsn.handlers.ServiceHelper - Service: org.btsn.places.P1_CollectorService.collectAllData
INFO ServiceThread-P1_CollectorService-14100 org.btsn.handlers.ServiceHelper - SequenceID: 1000000
INFO ServiceThread-P1_CollectorService-14100 org.btsn.handlers.ServiceHelper - Input arguments count: 1
DEBUG ServiceThread-P1_CollectorService-14100 org.btsn.handlers.ServiceHelper - Processing argument 1/1, raw length: 33
DEBUG ServiceThread-P1_CollectorService-14100 org.btsn.handlers.ServiceHelper - ENRICHMENT: First service - raw token IS original_token
INFO ServiceThread-P1_CollectorService-14100 org.btsn.handlers.ServiceHelper - ENRICHMENT: Initialized workflow start time (first service)
DEBUG ServiceThread-P1_CollectorService-14100 org.btsn.handlers.ServiceHelper - ENRICHMENT: Cleaned argument 1, length: 33 (removed 0 bytes of metadata)
INFO ServiceThread-P1_CollectorService-14100 org.btsn.handlers.ServiceHelper - ENRICHMENT: Extracted 1 clean business data arguments (removed infrastructure metadata)
INFO ServiceThread-P1_CollectorService-14100 org.btsn.handlers.ServiceHelper - SERVICE INVOKE: Calling org.btsn.places.P1_CollectorService.collectAllData with 1 CLEAN business data arguments
DEBUG ServiceThread-P1_CollectorService-14100 org.btsn.handlers.ServiceHelper - INVOKE: Reflecting on org.btsn.places.P1_CollectorService.collectAllData
DEBUG ServiceThread-P1_CollectorService-14100 org.btsn.handlers.ServiceHelper - INVOKE: Looking for method with 1 String parameters
DEBUG ServiceThread-P1_CollectorService-14100 org.btsn.handlers.ServiceHelper - INVOKE: Created instance using 3-param constructor (context, placeName, buildVersion) for org.btsn.places.P1_CollectorService
DEBUG ServiceThread-P1_CollectorService-14100 org.btsn.handlers.ServiceHelper - INVOKE: Found standard method (1 String args)
DEBUG ServiceThread-P1_CollectorService-14100 org.btsn.handlers.ServiceHelper - INVOKE: Calling collectAllData with 1 arguments
INFO ServiceThread-P1_CollectorService-14100 org.btsn.handlers.ServiceHelper - SERVICE COMPLETE: org.btsn.places.P1_CollectorService.collectAllData completed in 256ms
WARN ServiceThread-P1_CollectorService-14100 org.btsn.handlers.ServiceHelper - ENRICHMENT: Inner object is not a JSONObject, cannot enrich
INFO ServiceThread-P1_CollectorService-14100 org.btsn.handlers.ServiceHelper - ENRICHMENT: Successfully enriched service result with metadata
INFO ServiceThread-P1_CollectorService-14100 org.btsn.handlers.ServiceHelper - === SERVICE INVOCATION COMPLETE ===
INFO ServiceThread-P1_CollectorService-14100 org.btsn.handlers.TransitionHandler - ORCHESTRATOR: Service returned: {"monitoredPlace":"P1_Place","petriNetData":{"firingRecordCount":40,"workflowGroups":{"1000000":{"markingEvolution":[{"marking":1,"tokenId":1000000,"transitionId":"T_in_P1","toPlace":"P1_Place","workflowBase":1000000,"eventType":"BUFFERED","placeName":"P1_Place","timestamp":1770257026247,"bufferSize":0},{"marking":1,"tokenId":1000000,"transitionId":"T_in_P1","toPlace":"P1_Place","workflowBase":1000000,"eventType":"ENTER","placeName":"P1_Place","timestamp":1770257026260,"bufferSize":0},{"marking":0,"tokenId":1000000,"transitionId":"T_out_P1","toPlace":"P2_Place","workflowBase":1000000,"eventType":"EXIT","placeName":"P1_Place","timestamp":1770257026463,"bufferSize":0},{"marking":1,"tokenId":1010000,"transitionId":"T_in_P1","toPlace":"P1_Place","workflowBase":1000000,"eventType":"BUFFERED","placeName":"P1_Place","timestamp":1770257031705,"bufferSize":0},{"marking":1,"tokenId":1010000,"transitionId":"T_in_P1","toPlace":"P1_Place","workflowBase":1000000,"eventType":"ENTER","placeName":"P1_Place","timestamp":1770257031714,"bufferSize":0},{"marking":0,"tokenId":1010000,"transitionId":"T_out_P1","toPlace":"P2_Place","workflowBase":1000000,"eventType":"EXIT","placeName":"P1_Place","timestamp":1770257031917,"bufferSize":0},{"marking":1,"tokenId":1020000,"transitionId":"T_in_P1","toPlace":"P1_Place","workflowBase":1000000,"eventType":"BUFFERED","placeName":"P1_Place","timestamp":1770257035513,"bufferSize":0},{"marking":1,"tokenId":1020000,"transitionId":"T_in_P1","toPlace":"P1_Place","workflowBase":1000000,"eventType":"ENTER","placeName":"P1_Place","timestamp":1770257035525,"bufferSize":0},{"marking":0,"tokenId":1020000,"transitionId":"T_out_P1","toPlace":"P2_Place","workflowBase":1000000,"eventType":"EXIT","placeName":"P1_Place","timestamp":1770257035720,"bufferSize":0},{"marking":1,"tokenId":1030000,"transitionId":"T_in_P1","toPlace":"P1_Place","workflowBase":1000000,"eventType":"BUFFERED","placeName":"P1_Place","timestamp":1770257037734,"bufferSize":0},{"marking":1,"tokenId":1030000,"transitionId":"T_in_P1","toPlace":"P1_Place","workflowBase":1000000,"eventType":"ENTER","placeName":"P1_Place","timestamp":1770257037744,"bufferSize":0},{"marking":0,"tokenId":1030000,"transitionId":"T_out_P1","toPlace":"P2_Place","workflowBase":1000000,"eventType":"EXIT","placeName":"P1_Place","timestamp":1770257037948,"bufferSize":0},{"marking":1,"tokenId":1040000,"transitionId":"T_in_P1","toPlace":"P1_Place","workflowBase":1000000,"eventType":"BUFFERED","placeName":"P1_Place","timestamp":1770257041098,"bufferSize":0},{"marking":1,"tokenId":1040000,"transitionId":"T_in_P1","toPlace":"P1_Place","workflowBase":1000000,"eventType":"ENTER","placeName":"P1_Place","timestamp":1770257041107,"bufferSize":0},{"marking":0,"tokenId":1040000,"transitionId":"T_out_P1","toPlace":"P2_Place","workflowBase":1000000,"eventType":"EXIT","placeName":"P1_Place","timestamp":1770257041300,"bufferSize":0},{"marking":1,"tokenId":1050000,"transitionId":"T_in_P1","toPlace":"P1_Place","workflowBase":1000000,"eventType":"BUFFERED","placeName":"P1_Place","timestamp":1770257042406,"bufferSize":0},{"marking":1,"tokenId":1050000,"transitionId":"T_in_P1","toPlace":"P1_Place","workflowBase":1000000,"eventType":"ENTER","placeName":"P1_Place","timestamp":1770257042417,"bufferSize":0},{"marking":0,"tokenId":1050000,"transitionId":"T_out_P1","toPlace":"P2_Place","workflowBase":1000000,"eventType":"EXIT","placeName":"P1_Place","timestamp":1770257042633,"bufferSize":0},{"marking":1,"tokenId":1060000,"transitionId":"T_in_P1","toPlace":"P1_Place","workflowBase":1000000,"eventType":"BUFFERED","placeName":"P1_Place","timestamp":1770257044088,"bufferSize":0},{"marking":1,"tokenId":1060000,"transitionId":"T_in_P1","toPlace":"P1_Place","workflowBase":1000000,"eventType":"ENTER","placeName":"P1_Place","timestamp":1770257044097,"bufferSize":0},{"marking":0,"tokenId":1060000,"transitionId":"T_out_P1","toPlace":"P2_Place","workflowBase":1000000,"eventType":"EXIT","placeName":"P1_Place","timestamp":1770257044287,"bufferSize":0},{"marking":1,"tokenId":1070000,"transitionId":"T_in_P1","toPlace":"P1_Place","workflowBase":1000000,"eventType":"BUFFERED","placeName":"P1_Place","timestamp":1770257045710,"bufferSize":0},{"marking":1,"tokenId":1070000,"transitionId":"T_in_P1","toPlace":"P1_Place","workflowBase":1000000,"eventType":"ENTER","placeName":"P1_Place","timestamp":1770257045717,"bufferSize":0},{"marking":0,"tokenId":1070000,"transitionId":"T_out_P1","toPlace":"P2_Place","workflowBase":1000000,"eventType":"EXIT","placeName":"P1_Place","timestamp":1770257045897,"bufferSize":0},{"marking":1,"tokenId":1080000,"transitionId":"T_in_P1","toPlace":"P1_Place","workflowBase":1000000,"eventType":"BUFFERED","placeName":"P1_Place","timestamp":1770257047505,"bufferSize":0},{"marking":1,"tokenId":1080000,"transitionId":"T_in_P1","toPlace":"P1_Place","workflowBase":1000000,"eventType":"ENTER","placeName":"P1_Place","timestamp":1770257047512,"bufferSize":0},{"marking":0,"tokenId":1080000,"transitionId":"T_out_P1","toPlace":"P2_Place","workflowBase":1000000,"eventType":"EXIT","placeName":"P1_Place","timestamp":1770257047701,"bufferSize":0},{"marking":1,"tokenId":1090000,"transitionId":"T_in_P1","toPlace":"P1_Place","workflowBase":1000000,"eventType":"BUFFERED","placeName":"P1_Place","timestamp":1770257049501,"bufferSize":0},{"marking":1,"tokenId":1090000,"transitionId":"T_in_P1","toPlace":"P1_Place","workflowBase":1000000,"eventType":"ENTER","placeName":"P1_Place","timestamp":1770257049509,"bufferSize":0},{"marking":0,"tokenId":1090000,"transitionId":"T_out_P1","toPlace":"P2_Place","workflowBase":1000000,"eventType":"EXIT","placeName":"P1_Place","timestamp":1770257049702,"bufferSize":0}],"tokenGenealogy":[],"tokenPaths":[{"entryTime":1770257026247,"exitTime":1770257026463,"residenceTime":216,"entryBufferSize":0,"tokenId":1000000,"exitBufferSize":0,"workflowBase":1000000,"placeName":"P1_Place"},{"entryTime":1770257026260,"exitTime":1770257026463,"residenceTime":203,"entryBufferSize":0,"tokenId":1000000,"exitBufferSize":0,"workflowBase":1000000,"placeName":"P1_Place"},{"entryTime":1770257031705,"exitTime":1770257031917,"residenceTime":212,"entryBufferSize":0,"tokenId":1010000,"exitBufferSize":0,"workflowBase":1000000,"placeName":"P1_Place"},{"entryTime":1770257031714,"exitTime":1770257031917,"residenceTime":203,"entryBufferSize":0,"tokenId":1010000,"exitBufferSize":0,"workflowBase":1000000,"placeName":"P1_Place"},{"entryTime":1770257035513,"exitTime":1770257035720,"residenceTime":207,"entryBufferSize":0,"tokenId":1020000,"exitBufferSize":0,"workflowBase":1000000,"placeName":"P1_Place"},{"entryTime":1770257035525,"exitTime":1770257035720,"residenceTime":195,"entryBufferSize":0,"tokenId":1020000,"exitBufferSize":0,"workflowBase":1000000,"placeName":"P1_Place"},{"entryTime":1770257037734,"exitTime":1770257037948,"residenceTime":214,"entryBufferSize":0,"tokenId":1030000,"exitBufferSize":0,"workflowBase":1000000,"placeName":"P1_Place"},{"entryTime":1770257037744,"exitTime":1770257037948,"residenceTime":204,"entryBufferSize":0,"tokenId":1030000,"exitBufferSize":0,"workflowBase":1000000,"placeName":"P1_Place"},{"entryTime":1770257041098,"exitTime":1770257041300,"residenceTime":202,"entryBufferSize":0,"tokenId":1040000,"exitBufferSize":0,"workflowBase":1000000,"placeName":"P1_Place"},{"entryTime":1770257041107,"exitTime":1770257041300,"residenceTime":193,"entryBufferSize":0,"tokenId":1040000,"exitBufferSize":0,"workflowBase":1000000,"placeName":"P1_Place"},{"entryTime":1770257042406,"exitTime":1770257042633,"residenceTime":227,"entryBufferSize":0,"tokenId":1050000,"exitBufferSize":0,"workflowBase":1000000,"placeName":"P1_Place"},{"entryTime":1770257042417,"exitTime":1770257042633,"residenceTime":216,"entryBufferSize":0,"tokenId":1050000,"exitBufferSize":0,"workflowBase":1000000,"placeName":"P1_Place"},{"entryTime":1770257044088,"exitTime":1770257044287,"residenceTime":199,"entryBufferSize":0,"tokenId":1060000,"exitBufferSize":0,"workflowBase":1000000,"placeName":"P1_Place"},{"entryTime":1770257044097,"exitTime":1770257044287,"residenceTime":190,"entryBufferSize":0,"tokenId":1060000,"exitBufferSize":0,"workflowBase":1000000,"placeName":"P1_Place"},{"entryTime":1770257045710,"exitTime":1770257045897,"residenceTime":187,"entryBufferSize":0,"tokenId":1070000,"exitBufferSize":0,"workflowBase":1000000,"placeName":"P1_Place"},{"entryTime":1770257045717,"exitTime":1770257045897,"residenceTime":180,"entryBufferSize":0,"tokenId":1070000,"exitBufferSize":0,"workflowBase":1000000,"placeName":"P1_Place"},{"entryTime":1770257047505,"exitTime":1770257047701,"residenceTime":196,"entryBufferSize":0,"tokenId":1080000,"exitBufferSize":0,"workflowBase":1000000,"placeName":"P1_Place"},{"entryTime":1770257047512,"exitTime":1770257047701,"residenceTime":189,"entryBufferSize":0,"tokenId":1080000,"exitBufferSize":0,"workflowBase":1000000,"placeName":"P1_Place"},{"entryTime":1770257049501,"exitTime":1770257049702,"residenceTime":201,"entryBufferSize":0,"tokenId":1090000,"exitBufferSize":0,"workflowBase":1000000,"placeName":"P1_Place"},{"entryTime":1770257049509,"exitTime":1770257049702,"residenceTime":193,"entryBufferSize":0,"tokenId":1090000,"exitBufferSize":0,"workflowBase":1000000,"placeName":"P1_Place"}],"transitionFirings":[{"tokenId":1000000,"transitionId":"P1_EVENTGENERATOR","fromPlace":"P1_EVENTGENERATOR","toPlace":"P1_Place","workflowBase":1000000,"eventType":"GENERATED","placeName":"P1_Place","timestamp":1770257025918,"bufferSize":0},{"tokenId":1000000,"transitionId":"T_in_P1","fromPlace":"","toPlace":"P1_Place","workflowBase":1000000,"eventType":"BUFFERED","placeName":"P1_Place","timestamp":1770257026247,"bufferSize":0},{"tokenId":1000000,"transitionId":"T_in_P1","fromPlace":"","toPlace":"P1_Place","workflowBase":1000000,"eventType":"ENTER","placeName":"P1_Place","timestamp":1770257026260,"bufferSize":0},{"tokenId":1000000,"transitionId":"T_out_P1","fromPlace":"P1_Place","toPlace":"P2_Place","workflowBase":1000000,"eventType":"EXIT","placeName":"P1_Place","timestamp":1770257026463,"bufferSize":0},{"tokenId":1010000,"transitionId":"P1_EVENTGENERATOR","fromPlace":"P1_EVENTGENERATOR","toPlace":"P1_Place","workflowBase":1000000,"eventType":"GENERATED","placeName":"P1_Place","timestamp":1770257031510,"bufferSize":0},{"tokenId":1010000,"transitionId":"T_in_P1","fromPlace":"","toPlace":"P1_Place","workflowBase":1000000,"eventType":"BUFFERED","placeName":"P1_Place","timestamp":1770257031705,"bufferSize":0},{"tokenId":1010000,"transitionId":"T_in_P1","fromPlace":"","toPlace":"P1_Place","workflowBase":1000000,"eventType":"ENTER","placeName":"P1_Place","timestamp":1770257031714,"bufferSize":0},{"tokenId":1010000,"transitionId":"T_out_P1","fromPlace":"P1_Place","toPlace":"P2_Place","workflowBase":1000000,"eventType":"EXIT","placeName":"P1_Place","timestamp":1770257031917,"bufferSize":0},{"tokenId":1020000,"transitionId":"P1_EVENTGENERATOR","fromPlace":"P1_EVENTGENERATOR","toPlace":"P1_Place","workflowBase":1000000,"eventType":"GENERATED","placeName":"P1_Place","timestamp":1770257035311,"bufferSize":0},{"tokenId":1020000,"transitionId":"T_in_P1","fromPlace":"","toPlace":"P1_Place","workflowBase":1000000,"eventType":"BUFFERED","placeName":"P1_Place","timestamp":1770257035513,"bufferSize":0},{"tokenId":1020000,"transitionId":"T_in_P1","fromPlace":"","toPlace":"P1_Place","workflowBase":1000000,"eventType":"ENTER","placeName":"P1_Place","timestamp":1770257035525,"bufferSize":0},{"tokenId":1020000,"transitionId":"T_out_P1","fromPlace":"P1_Place","toPlace":"P2_Place","workflowBase":1000000,"eventType":"EXIT","placeName":"P1_Place","timestamp":1770257035720,"bufferSize":0},{"tokenId":1030000,"transitionId":"P1_EVENTGENERATOR","fromPlace":"P1_EVENTGENERATOR","toPlace":"P1_Place","workflowBase":1000000,"eventType":"GENERATED","placeName":"P1_Place","timestamp":1770257037512,"bufferSize":0},{"tokenId":1030000,"transitionId":"T_in_P1","fromPlace":"","toPlace":"P1_Place","workflowBase":1000000,"eventType":"BUFFERED","placeName":"P1_Place","timestamp":1770257037734,"bufferSize":0},{"tokenId":1030000,"transitionId":"T_in_P1","fromPlace":"","toPlace":"P1_Place","workflowBase":1000000,"eventType":"ENTER","placeName":"P1_Place","timestamp":1770257037744,"bufferSize":0},{"tokenId":1030000,"transitionId":"T_out_P1","fromPlace":"P1_Place","toPlace":"P2_Place","workflowBase":1000000,"eventType":"EXIT","placeName":"P1_Place","timestamp":1770257037948,"bufferSize":0},{"tokenId":1040000,"transitionId":"P1_EVENTGENERATOR","fromPlace":"P1_EVENTGENERATOR","toPlace":"P1_Place","workflowBase":1000000,"eventType":"GENERATED","placeName":"P1_Place","timestamp":1770257040912,"bufferSize":0},{"tokenId":1040000,"transitionId":"T_in_P1","fromPlace":"","toPlace":"P1_Place","workflowBase":1000000,"eventType":"BUFFERED","placeName":"P1_Place","timestamp":1770257041098,"bufferSize":0},{"tokenId":1040000,"transitionId":"T_in_P1","fromPlace":"","toPlace":"P1_Place","workflowBase":1000000,"eventType":"ENTER","placeName":"P1_Place","timestamp":1770257041107,"bufferSize":0},{"tokenId":1040000,"transitionId":"T_out_P1","fromPlace":"P1_Place","toPlace":"P2_Place","workflowBase":1000000,"eventType":"EXIT","placeName":"P1_Place","timestamp":1770257041300,"bufferSize":0},{"tokenId":1050000,"transitionId":"P1_EVENTGENERATOR","fromPlace":"P1_EVENTGENERATOR","toPlace":"P1_Place","workflowBase":1000000,"eventType":"GENERATED","placeName":"P1_Place","timestamp":1770257042112,"bufferSize":0},{"tokenId":1050000,"transitionId":"T_in_P1","fromPlace":"","toPlace":"P1_Place","workflowBase":1000000,"eventType":"BUFFERED","placeName":"P1_Place","timestamp":1770257042406,"bufferSize":0},{"tokenId":1050000,"transitionId":"T_in_P1","fromPlace":"","toPlace":"P1_Place","workflowBase":1000000,"eventType":"ENTER","placeName":"P1_Place","timestamp":1770257042417,"bufferSize":0},{"tokenId":1050000,"transitionId":"T_out_P1","fromPlace":"P1_Place","toPlace":"P2_Place","workflowBase":1000000,"eventType":"EXIT","placeName":"P1_Place","timestamp":1770257042633,"bufferSize":0},{"tokenId":1060000,"transitionId":"P1_EVENTGENERATOR","fromPlace":"P1_EVENTGENERATOR","toPlace":"P1_Place","workflowBase":1000000,"eventType":"GENERATED","placeName":"P1_Place","timestamp":1770257043912,"bufferSize":0},{"tokenId":1060000,"transitionId":"T_in_P1","fromPlace":"","toPlace":"P1_Place","workflowBase":1000000,"eventType":"BUFFERED","placeName":"P1_Place","timestamp":1770257044088,"bufferSize":0},{"tokenId":1060000,"transitionId":"T_in_P1","fromPlace":"","toPlace":"P1_Place","workflowBase":1000000,"eventType":"ENTER","placeName":"P1_Place","timestamp":1770257044097,"bufferSize":0},{"tokenId":1060000,"transitionId":"T_out_P1","fromPlace":"P1_Place","toPlace":"P2_Place","workflowBase":1000000,"eventType":"EXIT","placeName":"P1_Place","timestamp":1770257044287,"bufferSize":0},{"tokenId":1070000,"transitionId":"P1_EVENTGENERATOR","fromPlace":"P1_EVENTGENERATOR","toPlace":"P1_Place","workflowBase":1000000,"eventType":"GENERATED","placeName":"P1_Place","timestamp":1770257045511,"bufferSize":0},{"tokenId":1070000,"transitionId":"T_in_P1","fromPlace":"","toPlace":"P1_Place","workflowBase":1000000,"eventType":"BUFFERED","placeName":"P1_Place","timestamp":1770257045710,"bufferSize":0},{"tokenId":1070000,"transitionId":"T_in_P1","fromPlace":"","toPlace":"P1_Place","workflowBase":1000000,"eventType":"ENTER","placeName":"P1_Place","timestamp":1770257045717,"bufferSize":0},{"tokenId":1070000,"transitionId":"T_out_P1","fromPlace":"P1_Place","toPlace":"P2_Place","workflowBase":1000000,"eventType":"EXIT","placeName":"P1_Place","timestamp":1770257045897,"bufferSize":0},{"tokenId":1080000,"transitionId":"P1_EVENTGENERATOR","fromPlace":"P1_EVENTGENERATOR","toPlace":"P1_Place","workflowBase":1000000,"eventType":"GENERATED","placeName":"P1_Place","timestamp":1770257047310,"bufferSize":0},{"tokenId":1080000,"transitionId":"T_in_P1","fromPlace":"","toPlace":"P1_Place","workflowBase":1000000,"eventType":"BUFFERED","placeName":"P1_Place","timestamp":1770257047505,"bufferSize":0},{"tokenId":1080000,"transitionId":"T_in_P1","fromPlace":"","toPlace":"P1_Place","workflowBase":1000000,"eventType":"ENTER","placeName":"P1_Place","timestamp":1770257047512,"bufferSize":0},{"tokenId":1080000,"transitionId":"T_out_P1","fromPlace":"P1_Place","toPlace":"P2_Place","workflowBase":1000000,"eventType":"EXIT","placeName":"P1_Place","timestamp":1770257047701,"bufferSize":0},{"tokenId":1090000,"transitionId":"P1_EVENTGENERATOR","fromPlace":"P1_EVENTGENERATOR","toPlace":"P1_Place","workflowBase":1000000,"eventType":"GENERATED","placeName":"P1_Place","timestamp":1770257049309,"bufferSize":0},{"tokenId":1090000,"transitionId":"T_in_P1","fromPlace":"","toPlace":"P1_Place","workflowBase":1000000,"eventType":"BUFFERED","placeName":"P1_Place","timestamp":1770257049501,"bufferSize":0},{"tokenId":1090000,"transitionId":"T_in_P1","fromPlace":"","toPlace":"P1_Place","workflowBase":1000000,"eventType":"ENTER","placeName":"P1_Place","timestamp":1770257049509,"bufferSize":0},{"tokenId":1090000,"transitionId":"T_out_P1","fromPlace":"P1_Place","toPlace":"P2_Place","workflowBase":1000000,"eventType":"EXIT","placeName":"P1_Place","timestamp":1770257049702,"bufferSize":0}],"statistics":[{"avgResidenceTime":201.0,"minResidenceTime":180,"maxBufferSize":0,"tokenCount":20,"maxResidenceTime":227,"workflowBase":1000000,"throughput":4.975124378109452,"placeName":"P1_Place","avgBufferSize":0.0}]}},"pathRecordCount":20,"statisticsRecordCount":1,"markingRecordCount":30},"reportingService":"P1_CollectorService","collectionTime":1770257058635,"performanceData":{"workflowGroups":{"1770257049309":[{"maxQueueCapacity":50,"arrivalTime":1770257049336,"totalTime":488,"workflowStartTime":1770257049309,"totalMarking":1,"serviceName":"P1_Place","sequenceId":1090000,"operation":"processToken","serviceTime":309,"queueTime":179,"bufferSize":0}],"1770257043912":[{"maxQueueCapacity":50,"arrivalTime":1770257043938,"totalTime":466,"workflowStartTime":1770257043912,"totalMarking":1,"serviceName":"P1_Place","sequenceId":1060000,"operation":"processToken","serviceTime":297,"queueTime":169,"bufferSize":0}],"1770257040912":[{"maxQueueCapacity":50,"arrivalTime":1770257040938,"totalTime":501,"workflowStartTime":1770257040912,"totalMarking":1,"serviceName":"P1_Place","sequenceId":1040000,"operation":"processToken","serviceTime":327,"queueTime":174,"bufferSize":0}],"1770257025918":[{"maxQueueCapacity":50,"arrivalTime":1770257025977,"totalTime":656,"workflowStartTime":1770257025918,"totalMarking":1,"serviceName":"P1_Place","sequenceId":1000000,"operation":"processToken","serviceTime":366,"queueTime":290,"bufferSize":0}],"1770257047310":[{"maxQueueCapacity":50,"arrivalTime":1770257047338,"totalTime":459,"workflowStartTime":1770257047310,"totalMarking":1,"serviceName":"P1_Place","sequenceId":1080000,"operation":"processToken","serviceTime":280,"queueTime":179,"bufferSize":0}],"1770257042112":[{"maxQueueCapacity":50,"arrivalTime":1770257042145,"totalTime":647,"workflowStartTime":1770257042112,"totalMarking":1,"serviceName":"P1_Place","sequenceId":1050000,"operation":"processToken","serviceTime":370,"queueTime":277,"bufferSize":0}],"1770257031510":[{"maxQueueCapacity":50,"arrivalTime":1770257031546,"totalTime":495,"workflowStartTime":1770257031510,"totalMarking":1,"serviceName":"P1_Place","sequenceId":1010000,"operation":"processToken","serviceTime":321,"queueTime":174,"bufferSize":0}],"1770257037512":[{"maxQueueCapacity":50,"arrivalTime":1770257037546,"totalTime":575,"workflowStartTime":1770257037512,"totalMarking":1,"serviceName":"P1_Place","sequenceId":1030000,"operation":"processToken","serviceTime":371,"queueTime":204,"bufferSize":0}],"1770257045511":[{"maxQueueCapacity":50,"arrivalTime":1770257045535,"totalTime":459,"workflowStartTime":1770257045511,"totalMarking":1,"serviceName":"P1_Place","sequenceId":1070000,"operation":"processToken","serviceTime":273,"queueTime":186,"bufferSize":0}],"1770257035311":[{"maxQueueCapacity":50,"arrivalTime":1770257035351,"totalTime":501,"workflowStartTime":1770257035311,"totalMarking":1,"serviceName":"P1_Place","sequenceId":1020000,"operation":"processToken","serviceTime":321,"queueTime":180,"bufferSize":0}]},"markingData":{"1770257049309":[{"publishTime":1770257049824,"maxQueueCapacity":50,"arrivalTime":1770257049336,"invocationTime":1770257049515,"workflowStartTime":1770257049309,"totalMarking":1,"serviceName":"P1_Place","sequenceId":1090000,"operation":"processToken","bufferSize":0}],"1770257043912":[{"publishTime":1770257044404,"maxQueueCapacity":50,"arrivalTime":1770257043938,"invocationTime":1770257044107,"workflowStartTime":1770257043912,"totalMarking":1,"serviceName":"P1_Place","sequenceId":1060000,"operation":"processToken","bufferSize":0}],"1770257040912":[{"publishTime":1770257041439,"maxQueueCapacity":50,"arrivalTime":1770257040938,"invocationTime":1770257041112,"workflowStartTime":1770257040912,"totalMarking":1,"serviceName":"P1_Place","sequenceId":1040000,"operation":"processToken","bufferSize":0}],"1770257025918":[{"publishTime":1770257026633,"maxQueueCapacity":50,"arrivalTime":1770257025977,"invocationTime":1770257026267,"workflowStartTime":1770257025918,"totalMarking":1,"serviceName":"P1_Place","sequenceId":1000000,"operation":"processToken","bufferSize":0}],"1770257047310":[{"publishTime":1770257047797,"maxQueueCapacity":50,"arrivalTime":1770257047338,"invocationTime":1770257047517,"workflowStartTime":1770257047310,"totalMarking":1,"serviceName":"P1_Place","sequenceId":1080000,"operation":"processToken","bufferSize":0}],"1770257042112":[{"publishTime":1770257042792,"maxQueueCapacity":50,"arrivalTime":1770257042145,"invocationTime":1770257042422,"workflowStartTime":1770257042112,"totalMarking":1,"serviceName":"P1_Place","sequenceId":1050000,"operation":"processToken","bufferSize":0}],"1770257031510":[{"publishTime":1770257032041,"maxQueueCapacity":50,"arrivalTime":1770257031546,"invocationTime":1770257031720,"workflowStartTime":1770257031510,"totalMarking":1,"serviceName":"P1_Place","sequenceId":1010000,"operation":"processToken","bufferSize":0}],"1770257037512":[{"publishTime":1770257038121,"maxQueueCapacity":50,"arrivalTime":1770257037546,"invocationTime":1770257037750,"workflowStartTime":1770257037512,"totalMarking":1,"serviceName":"P1_Place","sequenceId":1030000,"operation":"processToken","bufferSize":0}],"1770257045511":[{"publishTime":1770257045994,"maxQueueCapacity":50,"arrivalTime":1770257045535,"invocationTime":1770257045721,"workflowStartTime":1770257045511,"totalMarking":1,"serviceName":"P1_Place","sequenceId":1070000,"operation":"processToken","bufferSize":0}],"1770257035311":[{"publishTime":1770257035852,"maxQueueCapacity":50,"arrivalTime":1770257035351,"invocationTime":1770257035531,"workflowStartTime":1770257035311,"totalMarking":1,"serviceName":"P1_Place","sequenceId":1020000,"operation":"processToken","bufferSize":0}]},"timingRecordCount":10,"markingRecordCount":10},"reportingChannel":"unified_collection","serviceContext":"1000000","version":"v001","token":"{\"token\":\"workflow_1000000_v001\"}"}
DEBUG ServiceThread-P1_CollectorService-14100 org.btsn.handlers.PetriNetInstrumentationHelper - Token 1000000 exiting place: P1_CollectorService -> MonitorService [arc=$ANON11]
WARN ServiceThread-P1_CollectorService-14100 org.btsn.handlers.PetriNetInstrumentationHelper - NAMING CONVENTION VIOLATION: Service 'P1_CollectorService' does not end with '_Place'. Expected format: {NodeName}_Place. Transition IDs may not match topology. Please rename the service.
DEBUG ServiceThread-P1_CollectorService-14100 org.btsn.derby.Analysis.BuildServiceAnalysisDatabase - Wrote transition firing: T_out_P1_CollectorService token=1000000 eventType=EXIT
DEBUG ServiceThread-P1_CollectorService-14100 org.btsn.handlers.PetriNetInstrumentationHelper - Recorded transition: T_out_P1_CollectorService (EdgeNode) token=1000000 P1_CollectorService -> MonitorService [EXIT] arc=$ANON11
DEBUG ServiceThread-P1_CollectorService-14100 org.btsn.handlers.ServiceThread - PETRI-NET: Token 1000000 EXIT from P1_CollectorService -> MonitorService.writeCollectorData [arc=$ANON11]
INFO ServiceThread-P1_CollectorService-14100 org.btsn.handlers.ServiceThread - DEBUG: Querying activeService for MonitorService.writeCollectorData
INFO ServiceThread-P1_CollectorService-14100 org.btsn.handlers.ServiceThread - DEBUG: ActiveService query returned 2 rows
INFO ServiceThread-P1_CollectorService-14100 org.btsn.handlers.ServiceThread - DEBUG: ActiveService result - ?channelId = ip0
INFO ServiceThread-P1_CollectorService-14100 org.btsn.handlers.ServiceThread - DEBUG: ActiveService result - ?port = 3002
INFO ServiceThread-P1_CollectorService-14100 org.btsn.handlers.ServiceThread - ORCHESTRATOR: APPLYING activeService override - Channel: ip0, Port: 3002
INFO ServiceThread-P1_CollectorService-14100 org.btsn.handlers.ServiceThread - ORCHESTRATOR: Resolved ip0 to IP 192.168.1.152
DEBUG ServiceThread-P1_CollectorService-14100 org.btsn.handlers.ServiceThread - ROUTING: External to MonitorService -> 'token'
INFO ServiceThread-P1_CollectorService-14100 org.btsn.handlers.ServiceThread - ROUTING: Token 1000000 -> 'token' to MonitorService.writeCollectorData
INFO ServiceThread-P1_CollectorService-14100 org.btsn.handlers.ServiceThread - ORCHESTRATOR: Publishing to Service MonitorService Operation: writeCollectorData
INFO ServiceThread-P1_CollectorService-14100 org.btsn.handlers.ServiceThread - ORCHESTRATOR: Channel: 192.168.1.152, Port: 3002
INFO ServiceThread-P1_CollectorService-14100 org.btsn.handlers.ServiceThread - ORCHESTRATOR: Attribute token = {"monitoredPlace":"P1_Place","petriNetData":{"firingRecordCount":40,"workflowGroups":{"1000000":{"markingEvolution":[{"marking":1,"tokenId":1000000,"transitionId":"T_in_P1","toPlace":"P1_Place","workflowBase":1000000,"eventType":"BUFFERED","placeName":"P1_Place","timestamp":1770257026247,"bufferSize":0},{"marking":1,"tokenId":1000000,"transitionId":"T_in_P1","toPlace":"P1_Place","workflowBase":1000000,"eventType":"ENTER","placeName":"P1_Place","timestamp":1770257026260,"bufferSize":0},{"marking":0,"tokenId":1000000,"transitionId":"T_out_P1","toPlace":"P2_Place","workflowBase":1000000,"eventType":"EXIT","placeName":"P1_Place","timestamp":1770257026463,"bufferSize":0},{"marking":1,"tokenId":1010000,"transitionId":"T_in_P1","toPlace":"P1_Place","workflowBase":1000000,"eventType":"BUFFERED","placeName":"P1_Place","timestamp":1770257031705,"bufferSize":0},{"marking":1,"tokenId":1010000,"transitionId":"T_in_P1","toPlace":"P1_Place","workflowBase":1000000,"eventType":"ENTER","placeName":"P1_Place","timestamp":1770257031714,"bufferSize":0},{"marking":0,"tokenId":1010000,"transitionId":"T_out_P1","toPlace":"P2_Place","workflowBase":1000000,"eventType":"EXIT","placeName":"P1_Place","timestamp":1770257031917,"bufferSize":0},{"marking":1,"tokenId":1020000,"transitionId":"T_in_P1","toPlace":"P1_Place","workflowBase":1000000,"eventType":"BUFFERED","placeName":"P1_Place","timestamp":1770257035513,"bufferSize":0},{"marking":1,"tokenId":1020000,"transitionId":"T_in_P1","toPlace":"P1_Place","workflowBase":1000000,"eventType":"ENTER","placeName":"P1_Place","timestamp":1770257035525,"bufferSize":0},{"marking":0,"tokenId":1020000,"transitionId":"T_out_P1","toPlace":"P2_Place","workflowBase":1000000,"eventType":"EXIT","placeName":"P1_Place","timestamp":1770257035720,"bufferSize":0},{"marking":1,"tokenId":1030000,"transitionId":"T_in_P1","toPlace":"P1_Place","workflowBase":1000000,"eventType":"BUFFERED","placeName":"P1_Place","timestamp":1770257037734,"bufferSize":0},{"marking":1,"tokenId":1030000,"transitionId":"T_in_P1","toPlace":"P1_Place","workflowBase":1000000,"eventType":"ENTER","placeName":"P1_Place","timestamp":1770257037744,"bufferSize":0},{"marking":0,"tokenId":1030000,"transitionId":"T_out_P1","toPlace":"P2_Place","workflowBase":1000000,"eventType":"EXIT","placeName":"P1_Place","timestamp":1770257037948,"bufferSize":0},{"marking":1,"tokenId":1040000,"transitionId":"T_in_P1","toPlace":"P1_Place","workflowBase":1000000,"eventType":"BUFFERED","placeName":"P1_Place","timestamp":1770257041098,"bufferSize":0},{"marking":1,"tokenId":1040000,"transitionId":"T_in_P1","toPlace":"P1_Place","workflowBase":1000000,"eventType":"ENTER","placeName":"P1_Place","timestamp":1770257041107,"bufferSize":0},{"marking":0,"tokenId":1040000,"transitionId":"T_out_P1","toPlace":"P2_Place","workflowBase":1000000,"eventType":"EXIT","placeName":"P1_Place","timestamp":1770257041300,"bufferSize":0},{"marking":1,"tokenId":1050000,"transitionId":"T_in_P1","toPlace":"P1_Place","workflowBase":1000000,"eventType":"BUFFERED","placeName":"P1_Place","timestamp":1770257042406,"bufferSize":0},{"marking":1,"tokenId":1050000,"transitionId":"T_in_P1","toPlace":"P1_Place","workflowBase":1000000,"eventType":"ENTER","placeName":"P1_Place","timestamp":1770257042417,"bufferSize":0},{"marking":0,"tokenId":1050000,"transitionId":"T_out_P1","toPlace":"P2_Place","workflowBase":1000000,"eventType":"EXIT","placeName":"P1_Place","timestamp":1770257042633,"bufferSize":0},{"marking":1,"tokenId":1060000,"transitionId":"T_in_P1","toPlace":"P1_Place","workflowBase":1000000,"eventType":"BUFFERED","placeName":"P1_Place","timestamp":1770257044088,"bufferSize":0},{"marking":1,"tokenId":1060000,"transitionId":"T_in_P1","toPlace":"P1_Place","workflowBase":1000000,"eventType":"ENTER","placeName":"P1_Place","timestamp":1770257044097,"bufferSize":0},{"marking":0,"tokenId":1060000,"transitionId":"T_out_P1","toPlace":"P2_Place","workflowBase":1000000,"eventType":"EXIT","placeName":"P1_Place","timestamp":1770257044287,"bufferSize":0},{"marking":1,"tokenId":1070000,"transitionId":"T_in_P1","toPlace":"P1_Place","workflowBase":1000000,"eventType":"BUFFERED","placeName":"P1_Place","timestamp":1770257045710,"bufferSize":0},{"marking":1,"tokenId":1070000,"transitionId":"T_in_P1","toPlace":"P1_Place","workflowBase":1000000,"eventType":"ENTER","placeName":"P1_Place","timestamp":1770257045717,"bufferSize":0},{"marking":0,"tokenId":1070000,"transitionId":"T_out_P1","toPlace":"P2_Place","workflowBase":1000000,"eventType":"EXIT","placeName":"P1_Place","timestamp":1770257045897,"bufferSize":0},{"marking":1,"tokenId":1080000,"transitionId":"T_in_P1","toPlace":"P1_Place","workflowBase":1000000,"eventType":"BUFFERED","placeName":"P1_Place","timestamp":1770257047505,"bufferSize":0},{"marking":1,"tokenId":1080000,"transitionId":"T_in_P1","toPlace":"P1_Place","workflowBase":1000000,"eventType":"ENTER","placeName":"P1_Place","timestamp":1770257047512,"bufferSize":0},{"marking":0,"tokenId":1080000,"transitionId":"T_out_P1","toPlace":"P2_Place","workflowBase":1000000,"eventType":"EXIT","placeName":"P1_Place","timestamp":1770257047701,"bufferSize":0},{"marking":1,"tokenId":1090000,"transitionId":"T_in_P1","toPlace":"P1_Place","workflowBase":1000000,"eventType":"BUFFERED","placeName":"P1_Place","timestamp":1770257049501,"bufferSize":0},{"marking":1,"tokenId":1090000,"transitionId":"T_in_P1","toPlace":"P1_Place","workflowBase":1000000,"eventType":"ENTER","placeName":"P1_Place","timestamp":1770257049509,"bufferSize":0},{"marking":0,"tokenId":1090000,"transitionId":"T_out_P1","toPlace":"P2_Place","workflowBase":1000000,"eventType":"EXIT","placeName":"P1_Place","timestamp":1770257049702,"bufferSize":0}],"tokenGenealogy":[],"tokenPaths":[{"entryTime":1770257026247,"exitTime":1770257026463,"residenceTime":216,"entryBufferSize":0,"tokenId":1000000,"exitBufferSize":0,"workflowBase":1000000,"placeName":"P1_Place"},{"entryTime":1770257026260,"exitTime":1770257026463,"residenceTime":203,"entryBufferSize":0,"tokenId":1000000,"exitBufferSize":0,"workflowBase":1000000,"placeName":"P1_Place"},{"entryTime":1770257031705,"exitTime":1770257031917,"residenceTime":212,"entryBufferSize":0,"tokenId":1010000,"exitBufferSize":0,"workflowBase":1000000,"placeName":"P1_Place"},{"entryTime":1770257031714,"exitTime":1770257031917,"residenceTime":203,"entryBufferSize":0,"tokenId":1010000,"exitBufferSize":0,"workflowBase":1000000,"placeName":"P1_Place"},{"entryTime":1770257035513,"exitTime":1770257035720,"residenceTime":207,"entryBufferSize":0,"tokenId":1020000,"exitBufferSize":0,"workflowBase":1000000,"placeName":"P1_Place"},{"entryTime":1770257035525,"exitTime":1770257035720,"residenceTime":195,"entryBufferSize":0,"tokenId":1020000,"exitBufferSize":0,"workflowBase":1000000,"placeName":"P1_Place"},{"entryTime":1770257037734,"exitTime":1770257037948,"residenceTime":214,"entryBufferSize":0,"tokenId":1030000,"exitBufferSize":0,"workflowBase":1000000,"placeName":"P1_Place"},{"entryTime":1770257037744,"exitTime":1770257037948,"residenceTime":204,"entryBufferSize":0,"tokenId":1030000,"exitBufferSize":0,"workflowBase":1000000,"placeName":"P1_Place"},{"entryTime":1770257041098,"exitTime":1770257041300,"residenceTime":202,"entryBufferSize":0,"tokenId":1040000,"exitBufferSize":0,"workflowBase":1000000,"placeName":"P1_Place"},{"entryTime":1770257041107,"exitTime":1770257041300,"residenceTime":193,"entryBufferSize":0,"tokenId":1040000,"exitBufferSize":0,"workflowBase":1000000,"placeName":"P1_Place"},{"entryTime":1770257042406,"exitTime":1770257042633,"residenceTime":227,"entryBufferSize":0,"tokenId":1050000,"exitBufferSize":0,"workflowBase":1000000,"placeName":"P1_Place"},{"entryTime":1770257042417,"exitTime":1770257042633,"residenceTime":216,"entryBufferSize":0,"tokenId":1050000,"exitBufferSize":0,"workflowBase":1000000,"placeName":"P1_Place"},{"entryTime":1770257044088,"exitTime":1770257044287,"residenceTime":199,"entryBufferSize":0,"tokenId":1060000,"exitBufferSize":0,"workflowBase":1000000,"placeName":"P1_Place"},{"entryTime":1770257044097,"exitTime":1770257044287,"residenceTime":190,"entryBufferSize":0,"tokenId":1060000,"exitBufferSize":0,"workflowBase":1000000,"placeName":"P1_Place"},{"entryTime":1770257045710,"exitTime":1770257045897,"residenceTime":187,"entryBufferSize":0,"tokenId":1070000,"exitBufferSize":0,"workflowBase":1000000,"placeName":"P1_Place"},{"entryTime":1770257045717,"exitTime":1770257045897,"residenceTime":180,"entryBufferSize":0,"tokenId":1070000,"exitBufferSize":0,"workflowBase":1000000,"placeName":"P1_Place"},{"entryTime":1770257047505,"exitTime":1770257047701,"residenceTime":196,"entryBufferSize":0,"tokenId":1080000,"exitBufferSize":0,"workflowBase":1000000,"placeName":"P1_Place"},{"entryTime":1770257047512,"exitTime":1770257047701,"residenceTime":189,"entryBufferSize":0,"tokenId":1080000,"exitBufferSize":0,"workflowBase":1000000,"placeName":"P1_Place"},{"entryTime":1770257049501,"exitTime":1770257049702,"residenceTime":201,"entryBufferSize":0,"tokenId":1090000,"exitBufferSize":0,"workflowBase":1000000,"placeName":"P1_Place"},{"entryTime":1770257049509,"exitTime":1770257049702,"residenceTime":193,"entryBufferSize":0,"tokenId":1090000,"exitBufferSize":0,"workflowBase":1000000,"placeName":"P1_Place"}],"transitionFirings":[{"tokenId":1000000,"transitionId":"P1_EVENTGENERATOR","fromPlace":"P1_EVENTGENERATOR","toPlace":"P1_Place","workflowBase":1000000,"eventType":"GENERATED","placeName":"P1_Place","timestamp":1770257025918,"bufferSize":0},{"tokenId":1000000,"transitionId":"T_in_P1","fromPlace":"","toPlace":"P1_Place","workflowBase":1000000,"eventType":"BUFFERED","placeName":"P1_Place","timestamp":1770257026247,"bufferSize":0},{"tokenId":1000000,"transitionId":"T_in_P1","fromPlace":"","toPlace":"P1_Place","workflowBase":1000000,"eventType":"ENTER","placeName":"P1_Place","timestamp":1770257026260,"bufferSize":0},{"tokenId":1000000,"transitionId":"T_out_P1","fromPlace":"P1_Place","toPlace":"P2_Place","workflowBase":1000000,"eventType":"EXIT","placeName":"P1_Place","timestamp":1770257026463,"bufferSize":0},{"tokenId":1010000,"transitionId":"P1_EVENTGENERATOR","fromPlace":"P1_EVENTGENERATOR","toPlace":"P1_Place","workflowBase":1000000,"eventType":"GENERATED","placeName":"P1_Place","timestamp":1770257031510,"bufferSize":0},{"tokenId":1010000,"transitionId":"T_in_P1","fromPlace":"","toPlace":"P1_Place","workflowBase":1000000,"eventType":"BUFFERED","placeName":"P1_Place","timestamp":1770257031705,"bufferSize":0},{"tokenId":1010000,"transitionId":"T_in_P1","fromPlace":"","toPlace":"P1_Place","workflowBase":1000000,"eventType":"ENTER","placeName":"P1_Place","timestamp":1770257031714,"bufferSize":0},{"tokenId":1010000,"transitionId":"T_out_P1","fromPlace":"P1_Place","toPlace":"P2_Place","workflowBase":1000000,"eventType":"EXIT","placeName":"P1_Place","timestamp":1770257031917,"bufferSize":0},{"tokenId":1020000,"transitionId":"P1_EVENTGENERATOR","fromPlace":"P1_EVENTGENERATOR","toPlace":"P1_Place","workflowBase":1000000,"eventType":"GENERATED","placeName":"P1_Place","timestamp":1770257035311,"bufferSize":0},{"tokenId":1020000,"transitionId":"T_in_P1","fromPlace":"","toPlace":"P1_Place","workflowBase":1000000,"eventType":"BUFFERED","placeName":"P1_Place","timestamp":1770257035513,"bufferSize":0},{"tokenId":1020000,"transitionId":"T_in_P1","fromPlace":"","toPlace":"P1_Place","workflowBase":1000000,"eventType":"ENTER","placeName":"P1_Place","timestamp":1770257035525,"bufferSize":0},{"tokenId":1020000,"transitionId":"T_out_P1","fromPlace":"P1_Place","toPlace":"P2_Place","workflowBase":1000000,"eventType":"EXIT","placeName":"P1_Place","timestamp":1770257035720,"bufferSize":0},{"tokenId":1030000,"transitionId":"P1_EVENTGENERATOR","fromPlace":"P1_EVENTGENERATOR","toPlace":"P1_Place","workflowBase":1000000,"eventType":"GENERATED","placeName":"P1_Place","timestamp":1770257037512,"bufferSize":0},{"tokenId":1030000,"transitionId":"T_in_P1","fromPlace":"","toPlace":"P1_Place","workflowBase":1000000,"eventType":"BUFFERED","placeName":"P1_Place","timestamp":1770257037734,"bufferSize":0},{"tokenId":1030000,"transitionId":"T_in_P1","fromPlace":"","toPlace":"P1_Place","workflowBase":1000000,"eventType":"ENTER","placeName":"P1_Place","timestamp":1770257037744,"bufferSize":0},{"tokenId":1030000,"transitionId":"T_out_P1","fromPlace":"P1_Place","toPlace":"P2_Place","workflowBase":1000000,"eventType":"EXIT","placeName":"P1_Place","timestamp":1770257037948,"bufferSize":0},{"tokenId":1040000,"transitionId":"P1_EVENTGENERATOR","fromPlace":"P1_EVENTGENERATOR","toPlace":"P1_Place","workflowBase":1000000,"eventType":"GENERATED","placeName":"P1_Place","timestamp":1770257040912,"bufferSize":0},{"tokenId":1040000,"transitionId":"T_in_P1","fromPlace":"","toPlace":"P1_Place","workflowBase":1000000,"eventType":"BUFFERED","placeName":"P1_Place","timestamp":1770257041098,"bufferSize":0},{"tokenId":1040000,"transitionId":"T_in_P1","fromPlace":"","toPlace":"P1_Place","workflowBase":1000000,"eventType":"ENTER","placeName":"P1_Place","timestamp":1770257041107,"bufferSize":0},{"tokenId":1040000,"transitionId":"T_out_P1","fromPlace":"P1_Place","toPlace":"P2_Place","workflowBase":1000000,"eventType":"EXIT","placeName":"P1_Place","timestamp":1770257041300,"bufferSize":0},{"tokenId":1050000,"transitionId":"P1_EVENTGENERATOR","fromPlace":"P1_EVENTGENERATOR","toPlace":"P1_Place","workflowBase":1000000,"eventType":"GENERATED","placeName":"P1_Place","timestamp":1770257042112,"bufferSize":0},{"tokenId":1050000,"transitionId":"T_in_P1","fromPlace":"","toPlace":"P1_Place","workflowBase":1000000,"eventType":"BUFFERED","placeName":"P1_Place","timestamp":1770257042406,"bufferSize":0},{"tokenId":1050000,"transitionId":"T_in_P1","fromPlace":"","toPlace":"P1_Place","workflowBase":1000000,"eventType":"ENTER","placeName":"P1_Place","timestamp":1770257042417,"bufferSize":0},{"tokenId":1050000,"transitionId":"T_out_P1","fromPlace":"P1_Place","toPlace":"P2_Place","workflowBase":1000000,"eventType":"EXIT","placeName":"P1_Place","timestamp":1770257042633,"bufferSize":0},{"tokenId":1060000,"transitionId":"P1_EVENTGENERATOR","fromPlace":"P1_EVENTGENERATOR","toPlace":"P1_Place","workflowBase":1000000,"eventType":"GENERATED","placeName":"P1_Place","timestamp":1770257043912,"bufferSize":0},{"tokenId":1060000,"transitionId":"T_in_P1","fromPlace":"","toPlace":"P1_Place","workflowBase":1000000,"eventType":"BUFFERED","placeName":"P1_Place","timestamp":1770257044088,"bufferSize":0},{"tokenId":1060000,"transitionId":"T_in_P1","fromPlace":"","toPlace":"P1_Place","workflowBase":1000000,"eventType":"ENTER","placeName":"P1_Place","timestamp":1770257044097,"bufferSize":0},{"tokenId":1060000,"transitionId":"T_out_P1","fromPlace":"P1_Place","toPlace":"P2_Place","workflowBase":1000000,"eventType":"EXIT","placeName":"P1_Place","timestamp":1770257044287,"bufferSize":0},{"tokenId":1070000,"transitionId":"P1_EVENTGENERATOR","fromPlace":"P1_EVENTGENERATOR","toPlace":"P1_Place","workflowBase":1000000,"eventType":"GENERATED","placeName":"P1_Place","timestamp":1770257045511,"bufferSize":0},{"tokenId":1070000,"transitionId":"T_in_P1","fromPlace":"","toPlace":"P1_Place","workflowBase":1000000,"eventType":"BUFFERED","placeName":"P1_Place","timestamp":1770257045710,"bufferSize":0},{"tokenId":1070000,"transitionId":"T_in_P1","fromPlace":"","toPlace":"P1_Place","workflowBase":1000000,"eventType":"ENTER","placeName":"P1_Place","timestamp":1770257045717,"bufferSize":0},{"tokenId":1070000,"transitionId":"T_out_P1","fromPlace":"P1_Place","toPlace":"P2_Place","workflowBase":1000000,"eventType":"EXIT","placeName":"P1_Place","timestamp":1770257045897,"bufferSize":0},{"tokenId":1080000,"transitionId":"P1_EVENTGENERATOR","fromPlace":"P1_EVENTGENERATOR","toPlace":"P1_Place","workflowBase":1000000,"eventType":"GENERATED","placeName":"P1_Place","timestamp":1770257047310,"bufferSize":0},{"tokenId":1080000,"transitionId":"T_in_P1","fromPlace":"","toPlace":"P1_Place","workflowBase":1000000,"eventType":"BUFFERED","placeName":"P1_Place","timestamp":1770257047505,"bufferSize":0},{"tokenId":1080000,"transitionId":"T_in_P1","fromPlace":"","toPlace":"P1_Place","workflowBase":1000000,"eventType":"ENTER","placeName":"P1_Place","timestamp":1770257047512,"bufferSize":0},{"tokenId":1080000,"transitionId":"T_out_P1","fromPlace":"P1_Place","toPlace":"P2_Place","workflowBase":1000000,"eventType":"EXIT","placeName":"P1_Place","timestamp":1770257047701,"bufferSize":0},{"tokenId":1090000,"transitionId":"P1_EVENTGENERATOR","fromPlace":"P1_EVENTGENERATOR","toPlace":"P1_Place","workflowBase":1000000,"eventType":"GENERATED","placeName":"P1_Place","timestamp":1770257049309,"bufferSize":0},{"tokenId":1090000,"transitionId":"T_in_P1","fromPlace":"","toPlace":"P1_Place","workflowBase":1000000,"eventType":"BUFFERED","placeName":"P1_Place","timestamp":1770257049501,"bufferSize":0},{"tokenId":1090000,"transitionId":"T_in_P1","fromPlace":"","toPlace":"P1_Place","workflowBase":1000000,"eventType":"ENTER","placeName":"P1_Place","timestamp":1770257049509,"bufferSize":0},{"tokenId":1090000,"transitionId":"T_out_P1","fromPlace":"P1_Place","toPlace":"P2_Place","workflowBase":1000000,"eventType":"EXIT","placeName":"P1_Place","timestamp":1770257049702,"bufferSize":0}],"statistics":[{"avgResidenceTime":201.0,"minResidenceTime":180,"maxBufferSize":0,"tokenCount":20,"maxResidenceTime":227,"workflowBase":1000000,"throughput":4.975124378109452,"placeName":"P1_Place","avgBufferSize":0.0}]}},"pathRecordCount":20,"statisticsRecordCount":1,"markingRecordCount":30},"reportingService":"P1_CollectorService","collectionTime":1770257058635,"performanceData":{"workflowGroups":{"1770257049309":[{"maxQueueCapacity":50,"arrivalTime":1770257049336,"totalTime":488,"workflowStartTime":1770257049309,"totalMarking":1,"serviceName":"P1_Place","sequenceId":1090000,"operation":"processToken","serviceTime":309,"queueTime":179,"bufferSize":0}],"1770257043912":[{"maxQueueCapacity":50,"arrivalTime":1770257043938,"totalTime":466,"workflowStartTime":1770257043912,"totalMarking":1,"serviceName":"P1_Place","sequenceId":1060000,"operation":"processToken","serviceTime":297,"queueTime":169,"bufferSize":0}],"1770257040912":[{"maxQueueCapacity":50,"arrivalTime":1770257040938,"totalTime":501,"workflowStartTime":1770257040912,"totalMarking":1,"serviceName":"P1_Place","sequenceId":1040000,"operation":"processToken","serviceTime":327,"queueTime":174,"bufferSize":0}],"1770257025918":[{"maxQueueCapacity":50,"arrivalTime":1770257025977,"totalTime":656,"workflowStartTime":1770257025918,"totalMarking":1,"serviceName":"P1_Place","sequenceId":1000000,"operation":"processToken","serviceTime":366,"queueTime":290,"bufferSize":0}],"1770257047310":[{"maxQueueCapacity":50,"arrivalTime":1770257047338,"totalTime":459,"workflowStartTime":1770257047310,"totalMarking":1,"serviceName":"P1_Place","sequenceId":1080000,"operation":"processToken","serviceTime":280,"queueTime":179,"bufferSize":0}],"1770257042112":[{"maxQueueCapacity":50,"arrivalTime":1770257042145,"totalTime":647,"workflowStartTime":1770257042112,"totalMarking":1,"serviceName":"P1_Place","sequenceId":1050000,"operation":"processToken","serviceTime":370,"queueTime":277,"bufferSize":0}],"1770257031510":[{"maxQueueCapacity":50,"arrivalTime":1770257031546,"totalTime":495,"workflowStartTime":1770257031510,"totalMarking":1,"serviceName":"P1_Place","sequenceId":1010000,"operation":"processToken","serviceTime":321,"queueTime":174,"bufferSize":0}],"1770257037512":[{"maxQueueCapacity":50,"arrivalTime":1770257037546,"totalTime":575,"workflowStartTime":1770257037512,"totalMarking":1,"serviceName":"P1_Place","sequenceId":1030000,"operation":"processToken","serviceTime":371,"queueTime":204,"bufferSize":0}],"1770257045511":[{"maxQueueCapacity":50,"arrivalTime":1770257045535,"totalTime":459,"workflowStartTime":1770257045511,"totalMarking":1,"serviceName":"P1_Place","sequenceId":1070000,"operation":"processToken","serviceTime":273,"queueTime":186,"bufferSize":0}],"1770257035311":[{"maxQueueCapacity":50,"arrivalTime":1770257035351,"totalTime":501,"workflowStartTime":1770257035311,"totalMarking":1,"serviceName":"P1_Place","sequenceId":1020000,"operation":"processToken","serviceTime":321,"queueTime":180,"bufferSize":0}]},"markingData":{"1770257049309":[{"publishTime":1770257049824,"maxQueueCapacity":50,"arrivalTime":1770257049336,"invocationTime":1770257049515,"workflowStartTime":1770257049309,"totalMarking":1,"serviceName":"P1_Place","sequenceId":1090000,"operation":"processToken","bufferSize":0}],"1770257043912":[{"publishTime":1770257044404,"maxQueueCapacity":50,"arrivalTime":1770257043938,"invocationTime":1770257044107,"workflowStartTime":1770257043912,"totalMarking":1,"serviceName":"P1_Place","sequenceId":1060000,"operation":"processToken","bufferSize":0}],"1770257040912":[{"publishTime":1770257041439,"maxQueueCapacity":50,"arrivalTime":1770257040938,"invocationTime":1770257041112,"workflowStartTime":1770257040912,"totalMarking":1,"serviceName":"P1_Place","sequenceId":1040000,"operation":"processToken","bufferSize":0}],"1770257025918":[{"publishTime":1770257026633,"maxQueueCapacity":50,"arrivalTime":1770257025977,"invocationTime":1770257026267,"workflowStartTime":1770257025918,"totalMarking":1,"serviceName":"P1_Place","sequenceId":1000000,"operation":"processToken","bufferSize":0}],"1770257047310":[{"publishTime":1770257047797,"maxQueueCapacity":50,"arrivalTime":1770257047338,"invocationTime":1770257047517,"workflowStartTime":1770257047310,"totalMarking":1,"serviceName":"P1_Place","sequenceId":1080000,"operation":"processToken","bufferSize":0}],"1770257042112":[{"publishTime":1770257042792,"maxQueueCapacity":50,"arrivalTime":1770257042145,"invocationTime":1770257042422,"workflowStartTime":1770257042112,"totalMarking":1,"serviceName":"P1_Place","sequenceId":1050000,"operation":"processToken","bufferSize":0}],"1770257031510":[{"publishTime":1770257032041,"maxQueueCapacity":50,"arrivalTime":1770257031546,"invocationTime":1770257031720,"workflowStartTime":1770257031510,"totalMarking":1,"serviceName":"P1_Place","sequenceId":1010000,"operation":"processToken","bufferSize":0}],"1770257037512":[{"publishTime":1770257038121,"maxQueueCapacity":50,"arrivalTime":1770257037546,"invocationTime":1770257037750,"workflowStartTime":1770257037512,"totalMarking":1,"serviceName":"P1_Place","sequenceId":1030000,"operation":"processToken","bufferSize":0}],"1770257045511":[{"publishTime":1770257045994,"maxQueueCapacity":50,"arrivalTime":1770257045535,"invocationTime":1770257045721,"workflowStartTime":1770257045511,"totalMarking":1,"serviceName":"P1_Place","sequenceId":1070000,"operation":"processToken","bufferSize":0}],"1770257035311":[{"publishTime":1770257035852,"maxQueueCapacity":50,"arrivalTime":1770257035351,"invocationTime":1770257035531,"workflowStartTime":1770257035311,"totalMarking":1,"serviceName":"P1_Place","sequenceId":1020000,"operation":"processToken","bufferSize":0}]},"timingRecordCount":10,"markingRecordCount":10},"reportingChannel":"unified_collection","serviceContext":"1000000","version":"v001","token":"{\"token\":\"workflow_1000000_v001\"}"}
INFO ServiceThread-P1_CollectorService-14100 org.btsn.handlers.ServiceThread - ORCHESTRATOR: Completed callNextOperation for MonitorService, published=true
INFO ServiceThread-P1_CollectorService-14100 org.btsn.handlers.ServiceThread - ORCHESTRATOR: Successfully published to MonitorService via EventPublisher
ERROR ServiceThread-P1_CollectorService-14100 org.btsn.handlers.ServiceThread - monitorIncomingEvents: false
DEBUG ServiceThread-P1_CollectorService-14100 org.btsn.handlers.ServiceThread - ORCHESTRATOR: Cleaned up join 1000000
DEBUG ServiceThread-P1_CollectorService-14100 org.btsn.handlers.ServiceThread - ORCHESTRATOR: Service P1_CollectorService sequence ID: 1000000 complete.
