INFO ServiceThread-P6_Place-14006 org.btsn.handlers.TransitionHandler - ORCHESTRATOR: Processing JoinNode for P6_Place.processToken
DEBUG ServiceThread-P6_Place-14006 org.btsn.handlers.ServiceThread - CANONICAL-BINDING: Checking canonical binding for P6_Place.processToken with attribute 'token_branch2'
DEBUG ServiceThread-P6_Place-14006 org.btsn.handlers.ServiceThread - CANONICAL-BINDING: Operation processToken uses standard (AND) semantics
INFO ServiceThread-P6_Place-14006 org.btsn.handlers.ServiceThread - CANONICAL-BINDING: processToken requires 2 inputs total (standard AND logic)
INFO ServiceThread-P6_Place-14006 org.btsn.handlers.ServiceThread - CANONICAL-BINDING: processToken needs 2 inputs - should use JOIN processing
DEBUG ServiceThread-P6_Place-14006 org.btsn.handlers.ServiceThread - ORCHESTRATOR: No single-input canonical binding - proceeding with normal service call
INFO ServiceThread-P6_Place-14006 org.btsn.handlers.ServiceThread - ORCHESTRATOR: Invoking P6_Place.processToken via ServiceHelper (normal)
INFO ServiceThread-P6_Place-14006 org.btsn.handlers.ServiceHelper - === SERVICE INVOCATION START ===
INFO ServiceThread-P6_Place-14006 org.btsn.handlers.ServiceHelper - Service: org.btsn.places.P6_Place.processToken
INFO ServiceThread-P6_Place-14006 org.btsn.handlers.ServiceHelper - SequenceID: 1080001
INFO ServiceThread-P6_Place-14006 org.btsn.handlers.ServiceHelper - Input arguments count: 2
DEBUG ServiceThread-P6_Place-14006 org.btsn.handlers.ServiceHelper - Processing argument 1/2, raw length: 845
DEBUG ServiceThread-P6_Place-14006 org.btsn.handlers.ServiceHelper - ENRICHMENT: Unwrapped place response from key: token
DEBUG ServiceThread-P6_Place-14006 org.btsn.handlers.ServiceHelper - ENRICHMENT: Found existing original_token to preserve
DEBUG ServiceThread-P6_Place-14006 org.btsn.handlers.ServiceHelper - ENRICHMENT: Extracted workflow_start_time=1770634693737
DEBUG ServiceThread-P6_Place-14006 org.btsn.handlers.ServiceHelper - ENRICHMENT: Cleaned argument 1, length: 845 (removed 0 bytes of metadata)
DEBUG ServiceThread-P6_Place-14006 org.btsn.handlers.ServiceHelper - Processing argument 2/2, raw length: 866
DEBUG ServiceThread-P6_Place-14006 org.btsn.handlers.ServiceHelper - ENRICHMENT: Unwrapped place response from key: token
DEBUG ServiceThread-P6_Place-14006 org.btsn.handlers.ServiceHelper - ENRICHMENT: Found existing original_token to preserve
DEBUG ServiceThread-P6_Place-14006 org.btsn.handlers.ServiceHelper - ENRICHMENT: Extracted workflow_start_time=1770634693737
DEBUG ServiceThread-P6_Place-14006 org.btsn.handlers.ServiceHelper - ENRICHMENT: Cleaned argument 2, length: 866 (removed 0 bytes of metadata)
INFO ServiceThread-P6_Place-14006 org.btsn.handlers.ServiceHelper - ENRICHMENT: Extracted 2 clean business data arguments (removed infrastructure metadata)
INFO ServiceThread-P6_Place-14006 org.btsn.handlers.ServiceHelper - SERVICE INVOKE: Calling org.btsn.places.P6_Place.processToken with 2 CLEAN business data arguments
DEBUG ServiceThread-P6_Place-14006 org.btsn.handlers.ServiceHelper - INVOKE: Reflecting on org.btsn.places.P6_Place.processToken
DEBUG ServiceThread-P6_Place-14006 org.btsn.handlers.ServiceHelper - INVOKE: Looking for method with 2 String parameters
INFO ServiceThread-P6_Place-14006 org.btsn.logger.PetriNetEventLogger - PLACE_CREATED: placeId=P6, sequenceId=1080001, type=P6, capacity=1
DEBUG ServiceThread-P6_Place-14006 org.btsn.handlers.ServiceHelper - INVOKE: Created instance using 1-param constructor (context) for org.btsn.places.P6_Place
DEBUG ServiceThread-P6_Place-14006 org.btsn.handlers.ServiceHelper - INVOKE: Found standard method (2 String args)
DEBUG ServiceThread-P6_Place-14006 org.btsn.handlers.ServiceHelper - INVOKE: Calling processToken with 2 arguments
INFO ServiceThread-P6_Place-14006 org.btsn.base.BaseStochasticPetriNetPlace - PN_JOIN_PROCESS: place=P6, seq=1080001 - Processing synchronized inputs
INFO ServiceThread-P6_Place-14006 org.btsn.base.BaseStochasticPetriNetPlace - PN_JOIN_PROCESS: place=P6 - Input1=1080000, Input2=1080000
INFO ServiceThread-P6_Place-14006 org.btsn.logger.PetriNetEventLogger - TOKEN_ARRIVAL: placeId=P6, sequenceId=1080001, token=Token{id='1080000', version='v001', place='P1_Place', processType='null', data={delayMs=0, place=P5, distribution=DETERMINISTIC, workflow_start_time=1770634693737}, valid=true}
INFO ServiceThread-P6_Place-14006 org.btsn.logger.PetriNetEventLogger - CAPACITY_CHECK: placeId=P6, sequenceId=1080001, M(P)=0, capacity=1, hasCapacity=true
INFO ServiceThread-P6_Place-14006 org.btsn.logger.PetriNetEventLogger - MARKING_CHANGE: placeId=P6, sequenceId=1080001, M(P)=1, reason=token_accepted
INFO ServiceThread-P6_Place-14006 org.btsn.logger.PetriNetEventLogger - TOKEN_HELD: placeId=P6, sequenceId=1080001, token=Token{id='1080000', version='v001', place='P1_Place', processType='null', data={delayMs=0, place=P5, distribution=DETERMINISTIC, workflow_start_time=1770634693737}, valid=true}, M(P)=1, capacity=1
INFO ServiceThread-P6_Place-14006 org.btsn.logger.PetriNetEventLogger - VALIDITY_WINDOW_CHECK: placeId=P6, sequenceId=1080001, currentTime=1770634697532, notAfter=1770634813737, valid=true
INFO ServiceThread-P6_Place-14006 org.btsn.logger.PetriNetEventLogger - PLACE_EXECUTION: placeId=P6, sequenceId=1080001, executionTime=1ms, result=JOIN_COMPLETED
INFO ServiceThread-P6_Place-14006 org.btsn.base.BaseStochasticPetriNetPlace - PN_JOIN_PROCESS: place=P6, seq=1080001, guard=true (prob=0.50), delay=0ms, total=1ms
INFO ServiceThread-P6_Place-14006 org.btsn.logger.PetriNetEventLogger - MARKING_CHANGE: placeId=P6, sequenceId=1080001, M(P)=0, reason=token_released
INFO ServiceThread-P6_Place-14006 org.btsn.logger.PetriNetEventLogger - TOKEN_RELEASED: placeId=P6, sequenceId=1080001, token=Token{id='1080000', version='v001', place='P1_Place', processType='null', data={delayMs=0, place=P5, distribution=DETERMINISTIC, workflow_start_time=1770634693737}, valid=true}, M(P)=0
INFO ServiceThread-P6_Place-14006 org.btsn.logger.PetriNetEventLogger - TOKEN_DEPARTURE: placeId=P6, sequenceId=1080001, token=Token{id='1080000', version='v001', place='P1_Place', processType='null', data={delayMs=0, place=P5, distribution=DETERMINISTIC, workflow_start_time=1770634693737}, valid=true}, annotation={"place":"P6","entryTime":1770634697531,"exitTime":1770634697532,"residenceTime":1,"delayMs":0,"marking":1,"capacity":1,"joinType":"AND_JOIN","input1Token":"1080000","input2Token":"1080000"}
INFO ServiceThread-P6_Place-14006 org.btsn.handlers.ServiceHelper - SERVICE COMPLETE: org.btsn.places.P6_Place.processToken completed in 4ms
INFO ServiceThread-P6_Place-14006 org.btsn.handlers.ServiceHelper - ENRICHMENT: Successfully enriched service result with metadata
INFO ServiceThread-P6_Place-14006 org.btsn.handlers.ServiceHelper - === SERVICE INVOCATION COMPLETE ===
INFO ServiceThread-P6_Place-14006 org.btsn.handlers.TransitionHandler - ORCHESTRATOR: Service returned: {"token":{"annotation":"{\"place\":\"P6\",\"entryTime\":1770634697531,\"exitTime\":1770634697532,\"residenceTime\":1,\"delayMs\":0,\"marking\":1,\"capacity\":1,\"joinType\":\"AND_JOIN\",\"input1Token\":\"1080000\",\"input2Token\":\"1080000\"}","notAfter":1770634813737,"tokenId":"1080000","data":{"delayMs":"0","place":"P5","distribution":"DETERMINISTIC"},"workflow_start_time":1770634693737,"placeId":"token","routing_decision":{"probability":0.5,"guard_result":true,"routing_path":"true"},"service_start_time":1770634697530,"version":"v001","executionTime":1,"marking":1,"currentPlace":"P1_Place","service_processing_time_ms":4,"original_token":"{\"notAfter\":1770634813737,\"tokenId\":\"1080000\",\"data\":{},\"workflow_start_time\":1770634693737,\"currentPlace\":\"P1_Place\",\"version\":\"v001\"}","service_end_time":1770634697534,"status":"JOIN_COMPLETED"}}
DEBUG ServiceThread-P6_Place-14006 org.btsn.handlers.PetriNetInstrumentationHelper - Token 1080001 exiting place: P6_Place -> MonitorService [arc=$ANON11]
DEBUG ServiceThread-P6_Place-14006 org.btsn.derby.Analysis.BuildServiceAnalysisDatabase - Wrote transition firing: T_out_P6 token=1080001 eventType=EXIT
DEBUG ServiceThread-P6_Place-14006 org.btsn.handlers.PetriNetInstrumentationHelper - Recorded transition: T_out_P6 (JoinNode) token=1080001 P6_Place -> MonitorService [EXIT] arc=$ANON11
DEBUG ServiceThread-P6_Place-14006 org.btsn.handlers.ServiceThread - PETRI-NET: Token 1080001 EXIT from P6_Place -> MonitorService.acknowledgeTokenArrival [arc=$ANON11]
INFO ServiceThread-P6_Place-14006 org.btsn.handlers.ServiceThread - DEBUG: Querying activeService for MonitorService.acknowledgeTokenArrival
INFO ServiceThread-P6_Place-14006 org.btsn.handlers.ServiceThread - DEBUG: ActiveService query returned 2 rows
INFO ServiceThread-P6_Place-14006 org.btsn.handlers.ServiceThread - DEBUG: ActiveService result - ?channelId = ip0
INFO ServiceThread-P6_Place-14006 org.btsn.handlers.ServiceThread - DEBUG: ActiveService result - ?port = 3000
INFO ServiceThread-P6_Place-14006 org.btsn.handlers.ServiceThread - ORCHESTRATOR: APPLYING activeService override - Channel: ip0, Port: 3000
INFO ServiceThread-P6_Place-14006 org.btsn.handlers.ServiceThread - ORCHESTRATOR: Resolved ip0 to IP 192.168.1.152
DEBUG ServiceThread-P6_Place-14006 org.btsn.handlers.ServiceThread - ROUTING: External to MonitorService -> 'token'
INFO ServiceThread-P6_Place-14006 org.btsn.handlers.ServiceThread - ROUTING: Token 1080001 -> 'token' to MonitorService.acknowledgeTokenArrival
INFO ServiceThread-P6_Place-14006 org.btsn.handlers.ServiceThread - ORCHESTRATOR: Publishing to Service MonitorService Operation: acknowledgeTokenArrival
INFO ServiceThread-P6_Place-14006 org.btsn.handlers.ServiceThread - ORCHESTRATOR: Channel: 192.168.1.152, Port: 3000
INFO ServiceThread-P6_Place-14006 org.btsn.handlers.ServiceThread - ORCHESTRATOR: Attribute token = {"token":{"annotation":"{\"place\":\"P6\",\"entryTime\":1770634697531,\"exitTime\":1770634697532,\"residenceTime\":1,\"delayMs\":0,\"marking\":1,\"capacity\":1,\"joinType\":\"AND_JOIN\",\"input1Token\":\"1080000\",\"input2Token\":\"1080000\"}","notAfter":1770634813737,"tokenId":"1080000","data":{"delayMs":"0","place":"P5","distribution":"DETERMINISTIC"},"workflow_start_time":1770634693737,"placeId":"token","routing_decision":{"probability":0.5,"guard_result":true,"routing_path":"true"},"service_start_time":1770634697530,"version":"v001","executionTime":1,"marking":1,"currentPlace":"P1_Place","service_processing_time_ms":4,"original_token":"{\"notAfter\":1770634813737,\"tokenId\":\"1080000\",\"data\":{},\"workflow_start_time\":1770634693737,\"currentPlace\":\"P1_Place\",\"version\":\"v001\"}","service_end_time":1770634697534,"status":"JOIN_COMPLETED"}}
INFO ServiceThread-P6_Place-14006 org.btsn.handlers.ServiceThread - ORCHESTRATOR: Completed callNextOperation for MonitorService, published=true
INFO ServiceThread-P6_Place-14006 org.btsn.handlers.ServiceThread - ORCHESTRATOR: Successfully published to MonitorService via EventPublisher
ERROR ServiceThread-P6_Place-14006 org.btsn.handlers.ServiceThread - monitorIncomingEvents: true
DEBUG ServiceThread-P6_Place-14006 org.btsn.handlers.ServiceThread - TIMING: Using EventReactor arrival time=1770634697213 for seqID=1080001
DEBUG ServiceThread-P6_Place-14006 org.btsn.handlers.ServiceThread - WRITE: Using captured workflowStartTime=1770634693737 for seqID=1080001
INFO ServiceThread-P6_Place-14006 org.btsn.handlers.ServiceThread - === SERVICE TIMING RECORD ===
INFO ServiceThread-P6_Place-14006 org.btsn.handlers.ServiceThread -   Sequence ID: 1080001
INFO ServiceThread-P6_Place-14006 org.btsn.handlers.ServiceThread -   Service: P6_Place
INFO ServiceThread-P6_Place-14006 org.btsn.handlers.ServiceThread -   Operation: processToken
INFO ServiceThread-P6_Place-14006 org.btsn.handlers.ServiceThread -   Arrival Time (EventReactor): 1770634697213
INFO ServiceThread-P6_Place-14006 org.btsn.handlers.ServiceThread -   Invocation Time: 1770634697460
INFO ServiceThread-P6_Place-14006 org.btsn.handlers.ServiceThread -   Publish Time: 1770634697710
INFO ServiceThread-P6_Place-14006 org.btsn.handlers.ServiceThread -   Workflow Start Time: 1770634693737
INFO ServiceThread-P6_Place-14006 org.btsn.handlers.ServiceThread -   MARKING: Buffer=0, Total=1, Capacity=50
INFO ServiceThread-P6_Place-14006 org.btsn.handlers.ServiceThread - ==============================
INFO ServiceThread-P6_Place-14006 org.btsn.derby.Analysis.BuildServiceAnalysisDatabase - Wrote service timing record for sequenceID: 1080001
DEBUG ServiceThread-P6_Place-14006 org.btsn.handlers.ServiceThread -   Queue Time (including priority queue): 247ms
DEBUG ServiceThread-P6_Place-14006 org.btsn.handlers.ServiceThread -   Service Time: 250ms
DEBUG ServiceThread-P6_Place-14006 org.btsn.handlers.ServiceThread -   Total Time: 497ms
DEBUG ServiceThread-P6_Place-14006 org.btsn.handlers.ServiceThread -   Buffer Utilization: 0.0%
INFO ServiceThread-P6_Place-14006 org.btsn.handlers.ServiceThread - ORCHESTRATOR: Service P6_Place sequence ID: 1080001 complete.
DEBUG ServiceThread-P6_Place-14006 org.btsn.handlers.ServiceThread - ORCHESTRATOR: Cleaned up join 1080000
DEBUG ServiceThread-P6_CollectorService-14105 org.btsn.handlers.ServiceThread - ORCHESTRATOR: Processing:: token = {"token":"workflow_1000000_v001"}
DEBUG ServiceThread-P6_CollectorService-14105 org.btsn.handlers.ServiceThread - CAPTURE: WorkflowStartTime=1770634731112 for seqID=1000000
INFO ServiceThread-P6_CollectorService-14105 org.btsn.handlers.ServiceThread - Incoming Sequence ID = 1000000
INFO ServiceThread-P6_CollectorService-14105 org.btsn.handlers.ServiceThread - MonitorIncomingEvents+ = true
DEBUG ServiceThread-P6_CollectorService-14105 org.btsn.handlers.ServiceThread - Using RuleBaseVersion: v999
DEBUG ServiceThread-P6_CollectorService-14105 org.btsn.handlers.ServiceThread - FILTER: Event for P6_CollectorService.collectAllData accepted by P6_CollectorService thread
WARN ServiceThread-P6_CollectorService-14105 org.btsn.json.jsonLibrary - Key "token" already exists. Skipping.
DEBUG ServiceThread-P6_CollectorService-14105 org.btsn.handlers.ServiceThread - JOIN-MAP: Added key=token to join 1000000 (tokenId=1000000, mapSize=1)
INFO ServiceThread-P6_CollectorService-14105 org.btsn.handlers.ServiceThread - DEBUG: Loading rule base for operation: collectAllData
INFO ServiceThread-P6_CollectorService-14105 org.btsn.handlers.ServiceThread - DEBUG: Rule base location: C:\DevShare\BTSN_R001\BTSN\btsn.petrinet.places.p6/RuleFolder.v999/collectAllData/Service.ruleml
INFO ServiceThread-P6_CollectorService-14105 org.btsn.handlers.ServiceThread - DEBUG: Loading fresh knowledge base from: C:\DevShare\BTSN_R001\BTSN\btsn.petrinet.places.p6/RuleFolder.v999/collectAllData/Service.ruleml
INFO ServiceThread-P6_CollectorService-14105 org.btsn.handlers.ServiceThread - DEBUG: Loaded knowledge base length: 13498
DEBUG ServiceThread-P6_CollectorService-14105 org.btsn.handlers.ServiceThread - DEBUG: Knowledge base content preview: <Assert>
<Rulebase mapClosure="universal">
<!-- Version On -->
<Data><Atom><Rel>Version</Rel><Ind>v999</Ind></Atom></Data>
<!-- Common Rules to all services -->
<!-- 
This is the rule determines the operational parameters associated with
the destination service.
 -->
<Implies>
	<then>
		<Atom>
			<Rel>publishes</Rel>
			<Var>service</Var>
			<Var>condition</Var>
			<Var>operation</Var>
			<Var>channel</Var>
			<Var>ip</Var>
			<Var>port</Var>
			<Var>decisionValue</Var>
		</A
INFO ServiceThread-P6_CollectorService-14105 org.btsn.handlers.ServiceThread - DEBUG: Parsing knowledge base...
INFO ServiceThread-P6_CollectorService-14105 org.btsn.handlers.ServiceThread - DEBUG: Knowledge base parsed successfully
DEBUG ServiceThread-P6_CollectorService-14105 org.btsn.handlers.ServiceThread - CANONICAL-BINDING: Checking canonical binding for P6_CollectorService.collectAllData with attribute 'token'
DEBUG ServiceThread-P6_CollectorService-14105 org.btsn.handlers.ServiceThread - CANONICAL-BINDING: Operation collectAllData uses standard (AND) semantics
INFO ServiceThread-P6_CollectorService-14105 org.btsn.handlers.ServiceThread - CANONICAL-BINDING: collectAllData requires 1 inputs total (standard AND logic)
INFO ServiceThread-P6_CollectorService-14105 org.btsn.handlers.ServiceThread - CANONICAL-BINDING: collectAllData needs 1 input - can call immediately with 'token'
INFO ServiceThread-P6_CollectorService-14105 org.btsn.handlers.ServiceThread - ORCHESTRATOR: Canonical binding found - overriding serviceName facts
INFO ServiceThread-P6_CollectorService-14105 org.btsn.handlers.ServiceThread - ORCHESTRATOR: Overrode inputCollection for canonical binding
WARN ServiceThread-P6_CollectorService-14105 org.btsn.handlers.ServiceThread - Using legacy getDecisionValue - consider updating CoreRuleBase to include decisionValue in publishes
DEBUG ServiceThread-P6_CollectorService-14105 org.btsn.handlers.PetriNetInstrumentationHelper - Token 1000000 buffered at T_in_P6_CollectorService (buffer=0)
DEBUG ServiceThread-P6_CollectorService-14105 org.btsn.handlers.PetriNetInstrumentationHelper - Could not extract previousPlace from payload
WARN ServiceThread-P6_CollectorService-14105 org.btsn.handlers.PetriNetInstrumentationHelper - NAMING CONVENTION VIOLATION: Service 'P6_CollectorService' does not end with '_Place'. Expected format: {NodeName}_Place. Transition IDs may not match topology. Please rename the service.
DEBUG ServiceThread-P6_CollectorService-14105 org.btsn.derby.Analysis.BuildServiceAnalysisDatabase - Wrote transition firing: T_in_P6_CollectorService token=1000000 eventType=BUFFERED
DEBUG ServiceThread-P6_CollectorService-14105 org.btsn.handlers.PetriNetInstrumentationHelper - Recorded transition: T_in_P6_CollectorService (EdgeNode) token=1000000  -> P6_CollectorService [BUFFERED] buffer=0
DEBUG ServiceThread-P6_CollectorService-14105 org.btsn.handlers.ServiceThread - PETRI-NET: Token 1000000 BUFFERED at P6_CollectorService (T_in arrival)
DEBUG ServiceThread-P6_CollectorService-14105 org.btsn.handlers.PetriNetInstrumentationHelper - Token 1000000 entering place: P6_CollectorService (buffer=0)
DEBUG ServiceThread-P6_CollectorService-14105 org.btsn.handlers.PetriNetInstrumentationHelper - Could not extract previousPlace from payload
WARN ServiceThread-P6_CollectorService-14105 org.btsn.handlers.PetriNetInstrumentationHelper - NAMING CONVENTION VIOLATION: Service 'P6_CollectorService' does not end with '_Place'. Expected format: {NodeName}_Place. Transition IDs may not match topology. Please rename the service.
DEBUG ServiceThread-P6_CollectorService-14105 org.btsn.derby.Analysis.BuildServiceAnalysisDatabase - Wrote transition firing: T_in_P6_CollectorService token=1000000 eventType=ENTER
DEBUG ServiceThread-P6_CollectorService-14105 org.btsn.handlers.PetriNetInstrumentationHelper - Recorded transition: T_in_P6_CollectorService (EdgeNode) token=1000000  -> P6_CollectorService [ENTER] buffer=0
DEBUG ServiceThread-P6_CollectorService-14105 org.btsn.handlers.ServiceThread - PETRI-NET: Token 1000000 ENTER at P6_CollectorService
INFO ServiceThread-P6_CollectorService-14105 org.btsn.handlers.ServiceThread - DEBUG: About to check inputCollection.isEmpty() - size: 1
INFO ServiceThread-P6_CollectorService-14105 org.btsn.handlers.ServiceThread - DEBUG: inputCollection contents: [null]
INFO ServiceThread-P6_CollectorService-14105 org.btsn.handlers.ServiceThread - DEBUG: nodeType: EdgeNode
INFO ServiceThread-P6_CollectorService-14105 org.btsn.handlers.ServiceThread - DEBUG: needsInputSynchronization: false
INFO ServiceThread-P6_CollectorService-14105 org.btsn.handlers.ServiceThread - DEBUG: Past inputCollection check, about to enter JOIN processing
INFO ServiceThread-P6_CollectorService-14105 org.btsn.handlers.ServiceThread - DEBUG: inputCollection.get(0): null
INFO ServiceThread-P6_CollectorService-14105 org.btsn.handlers.ServiceThread - ORCHESTRATOR: Zero-input service P6_CollectorService:collectAllData executing with trigger token (no workflow data required)
INFO ServiceThread-P6_CollectorService-14105 org.btsn.handlers.ServiceThread - ORCHESTRATOR: Processing EdgeNode for P6_CollectorService.collectAllData
INFO ServiceThread-P6_CollectorService-14105 org.btsn.handlers.TransitionHandler - ORCHESTRATOR: Processing EdgeNode/MergeNode for P6_CollectorService.collectAllData
DEBUG ServiceThread-P6_CollectorService-14105 org.btsn.handlers.ServiceThread - CANONICAL-BINDING: Checking canonical binding for P6_CollectorService.collectAllData with attribute 'token'
DEBUG ServiceThread-P6_CollectorService-14105 org.btsn.handlers.ServiceThread - CANONICAL-BINDING: Operation collectAllData uses standard (AND) semantics
INFO ServiceThread-P6_CollectorService-14105 org.btsn.handlers.ServiceThread - CANONICAL-BINDING: collectAllData requires 1 inputs total (standard AND logic)
INFO ServiceThread-P6_CollectorService-14105 org.btsn.handlers.ServiceThread - CANONICAL-BINDING: collectAllData needs 1 input - can call immediately with 'token'
INFO ServiceThread-P6_CollectorService-14105 org.btsn.handlers.ServiceThread - ORCHESTRATOR: Found single-input canonical binding - calling P6_CollectorService.collectAllData immediately
INFO ServiceThread-P6_CollectorService-14105 org.btsn.handlers.ServiceThread - ORCHESTRATOR: Invoking P6_CollectorService.collectAllData via ServiceHelper (canonical binding)
INFO ServiceThread-P6_CollectorService-14105 org.btsn.handlers.ServiceHelper - === SERVICE INVOCATION START ===
INFO ServiceThread-P6_CollectorService-14105 org.btsn.handlers.ServiceHelper - Service: org.btsn.places.P6_CollectorService.collectAllData
INFO ServiceThread-P6_CollectorService-14105 org.btsn.handlers.ServiceHelper - SequenceID: 1000000
INFO ServiceThread-P6_CollectorService-14105 org.btsn.handlers.ServiceHelper - Input arguments count: 1
DEBUG ServiceThread-P6_CollectorService-14105 org.btsn.handlers.ServiceHelper - Processing argument 1/1, raw length: 33
DEBUG ServiceThread-P6_CollectorService-14105 org.btsn.handlers.ServiceHelper - ENRICHMENT: First service - raw token IS original_token
INFO ServiceThread-P6_CollectorService-14105 org.btsn.handlers.ServiceHelper - ENRICHMENT: Initialized workflow start time (first service)
DEBUG ServiceThread-P6_CollectorService-14105 org.btsn.handlers.ServiceHelper - ENRICHMENT: Cleaned argument 1, length: 33 (removed 0 bytes of metadata)
INFO ServiceThread-P6_CollectorService-14105 org.btsn.handlers.ServiceHelper - ENRICHMENT: Extracted 1 clean business data arguments (removed infrastructure metadata)
INFO ServiceThread-P6_CollectorService-14105 org.btsn.handlers.ServiceHelper - SERVICE INVOKE: Calling org.btsn.places.P6_CollectorService.collectAllData with 1 CLEAN business data arguments
DEBUG ServiceThread-P6_CollectorService-14105 org.btsn.handlers.ServiceHelper - INVOKE: Reflecting on org.btsn.places.P6_CollectorService.collectAllData
DEBUG ServiceThread-P6_CollectorService-14105 org.btsn.handlers.ServiceHelper - INVOKE: Looking for method with 1 String parameters
DEBUG ServiceThread-P6_CollectorService-14105 org.btsn.handlers.ServiceHelper - INVOKE: Created instance using 3-param constructor (context, placeName, buildVersion) for org.btsn.places.P6_CollectorService
DEBUG ServiceThread-P6_CollectorService-14105 org.btsn.handlers.ServiceHelper - INVOKE: Found standard method (1 String args)
DEBUG ServiceThread-P6_CollectorService-14105 org.btsn.handlers.ServiceHelper - INVOKE: Calling collectAllData with 1 arguments
INFO ServiceThread-P6_CollectorService-14105 org.btsn.handlers.ServiceHelper - SERVICE COMPLETE: org.btsn.places.P6_CollectorService.collectAllData completed in 238ms
WARN ServiceThread-P6_CollectorService-14105 org.btsn.handlers.ServiceHelper - ENRICHMENT: Inner object is not a JSONObject, cannot enrich
INFO ServiceThread-P6_CollectorService-14105 org.btsn.handlers.ServiceHelper - ENRICHMENT: Successfully enriched service result with metadata
INFO ServiceThread-P6_CollectorService-14105 org.btsn.handlers.ServiceHelper - === SERVICE INVOCATION COMPLETE ===
INFO ServiceThread-P6_CollectorService-14105 org.btsn.handlers.TransitionHandler - ORCHESTRATOR: Service returned: {"monitoredPlace":"P6_Place","petriNetData":{"firingRecordCount":15,"workflowGroups":{"1000000":{"markingEvolution":[{"marking":1,"tokenId":1050003,"transitionId":"T_in_P6","toPlace":"P6_Place","workflowBase":1000000,"eventType":"BUFFERED","placeName":"P6_Place","timestamp":1770634691476,"bufferSize":0},{"marking":1,"tokenId":1050001,"transitionId":"T_in_P6","toPlace":"P6_Place","workflowBase":1000000,"eventType":"BUFFERED","placeName":"P6_Place","timestamp":1770634693436,"bufferSize":0},{"marking":1,"tokenId":1050001,"transitionId":"T_in_P6","toPlace":"P6_Place","workflowBase":1000000,"eventType":"ENTER","placeName":"P6_Place","timestamp":1770634693495,"bufferSize":0},{"marking":1,"tokenId":1050003,"transitionId":"T_in_P6","toPlace":"JOIN_CONSUMED","workflowBase":1000000,"eventType":"JOIN_CONSUMED","placeName":"P6_Place","timestamp":1770634693523,"bufferSize":0},{"marking":0,"tokenId":1050001,"transitionId":"T_out_P6","toPlace":"MonitorService","workflowBase":1000000,"eventType":"EXIT","placeName":"P6_Place","timestamp":1770634693810,"bufferSize":0},{"marking":1,"tokenId":1060003,"transitionId":"T_in_P6","toPlace":"P6_Place","workflowBase":1000000,"eventType":"BUFFERED","placeName":"P6_Place","timestamp":1770634694385,"bufferSize":0},{"marking":1,"tokenId":1060001,"transitionId":"T_in_P6","toPlace":"P6_Place","workflowBase":1000000,"eventType":"BUFFERED","placeName":"P6_Place","timestamp":1770634694923,"bufferSize":0},{"marking":1,"tokenId":1060001,"transitionId":"T_in_P6","toPlace":"P6_Place","workflowBase":1000000,"eventType":"ENTER","placeName":"P6_Place","timestamp":1770634694989,"bufferSize":0},{"marking":1,"tokenId":1060003,"transitionId":"T_in_P6","toPlace":"JOIN_CONSUMED","workflowBase":1000000,"eventType":"JOIN_CONSUMED","placeName":"P6_Place","timestamp":1770634694998,"bufferSize":0},{"marking":0,"tokenId":1060001,"transitionId":"T_out_P6","toPlace":"MonitorService","workflowBase":1000000,"eventType":"EXIT","placeName":"P6_Place","timestamp":1770634695117,"bufferSize":0},{"marking":1,"tokenId":1080003,"transitionId":"T_in_P6","toPlace":"P6_Place","workflowBase":1000000,"eventType":"BUFFERED","placeName":"P6_Place","timestamp":1770634697155,"bufferSize":0},{"marking":1,"tokenId":1080001,"transitionId":"T_in_P6","toPlace":"P6_Place","workflowBase":1000000,"eventType":"BUFFERED","placeName":"P6_Place","timestamp":1770634697339,"bufferSize":0},{"marking":1,"tokenId":1080001,"transitionId":"T_in_P6","toPlace":"P6_Place","workflowBase":1000000,"eventType":"ENTER","placeName":"P6_Place","timestamp":1770634697441,"bufferSize":0},{"marking":1,"tokenId":1080003,"transitionId":"T_in_P6","toPlace":"JOIN_CONSUMED","workflowBase":1000000,"eventType":"JOIN_CONSUMED","placeName":"P6_Place","timestamp":1770634697455,"bufferSize":0},{"marking":0,"tokenId":1080001,"transitionId":"T_out_P6","toPlace":"MonitorService","workflowBase":1000000,"eventType":"EXIT","placeName":"P6_Place","timestamp":1770634697631,"bufferSize":0}],"tokenGenealogy":[],"tokenPaths":[{"entryTime":1770634693436,"exitTime":1770634693810,"residenceTime":374,"entryBufferSize":0,"tokenId":1050001,"exitBufferSize":0,"workflowBase":1000000,"placeName":"P6_Place"},{"entryTime":1770634693495,"exitTime":1770634693810,"residenceTime":315,"entryBufferSize":0,"tokenId":1050001,"exitBufferSize":0,"workflowBase":1000000,"placeName":"P6_Place"},{"entryTime":1770634694923,"exitTime":1770634695117,"residenceTime":194,"entryBufferSize":0,"tokenId":1060001,"exitBufferSize":0,"workflowBase":1000000,"placeName":"P6_Place"},{"entryTime":1770634694989,"exitTime":1770634695117,"residenceTime":128,"entryBufferSize":0,"tokenId":1060001,"exitBufferSize":0,"workflowBase":1000000,"placeName":"P6_Place"},{"entryTime":1770634697339,"exitTime":1770634697631,"residenceTime":292,"entryBufferSize":0,"tokenId":1080001,"exitBufferSize":0,"workflowBase":1000000,"placeName":"P6_Place"},{"entryTime":1770634697441,"exitTime":1770634697631,"residenceTime":190,"entryBufferSize":0,"tokenId":1080001,"exitBufferSize":0,"workflowBase":1000000,"placeName":"P6_Place"}],"transitionFirings":[{"tokenId":1050003,"transitionId":"T_in_P6","fromPlace":"","toPlace":"P6_Place","workflowBase":1000000,"eventType":"BUFFERED","placeName":"P6_Place","timestamp":1770634691476,"bufferSize":0},{"tokenId":1050001,"transitionId":"T_in_P6","fromPlace":"","toPlace":"P6_Place","workflowBase":1000000,"eventType":"BUFFERED","placeName":"P6_Place","timestamp":1770634693436,"bufferSize":0},{"tokenId":1050001,"transitionId":"T_in_P6","fromPlace":"","toPlace":"P6_Place","workflowBase":1000000,"eventType":"ENTER","placeName":"P6_Place","timestamp":1770634693495,"bufferSize":0},{"tokenId":1050003,"transitionId":"T_in_P6","fromPlace":"","toPlace":"JOIN_CONSUMED","workflowBase":1000000,"eventType":"JOIN_CONSUMED","placeName":"P6_Place","timestamp":1770634693523,"bufferSize":0},{"tokenId":1050001,"transitionId":"T_out_P6","fromPlace":"P6_Place","toPlace":"MonitorService","workflowBase":1000000,"eventType":"EXIT","placeName":"P6_Place","timestamp":1770634693810,"bufferSize":0},{"tokenId":1060003,"transitionId":"T_in_P6","fromPlace":"","toPlace":"P6_Place","workflowBase":1000000,"eventType":"BUFFERED","placeName":"P6_Place","timestamp":1770634694385,"bufferSize":0},{"tokenId":1060001,"transitionId":"T_in_P6","fromPlace":"","toPlace":"P6_Place","workflowBase":1000000,"eventType":"BUFFERED","placeName":"P6_Place","timestamp":1770634694923,"bufferSize":0},{"tokenId":1060001,"transitionId":"T_in_P6","fromPlace":"","toPlace":"P6_Place","workflowBase":1000000,"eventType":"ENTER","placeName":"P6_Place","timestamp":1770634694989,"bufferSize":0},{"tokenId":1060003,"transitionId":"T_in_P6","fromPlace":"","toPlace":"JOIN_CONSUMED","workflowBase":1000000,"eventType":"JOIN_CONSUMED","placeName":"P6_Place","timestamp":1770634694998,"bufferSize":0},{"tokenId":1060001,"transitionId":"T_out_P6","fromPlace":"P6_Place","toPlace":"MonitorService","workflowBase":1000000,"eventType":"EXIT","placeName":"P6_Place","timestamp":1770634695117,"bufferSize":0},{"tokenId":1080003,"transitionId":"T_in_P6","fromPlace":"","toPlace":"P6_Place","workflowBase":1000000,"eventType":"BUFFERED","placeName":"P6_Place","timestamp":1770634697155,"bufferSize":0},{"tokenId":1080001,"transitionId":"T_in_P6","fromPlace":"","toPlace":"P6_Place","workflowBase":1000000,"eventType":"BUFFERED","placeName":"P6_Place","timestamp":1770634697339,"bufferSize":0},{"tokenId":1080001,"transitionId":"T_in_P6","fromPlace":"","toPlace":"P6_Place","workflowBase":1000000,"eventType":"ENTER","placeName":"P6_Place","timestamp":1770634697441,"bufferSize":0},{"tokenId":1080003,"transitionId":"T_in_P6","fromPlace":"","toPlace":"JOIN_CONSUMED","workflowBase":1000000,"eventType":"JOIN_CONSUMED","placeName":"P6_Place","timestamp":1770634697455,"bufferSize":0},{"tokenId":1080001,"transitionId":"T_out_P6","fromPlace":"P6_Place","toPlace":"MonitorService","workflowBase":1000000,"eventType":"EXIT","placeName":"P6_Place","timestamp":1770634697631,"bufferSize":0}],"statistics":[{"avgResidenceTime":248.0,"minResidenceTime":128,"maxBufferSize":0,"tokenCount":6,"maxResidenceTime":374,"workflowBase":1000000,"throughput":4.032258064516129,"placeName":"P6_Place","avgBufferSize":0.0}]}},"pathRecordCount":6,"statisticsRecordCount":1,"markingRecordCount":15},"reportingService":"P6_CollectorService","collectionTime":1770634731454,"performanceData":{"workflowGroups":{"1770634688535":[{"maxQueueCapacity":50,"arrivalTime":1770634692650,"totalTime":1328,"workflowStartTime":1770634688535,"totalMarking":1,"serviceName":"P6_Place","sequenceId":1050001,"operation":"processToken","serviceTime":435,"queueTime":893,"bufferSize":0}],"1770634693737":[{"maxQueueCapacity":50,"arrivalTime":1770634697213,"totalTime":497,"workflowStartTime":1770634693737,"totalMarking":1,"serviceName":"P6_Place","sequenceId":1080001,"operation":"processToken","serviceTime":250,"queueTime":247,"bufferSize":0}],"1770634690342":[{"maxQueueCapacity":50,"arrivalTime":1770634694517,"totalTime":737,"workflowStartTime":1770634690342,"totalMarking":1,"serviceName":"P6_Place","sequenceId":1060001,"operation":"processToken","serviceTime":247,"queueTime":490,"bufferSize":0}]},"markingData":{"1770634688535":[{"publishTime":1770634693978,"maxQueueCapacity":50,"arrivalTime":1770634692650,"invocationTime":1770634693543,"workflowStartTime":1770634688535,"totalMarking":1,"serviceName":"P6_Place","sequenceId":1050001,"operation":"processToken","bufferSize":0}],"1770634693737":[{"publishTime":1770634697710,"maxQueueCapacity":50,"arrivalTime":1770634697213,"invocationTime":1770634697460,"workflowStartTime":1770634693737,"totalMarking":1,"serviceName":"P6_Place","sequenceId":1080001,"operation":"processToken","bufferSize":0}],"1770634690342":[{"publishTime":1770634695254,"maxQueueCapacity":50,"arrivalTime":1770634694517,"invocationTime":1770634695007,"workflowStartTime":1770634690342,"totalMarking":1,"serviceName":"P6_Place","sequenceId":1060001,"operation":"processToken","bufferSize":0}]},"timingRecordCount":3,"markingRecordCount":3},"reportingChannel":"unified_collection","serviceContext":"1000000","version":"v001","token":"{\"token\":\"workflow_1000000_v001\"}"}
DEBUG ServiceThread-P6_CollectorService-14105 org.btsn.handlers.PetriNetInstrumentationHelper - Token 1000000 exiting place: P6_CollectorService -> MonitorService [arc=$ANON11]
WARN ServiceThread-P6_CollectorService-14105 org.btsn.handlers.PetriNetInstrumentationHelper - NAMING CONVENTION VIOLATION: Service 'P6_CollectorService' does not end with '_Place'. Expected format: {NodeName}_Place. Transition IDs may not match topology. Please rename the service.
DEBUG ServiceThread-P6_CollectorService-14105 org.btsn.derby.Analysis.BuildServiceAnalysisDatabase - Wrote transition firing: T_out_P6_CollectorService token=1000000 eventType=EXIT
DEBUG ServiceThread-P6_CollectorService-14105 org.btsn.handlers.PetriNetInstrumentationHelper - Recorded transition: T_out_P6_CollectorService (EdgeNode) token=1000000 P6_CollectorService -> MonitorService [EXIT] arc=$ANON11
DEBUG ServiceThread-P6_CollectorService-14105 org.btsn.handlers.ServiceThread - PETRI-NET: Token 1000000 EXIT from P6_CollectorService -> MonitorService.writeCollectorData [arc=$ANON11]
INFO ServiceThread-P6_CollectorService-14105 org.btsn.handlers.ServiceThread - DEBUG: Querying activeService for MonitorService.writeCollectorData
INFO ServiceThread-P6_CollectorService-14105 org.btsn.handlers.ServiceThread - DEBUG: ActiveService query returned 2 rows
INFO ServiceThread-P6_CollectorService-14105 org.btsn.handlers.ServiceThread - DEBUG: ActiveService result - ?channelId = ip0
INFO ServiceThread-P6_CollectorService-14105 org.btsn.handlers.ServiceThread - DEBUG: ActiveService result - ?port = 3002
INFO ServiceThread-P6_CollectorService-14105 org.btsn.handlers.ServiceThread - ORCHESTRATOR: APPLYING activeService override - Channel: ip0, Port: 3002
INFO ServiceThread-P6_CollectorService-14105 org.btsn.handlers.ServiceThread - ORCHESTRATOR: Resolved ip0 to IP 192.168.1.152
DEBUG ServiceThread-P6_CollectorService-14105 org.btsn.handlers.ServiceThread - ROUTING: External to MonitorService -> 'token'
INFO ServiceThread-P6_CollectorService-14105 org.btsn.handlers.ServiceThread - ROUTING: Token 1000000 -> 'token' to MonitorService.writeCollectorData
INFO ServiceThread-P6_CollectorService-14105 org.btsn.handlers.ServiceThread - ORCHESTRATOR: Publishing to Service MonitorService Operation: writeCollectorData
INFO ServiceThread-P6_CollectorService-14105 org.btsn.handlers.ServiceThread - ORCHESTRATOR: Channel: 192.168.1.152, Port: 3002
INFO ServiceThread-P6_CollectorService-14105 org.btsn.handlers.ServiceThread - ORCHESTRATOR: Attribute token = {"monitoredPlace":"P6_Place","petriNetData":{"firingRecordCount":15,"workflowGroups":{"1000000":{"markingEvolution":[{"marking":1,"tokenId":1050003,"transitionId":"T_in_P6","toPlace":"P6_Place","workflowBase":1000000,"eventType":"BUFFERED","placeName":"P6_Place","timestamp":1770634691476,"bufferSize":0},{"marking":1,"tokenId":1050001,"transitionId":"T_in_P6","toPlace":"P6_Place","workflowBase":1000000,"eventType":"BUFFERED","placeName":"P6_Place","timestamp":1770634693436,"bufferSize":0},{"marking":1,"tokenId":1050001,"transitionId":"T_in_P6","toPlace":"P6_Place","workflowBase":1000000,"eventType":"ENTER","placeName":"P6_Place","timestamp":1770634693495,"bufferSize":0},{"marking":1,"tokenId":1050003,"transitionId":"T_in_P6","toPlace":"JOIN_CONSUMED","workflowBase":1000000,"eventType":"JOIN_CONSUMED","placeName":"P6_Place","timestamp":1770634693523,"bufferSize":0},{"marking":0,"tokenId":1050001,"transitionId":"T_out_P6","toPlace":"MonitorService","workflowBase":1000000,"eventType":"EXIT","placeName":"P6_Place","timestamp":1770634693810,"bufferSize":0},{"marking":1,"tokenId":1060003,"transitionId":"T_in_P6","toPlace":"P6_Place","workflowBase":1000000,"eventType":"BUFFERED","placeName":"P6_Place","timestamp":1770634694385,"bufferSize":0},{"marking":1,"tokenId":1060001,"transitionId":"T_in_P6","toPlace":"P6_Place","workflowBase":1000000,"eventType":"BUFFERED","placeName":"P6_Place","timestamp":1770634694923,"bufferSize":0},{"marking":1,"tokenId":1060001,"transitionId":"T_in_P6","toPlace":"P6_Place","workflowBase":1000000,"eventType":"ENTER","placeName":"P6_Place","timestamp":1770634694989,"bufferSize":0},{"marking":1,"tokenId":1060003,"transitionId":"T_in_P6","toPlace":"JOIN_CONSUMED","workflowBase":1000000,"eventType":"JOIN_CONSUMED","placeName":"P6_Place","timestamp":1770634694998,"bufferSize":0},{"marking":0,"tokenId":1060001,"transitionId":"T_out_P6","toPlace":"MonitorService","workflowBase":1000000,"eventType":"EXIT","placeName":"P6_Place","timestamp":1770634695117,"bufferSize":0},{"marking":1,"tokenId":1080003,"transitionId":"T_in_P6","toPlace":"P6_Place","workflowBase":1000000,"eventType":"BUFFERED","placeName":"P6_Place","timestamp":1770634697155,"bufferSize":0},{"marking":1,"tokenId":1080001,"transitionId":"T_in_P6","toPlace":"P6_Place","workflowBase":1000000,"eventType":"BUFFERED","placeName":"P6_Place","timestamp":1770634697339,"bufferSize":0},{"marking":1,"tokenId":1080001,"transitionId":"T_in_P6","toPlace":"P6_Place","workflowBase":1000000,"eventType":"ENTER","placeName":"P6_Place","timestamp":1770634697441,"bufferSize":0},{"marking":1,"tokenId":1080003,"transitionId":"T_in_P6","toPlace":"JOIN_CONSUMED","workflowBase":1000000,"eventType":"JOIN_CONSUMED","placeName":"P6_Place","timestamp":1770634697455,"bufferSize":0},{"marking":0,"tokenId":1080001,"transitionId":"T_out_P6","toPlace":"MonitorService","workflowBase":1000000,"eventType":"EXIT","placeName":"P6_Place","timestamp":1770634697631,"bufferSize":0}],"tokenGenealogy":[],"tokenPaths":[{"entryTime":1770634693436,"exitTime":1770634693810,"residenceTime":374,"entryBufferSize":0,"tokenId":1050001,"exitBufferSize":0,"workflowBase":1000000,"placeName":"P6_Place"},{"entryTime":1770634693495,"exitTime":1770634693810,"residenceTime":315,"entryBufferSize":0,"tokenId":1050001,"exitBufferSize":0,"workflowBase":1000000,"placeName":"P6_Place"},{"entryTime":1770634694923,"exitTime":1770634695117,"residenceTime":194,"entryBufferSize":0,"tokenId":1060001,"exitBufferSize":0,"workflowBase":1000000,"placeName":"P6_Place"},{"entryTime":1770634694989,"exitTime":1770634695117,"residenceTime":128,"entryBufferSize":0,"tokenId":1060001,"exitBufferSize":0,"workflowBase":1000000,"placeName":"P6_Place"},{"entryTime":1770634697339,"exitTime":1770634697631,"residenceTime":292,"entryBufferSize":0,"tokenId":1080001,"exitBufferSize":0,"workflowBase":1000000,"placeName":"P6_Place"},{"entryTime":1770634697441,"exitTime":1770634697631,"residenceTime":190,"entryBufferSize":0,"tokenId":1080001,"exitBufferSize":0,"workflowBase":1000000,"placeName":"P6_Place"}],"transitionFirings":[{"tokenId":1050003,"transitionId":"T_in_P6","fromPlace":"","toPlace":"P6_Place","workflowBase":1000000,"eventType":"BUFFERED","placeName":"P6_Place","timestamp":1770634691476,"bufferSize":0},{"tokenId":1050001,"transitionId":"T_in_P6","fromPlace":"","toPlace":"P6_Place","workflowBase":1000000,"eventType":"BUFFERED","placeName":"P6_Place","timestamp":1770634693436,"bufferSize":0},{"tokenId":1050001,"transitionId":"T_in_P6","fromPlace":"","toPlace":"P6_Place","workflowBase":1000000,"eventType":"ENTER","placeName":"P6_Place","timestamp":1770634693495,"bufferSize":0},{"tokenId":1050003,"transitionId":"T_in_P6","fromPlace":"","toPlace":"JOIN_CONSUMED","workflowBase":1000000,"eventType":"JOIN_CONSUMED","placeName":"P6_Place","timestamp":1770634693523,"bufferSize":0},{"tokenId":1050001,"transitionId":"T_out_P6","fromPlace":"P6_Place","toPlace":"MonitorService","workflowBase":1000000,"eventType":"EXIT","placeName":"P6_Place","timestamp":1770634693810,"bufferSize":0},{"tokenId":1060003,"transitionId":"T_in_P6","fromPlace":"","toPlace":"P6_Place","workflowBase":1000000,"eventType":"BUFFERED","placeName":"P6_Place","timestamp":1770634694385,"bufferSize":0},{"tokenId":1060001,"transitionId":"T_in_P6","fromPlace":"","toPlace":"P6_Place","workflowBase":1000000,"eventType":"BUFFERED","placeName":"P6_Place","timestamp":1770634694923,"bufferSize":0},{"tokenId":1060001,"transitionId":"T_in_P6","fromPlace":"","toPlace":"P6_Place","workflowBase":1000000,"eventType":"ENTER","placeName":"P6_Place","timestamp":1770634694989,"bufferSize":0},{"tokenId":1060003,"transitionId":"T_in_P6","fromPlace":"","toPlace":"JOIN_CONSUMED","workflowBase":1000000,"eventType":"JOIN_CONSUMED","placeName":"P6_Place","timestamp":1770634694998,"bufferSize":0},{"tokenId":1060001,"transitionId":"T_out_P6","fromPlace":"P6_Place","toPlace":"MonitorService","workflowBase":1000000,"eventType":"EXIT","placeName":"P6_Place","timestamp":1770634695117,"bufferSize":0},{"tokenId":1080003,"transitionId":"T_in_P6","fromPlace":"","toPlace":"P6_Place","workflowBase":1000000,"eventType":"BUFFERED","placeName":"P6_Place","timestamp":1770634697155,"bufferSize":0},{"tokenId":1080001,"transitionId":"T_in_P6","fromPlace":"","toPlace":"P6_Place","workflowBase":1000000,"eventType":"BUFFERED","placeName":"P6_Place","timestamp":1770634697339,"bufferSize":0},{"tokenId":1080001,"transitionId":"T_in_P6","fromPlace":"","toPlace":"P6_Place","workflowBase":1000000,"eventType":"ENTER","placeName":"P6_Place","timestamp":1770634697441,"bufferSize":0},{"tokenId":1080003,"transitionId":"T_in_P6","fromPlace":"","toPlace":"JOIN_CONSUMED","workflowBase":1000000,"eventType":"JOIN_CONSUMED","placeName":"P6_Place","timestamp":1770634697455,"bufferSize":0},{"tokenId":1080001,"transitionId":"T_out_P6","fromPlace":"P6_Place","toPlace":"MonitorService","workflowBase":1000000,"eventType":"EXIT","placeName":"P6_Place","timestamp":1770634697631,"bufferSize":0}],"statistics":[{"avgResidenceTime":248.0,"minResidenceTime":128,"maxBufferSize":0,"tokenCount":6,"maxResidenceTime":374,"workflowBase":1000000,"throughput":4.032258064516129,"placeName":"P6_Place","avgBufferSize":0.0}]}},"pathRecordCount":6,"statisticsRecordCount":1,"markingRecordCount":15},"reportingService":"P6_CollectorService","collectionTime":1770634731454,"performanceData":{"workflowGroups":{"1770634688535":[{"maxQueueCapacity":50,"arrivalTime":1770634692650,"totalTime":1328,"workflowStartTime":1770634688535,"totalMarking":1,"serviceName":"P6_Place","sequenceId":1050001,"operation":"processToken","serviceTime":435,"queueTime":893,"bufferSize":0}],"1770634693737":[{"maxQueueCapacity":50,"arrivalTime":1770634697213,"totalTime":497,"workflowStartTime":1770634693737,"totalMarking":1,"serviceName":"P6_Place","sequenceId":1080001,"operation":"processToken","serviceTime":250,"queueTime":247,"bufferSize":0}],"1770634690342":[{"maxQueueCapacity":50,"arrivalTime":1770634694517,"totalTime":737,"workflowStartTime":1770634690342,"totalMarking":1,"serviceName":"P6_Place","sequenceId":1060001,"operation":"processToken","serviceTime":247,"queueTime":490,"bufferSize":0}]},"markingData":{"1770634688535":[{"publishTime":1770634693978,"maxQueueCapacity":50,"arrivalTime":1770634692650,"invocationTime":1770634693543,"workflowStartTime":1770634688535,"totalMarking":1,"serviceName":"P6_Place","sequenceId":1050001,"operation":"processToken","bufferSize":0}],"1770634693737":[{"publishTime":1770634697710,"maxQueueCapacity":50,"arrivalTime":1770634697213,"invocationTime":1770634697460,"workflowStartTime":1770634693737,"totalMarking":1,"serviceName":"P6_Place","sequenceId":1080001,"operation":"processToken","bufferSize":0}],"1770634690342":[{"publishTime":1770634695254,"maxQueueCapacity":50,"arrivalTime":1770634694517,"invocationTime":1770634695007,"workflowStartTime":1770634690342,"totalMarking":1,"serviceName":"P6_Place","sequenceId":1060001,"operation":"processToken","bufferSize":0}]},"timingRecordCount":3,"markingRecordCount":3},"reportingChannel":"unified_collection","serviceContext":"1000000","version":"v001","token":"{\"token\":\"workflow_1000000_v001\"}"}
INFO ServiceThread-P6_CollectorService-14105 org.btsn.handlers.ServiceThread - ORCHESTRATOR: Completed callNextOperation for MonitorService, published=true
INFO ServiceThread-P6_CollectorService-14105 org.btsn.handlers.ServiceThread - ORCHESTRATOR: Successfully published to MonitorService via EventPublisher
ERROR ServiceThread-P6_CollectorService-14105 org.btsn.handlers.ServiceThread - monitorIncomingEvents: false
DEBUG ServiceThread-P6_CollectorService-14105 org.btsn.handlers.ServiceThread - ORCHESTRATOR: Cleaned up join 1000000
DEBUG ServiceThread-P6_CollectorService-14105 org.btsn.handlers.ServiceThread - ORCHESTRATOR: Service P6_CollectorService sequence ID: 1000000 complete.
