----------------------------------------------------------------
Thu Feb 05 22:33:39 AEST 2026:
Booting Derby version The Apache Software Foundation - Apache Derby - 10.14.2.0 - (1828579): instance a816c00e-019c-2dcb-0ab8-0000007bcf30 
on database directory C:\DevShare\BTSN_R001\BTSN\btsn.healthcare.places.Diagnosis\ServiceAnalysisDataBase with class loader jdk.internal.loader.ClassLoaders$AppClassLoader@443b7951 
Loaded from file:/C:/DevShare/BTSN_R001/BTSN/btsn.common/lib/derby.jar
java.vendor=Oracle Corporation
java.runtime.version=15.0.1+9-18
user.dir=C:\DevShare\BTSN_R001\BTSN\btsn.healthcare.places.Diagnosis
os.name=Windows 7
os.arch=amd64
os.version=6.1
derby.system.home=null
Database Class Loader started - derby.database.classpath=''
----------------------------------------------------------------
Thu Feb 05 22:34:18 AEST 2026:
Booting Derby version The Apache Software Foundation - Apache Derby - 10.14.2.0 - (1828579): instance c5bf806d-019c-2dcb-0ab8-0000007bcf30 
on database directory memory:C:\DevShare\BTSN_R001\BTSN\btsn.healthcare.places.Diagnosis\DIAGNOSISDB_3010001_45433637987098 with class loader jdk.internal.loader.ClassLoaders$AppClassLoader@443b7951 
Loaded from file:/C:/DevShare/BTSN_R001/BTSN/btsn.common/lib/derby.jar
java.vendor=Oracle Corporation
java.runtime.version=15.0.1+9-18
user.dir=C:\DevShare\BTSN_R001\BTSN\btsn.healthcare.places.Diagnosis
os.name=Windows 7
os.arch=amd64
os.version=6.1
derby.system.home=null
Database Class Loader started - derby.database.classpath=''
----------------------------------------------------------------
Thu Feb 05 22:34:27 AEST 2026:
Booting Derby version The Apache Software Foundation - Apache Derby - 10.14.2.0 - (1828579): instance c4cac113-019c-2dcb-0ab8-0000007bcf30 
on database directory memory:C:\DevShare\BTSN_R001\BTSN\btsn.healthcare.places.Diagnosis\DIAGNOSISDB_3030001_45442656395286 with class loader jdk.internal.loader.ClassLoaders$AppClassLoader@443b7951 
Loaded from file:/C:/DevShare/BTSN_R001/BTSN/btsn.common/lib/derby.jar
java.vendor=Oracle Corporation
java.runtime.version=15.0.1+9-18
user.dir=C:\DevShare\BTSN_R001\BTSN\btsn.healthcare.places.Diagnosis
os.name=Windows 7
os.arch=amd64
os.version=6.1
derby.system.home=null
Database Class Loader started - derby.database.classpath=''
----------------------------------------------------------------
Thu Feb 05 22:34:31 AEST 2026:
Booting Derby version The Apache Software Foundation - Apache Derby - 10.14.2.0 - (1828579): instance 9d0881b5-019c-2dcb-0ab8-0000007bcf30 
on database directory memory:C:\DevShare\BTSN_R001\BTSN\btsn.healthcare.places.Diagnosis\DIAGNOSISDB_3040001_45446270910006 with class loader jdk.internal.loader.ClassLoaders$AppClassLoader@443b7951 
Loaded from file:/C:/DevShare/BTSN_R001/BTSN/btsn.common/lib/derby.jar
java.vendor=Oracle Corporation
java.runtime.version=15.0.1+9-18
user.dir=C:\DevShare\BTSN_R001\BTSN\btsn.healthcare.places.Diagnosis
os.name=Windows 7
os.arch=amd64
os.version=6.1
derby.system.home=null
Database Class Loader started - derby.database.classpath=''
----------------------------------------------------------------
Thu Feb 05 22:34:36 AEST 2026:
Booting Derby version The Apache Software Foundation - Apache Derby - 10.14.2.0 - (1828579): instance 8ee74257-019c-2dcb-0ab8-0000007bcf30 
on database directory memory:C:\DevShare\BTSN_R001\BTSN\btsn.healthcare.places.Diagnosis\DIAGNOSISDB_3050001_45450923576938 with class loader jdk.internal.loader.ClassLoaders$AppClassLoader@443b7951 
Loaded from file:/C:/DevShare/BTSN_R001/BTSN/btsn.common/lib/derby.jar
java.vendor=Oracle Corporation
java.runtime.version=15.0.1+9-18
user.dir=C:\DevShare\BTSN_R001\BTSN\btsn.healthcare.places.Diagnosis
os.name=Windows 7
os.arch=amd64
os.version=6.1
derby.system.home=null
Database Class Loader started - derby.database.classpath=''
----------------------------------------------------------------
Thu Feb 05 22:34:54 AEST 2026:
Booting Derby version The Apache Software Foundation - Apache Derby - 10.14.2.0 - (1828579): instance 3be3c2fb-019c-2dcb-0ab8-0000007bcf30 
on database directory memory:C:\DevShare\BTSN_R001\BTSN\btsn.healthcare.places.Diagnosis\DIAGNOSISDB_3110001_45469057114601 with class loader jdk.internal.loader.ClassLoaders$AppClassLoader@443b7951 
Loaded from file:/C:/DevShare/BTSN_R001/BTSN/btsn.common/lib/derby.jar
java.vendor=Oracle Corporation
java.runtime.version=15.0.1+9-18
user.dir=C:\DevShare\BTSN_R001\BTSN\btsn.healthcare.places.Diagnosis
os.name=Windows 7
os.arch=amd64
os.version=6.1
derby.system.home=null
Database Class Loader started - derby.database.classpath=''
----------------------------------------------------------------
Thu Feb 05 22:35:05 AEST 2026:
Booting Derby version The Apache Software Foundation - Apache Derby - 10.14.2.0 - (1828579): instance 2ddc43a2-019c-2dcb-0ab8-0000007bcf30 
on database directory memory:C:\DevShare\BTSN_R001\BTSN\btsn.healthcare.places.Diagnosis\DIAGNOSISDB_3130001_45480234520985 with class loader jdk.internal.loader.ClassLoaders$AppClassLoader@443b7951 
Loaded from file:/C:/DevShare/BTSN_R001/BTSN/btsn.common/lib/derby.jar
java.vendor=Oracle Corporation
java.runtime.version=15.0.1+9-18
user.dir=C:\DevShare\BTSN_R001\BTSN\btsn.healthcare.places.Diagnosis
os.name=Windows 7
os.arch=amd64
os.version=6.1
derby.system.home=null
Database Class Loader started - derby.database.classpath=''
----------------------------------------------------------------
Thu Feb 05 22:35:12 AEST 2026:
Booting Derby version The Apache Software Foundation - Apache Derby - 10.14.2.0 - (1828579): instance 86ca8445-019c-2dcb-0ab8-0000007bcf30 
on database directory memory:C:\DevShare\BTSN_R001\BTSN\btsn.healthcare.places.Diagnosis\DIAGNOSISDB_3140001_45487517049977 with class loader jdk.internal.loader.ClassLoaders$AppClassLoader@443b7951 
Loaded from file:/C:/DevShare/BTSN_R001/BTSN/btsn.common/lib/derby.jar
java.vendor=Oracle Corporation
java.runtime.version=15.0.1+9-18
user.dir=C:\DevShare\BTSN_R001\BTSN\btsn.healthcare.places.Diagnosis
os.name=Windows 7
os.arch=amd64
os.version=6.1
derby.system.home=null
Database Class Loader started - derby.database.classpath=''
----------------------------------------------------------------
Thu Feb 05 22:35:18 AEST 2026:
Booting Derby version The Apache Software Foundation - Apache Derby - 10.14.2.0 - (1828579): instance 02e504e9-019c-2dcb-0ab8-0000007bcf30 
on database directory memory:C:\DevShare\BTSN_R001\BTSN\btsn.healthcare.places.Diagnosis\DIAGNOSISDB_3160001_45492905872795 with class loader jdk.internal.loader.ClassLoaders$AppClassLoader@443b7951 
Loaded from file:/C:/DevShare/BTSN_R001/BTSN/btsn.common/lib/derby.jar
java.vendor=Oracle Corporation
java.runtime.version=15.0.1+9-18
user.dir=C:\DevShare\BTSN_R001\BTSN\btsn.healthcare.places.Diagnosis
os.name=Windows 7
os.arch=amd64
os.version=6.1
derby.system.home=null
Database Class Loader started - derby.database.classpath=''
----------------------------------------------------------------
Thu Feb 05 22:35:20 AEST 2026:
Booting Derby version The Apache Software Foundation - Apache Derby - 10.14.2.0 - (1828579): instance 1d1b458a-019c-2dcb-0ab8-0000007bcf30 
on database directory memory:C:\DevShare\BTSN_R001\BTSN\btsn.healthcare.places.Diagnosis\DIAGNOSISDB_3170001_45495089150044 with class loader jdk.internal.loader.ClassLoaders$AppClassLoader@443b7951 
Loaded from file:/C:/DevShare/BTSN_R001/BTSN/btsn.common/lib/derby.jar
java.vendor=Oracle Corporation
java.runtime.version=15.0.1+9-18
user.dir=C:\DevShare\BTSN_R001\BTSN\btsn.healthcare.places.Diagnosis
os.name=Windows 7
os.arch=amd64
os.version=6.1
derby.system.home=null
Database Class Loader started - derby.database.classpath=''
----------------------------------------------------------------
Thu Feb 05 22:35:22 AEST 2026:
Booting Derby version The Apache Software Foundation - Apache Derby - 10.14.2.0 - (1828579): instance 83b7862d-019c-2dcb-0ab8-0000007bcf30 
on database directory memory:C:\DevShare\BTSN_R001\BTSN\btsn.healthcare.places.Diagnosis\DIAGNOSISDB_3180001_45497382524188 with class loader jdk.internal.loader.ClassLoaders$AppClassLoader@443b7951 
Loaded from file:/C:/DevShare/BTSN_R001/BTSN/btsn.common/lib/derby.jar
java.vendor=Oracle Corporation
java.runtime.version=15.0.1+9-18
user.dir=C:\DevShare\BTSN_R001\BTSN\btsn.healthcare.places.Diagnosis
os.name=Windows 7
os.arch=amd64
os.version=6.1
derby.system.home=null
Database Class Loader started - derby.database.classpath=''
----------------------------------------------------------------
Thu Feb 05 22:35:23 AEST 2026:
Booting Derby version The Apache Software Foundation - Apache Derby - 10.14.2.0 - (1828579): instance c44606d0-019c-2dcb-0ab8-0000007bcf30 
on database directory memory:C:\DevShare\BTSN_R001\BTSN\btsn.healthcare.places.Diagnosis\DIAGNOSISDB_3190001_45498784147882 with class loader jdk.internal.loader.ClassLoaders$AppClassLoader@443b7951 
Loaded from file:/C:/DevShare/BTSN_R001/BTSN/btsn.common/lib/derby.jar
java.vendor=Oracle Corporation
java.runtime.version=15.0.1+9-18
user.dir=C:\DevShare\BTSN_R001\BTSN\btsn.healthcare.places.Diagnosis
os.name=Windows 7
os.arch=amd64
os.version=6.1
derby.system.home=null
Database Class Loader started - derby.database.classpath=''
