INFO main org.btsn.handlers.ServiceLoader - RuleHandler Port: 21080
INFO main org.btsn.handlers.ServiceLoader - Successfully created ServiceThread for MonitorService.acknowledgeTokenArrival
INFO main org.btsn.handlers.ServiceLoader - === Creating ServiceThread for Operation ===
INFO main org.btsn.handlers.ServiceLoader - Service: MonitorService Operation: writeServiceTimingRecord
INFO main org.btsn.handlers.ServiceLoader - Version: v001
INFO main org.btsn.handlers.ServiceLoader - Mode: REMOTE
INFO main org.btsn.handlers.ServiceLoader - Channel: ip0 (number: 0)
INFO main org.btsn.handlers.ServiceLoader - Base Port: 1081
INFO main org.btsn.handlers.ServiceLoader - EventReactor Port: 11081
INFO main org.btsn.handlers.ServiceLoader - RuleHandler Port: 21081
INFO RuleHandler-MonitorService-acknowledgeTokenArrival org.btsn.handlers.UDPLoadRuleHandlerThread - Starting UDP RuleHandler for service: MonitorService, operation: acknowledgeTokenArrival, channel: ip0, port: 21080, listening on: all interfaces
INFO ServiceThread-MonitorService-writeServiceTimingRecord org.btsn.handlers.UDPServiceThread - Starting REMOTE UDP ServiceThread for MonitorService:writeServiceTimingRecord on port: 11081
INFO main org.btsn.handlers.ServiceLoader - Successfully created ServiceThread for MonitorService.writeServiceTimingRecord
INFO main org.btsn.handlers.ServiceLoader - === Creating ServiceThread for Operation ===
INFO main org.btsn.handlers.ServiceLoader - Service: MonitorService Operation: writeCollectorData
INFO main org.btsn.handlers.ServiceLoader - Version: v001
INFO main org.btsn.handlers.ServiceLoader - Mode: REMOTE
INFO main org.btsn.handlers.ServiceLoader - Channel: ip0 (number: 0)
INFO main org.btsn.handlers.ServiceLoader - Base Port: 1082
INFO main org.btsn.handlers.ServiceLoader - EventReactor Port: 11082
INFO main org.btsn.handlers.ServiceLoader - RuleHandler Port: 21082
INFO RuleHandler-MonitorService-writeServiceTimingRecord org.btsn.handlers.UDPLoadRuleHandlerThread - Starting UDP RuleHandler for service: MonitorService, operation: writeServiceTimingRecord, channel: ip0, port: 21081, listening on: all interfaces
INFO RuleHandler-MonitorService-acknowledgeTokenArrival org.btsn.handlers.UDPLoadRuleHandlerThread - Successfully created UDP RuleHandler for MonitorService:acknowledgeTokenArrival listening on port 21080
INFO ServiceThread-MonitorService-acknowledgeTokenArrival org.btsn.handlers.UDPServiceThread - Starting REMOTE UDP ServiceThread for MonitorService:acknowledgeTokenArrival on port: 11080
INFO RuleHandler-MonitorService-writeCollectorData org.btsn.handlers.UDPLoadRuleHandlerThread - Starting UDP RuleHandler for service: MonitorService, operation: writeCollectorData, channel: ip0, port: 21082, listening on: all interfaces
INFO main org.btsn.handlers.ServiceLoader - Successfully created ServiceThread for MonitorService.writeCollectorData
INFO RuleHandler-MonitorService-writeServiceTimingRecord org.btsn.handlers.UDPLoadRuleHandlerThread - Successfully created UDP RuleHandler for MonitorService:writeServiceTimingRecord listening on port 21081
INFO ServiceThread-MonitorService-writeCollectorData org.btsn.handlers.UDPServiceThread - Starting REMOTE UDP ServiceThread for MonitorService:writeCollectorData on port: 11082
INFO RuleHandler-MonitorService-writeCollectorData org.btsn.handlers.UDPLoadRuleHandlerThread - Successfully created UDP RuleHandler for MonitorService:writeCollectorData listening on port 21082
INFO main org.btsn.handlers.ServiceLoader - === Creating ServiceThread for Operation ===
INFO main org.btsn.handlers.ServiceLoader - Service: MonitorService Operation: initiateWorkflowDataCollection
INFO main org.btsn.handlers.ServiceLoader - Version: v001
INFO main org.btsn.handlers.ServiceLoader - Mode: REMOTE
INFO main org.btsn.handlers.ServiceLoader - Channel: ip0 (number: 0)
INFO main org.btsn.handlers.ServiceLoader - Base Port: 1083
INFO main org.btsn.handlers.ServiceLoader - EventReactor Port: 11083
INFO main org.btsn.handlers.ServiceLoader - RuleHandler Port: 21083
INFO main org.btsn.handlers.ServiceLoader - Successfully created ServiceThread for MonitorService.initiateWorkflowDataCollection
INFO main org.btsn.handlers.ServiceLoader - === DETECTED SERVICELIST QUERY FOR: Monitor_InitializationService ===
INFO RuleHandler-MonitorService-initiateWorkflowDataCollection org.btsn.handlers.UDPLoadRuleHandlerThread - Starting UDP RuleHandler for service: MonitorService, operation: initiateWorkflowDataCollection, channel: ip0, port: 21083, listening on: all interfaces
INFO ServiceThread-MonitorService-initiateWorkflowDataCollection org.btsn.handlers.UDPServiceThread - Starting REMOTE UDP ServiceThread for MonitorService:initiateWorkflowDataCollection on port: 11083
INFO RuleHandler-MonitorService-initiateWorkflowDataCollection org.btsn.handlers.UDPLoadRuleHandlerThread - Successfully created UDP RuleHandler for MonitorService:initiateWorkflowDataCollection listening on port 21083
INFO main org.btsn.handlers.ServiceLoader - Found operation: Monitor_InitializationService.purgeAndInitialize on ip0:1084
INFO main org.btsn.handlers.ServiceLoader - Creating ServiceThreads for 1 operations
INFO main org.btsn.handlers.ServiceLoader - === Creating ServiceThread for Operation ===
INFO main org.btsn.handlers.ServiceLoader - Service: Monitor_InitializationService Operation: purgeAndInitialize
INFO main org.btsn.handlers.ServiceLoader - Version: v001
INFO main org.btsn.handlers.ServiceLoader - Mode: REMOTE
INFO main org.btsn.handlers.ServiceLoader - Channel: ip0 (number: 0)
INFO main org.btsn.handlers.ServiceLoader - Base Port: 1084
INFO main org.btsn.handlers.ServiceLoader - EventReactor Port: 11084
INFO main org.btsn.handlers.ServiceLoader - RuleHandler Port: 21084
INFO main org.btsn.handlers.ServiceLoader - Successfully created ServiceThread for Monitor_InitializationService.purgeAndInitialize
INFO main org.btsn.handlers.ServiceLoader - === ServiceLoader Startup Complete ===
INFO main org.btsn.handlers.ServiceLoader - Version: v001
INFO ServiceThread-Monitor_InitializationService-purgeAndInitialize org.btsn.handlers.UDPServiceThread - Starting REMOTE UDP ServiceThread for Monitor_InitializationService:purgeAndInitialize on port: 11084
INFO main org.btsn.handlers.ServiceLoader - Mode: REMOTE on 192.168.1.152
INFO main org.btsn.handlers.ServiceLoader - === SHUTDOWN OPTIONS ===
INFO main org.btsn.handlers.ServiceLoader - 1. Delete file: C:\DevShare\BTSN_63\BTSN\btsn.petrinet.Monitor\service_v001.running
INFO main org.btsn.handlers.ServiceLoader - 2. Send UDP 'SHUTDOWN' to port: 39001
INFO main org.btsn.handlers.ServiceLoader - 3. Ctrl+C or terminate process
INFO main org.btsn.handlers.ServiceLoader - ========================
INFO RuleHandler-Monitor_InitializationService-purgeAndInitialize org.btsn.handlers.UDPLoadRuleHandlerThread - Starting UDP RuleHandler for service: Monitor_InitializationService, operation: purgeAndInitialize, channel: ip0, port: 21084, listening on: all interfaces
INFO RuleHandler-Monitor_InitializationService-purgeAndInitialize org.btsn.handlers.UDPLoadRuleHandlerThread - Successfully created UDP RuleHandler for Monitor_InitializationService:purgeAndInitialize listening on port 21084
INFO ServiceThread-MonitorService-writeCollectorData org.btsn.derby.Analysis.BuildServiceAnalysisDatabase - Derby Embedded Driver registered successfully.
INFO ServiceThread-MonitorService-writeCollectorData org.btsn.derby.Analysis.BuildServiceAnalysisDatabase - Derby Embedded Driver registered successfully.
INFO ServiceThread-MonitorService-writeCollectorData org.btsn.handlers.PetriNetInstrumentationHelper - === PETRI NET INSTRUMENTATION INITIALIZED ===
INFO ServiceThread-MonitorService-writeCollectorData org.btsn.handlers.PetriNetInstrumentationHelper - Service: ip0:11082
INFO ServiceThread-MonitorService-writeCollectorData org.btsn.handlers.PetriNetInstrumentationHelper - Recording: Transitions=true, Genealogy=true, Joins=true
INFO ServiceThread-MonitorService-writeCollectorData org.btsn.handlers.ServiceThread - ORCHESTRATOR: Petri Net instrumentation ENABLED (full mode)
INFO ServiceThread-MonitorService-writeCollectorData org.btsn.handlers.ServiceThread - Join processing strategy: OPTIMIZED (any complete join)
INFO ServiceThread-MonitorService-initiateWorkflowDataCollection org.btsn.derby.Analysis.BuildServiceAnalysisDatabase - Derby Embedded Driver registered successfully.
INFO ServiceThread-MonitorService-initiateWorkflowDataCollection org.btsn.derby.Analysis.BuildServiceAnalysisDatabase - Derby Embedded Driver registered successfully.
INFO ServiceThread-MonitorService-initiateWorkflowDataCollection org.btsn.handlers.PetriNetInstrumentationHelper - === PETRI NET INSTRUMENTATION INITIALIZED ===
INFO ServiceThread-MonitorService-initiateWorkflowDataCollection org.btsn.handlers.PetriNetInstrumentationHelper - Service: ip0:11083
INFO ServiceThread-MonitorService-initiateWorkflowDataCollection org.btsn.handlers.PetriNetInstrumentationHelper - Recording: Transitions=true, Genealogy=true, Joins=true
INFO ServiceThread-MonitorService-initiateWorkflowDataCollection org.btsn.handlers.ServiceThread - ORCHESTRATOR: Petri Net instrumentation ENABLED (full mode)
INFO ServiceThread-MonitorService-writeCollectorData org.btsn.handlers.ServiceThread - Starting EventReactor for channel: ip0, port: 11082
INFO ServiceThread-MonitorService-initiateWorkflowDataCollection org.btsn.handlers.ServiceThread - Join processing strategy: OPTIMIZED (any complete join)
INFO ServiceThread-MonitorService-initiateWorkflowDataCollection org.btsn.handlers.ServiceThread - Starting EventReactor for channel: ip0, port: 11083
INFO ServiceThread-MonitorService-initiateWorkflowDataCollection org.btsn.handlers.ServiceThread - EventReactor started successfully on attempt 1
INFO ServiceThread-MonitorService-initiateWorkflowDataCollection org.btsn.handlers.UDPServiceThread - Successfully created REMOTE UDP ServiceThread for port 11083
INFO ServiceThread-MonitorService-writeCollectorData org.btsn.handlers.ServiceThread - EventReactor started successfully on attempt 1
INFO ServiceThread-MonitorService-writeCollectorData org.btsn.handlers.UDPServiceThread - Successfully created REMOTE UDP ServiceThread for port 11082
INFO ServiceThread-MonitorService-11083 org.btsn.handlers.ServiceThread - ServiceThread ORCHESTRATOR starting main processing loop
INFO ServiceThread-MonitorService-11082 org.btsn.handlers.ServiceThread - ServiceThread ORCHESTRATOR starting main processing loop
INFO ServiceThread-MonitorService-writeServiceTimingRecord org.btsn.derby.Analysis.BuildServiceAnalysisDatabase - Derby Embedded Driver registered successfully.
INFO ServiceThread-MonitorService-writeServiceTimingRecord org.btsn.derby.Analysis.BuildServiceAnalysisDatabase - Derby Embedded Driver registered successfully.
INFO ServiceThread-MonitorService-writeServiceTimingRecord org.btsn.handlers.PetriNetInstrumentationHelper - === PETRI NET INSTRUMENTATION INITIALIZED ===
INFO ServiceThread-MonitorService-writeServiceTimingRecord org.btsn.handlers.PetriNetInstrumentationHelper - Service: ip0:11081
INFO ServiceThread-MonitorService-writeServiceTimingRecord org.btsn.handlers.PetriNetInstrumentationHelper - Recording: Transitions=true, Genealogy=true, Joins=true
INFO ServiceThread-MonitorService-writeServiceTimingRecord org.btsn.handlers.ServiceThread - ORCHESTRATOR: Petri Net instrumentation ENABLED (full mode)
INFO ServiceThread-Monitor_InitializationService-purgeAndInitialize org.btsn.derby.Analysis.BuildServiceAnalysisDatabase - Derby Embedded Driver registered successfully.
INFO ServiceThread-Monitor_InitializationService-purgeAndInitialize org.btsn.derby.Analysis.BuildServiceAnalysisDatabase - Derby Embedded Driver registered successfully.
INFO ServiceThread-Monitor_InitializationService-purgeAndInitialize org.btsn.handlers.PetriNetInstrumentationHelper - === PETRI NET INSTRUMENTATION INITIALIZED ===
INFO ServiceThread-Monitor_InitializationService-purgeAndInitialize org.btsn.handlers.PetriNetInstrumentationHelper - Service: ip0:11084
INFO ServiceThread-Monitor_InitializationService-purgeAndInitialize org.btsn.handlers.PetriNetInstrumentationHelper - Recording: Transitions=true, Genealogy=true, Joins=true
INFO ServiceThread-Monitor_InitializationService-purgeAndInitialize org.btsn.handlers.ServiceThread - ORCHESTRATOR: Petri Net instrumentation ENABLED (full mode)
INFO ServiceThread-MonitorService-acknowledgeTokenArrival org.btsn.derby.Analysis.BuildServiceAnalysisDatabase - Derby Embedded Driver registered successfully.
INFO ServiceThread-MonitorService-acknowledgeTokenArrival org.btsn.derby.Analysis.BuildServiceAnalysisDatabase - Derby Embedded Driver registered successfully.
INFO ServiceThread-MonitorService-acknowledgeTokenArrival org.btsn.handlers.PetriNetInstrumentationHelper - === PETRI NET INSTRUMENTATION INITIALIZED ===
INFO ServiceThread-MonitorService-acknowledgeTokenArrival org.btsn.handlers.PetriNetInstrumentationHelper - Service: ip0:11080
INFO ServiceThread-MonitorService-acknowledgeTokenArrival org.btsn.handlers.PetriNetInstrumentationHelper - Recording: Transitions=true, Genealogy=true, Joins=true
INFO ServiceThread-MonitorService-acknowledgeTokenArrival org.btsn.handlers.ServiceThread - ORCHESTRATOR: Petri Net instrumentation ENABLED (full mode)
INFO ServiceThread-MonitorService-writeServiceTimingRecord org.btsn.handlers.ServiceThread - Join processing strategy: OPTIMIZED (any complete join)
INFO ServiceThread-MonitorService-writeServiceTimingRecord org.btsn.handlers.ServiceThread - Starting EventReactor for channel: ip0, port: 11081
INFO ServiceThread-Monitor_InitializationService-purgeAndInitialize org.btsn.handlers.ServiceThread - Join processing strategy: OPTIMIZED (any complete join)
INFO ServiceThread-Monitor_InitializationService-purgeAndInitialize org.btsn.handlers.ServiceThread - Starting EventReactor for channel: ip0, port: 11084
INFO ServiceThread-MonitorService-writeServiceTimingRecord org.btsn.handlers.ServiceThread - EventReactor started successfully on attempt 1
INFO ServiceThread-MonitorService-writeServiceTimingRecord org.btsn.handlers.UDPServiceThread - Successfully created REMOTE UDP ServiceThread for port 11081
INFO ServiceThread-MonitorService-11081 org.btsn.handlers.ServiceThread - ServiceThread ORCHESTRATOR starting main processing loop
INFO ServiceThread-Monitor_InitializationService-purgeAndInitialize org.btsn.handlers.ServiceThread - EventReactor started successfully on attempt 1
INFO ServiceThread-Monitor_InitializationService-purgeAndInitialize org.btsn.handlers.UDPServiceThread - Successfully created REMOTE UDP ServiceThread for port 11084
INFO ServiceThread-MonitorService-acknowledgeTokenArrival org.btsn.handlers.ServiceThread - Join processing strategy: OPTIMIZED (any complete join)
INFO ServiceThread-MonitorService-acknowledgeTokenArrival org.btsn.handlers.ServiceThread - Starting EventReactor for channel: ip0, port: 11080
INFO ServiceThread-Monitor_InitializationService-11084 org.btsn.handlers.ServiceThread - ServiceThread ORCHESTRATOR starting main processing loop
INFO ServiceThread-MonitorService-acknowledgeTokenArrival org.btsn.handlers.ServiceThread - EventReactor started successfully on attempt 1
INFO ServiceThread-MonitorService-acknowledgeTokenArrival org.btsn.handlers.UDPServiceThread - Successfully created REMOTE UDP ServiceThread for port 11080
INFO ServiceThread-MonitorService-11080 org.btsn.handlers.ServiceThread - ServiceThread ORCHESTRATOR starting main processing loop
INFO main org.btsn.handlers.ServiceLoader - === Starting Rule-Driven ServiceLoader ===
INFO main org.btsn.handlers.ServiceLoader - Using build version: v001
INFO main org.btsn.handlers.ServiceLoader - Created shutdown control file: C:\DevShare\BTSN_66\BTSN\btsn.petrinet.Monitor\service_v001.running
INFO main org.btsn.handlers.ServiceLoader - DELETE this file to trigger graceful shutdown
WARN main org.btsn.handlers.ServiceLoader - Could not start shutdown listener: Address already in use: bind
INFO main org.btsn.handlers.ServiceLoader - === Building rule base with version v001 ===
INFO main org.btsn.handlers.ServiceLoader - Registered version v001 as valid
INFO main org.btsn.handlers.ServiceLoader - === Checking for remote deployment mode ===
INFO main org.btsn.handlers.ServiceLoader - === Auto-detecting deployment mode from facts ===
INFO main org.btsn.handlers.ServiceLoader - This machine's primary IP: 192.168.1.152
INFO main org.btsn.handlers.ServiceLoader - All IPs for this machine: [fe80:0:0:0:0:100:7f:fffe%net5, fe80:0:0:0:0:5efe:c0a8:198%net9, fe80:0:0:0:4478:23a2:44e3:e737%eth5, 0:0:0:0:0:0:0:1, 192.168.1.152, 127.0.0.1]
INFO main org.btsn.handlers.ServiceLoader - *** FOUND: Channel ip0 maps to this machine at 192.168.1.152 ***
INFO main org.btsn.handlers.ServiceLoader - Checking for services using channel: ip0
INFO main org.btsn.handlers.ServiceLoader - Found 3 activeService entries using ip0
INFO main org.btsn.handlers.ServiceLoader - Found 3 activeService entries using ip0
INFO main org.btsn.handlers.ServiceLoader - *** REMOTE MODE AUTO-ENABLED ***
INFO main org.btsn.handlers.ServiceLoader - *** This host (192.168.1.152) is configured for remote services ***
INFO main org.btsn.handlers.ServiceLoader - *** Channel ip0 maps to this machine ***
DEBUG main org.btsn.handlers.ServiceLoader - ServiceLoader: Looking in directory: C:\DevShare\BTSN_66\BTSN\btsn.petrinet.monitor/ServiceLoaderQueries for rulebase
INFO main org.btsn.handlers.ServiceLoader - === DETECTED SERVICELIST QUERY FOR: MonitorService ===
INFO main org.btsn.handlers.ServiceLoader - Creating ServiceThreads for 0 operations
INFO main org.btsn.handlers.ServiceLoader - === DETECTED SERVICELIST QUERY FOR: Monitor_InitializationService ===
INFO main org.btsn.handlers.ServiceLoader - Found operation: Monitor_InitializationService.purgeAndInitialize on ip0:1084
INFO main org.btsn.handlers.ServiceLoader - Creating ServiceThreads for 1 operations
INFO main org.btsn.handlers.ServiceLoader - === Creating ServiceThread for Operation ===
INFO main org.btsn.handlers.ServiceLoader - Service: Monitor_InitializationService Operation: purgeAndInitialize
INFO main org.btsn.handlers.ServiceLoader - Version: v001
INFO main org.btsn.handlers.ServiceLoader - Mode: REMOTE
INFO main org.btsn.handlers.ServiceLoader - Channel: ip0 (number: 0)
INFO main org.btsn.handlers.ServiceLoader - Base Port: 1084
INFO main org.btsn.handlers.ServiceLoader - EventReactor Port: 11084
INFO main org.btsn.handlers.ServiceLoader - RuleHandler Port: 21084
INFO RuleHandler-Monitor_InitializationService-purgeAndInitialize org.btsn.handlers.UDPLoadRuleHandlerThread - Starting UDP RuleHandler for service: Monitor_InitializationService, operation: purgeAndInitialize, channel: ip0, port: 21084, listening on: all interfaces
INFO main org.btsn.handlers.ServiceLoader - Successfully created ServiceThread for Monitor_InitializationService.purgeAndInitialize
INFO main org.btsn.handlers.ServiceLoader - === ServiceLoader Startup Complete ===
INFO main org.btsn.handlers.ServiceLoader - Version: v001
INFO main org.btsn.handlers.ServiceLoader - Mode: REMOTE on 192.168.1.152
INFO main org.btsn.handlers.ServiceLoader - === SHUTDOWN OPTIONS ===
INFO main org.btsn.handlers.ServiceLoader - 1. Delete file: C:\DevShare\BTSN_66\BTSN\btsn.petrinet.Monitor\service_v001.running
INFO ServiceThread-Monitor_InitializationService-purgeAndInitialize org.btsn.handlers.UDPServiceThread - Starting REMOTE UDP ServiceThread for Monitor_InitializationService:purgeAndInitialize on port: 11084
INFO main org.btsn.handlers.ServiceLoader - 2. Send UDP 'SHUTDOWN' to port: 39001
INFO main org.btsn.handlers.ServiceLoader - 3. Ctrl+C or terminate process
INFO main org.btsn.handlers.ServiceLoader - ========================
INFO RuleHandler-Monitor_InitializationService-purgeAndInitialize org.btsn.handlers.UDPLoadRuleHandlerThread - Successfully created UDP RuleHandler for Monitor_InitializationService:purgeAndInitialize listening on port 21084
INFO ServiceThread-Monitor_InitializationService-purgeAndInitialize org.btsn.derby.Analysis.BuildServiceAnalysisDatabase - Derby Embedded Driver registered successfully.
INFO ServiceThread-Monitor_InitializationService-purgeAndInitialize org.btsn.derby.Analysis.BuildServiceAnalysisDatabase - Derby Embedded Driver registered successfully.
INFO ServiceThread-Monitor_InitializationService-purgeAndInitialize org.btsn.handlers.PetriNetInstrumentationHelper - === PETRI NET INSTRUMENTATION INITIALIZED ===
INFO ServiceThread-Monitor_InitializationService-purgeAndInitialize org.btsn.handlers.PetriNetInstrumentationHelper - Service: ip0:11084
INFO ServiceThread-Monitor_InitializationService-purgeAndInitialize org.btsn.handlers.PetriNetInstrumentationHelper - Recording: Transitions=true, Genealogy=true, Joins=true
INFO ServiceThread-Monitor_InitializationService-purgeAndInitialize org.btsn.handlers.ServiceThread - ORCHESTRATOR: Petri Net instrumentation ENABLED (full mode)
INFO ServiceThread-Monitor_InitializationService-purgeAndInitialize org.btsn.handlers.ServiceThread - Join processing strategy: OPTIMIZED (any complete join)
INFO ServiceThread-Monitor_InitializationService-purgeAndInitialize org.btsn.handlers.ServiceThread - Starting EventReactor for channel: ip0, port: 11084
INFO ServiceThread-Monitor_InitializationService-purgeAndInitialize org.btsn.handlers.ServiceThread - EventReactor started successfully on attempt 1
INFO ServiceThread-Monitor_InitializationService-purgeAndInitialize org.btsn.handlers.UDPServiceThread - Successfully created REMOTE UDP ServiceThread for port 11084
INFO ServiceThread-Monitor_InitializationService-11084 org.btsn.handlers.ServiceThread - ServiceThread ORCHESTRATOR starting main processing loop
INFO main org.btsn.handlers.ServiceLoader - === Starting Rule-Driven ServiceLoader ===
INFO main org.btsn.handlers.ServiceLoader - Using build version: v001
INFO main org.btsn.handlers.ServiceLoader - Created shutdown control file: C:\DevShare\BTSN_67\BTSN\btsn.petrinet.Monitor\service_v001.running
INFO main org.btsn.handlers.ServiceLoader - DELETE this file to trigger graceful shutdown
WARN main org.btsn.handlers.ServiceLoader - Could not start shutdown listener: Address already in use: bind
INFO main org.btsn.handlers.ServiceLoader - === Building rule base with version v001 ===
INFO main org.btsn.handlers.ServiceLoader - Registered version v001 as valid
INFO main org.btsn.handlers.ServiceLoader - === Checking for remote deployment mode ===
INFO main org.btsn.handlers.ServiceLoader - === Auto-detecting deployment mode from facts ===
INFO main org.btsn.handlers.ServiceLoader - This machine's primary IP: 192.168.1.152
INFO main org.btsn.handlers.ServiceLoader - All IPs for this machine: [fe80:0:0:0:0:100:7f:fffe%net5, fe80:0:0:0:0:5efe:c0a8:198%net7, fe80:0:0:0:4478:23a2:44e3:e737%eth5, 0:0:0:0:0:0:0:1, 192.168.1.152, 127.0.0.1]
INFO main org.btsn.handlers.ServiceLoader - *** FOUND: Channel ip0 maps to this machine at 192.168.1.152 ***
INFO main org.btsn.handlers.ServiceLoader - Checking for services using channel: ip0
INFO main org.btsn.handlers.ServiceLoader - Found 3 activeService entries using ip0
INFO main org.btsn.handlers.ServiceLoader - Found 3 activeService entries using ip0
INFO main org.btsn.handlers.ServiceLoader - *** REMOTE MODE AUTO-ENABLED ***
INFO main org.btsn.handlers.ServiceLoader - *** This host (192.168.1.152) is configured for remote services ***
INFO main org.btsn.handlers.ServiceLoader - *** Channel ip0 maps to this machine ***
DEBUG main org.btsn.handlers.ServiceLoader - ServiceLoader: Looking in directory: C:\DevShare\BTSN_67\BTSN\btsn.petrinet.monitor/ServiceLoaderQueries for rulebase
INFO main org.btsn.handlers.ServiceLoader - === DETECTED SERVICELIST QUERY FOR: MonitorService ===
INFO main org.btsn.handlers.ServiceLoader - Creating ServiceThreads for 0 operations
INFO main org.btsn.handlers.ServiceLoader - === DETECTED SERVICELIST QUERY FOR: Monitor_InitializationService ===
INFO main org.btsn.handlers.ServiceLoader - Found operation: Monitor_InitializationService.purgeAndInitialize on ip0:1084
INFO main org.btsn.handlers.ServiceLoader - Creating ServiceThreads for 1 operations
INFO main org.btsn.handlers.ServiceLoader - === Creating ServiceThread for Operation ===
INFO main org.btsn.handlers.ServiceLoader - Service: Monitor_InitializationService Operation: purgeAndInitialize
INFO main org.btsn.handlers.ServiceLoader - Version: v001
INFO main org.btsn.handlers.ServiceLoader - Mode: REMOTE
INFO main org.btsn.handlers.ServiceLoader - Channel: ip0 (number: 0)
INFO main org.btsn.handlers.ServiceLoader - Base Port: 1084
INFO main org.btsn.handlers.ServiceLoader - EventReactor Port: 11084
INFO main org.btsn.handlers.ServiceLoader - RuleHandler Port: 21084
INFO RuleHandler-Monitor_InitializationService-purgeAndInitialize org.btsn.handlers.UDPLoadRuleHandlerThread - Starting UDP RuleHandler for service: Monitor_InitializationService, operation: purgeAndInitialize, channel: ip0, port: 21084, listening on: all interfaces
INFO main org.btsn.handlers.ServiceLoader - Successfully created ServiceThread for Monitor_InitializationService.purgeAndInitialize
INFO main org.btsn.handlers.ServiceLoader - === ServiceLoader Startup Complete ===
INFO main org.btsn.handlers.ServiceLoader - Version: v001
INFO main org.btsn.handlers.ServiceLoader - Mode: REMOTE on 192.168.1.152
INFO main org.btsn.handlers.ServiceLoader - === SHUTDOWN OPTIONS ===
INFO main org.btsn.handlers.ServiceLoader - 1. Delete file: C:\DevShare\BTSN_67\BTSN\btsn.petrinet.Monitor\service_v001.running
INFO main org.btsn.handlers.ServiceLoader - 2. Send UDP 'SHUTDOWN' to port: 39001
INFO main org.btsn.handlers.ServiceLoader - 3. Ctrl+C or terminate process
INFO main org.btsn.handlers.ServiceLoader - ========================
INFO RuleHandler-Monitor_InitializationService-purgeAndInitialize org.btsn.handlers.UDPLoadRuleHandlerThread - Successfully created UDP RuleHandler for Monitor_InitializationService:purgeAndInitialize listening on port 21084
INFO ServiceThread-Monitor_InitializationService-purgeAndInitialize org.btsn.handlers.UDPServiceThread - Starting REMOTE UDP ServiceThread for Monitor_InitializationService:purgeAndInitialize on port: 11084
INFO ServiceThread-Monitor_InitializationService-purgeAndInitialize org.btsn.derby.Analysis.BuildServiceAnalysisDatabase - Derby Embedded Driver registered successfully.
INFO ServiceThread-Monitor_InitializationService-purgeAndInitialize org.btsn.derby.Analysis.BuildServiceAnalysisDatabase - Derby Embedded Driver registered successfully.
INFO ServiceThread-Monitor_InitializationService-purgeAndInitialize org.btsn.handlers.PetriNetInstrumentationHelper - === PETRI NET INSTRUMENTATION INITIALIZED ===
INFO ServiceThread-Monitor_InitializationService-purgeAndInitialize org.btsn.handlers.PetriNetInstrumentationHelper - Service: ip0:11084
INFO ServiceThread-Monitor_InitializationService-purgeAndInitialize org.btsn.handlers.PetriNetInstrumentationHelper - Recording: Transitions=true, Genealogy=true, Joins=true
INFO ServiceThread-Monitor_InitializationService-purgeAndInitialize org.btsn.handlers.ServiceThread - ORCHESTRATOR: Petri Net instrumentation ENABLED (full mode)
INFO ServiceThread-Monitor_InitializationService-purgeAndInitialize org.btsn.handlers.ServiceThread - Join processing strategy: OPTIMIZED (any complete join)
INFO ServiceThread-Monitor_InitializationService-purgeAndInitialize org.btsn.handlers.ServiceThread - Starting EventReactor for channel: ip0, port: 11084
INFO ServiceThread-Monitor_InitializationService-purgeAndInitialize org.btsn.handlers.ServiceThread - EventReactor started successfully on attempt 1
INFO ServiceThread-Monitor_InitializationService-purgeAndInitialize org.btsn.handlers.UDPServiceThread - Successfully created REMOTE UDP ServiceThread for port 11084
INFO ServiceThread-Monitor_InitializationService-11084 org.btsn.handlers.ServiceThread - ServiceThread ORCHESTRATOR starting main processing loop
INFO main org.btsn.handlers.ServiceLoader - === Starting Rule-Driven ServiceLoader ===
INFO main org.btsn.handlers.ServiceLoader - Using build version: v001
INFO main org.btsn.handlers.ServiceLoader - Created shutdown control file: C:\DevShare\BTSN_67\BTSN\btsn.petrinet.Monitor\service_v001.running
INFO main org.btsn.handlers.ServiceLoader - DELETE this file to trigger graceful shutdown
WARN main org.btsn.handlers.ServiceLoader - Could not start shutdown listener: Address already in use: bind
INFO main org.btsn.handlers.ServiceLoader - === Building rule base with version v001 ===
INFO main org.btsn.handlers.ServiceLoader - Registered version v001 as valid
INFO main org.btsn.handlers.ServiceLoader - === Checking for remote deployment mode ===
INFO main org.btsn.handlers.ServiceLoader - === Auto-detecting deployment mode from facts ===
INFO main org.btsn.handlers.ServiceLoader - This machine's primary IP: 192.168.1.152
INFO main org.btsn.handlers.ServiceLoader - All IPs for this machine: [fe80:0:0:0:0:100:7f:fffe%net5, fe80:0:0:0:0:5efe:c0a8:198%net7, fe80:0:0:0:4478:23a2:44e3:e737%eth5, 0:0:0:0:0:0:0:1, 192.168.1.152, 127.0.0.1]
INFO main org.btsn.handlers.ServiceLoader - *** FOUND: Channel ip0 maps to this machine at 192.168.1.152 ***
INFO main org.btsn.handlers.ServiceLoader - Checking for services using channel: ip0
INFO main org.btsn.handlers.ServiceLoader - Found 3 activeService entries using ip0
INFO main org.btsn.handlers.ServiceLoader - Found 3 activeService entries using ip0
INFO main org.btsn.handlers.ServiceLoader - *** REMOTE MODE AUTO-ENABLED ***
INFO main org.btsn.handlers.ServiceLoader - *** This host (192.168.1.152) is configured for remote services ***
INFO main org.btsn.handlers.ServiceLoader - *** Channel ip0 maps to this machine ***
DEBUG main org.btsn.handlers.ServiceLoader - ServiceLoader: Looking in directory: C:\DevShare\BTSN_67\BTSN\btsn.petrinet.monitor/ServiceLoaderQueries for rulebase
INFO main org.btsn.handlers.ServiceLoader - === DETECTED SERVICELIST QUERY FOR: MonitorService ===
INFO main org.btsn.handlers.ServiceLoader - Creating ServiceThreads for 0 operations
INFO main org.btsn.handlers.ServiceLoader - === DETECTED SERVICELIST QUERY FOR: Monitor_InitializationService ===
INFO main org.btsn.handlers.ServiceLoader - Found operation: Monitor_InitializationService.purgeAndInitialize on ip0:1084
INFO main org.btsn.handlers.ServiceLoader - Creating ServiceThreads for 1 operations
INFO main org.btsn.handlers.ServiceLoader - === Creating ServiceThread for Operation ===
INFO main org.btsn.handlers.ServiceLoader - Service: Monitor_InitializationService Operation: purgeAndInitialize
INFO main org.btsn.handlers.ServiceLoader - Version: v001
INFO main org.btsn.handlers.ServiceLoader - Mode: REMOTE
INFO main org.btsn.handlers.ServiceLoader - Channel: ip0 (number: 0)
INFO main org.btsn.handlers.ServiceLoader - Base Port: 1084
INFO main org.btsn.handlers.ServiceLoader - EventReactor Port: 11084
INFO main org.btsn.handlers.ServiceLoader - RuleHandler Port: 21084
INFO main org.btsn.handlers.ServiceLoader - Successfully created ServiceThread for Monitor_InitializationService.purgeAndInitialize
INFO main org.btsn.handlers.ServiceLoader - === ServiceLoader Startup Complete ===
INFO main org.btsn.handlers.ServiceLoader - Version: v001
INFO main org.btsn.handlers.ServiceLoader - Mode: REMOTE on 192.168.1.152
INFO main org.btsn.handlers.ServiceLoader - === SHUTDOWN OPTIONS ===
INFO main org.btsn.handlers.ServiceLoader - 1. Delete file: C:\DevShare\BTSN_67\BTSN\btsn.petrinet.Monitor\service_v001.running
INFO main org.btsn.handlers.ServiceLoader - 2. Send UDP 'SHUTDOWN' to port: 39001
INFO main org.btsn.handlers.ServiceLoader - 3. Ctrl+C or terminate process
INFO main org.btsn.handlers.ServiceLoader - ========================
INFO RuleHandler-Monitor_InitializationService-purgeAndInitialize org.btsn.handlers.UDPLoadRuleHandlerThread - Starting UDP RuleHandler for service: Monitor_InitializationService, operation: purgeAndInitialize, channel: ip0, port: 21084, listening on: all interfaces
INFO RuleHandler-Monitor_InitializationService-purgeAndInitialize org.btsn.handlers.UDPLoadRuleHandlerThread - Successfully created UDP RuleHandler for Monitor_InitializationService:purgeAndInitialize listening on port 21084
INFO ServiceThread-Monitor_InitializationService-purgeAndInitialize org.btsn.handlers.UDPServiceThread - Starting REMOTE UDP ServiceThread for Monitor_InitializationService:purgeAndInitialize on port: 11084
INFO ServiceThread-Monitor_InitializationService-purgeAndInitialize org.btsn.derby.Analysis.BuildServiceAnalysisDatabase - Derby Embedded Driver registered successfully.
INFO ServiceThread-Monitor_InitializationService-purgeAndInitialize org.btsn.derby.Analysis.BuildServiceAnalysisDatabase - Derby Embedded Driver registered successfully.
INFO ServiceThread-Monitor_InitializationService-purgeAndInitialize org.btsn.handlers.PetriNetInstrumentationHelper - === PETRI NET INSTRUMENTATION INITIALIZED ===
INFO ServiceThread-Monitor_InitializationService-purgeAndInitialize org.btsn.handlers.PetriNetInstrumentationHelper - Service: ip0:11084
INFO ServiceThread-Monitor_InitializationService-purgeAndInitialize org.btsn.handlers.PetriNetInstrumentationHelper - Recording: Transitions=true, Genealogy=true, Joins=true
INFO ServiceThread-Monitor_InitializationService-purgeAndInitialize org.btsn.handlers.ServiceThread - ORCHESTRATOR: Petri Net instrumentation ENABLED (full mode)
INFO ServiceThread-Monitor_InitializationService-purgeAndInitialize org.btsn.handlers.ServiceThread - Join processing strategy: OPTIMIZED (any complete join)
INFO ServiceThread-Monitor_InitializationService-purgeAndInitialize org.btsn.handlers.ServiceThread - Starting EventReactor for channel: ip0, port: 11084
INFO ServiceThread-Monitor_InitializationService-purgeAndInitialize org.btsn.handlers.ServiceThread - EventReactor started successfully on attempt 1
INFO ServiceThread-Monitor_InitializationService-purgeAndInitialize org.btsn.handlers.UDPServiceThread - Successfully created REMOTE UDP ServiceThread for port 11084
INFO ServiceThread-Monitor_InitializationService-11084 org.btsn.handlers.ServiceThread - ServiceThread ORCHESTRATOR starting main processing loop
