----------------------------------------------------------------
Thu Jan 29 22:29:04 AEST 2026:
Booting Derby version The Apache Software Foundation - Apache Derby - 10.14.2.0 - (1828579): instance a816c00e-019c-09ba-4ea2-0000008d72e8 
on database directory C:\DevShare\BTSN_86\BTSN\btsn.healthcare.places.Treatment\ServiceAnalysisDataBase with class loader jdk.internal.loader.ClassLoaders$AppClassLoader@443b7951 
Loaded from file:/C:/DevShare/BTSN_86/BTSN/btsn.common/lib/derby.jar
java.vendor=Oracle Corporation
java.runtime.version=15.0.1+9-18
user.dir=C:\DevShare\BTSN_86\BTSN\btsn.healthcare.places.Treatment
os.name=Windows 7
os.arch=amd64
os.version=6.1
derby.system.home=null
Database Class Loader started - derby.database.classpath=''
----------------------------------------------------------------
Thu Jan 29 22:29:41 AEST 2026:
Booting Derby version The Apache Software Foundation - Apache Derby - 10.14.2.0 - (1828579): instance ed07c066-019c-09ba-4ea2-0000008d72e8 
on database directory memory:C:\DevShare\BTSN_86\BTSN\btsn.healthcare.places.Treatment\TREATMENTDB_3000000_30748121454056 with class loader jdk.internal.loader.ClassLoaders$AppClassLoader@443b7951 
Loaded from file:/C:/DevShare/BTSN_86/BTSN/btsn.common/lib/derby.jar
java.vendor=Oracle Corporation
java.runtime.version=15.0.1+9-18
user.dir=C:\DevShare\BTSN_86\BTSN\btsn.healthcare.places.Treatment
os.name=Windows 7
os.arch=amd64
os.version=6.1
derby.system.home=null
Database Class Loader started - derby.database.classpath=''
----------------------------------------------------------------
Thu Jan 29 22:29:41 AEST 2026:
Booting Derby version The Apache Software Foundation - Apache Derby - 10.14.2.0 - (1828579): instance a0200101-019c-09ba-4ea2-0000008d72e8 
on database directory C:\DevShare\BTSN_86\BTSN\btsn.healthcare.places.Treatment\TreatmentServiceDB with class loader jdk.internal.loader.ClassLoaders$AppClassLoader@443b7951 
Loaded from file:/C:/DevShare/BTSN_86/BTSN/btsn.common/lib/derby.jar
java.vendor=Oracle Corporation
java.runtime.version=15.0.1+9-18
user.dir=C:\DevShare\BTSN_86\BTSN\btsn.healthcare.places.Treatment
os.name=Windows 7
os.arch=amd64
os.version=6.1
derby.system.home=null
Database Class Loader started - derby.database.classpath=''
----------------------------------------------------------------
Thu Jan 29 22:29:48 AEST 2026:
Booting Derby version The Apache Software Foundation - Apache Derby - 10.14.2.0 - (1828579): instance baf0810c-019c-09ba-4ea2-0000008d72e8 
on database directory memory:C:\DevShare\BTSN_86\BTSN\btsn.healthcare.places.Treatment\TREATMENTDB_3010000_30755382686684 with class loader jdk.internal.loader.ClassLoaders$AppClassLoader@443b7951 
Loaded from file:/C:/DevShare/BTSN_86/BTSN/btsn.common/lib/derby.jar
java.vendor=Oracle Corporation
java.runtime.version=15.0.1+9-18
user.dir=C:\DevShare\BTSN_86\BTSN\btsn.healthcare.places.Treatment
os.name=Windows 7
os.arch=amd64
os.version=6.1
derby.system.home=null
Database Class Loader started - derby.database.classpath=''
----------------------------------------------------------------
Thu Jan 29 22:29:53 AEST 2026:
Booting Derby version The Apache Software Foundation - Apache Derby - 10.14.2.0 - (1828579): instance f13c81ac-019c-09ba-4ea2-0000008d72e8 
on database directory memory:C:\DevShare\BTSN_86\BTSN\btsn.healthcare.places.Treatment\TREATMENTDB_3020000_30760375591614 with class loader jdk.internal.loader.ClassLoaders$AppClassLoader@443b7951 
Loaded from file:/C:/DevShare/BTSN_86/BTSN/btsn.common/lib/derby.jar
java.vendor=Oracle Corporation
java.runtime.version=15.0.1+9-18
user.dir=C:\DevShare\BTSN_86\BTSN\btsn.healthcare.places.Treatment
os.name=Windows 7
os.arch=amd64
os.version=6.1
derby.system.home=null
Database Class Loader started - derby.database.classpath=''
----------------------------------------------------------------
Thu Jan 29 22:30:03 AEST 2026:
Booting Derby version The Apache Software Foundation - Apache Derby - 10.14.2.0 - (1828579): instance 4088824c-019c-09ba-4ea2-0000008d72e8 
on database directory memory:C:\DevShare\BTSN_86\BTSN\btsn.healthcare.places.Treatment\TREATMENTDB_3030000_30770857817815 with class loader jdk.internal.loader.ClassLoaders$AppClassLoader@443b7951 
Loaded from file:/C:/DevShare/BTSN_86/BTSN/btsn.common/lib/derby.jar
java.vendor=Oracle Corporation
java.runtime.version=15.0.1+9-18
user.dir=C:\DevShare\BTSN_86\BTSN\btsn.healthcare.places.Treatment
os.name=Windows 7
os.arch=amd64
os.version=6.1
derby.system.home=null
Database Class Loader started - derby.database.classpath=''
----------------------------------------------------------------
Thu Jan 29 22:30:05 AEST 2026:
Booting Derby version The Apache Software Foundation - Apache Derby - 10.14.2.0 - (1828579): instance a8d482ec-019c-09ba-4ea2-0000008d72e8 
on database directory memory:C:\DevShare\BTSN_86\BTSN\btsn.healthcare.places.Treatment\TREATMENTDB_3040000_30772771158869 with class loader jdk.internal.loader.ClassLoaders$AppClassLoader@443b7951 
Loaded from file:/C:/DevShare/BTSN_86/BTSN/btsn.common/lib/derby.jar
java.vendor=Oracle Corporation
java.runtime.version=15.0.1+9-18
user.dir=C:\DevShare\BTSN_86\BTSN\btsn.healthcare.places.Treatment
os.name=Windows 7
os.arch=amd64
os.version=6.1
derby.system.home=null
Database Class Loader started - derby.database.classpath=''
----------------------------------------------------------------
Thu Jan 29 22:30:11 AEST 2026:
Booting Derby version The Apache Software Foundation - Apache Derby - 10.14.2.0 - (1828579): instance 2a20838c-019c-09ba-4ea2-0000008d72e8 
on database directory memory:C:\DevShare\BTSN_86\BTSN\btsn.healthcare.places.Treatment\TREATMENTDB_3050000_30778755035988 with class loader jdk.internal.loader.ClassLoaders$AppClassLoader@443b7951 
Loaded from file:/C:/DevShare/BTSN_86/BTSN/btsn.common/lib/derby.jar
java.vendor=Oracle Corporation
java.runtime.version=15.0.1+9-18
user.dir=C:\DevShare\BTSN_86\BTSN\btsn.healthcare.places.Treatment
os.name=Windows 7
os.arch=amd64
os.version=6.1
derby.system.home=null
Database Class Loader started - derby.database.classpath=''
----------------------------------------------------------------
Thu Jan 29 22:30:17 AEST 2026:
Booting Derby version The Apache Software Foundation - Apache Derby - 10.14.2.0 - (1828579): instance c46c842c-019c-09ba-4ea2-0000008d72e8 
on database directory memory:C:\DevShare\BTSN_86\BTSN\btsn.healthcare.places.Treatment\TREATMENTDB_3060000_30784209721841 with class loader jdk.internal.loader.ClassLoaders$AppClassLoader@443b7951 
Loaded from file:/C:/DevShare/BTSN_86/BTSN/btsn.common/lib/derby.jar
java.vendor=Oracle Corporation
java.runtime.version=15.0.1+9-18
user.dir=C:\DevShare\BTSN_86\BTSN\btsn.healthcare.places.Treatment
os.name=Windows 7
os.arch=amd64
os.version=6.1
derby.system.home=null
Database Class Loader started - derby.database.classpath=''
----------------------------------------------------------------
Thu Jan 29 22:30:20 AEST 2026:
Booting Derby version The Apache Software Foundation - Apache Derby - 10.14.2.0 - (1828579): instance 77b884cc-019c-09ba-4ea2-0000008d72e8 
on database directory memory:C:\DevShare\BTSN_86\BTSN\btsn.healthcare.places.Treatment\TREATMENTDB_3070000_30787666949653 with class loader jdk.internal.loader.ClassLoaders$AppClassLoader@443b7951 
Loaded from file:/C:/DevShare/BTSN_86/BTSN/btsn.common/lib/derby.jar
java.vendor=Oracle Corporation
java.runtime.version=15.0.1+9-18
user.dir=C:\DevShare\BTSN_86\BTSN\btsn.healthcare.places.Treatment
os.name=Windows 7
os.arch=amd64
os.version=6.1
derby.system.home=null
Database Class Loader started - derby.database.classpath=''
----------------------------------------------------------------
Thu Jan 29 22:30:23 AEST 2026:
Booting Derby version The Apache Software Foundation - Apache Derby - 10.14.2.0 - (1828579): instance 4404856c-019c-09ba-4ea2-0000008d72e8 
on database directory memory:C:\DevShare\BTSN_86\BTSN\btsn.healthcare.places.Treatment\TREATMENTDB_3080000_30790830709338 with class loader jdk.internal.loader.ClassLoaders$AppClassLoader@443b7951 
Loaded from file:/C:/DevShare/BTSN_86/BTSN/btsn.common/lib/derby.jar
java.vendor=Oracle Corporation
java.runtime.version=15.0.1+9-18
user.dir=C:\DevShare\BTSN_86\BTSN\btsn.healthcare.places.Treatment
os.name=Windows 7
os.arch=amd64
os.version=6.1
derby.system.home=null
Database Class Loader started - derby.database.classpath=''
----------------------------------------------------------------
Thu Jan 29 22:30:26 AEST 2026:
Booting Derby version The Apache Software Foundation - Apache Derby - 10.14.2.0 - (1828579): instance 2950860c-019c-09ba-4ea2-0000008d72e8 
on database directory memory:C:\DevShare\BTSN_86\BTSN\btsn.healthcare.places.Treatment\TREATMENTDB_3090000_30793981671789 with class loader jdk.internal.loader.ClassLoaders$AppClassLoader@443b7951 
Loaded from file:/C:/DevShare/BTSN_86/BTSN/btsn.common/lib/derby.jar
java.vendor=Oracle Corporation
java.runtime.version=15.0.1+9-18
user.dir=C:\DevShare\BTSN_86\BTSN\btsn.healthcare.places.Treatment
os.name=Windows 7
os.arch=amd64
os.version=6.1
derby.system.home=null
Database Class Loader started - derby.database.classpath=''
----------------------------------------------------------------
Thu Jan 29 22:30:30 AEST 2026:
Booting Derby version The Apache Software Foundation - Apache Derby - 10.14.2.0 - (1828579): instance 279c86ac-019c-09ba-4ea2-0000008d72e8 
on database directory memory:C:\DevShare\BTSN_86\BTSN\btsn.healthcare.places.Treatment\TREATMENTDB_3100000_30797521033762 with class loader jdk.internal.loader.ClassLoaders$AppClassLoader@443b7951 
Loaded from file:/C:/DevShare/BTSN_86/BTSN/btsn.common/lib/derby.jar
java.vendor=Oracle Corporation
java.runtime.version=15.0.1+9-18
user.dir=C:\DevShare\BTSN_86\BTSN\btsn.healthcare.places.Treatment
os.name=Windows 7
os.arch=amd64
os.version=6.1
derby.system.home=null
Database Class Loader started - derby.database.classpath=''
----------------------------------------------------------------
Thu Jan 29 22:30:34 AEST 2026:
Booting Derby version The Apache Software Foundation - Apache Derby - 10.14.2.0 - (1828579): instance 3ee8874c-019c-09ba-4ea2-0000008d72e8 
on database directory memory:C:\DevShare\BTSN_86\BTSN\btsn.healthcare.places.Treatment\TREATMENTDB_3110000_30801568191362 with class loader jdk.internal.loader.ClassLoaders$AppClassLoader@443b7951 
Loaded from file:/C:/DevShare/BTSN_86/BTSN/btsn.common/lib/derby.jar
java.vendor=Oracle Corporation
java.runtime.version=15.0.1+9-18
user.dir=C:\DevShare\BTSN_86\BTSN\btsn.healthcare.places.Treatment
os.name=Windows 7
os.arch=amd64
os.version=6.1
derby.system.home=null
Database Class Loader started - derby.database.classpath=''
----------------------------------------------------------------
Thu Jan 29 22:30:39 AEST 2026:
Booting Derby version The Apache Software Foundation - Apache Derby - 10.14.2.0 - (1828579): instance 6f3487ec-019c-09ba-4ea2-0000008d72e8 
on database directory memory:C:\DevShare\BTSN_86\BTSN\btsn.healthcare.places.Treatment\TREATMENTDB_3120000_30806306257561 with class loader jdk.internal.loader.ClassLoaders$AppClassLoader@443b7951 
Loaded from file:/C:/DevShare/BTSN_86/BTSN/btsn.common/lib/derby.jar
java.vendor=Oracle Corporation
java.runtime.version=15.0.1+9-18
user.dir=C:\DevShare\BTSN_86\BTSN\btsn.healthcare.places.Treatment
os.name=Windows 7
os.arch=amd64
os.version=6.1
derby.system.home=null
Database Class Loader started - derby.database.classpath=''
----------------------------------------------------------------
Thu Jan 29 22:30:41 AEST 2026:
Booting Derby version The Apache Software Foundation - Apache Derby - 10.14.2.0 - (1828579): instance b880888c-019c-09ba-4ea2-0000008d72e8 
on database directory memory:C:\DevShare\BTSN_86\BTSN\btsn.healthcare.places.Treatment\TREATMENTDB_3140000_30808299230638 with class loader jdk.internal.loader.ClassLoaders$AppClassLoader@443b7951 
Loaded from file:/C:/DevShare/BTSN_86/BTSN/btsn.common/lib/derby.jar
java.vendor=Oracle Corporation
java.runtime.version=15.0.1+9-18
user.dir=C:\DevShare\BTSN_86\BTSN\btsn.healthcare.places.Treatment
os.name=Windows 7
os.arch=amd64
os.version=6.1
derby.system.home=null
Database Class Loader started - derby.database.classpath=''
----------------------------------------------------------------
Thu Jan 29 22:30:42 AEST 2026:
Booting Derby version The Apache Software Foundation - Apache Derby - 10.14.2.0 - (1828579): instance 1acc892c-019c-09ba-4ea2-0000008d72e8 
on database directory memory:C:\DevShare\BTSN_86\BTSN\btsn.healthcare.places.Treatment\TREATMENTDB_3130000_30809101744435 with class loader jdk.internal.loader.ClassLoaders$AppClassLoader@443b7951 
Loaded from file:/C:/DevShare/BTSN_86/BTSN/btsn.common/lib/derby.jar
java.vendor=Oracle Corporation
java.runtime.version=15.0.1+9-18
user.dir=C:\DevShare\BTSN_86\BTSN\btsn.healthcare.places.Treatment
os.name=Windows 7
os.arch=amd64
os.version=6.1
derby.system.home=null
Database Class Loader started - derby.database.classpath=''
----------------------------------------------------------------
Thu Jan 29 22:30:48 AEST 2026:
Booting Derby version The Apache Software Foundation - Apache Derby - 10.14.2.0 - (1828579): instance 961889cc-019c-09ba-4ea2-0000008d72e8 
on database directory memory:C:\DevShare\BTSN_86\BTSN\btsn.healthcare.places.Treatment\TREATMENTDB_3150000_30815836852405 with class loader jdk.internal.loader.ClassLoaders$AppClassLoader@443b7951 
Loaded from file:/C:/DevShare/BTSN_86/BTSN/btsn.common/lib/derby.jar
java.vendor=Oracle Corporation
java.runtime.version=15.0.1+9-18
user.dir=C:\DevShare\BTSN_86\BTSN\btsn.healthcare.places.Treatment
os.name=Windows 7
os.arch=amd64
os.version=6.1
derby.system.home=null
Database Class Loader started - derby.database.classpath=''
----------------------------------------------------------------
Thu Jan 29 22:30:52 AEST 2026:
Booting Derby version The Apache Software Foundation - Apache Derby - 10.14.2.0 - (1828579): instance 2a648a6c-019c-09ba-4ea2-0000008d72e8 
on database directory memory:C:\DevShare\BTSN_86\BTSN\btsn.healthcare.places.Treatment\TREATMENTDB_3160000_30819981913176 with class loader jdk.internal.loader.ClassLoaders$AppClassLoader@443b7951 
Loaded from file:/C:/DevShare/BTSN_86/BTSN/btsn.common/lib/derby.jar
java.vendor=Oracle Corporation
java.runtime.version=15.0.1+9-18
user.dir=C:\DevShare\BTSN_86\BTSN\btsn.healthcare.places.Treatment
os.name=Windows 7
os.arch=amd64
os.version=6.1
derby.system.home=null
Database Class Loader started - derby.database.classpath=''
----------------------------------------------------------------
Thu Jan 29 22:30:54 AEST 2026:
Booting Derby version The Apache Software Foundation - Apache Derby - 10.14.2.0 - (1828579): instance d7b08b0c-019c-09ba-4ea2-0000008d72e8 
on database directory memory:C:\DevShare\BTSN_86\BTSN\btsn.healthcare.places.Treatment\TREATMENTDB_3170000_30821942447956 with class loader jdk.internal.loader.ClassLoaders$AppClassLoader@443b7951 
Loaded from file:/C:/DevShare/BTSN_86/BTSN/btsn.common/lib/derby.jar
java.vendor=Oracle Corporation
java.runtime.version=15.0.1+9-18
user.dir=C:\DevShare\BTSN_86\BTSN\btsn.healthcare.places.Treatment
os.name=Windows 7
os.arch=amd64
os.version=6.1
derby.system.home=null
Database Class Loader started - derby.database.classpath=''
----------------------------------------------------------------
Thu Jan 29 22:30:56 AEST 2026:
Booting Derby version The Apache Software Foundation - Apache Derby - 10.14.2.0 - (1828579): instance 9dfc8bac-019c-09ba-4ea2-0000008d72e8 
on database directory memory:C:\DevShare\BTSN_86\BTSN\btsn.healthcare.places.Treatment\TREATMENTDB_3180000_30823239267183 with class loader jdk.internal.loader.ClassLoaders$AppClassLoader@443b7951 
Loaded from file:/C:/DevShare/BTSN_86/BTSN/btsn.common/lib/derby.jar
java.vendor=Oracle Corporation
java.runtime.version=15.0.1+9-18
user.dir=C:\DevShare\BTSN_86\BTSN\btsn.healthcare.places.Treatment
os.name=Windows 7
os.arch=amd64
os.version=6.1
derby.system.home=null
Database Class Loader started - derby.database.classpath=''
----------------------------------------------------------------
Thu Jan 29 22:30:58 AEST 2026:
Booting Derby version The Apache Software Foundation - Apache Derby - 10.14.2.0 - (1828579): instance 7d488c4c-019c-09ba-4ea2-0000008d72e8 
on database directory memory:C:\DevShare\BTSN_86\BTSN\btsn.healthcare.places.Treatment\TREATMENTDB_3190000_30825504802914 with class loader jdk.internal.loader.ClassLoaders$AppClassLoader@443b7951 
Loaded from file:/C:/DevShare/BTSN_86/BTSN/btsn.common/lib/derby.jar
java.vendor=Oracle Corporation
java.runtime.version=15.0.1+9-18
user.dir=C:\DevShare\BTSN_86\BTSN\btsn.healthcare.places.Treatment
os.name=Windows 7
os.arch=amd64
os.version=6.1
derby.system.home=null
Database Class Loader started - derby.database.classpath=''
