INFO ServiceThread-TreatmentService-12106 org.btsn.handlers.ServiceThread - ORCHESTRATOR: Processing EdgeNode for TreatmentService.executeTreatmentPlan
INFO ServiceThread-TreatmentService-12106 org.btsn.handlers.TransitionHandler - ORCHESTRATOR: Processing EdgeNode/MergeNode for TreatmentService.executeTreatmentPlan
DEBUG ServiceThread-TreatmentService-12106 org.btsn.handlers.ServiceThread - CANONICAL-BINDING: Checking canonical binding for TreatmentService.executeTreatmentPlan with attribute 'diagnosisResults'
DEBUG ServiceThread-TreatmentService-12106 org.btsn.handlers.ServiceThread - CANONICAL-BINDING: Operation executeTreatmentPlan uses standard (AND) semantics
INFO ServiceThread-TreatmentService-12106 org.btsn.handlers.ServiceThread - CANONICAL-BINDING: executeTreatmentPlan requires 1 inputs total (standard AND logic)
INFO ServiceThread-TreatmentService-12106 org.btsn.handlers.ServiceThread - CANONICAL-BINDING: executeTreatmentPlan needs 1 input - can call immediately with 'diagnosisResults'
INFO ServiceThread-TreatmentService-12106 org.btsn.handlers.ServiceThread - ORCHESTRATOR: Found single-input canonical binding - calling TreatmentService.executeTreatmentPlan immediately
INFO ServiceThread-TreatmentService-12106 org.btsn.handlers.ServiceThread - ORCHESTRATOR: Invoking TreatmentService.executeTreatmentPlan via ServiceHelper (canonical binding)
INFO ServiceThread-TreatmentService-12106 org.btsn.handlers.ServiceHelper - === SERVICE INVOCATION START ===
INFO ServiceThread-TreatmentService-12106 org.btsn.handlers.ServiceHelper - Service: org.btsn.places.TreatmentService.executeTreatmentPlan
INFO ServiceThread-TreatmentService-12106 org.btsn.handlers.ServiceHelper - SequenceID: 1080000
INFO ServiceThread-TreatmentService-12106 org.btsn.handlers.ServiceHelper - Input arguments count: 1
DEBUG ServiceThread-TreatmentService-12106 org.btsn.handlers.ServiceHelper - Processing argument 1/1, raw length: 1195
DEBUG ServiceThread-TreatmentService-12106 org.btsn.handlers.ServiceHelper - ENRICHMENT: Unwrapped place response from key: DIAGNOSIS_PLACE_1080001
DEBUG ServiceThread-TreatmentService-12106 org.btsn.handlers.ServiceHelper - ENRICHMENT: Found existing original_token to preserve
DEBUG ServiceThread-TreatmentService-12106 org.btsn.handlers.ServiceHelper - ENRICHMENT: Extracted workflow_start_time=1770257254038
DEBUG ServiceThread-TreatmentService-12106 org.btsn.handlers.ServiceHelper - ENRICHMENT: Cleaned argument 1, length: 1195 (removed 0 bytes of metadata)
INFO ServiceThread-TreatmentService-12106 org.btsn.handlers.ServiceHelper - ENRICHMENT: Extracted 1 clean business data arguments (removed infrastructure metadata)
INFO ServiceThread-TreatmentService-12106 org.btsn.handlers.ServiceHelper - SERVICE INVOKE: Calling org.btsn.places.TreatmentService.executeTreatmentPlan with 1 CLEAN business data arguments
DEBUG ServiceThread-TreatmentService-12106 org.btsn.handlers.ServiceHelper - INVOKE: Reflecting on org.btsn.places.TreatmentService.executeTreatmentPlan
DEBUG ServiceThread-TreatmentService-12106 org.btsn.handlers.ServiceHelper - INVOKE: Looking for method with 1 String parameters
DEBUG ServiceThread-TreatmentService-12106 org.btsn.handlers.ServiceHelper - INVOKE: Created instance using 1-param constructor (context) for org.btsn.places.TreatmentService
DEBUG ServiceThread-TreatmentService-12106 org.btsn.handlers.ServiceHelper - INVOKE: Found standard method (1 String args)
DEBUG ServiceThread-TreatmentService-12106 org.btsn.handlers.ServiceHelper - INVOKE: Calling executeTreatmentPlan with 1 arguments
INFO ServiceThread-TreatmentService-12106 org.btsn.handlers.ServiceHelper - SERVICE COMPLETE: org.btsn.places.TreatmentService.executeTreatmentPlan completed in 160ms
DEBUG ServiceThread-TreatmentService-12106 org.btsn.handlers.ServiceHelper - ENRICHMENT: Using wrapped response key 'TREATMENT_PLACE_1080000' instead of 'treatmentResults'
INFO ServiceThread-TreatmentService-12106 org.btsn.handlers.ServiceHelper - ENRICHMENT: Successfully enriched service result with metadata
INFO ServiceThread-TreatmentService-12106 org.btsn.handlers.ServiceHelper - === SERVICE INVOCATION COMPLETE ===
INFO ServiceThread-TreatmentService-12106 org.btsn.handlers.TransitionHandler - ORCHESTRATOR: Service returned: {"TREATMENT_PLACE_1080000":{"serviceType":"treatmentResults","notAfter":1770260874972,"tokenId":"token_default","data":{"completion_time":"2026-02-05 12:07:56","confidence_level":"LOW","diagnosis_treated":"Unknown diagnosis","treatment_id":"TREAT_unknown_20260205120756_8333","clinical_reasoning":"Clinical synthesis: Patient presents with unspecified. Primary diagnosis: Clinical assessment based on available findings. Severity assessed as MILD.","symptom_improvement":"MINIMAL - Symptoms persist","protocol_id":"GENERAL_TREATMENT_01","overall_response":"POOR - Consider alternative treatment","differential_diagnoses":"[\"Differential diagnosis based on clinical presentation\"]","primary_diagnosis":"Clinical assessment based on available findings","disposition":"OBSERVATION","discharge_ready":"false","nurse":"RN_TREATMENT","physician":"DR_EM_EMERGENCY","treatment_goals_met":"false"},"workflow_start_time":1770257254038,"placeId":"TREATMENT_PLACE_1080000","service_start_time":1770257276190,"version":"v001","sequenceId":"1080000","executionTime":0,"marking":0,"currentPlace":"P1","service_processing_time_ms":160,"original_token":"{\"notAfter\":1770257374038,\"tokenId\":\"1080000\",\"data\":{\"condition\":\"chest pain\",\"patientId\":\"P_Triage_1080000\",\"providerId\":\"RN_TRIAGE_001\",\"priority\":\"STANDARD\",\"department\":\"EMERGENCY\"},\"workflow_start_time\":1770257254038,\"currentPlace\":\"TriageService\",\"version\":\"v001\"}","service_end_time":1770257276350,"status":"TREATMENT_COMPLETE"}}
DEBUG ServiceThread-TreatmentService-12106 org.btsn.handlers.PetriNetInstrumentationHelper - Token 1080001 exiting place: TreatmentService -> MonitorService [arc=$ANON11]
WARN ServiceThread-TreatmentService-12106 org.btsn.handlers.PetriNetInstrumentationHelper - NAMING CONVENTION VIOLATION: Service 'TreatmentService' does not end with '_Place'. Expected format: {NodeName}_Place. Transition IDs may not match topology. Please rename the service.
DEBUG ServiceThread-TreatmentService-12106 org.btsn.derby.Analysis.BuildServiceAnalysisDatabase - Wrote transition firing: T_out_TreatmentService token=1080001 eventType=EXIT
DEBUG ServiceThread-TreatmentService-12106 org.btsn.handlers.PetriNetInstrumentationHelper - Recorded transition: T_out_TreatmentService (EdgeNode) token=1080001 TreatmentService -> MonitorService [EXIT] arc=$ANON11
DEBUG ServiceThread-TreatmentService-12106 org.btsn.handlers.ServiceThread - PETRI-NET: Token 1080001 EXIT from TreatmentService -> MonitorService.acknowledgeTokenArrival [arc=$ANON11]
INFO ServiceThread-TreatmentService-12106 org.btsn.handlers.ServiceThread - DEBUG: Querying activeService for MonitorService.acknowledgeTokenArrival
INFO ServiceThread-TreatmentService-12106 org.btsn.handlers.ServiceThread - DEBUG: ActiveService query returned 2 rows
INFO ServiceThread-TreatmentService-12106 org.btsn.handlers.ServiceThread - DEBUG: ActiveService result - ?channelId = ip0
INFO ServiceThread-TreatmentService-12106 org.btsn.handlers.ServiceThread - DEBUG: ActiveService result - ?port = 3000
INFO ServiceThread-TreatmentService-12106 org.btsn.handlers.ServiceThread - ORCHESTRATOR: APPLYING activeService override - Channel: ip0, Port: 3000
INFO ServiceThread-TreatmentService-12106 org.btsn.handlers.ServiceThread - ORCHESTRATOR: Resolved ip0 to IP 192.168.1.152
DEBUG ServiceThread-TreatmentService-12106 org.btsn.handlers.ServiceThread - ROUTING: External to MonitorService -> 'treatmentResults'
INFO ServiceThread-TreatmentService-12106 org.btsn.handlers.ServiceThread - ROUTING: Token 1080001 -> 'treatmentResults' to MonitorService.acknowledgeTokenArrival
INFO ServiceThread-TreatmentService-12106 org.btsn.handlers.ServiceThread - ORCHESTRATOR: Publishing to Service MonitorService Operation: acknowledgeTokenArrival
INFO ServiceThread-TreatmentService-12106 org.btsn.handlers.ServiceThread - ORCHESTRATOR: Channel: 192.168.1.152, Port: 3000
INFO ServiceThread-TreatmentService-12106 org.btsn.handlers.ServiceThread - ORCHESTRATOR: Attribute treatmentResults = {"TREATMENT_PLACE_1080000":{"serviceType":"treatmentResults","notAfter":1770260874972,"tokenId":"token_default","data":{"completion_time":"2026-02-05 12:07:56","confidence_level":"LOW","diagnosis_treated":"Unknown diagnosis","treatment_id":"TREAT_unknown_20260205120756_8333","clinical_reasoning":"Clinical synthesis: Patient presents with unspecified. Primary diagnosis: Clinical assessment based on available findings. Severity assessed as MILD.","symptom_improvement":"MINIMAL - Symptoms persist","protocol_id":"GENERAL_TREATMENT_01","overall_response":"POOR - Consider alternative treatment","differential_diagnoses":"[\"Differential diagnosis based on clinical presentation\"]","primary_diagnosis":"Clinical assessment based on available findings","disposition":"OBSERVATION","discharge_ready":"false","nurse":"RN_TREATMENT","physician":"DR_EM_EMERGENCY","treatment_goals_met":"false"},"workflow_start_time":1770257254038,"placeId":"TREATMENT_PLACE_1080000","service_start_time":1770257276190,"version":"v001","sequenceId":"1080000","executionTime":0,"marking":0,"currentPlace":"P1","service_processing_time_ms":160,"original_token":"{\"notAfter\":1770257374038,\"tokenId\":\"1080000\",\"data\":{\"condition\":\"chest pain\",\"patientId\":\"P_Triage_1080000\",\"providerId\":\"RN_TRIAGE_001\",\"priority\":\"STANDARD\",\"department\":\"EMERGENCY\"},\"workflow_start_time\":1770257254038,\"currentPlace\":\"TriageService\",\"version\":\"v001\"}","service_end_time":1770257276350,"status":"TREATMENT_COMPLETE"}}
INFO ServiceThread-TreatmentService-12106 org.btsn.handlers.ServiceThread - ORCHESTRATOR: Completed callNextOperation for MonitorService, published=true
INFO ServiceThread-TreatmentService-12106 org.btsn.handlers.ServiceThread - ORCHESTRATOR: Successfully published to MonitorService via EventPublisher
ERROR ServiceThread-TreatmentService-12106 org.btsn.handlers.ServiceThread - monitorIncomingEvents: true
WARN ServiceThread-TreatmentService-12106 org.btsn.handlers.ServiceThread - TIMING: EventReactor arrival time not found, using ServiceThread dequeue time=1770257275184 for seqID=1080001
DEBUG ServiceThread-TreatmentService-12106 org.btsn.handlers.ServiceThread - WRITE: Using captured workflowStartTime=1770257254038 for seqID=1080001
INFO ServiceThread-TreatmentService-12106 org.btsn.handlers.ServiceThread - === SERVICE TIMING RECORD ===
INFO ServiceThread-TreatmentService-12106 org.btsn.handlers.ServiceThread -   Sequence ID: 1080001
INFO ServiceThread-TreatmentService-12106 org.btsn.handlers.ServiceThread -   Service: TreatmentService
INFO ServiceThread-TreatmentService-12106 org.btsn.handlers.ServiceThread -   Operation: executeTreatmentPlan
INFO ServiceThread-TreatmentService-12106 org.btsn.handlers.ServiceThread -   Arrival Time (EventReactor): 1770257275184
INFO ServiceThread-TreatmentService-12106 org.btsn.handlers.ServiceThread -   Invocation Time: 1770257276057
INFO ServiceThread-TreatmentService-12106 org.btsn.handlers.ServiceThread -   Publish Time: 1770257276468
INFO ServiceThread-TreatmentService-12106 org.btsn.handlers.ServiceThread -   Workflow Start Time: 1770257254038
INFO ServiceThread-TreatmentService-12106 org.btsn.handlers.ServiceThread -   MARKING: Buffer=0, Total=1, Capacity=50
INFO ServiceThread-TreatmentService-12106 org.btsn.handlers.ServiceThread - ==============================
INFO ServiceThread-TreatmentService-12106 org.btsn.derby.Analysis.BuildServiceAnalysisDatabase - Wrote service timing record for sequenceID: 1080001
DEBUG ServiceThread-TreatmentService-12106 org.btsn.handlers.ServiceThread -   Queue Time (including priority queue): 873ms
DEBUG ServiceThread-TreatmentService-12106 org.btsn.handlers.ServiceThread -   Service Time: 411ms
DEBUG ServiceThread-TreatmentService-12106 org.btsn.handlers.ServiceThread -   Total Time: 1284ms
DEBUG ServiceThread-TreatmentService-12106 org.btsn.handlers.ServiceThread -   Buffer Utilization: 0.0%
DEBUG ServiceThread-TreatmentService-12106 org.btsn.handlers.ServiceThread - ORCHESTRATOR: Cleaned up join 1080000
DEBUG ServiceThread-TreatmentService-12106 org.btsn.handlers.ServiceThread - ORCHESTRATOR: Service TreatmentService sequence ID: 1080000 complete.
DEBUG ServiceThread-TreatmentService-12106 org.btsn.handlers.ServiceThread - ORCHESTRATOR: Processing:: diagnosisResults = {"DIAGNOSIS_PLACE_1090001":{"serviceType":"diagnosisResults","notAfter":1770260877088,"tokenId":"token_default","data":{"differential_diagnoses":["Differential diagnosis based on clinical presentation"],"primary_diagnosis":"Clinical assessment based on available findings","disposition":"OUTPATIENT_FOLLOWUP","confidence_level":"LOW","physician":"DR_EM_EMERGENCY","clinical_reasoning":"Clinical synthesis: Patient presents with unspecified. Primary diagnosis: Clinical assessment based on available findings. Severity assessed as MILD.","protocol_id":"GENERAL_DIAGNOSIS"},"workflow_start_time":1770257256051,"placeId":"DIAGNOSIS_PLACE_1090001","service_start_time":1770257276982,"version":"v001","sequenceId":"1090001","executionTime":0,"marking":0,"currentPlace":"P1","service_processing_time_ms":107,"original_token":"{\"notAfter\":1770257376051,\"tokenId\":\"1090000\",\"data\":{\"condition\":\"chest pain\",\"patientId\":\"P_Triage_1090000\",\"providerId\":\"RN_TRIAGE_001\",\"priority\":\"STANDARD\",\"department\":\"EMERGENCY\"},\"workflow_start_time\":1770257256051,\"currentPlace\":\"TriageService\",\"version\":\"v001\"}","service_end_time":1770257277089,"status":"DIAGNOSIS_COMPLETE"}}
DEBUG ServiceThread-TreatmentService-12106 org.btsn.handlers.ServiceThread - CAPTURE: WorkflowStartTime=1770257256053 for seqID=1090001
INFO ServiceThread-TreatmentService-12106 org.btsn.handlers.ServiceThread - Incoming Sequence ID = 1090001
INFO ServiceThread-TreatmentService-12106 org.btsn.handlers.ServiceThread - MonitorIncomingEvents+ = true
DEBUG ServiceThread-TreatmentService-12106 org.btsn.handlers.ServiceThread - Using RuleBaseVersion: v001
DEBUG ServiceThread-TreatmentService-12106 org.btsn.handlers.ServiceThread - FILTER: Event for TreatmentService.executeTreatmentPlan accepted by TreatmentService thread
WARN ServiceThread-TreatmentService-12106 org.btsn.json.jsonLibrary - Key "diagnosisResults" already exists. Skipping.
DEBUG ServiceThread-TreatmentService-12106 org.btsn.handlers.ServiceThread - JOIN-MAP: Added key=diagnosisResults to join 1090000 (tokenId=1090001, mapSize=1)
INFO ServiceThread-TreatmentService-12106 org.btsn.handlers.ServiceThread - DEBUG: Loading rule base for operation: executeTreatmentPlan
INFO ServiceThread-TreatmentService-12106 org.btsn.handlers.ServiceThread - DEBUG: Rule base location: C:\DevShare\BTSN_R001\BTSN\btsn.healthcare.places.Treatment/RuleFolder.v001/executeTreatmentPlan/Service.ruleml
INFO ServiceThread-TreatmentService-12106 org.btsn.handlers.ServiceThread - DEBUG: Using cached knowledge base for version: v001
INFO ServiceThread-TreatmentService-12106 org.btsn.handlers.ServiceThread - DEBUG: Parsing knowledge base...
INFO ServiceThread-TreatmentService-12106 org.btsn.handlers.ServiceThread - DEBUG: Knowledge base parsed successfully
DEBUG ServiceThread-TreatmentService-12106 org.btsn.handlers.ServiceThread - CANONICAL-BINDING: Checking canonical binding for TreatmentService.executeTreatmentPlan with attribute 'diagnosisResults'
DEBUG ServiceThread-TreatmentService-12106 org.btsn.handlers.ServiceThread - CANONICAL-BINDING: Operation executeTreatmentPlan uses standard (AND) semantics
INFO ServiceThread-TreatmentService-12106 org.btsn.handlers.ServiceThread - CANONICAL-BINDING: executeTreatmentPlan requires 1 inputs total (standard AND logic)
INFO ServiceThread-TreatmentService-12106 org.btsn.handlers.ServiceThread - CANONICAL-BINDING: executeTreatmentPlan needs 1 input - can call immediately with 'diagnosisResults'
INFO ServiceThread-TreatmentService-12106 org.btsn.handlers.ServiceThread - ORCHESTRATOR: Canonical binding found - overriding serviceName facts
INFO ServiceThread-TreatmentService-12106 org.btsn.handlers.ServiceThread - ORCHESTRATOR: Overrode inputCollection for canonical binding
DEBUG ServiceThread-TreatmentService-12106 org.btsn.handlers.ServiceThread - decisionValueCollection already populated from publishes query - skipping legacy getDecisionValue
DEBUG ServiceThread-TreatmentService-12106 org.btsn.handlers.PetriNetInstrumentationHelper - Token 1090001 buffered at T_in_TreatmentService (buffer=0)
DEBUG ServiceThread-TreatmentService-12106 org.btsn.handlers.PetriNetInstrumentationHelper - Could not extract previousPlace from payload
WARN ServiceThread-TreatmentService-12106 org.btsn.handlers.PetriNetInstrumentationHelper - NAMING CONVENTION VIOLATION: Service 'TreatmentService' does not end with '_Place'. Expected format: {NodeName}_Place. Transition IDs may not match topology. Please rename the service.
DEBUG ServiceThread-TreatmentService-12106 org.btsn.derby.Analysis.BuildServiceAnalysisDatabase - Wrote transition firing: T_in_TreatmentService token=1090001 eventType=BUFFERED
DEBUG ServiceThread-TreatmentService-12106 org.btsn.handlers.PetriNetInstrumentationHelper - Recorded transition: T_in_TreatmentService (EdgeNode) token=1090001  -> TreatmentService [BUFFERED] buffer=0
DEBUG ServiceThread-TreatmentService-12106 org.btsn.handlers.ServiceThread - PETRI-NET: Token 1090001 BUFFERED at TreatmentService (T_in arrival)
DEBUG ServiceThread-TreatmentService-12106 org.btsn.handlers.PetriNetInstrumentationHelper - Token 1090001 entering place: TreatmentService (buffer=0)
DEBUG ServiceThread-TreatmentService-12106 org.btsn.handlers.PetriNetInstrumentationHelper - Could not extract previousPlace from payload
WARN ServiceThread-TreatmentService-12106 org.btsn.handlers.PetriNetInstrumentationHelper - NAMING CONVENTION VIOLATION: Service 'TreatmentService' does not end with '_Place'. Expected format: {NodeName}_Place. Transition IDs may not match topology. Please rename the service.
DEBUG ServiceThread-TreatmentService-12106 org.btsn.derby.Analysis.BuildServiceAnalysisDatabase - Wrote transition firing: T_in_TreatmentService token=1090001 eventType=ENTER
DEBUG ServiceThread-TreatmentService-12106 org.btsn.handlers.PetriNetInstrumentationHelper - Recorded transition: T_in_TreatmentService (EdgeNode) token=1090001  -> TreatmentService [ENTER] buffer=0
DEBUG ServiceThread-TreatmentService-12106 org.btsn.handlers.ServiceThread - PETRI-NET: Token 1090001 ENTER at TreatmentService
INFO ServiceThread-TreatmentService-12106 org.btsn.handlers.ServiceThread - DEBUG: About to check inputCollection.isEmpty() - size: 1
INFO ServiceThread-TreatmentService-12106 org.btsn.handlers.ServiceThread - DEBUG: inputCollection contents: [null]
INFO ServiceThread-TreatmentService-12106 org.btsn.handlers.ServiceThread - DEBUG: nodeType: EdgeNode
INFO ServiceThread-TreatmentService-12106 org.btsn.handlers.ServiceThread - DEBUG: needsInputSynchronization: false
INFO ServiceThread-TreatmentService-12106 org.btsn.handlers.ServiceThread - DEBUG: Past inputCollection check, about to enter JOIN processing
INFO ServiceThread-TreatmentService-12106 org.btsn.handlers.ServiceThread - DEBUG: inputCollection.get(0): null
INFO ServiceThread-TreatmentService-12106 org.btsn.handlers.ServiceThread - ORCHESTRATOR: Zero-input service TreatmentService:executeTreatmentPlan executing with trigger token (no workflow data required)
INFO ServiceThread-TreatmentService-12106 org.btsn.handlers.ServiceThread - ORCHESTRATOR: Processing EdgeNode for TreatmentService.executeTreatmentPlan
INFO ServiceThread-TreatmentService-12106 org.btsn.handlers.TransitionHandler - ORCHESTRATOR: Processing EdgeNode/MergeNode for TreatmentService.executeTreatmentPlan
DEBUG ServiceThread-TreatmentService-12106 org.btsn.handlers.ServiceThread - CANONICAL-BINDING: Checking canonical binding for TreatmentService.executeTreatmentPlan with attribute 'diagnosisResults'
DEBUG ServiceThread-TreatmentService-12106 org.btsn.handlers.ServiceThread - CANONICAL-BINDING: Operation executeTreatmentPlan uses standard (AND) semantics
INFO ServiceThread-TreatmentService-12106 org.btsn.handlers.ServiceThread - CANONICAL-BINDING: executeTreatmentPlan requires 1 inputs total (standard AND logic)
INFO ServiceThread-TreatmentService-12106 org.btsn.handlers.ServiceThread - CANONICAL-BINDING: executeTreatmentPlan needs 1 input - can call immediately with 'diagnosisResults'
INFO ServiceThread-TreatmentService-12106 org.btsn.handlers.ServiceThread - ORCHESTRATOR: Found single-input canonical binding - calling TreatmentService.executeTreatmentPlan immediately
INFO ServiceThread-TreatmentService-12106 org.btsn.handlers.ServiceThread - ORCHESTRATOR: Invoking TreatmentService.executeTreatmentPlan via ServiceHelper (canonical binding)
INFO ServiceThread-TreatmentService-12106 org.btsn.handlers.ServiceHelper - === SERVICE INVOCATION START ===
INFO ServiceThread-TreatmentService-12106 org.btsn.handlers.ServiceHelper - Service: org.btsn.places.TreatmentService.executeTreatmentPlan
INFO ServiceThread-TreatmentService-12106 org.btsn.handlers.ServiceHelper - SequenceID: 1090000
INFO ServiceThread-TreatmentService-12106 org.btsn.handlers.ServiceHelper - Input arguments count: 1
DEBUG ServiceThread-TreatmentService-12106 org.btsn.handlers.ServiceHelper - Processing argument 1/1, raw length: 1195
DEBUG ServiceThread-TreatmentService-12106 org.btsn.handlers.ServiceHelper - ENRICHMENT: Unwrapped place response from key: DIAGNOSIS_PLACE_1090001
DEBUG ServiceThread-TreatmentService-12106 org.btsn.handlers.ServiceHelper - ENRICHMENT: Found existing original_token to preserve
DEBUG ServiceThread-TreatmentService-12106 org.btsn.handlers.ServiceHelper - ENRICHMENT: Extracted workflow_start_time=1770257256051
DEBUG ServiceThread-TreatmentService-12106 org.btsn.handlers.ServiceHelper - ENRICHMENT: Cleaned argument 1, length: 1195 (removed 0 bytes of metadata)
INFO ServiceThread-TreatmentService-12106 org.btsn.handlers.ServiceHelper - ENRICHMENT: Extracted 1 clean business data arguments (removed infrastructure metadata)
INFO ServiceThread-TreatmentService-12106 org.btsn.handlers.ServiceHelper - SERVICE INVOKE: Calling org.btsn.places.TreatmentService.executeTreatmentPlan with 1 CLEAN business data arguments
DEBUG ServiceThread-TreatmentService-12106 org.btsn.handlers.ServiceHelper - INVOKE: Reflecting on org.btsn.places.TreatmentService.executeTreatmentPlan
DEBUG ServiceThread-TreatmentService-12106 org.btsn.handlers.ServiceHelper - INVOKE: Looking for method with 1 String parameters
DEBUG ServiceThread-TreatmentService-12106 org.btsn.handlers.ServiceHelper - INVOKE: Created instance using 1-param constructor (context) for org.btsn.places.TreatmentService
DEBUG ServiceThread-TreatmentService-12106 org.btsn.handlers.ServiceHelper - INVOKE: Found standard method (1 String args)
DEBUG ServiceThread-TreatmentService-12106 org.btsn.handlers.ServiceHelper - INVOKE: Calling executeTreatmentPlan with 1 arguments
INFO ServiceThread-TreatmentService-12106 org.btsn.handlers.ServiceHelper - SERVICE COMPLETE: org.btsn.places.TreatmentService.executeTreatmentPlan completed in 100ms
DEBUG ServiceThread-TreatmentService-12106 org.btsn.handlers.ServiceHelper - ENRICHMENT: Using wrapped response key 'TREATMENT_PLACE_1090000' instead of 'treatmentResults'
INFO ServiceThread-TreatmentService-12106 org.btsn.handlers.ServiceHelper - ENRICHMENT: Successfully enriched service result with metadata
INFO ServiceThread-TreatmentService-12106 org.btsn.handlers.ServiceHelper - === SERVICE INVOCATION COMPLETE ===
INFO ServiceThread-TreatmentService-12106 org.btsn.handlers.TransitionHandler - ORCHESTRATOR: Service returned: {"TREATMENT_PLACE_1090000":{"serviceType":"treatmentResults","notAfter":1770260877088,"tokenId":"token_default","data":{"completion_time":"2026-02-05 12:07:57","confidence_level":"LOW","diagnosis_treated":"Unknown diagnosis","treatment_id":"TREAT_unknown_20260205120757_8881","clinical_reasoning":"Clinical synthesis: Patient presents with unspecified. Primary diagnosis: Clinical assessment based on available findings. Severity assessed as MILD.","symptom_improvement":"SIGNIFICANT - Pain resolved, breathing easier","protocol_id":"GENERAL_TREATMENT_01","overall_response":"EXCELLENT - Treatment goals being met","differential_diagnoses":"[\"Differential diagnosis based on clinical presentation\"]","primary_diagnosis":"Clinical assessment based on available findings","disposition":"OBSERVATION","discharge_ready":"true","nurse":"RN_TREATMENT","physician":"DR_EM_EMERGENCY","treatment_goals_met":"true"},"workflow_start_time":1770257256051,"placeId":"TREATMENT_PLACE_1090000","service_start_time":1770257277581,"version":"v001","sequenceId":"1090000","executionTime":0,"marking":0,"currentPlace":"P1","service_processing_time_ms":100,"original_token":"{\"notAfter\":1770257376051,\"tokenId\":\"1090000\",\"data\":{\"condition\":\"chest pain\",\"patientId\":\"P_Triage_1090000\",\"providerId\":\"RN_TRIAGE_001\",\"priority\":\"STANDARD\",\"department\":\"EMERGENCY\"},\"workflow_start_time\":1770257256051,\"currentPlace\":\"TriageService\",\"version\":\"v001\"}","service_end_time":1770257277681,"status":"TREATMENT_COMPLETE"}}
DEBUG ServiceThread-TreatmentService-12106 org.btsn.handlers.PetriNetInstrumentationHelper - Token 1090001 exiting place: TreatmentService -> MonitorService [arc=$ANON11]
WARN ServiceThread-TreatmentService-12106 org.btsn.handlers.PetriNetInstrumentationHelper - NAMING CONVENTION VIOLATION: Service 'TreatmentService' does not end with '_Place'. Expected format: {NodeName}_Place. Transition IDs may not match topology. Please rename the service.
DEBUG ServiceThread-TreatmentService-12106 org.btsn.derby.Analysis.BuildServiceAnalysisDatabase - Wrote transition firing: T_out_TreatmentService token=1090001 eventType=EXIT
DEBUG ServiceThread-TreatmentService-12106 org.btsn.handlers.PetriNetInstrumentationHelper - Recorded transition: T_out_TreatmentService (EdgeNode) token=1090001 TreatmentService -> MonitorService [EXIT] arc=$ANON11
DEBUG ServiceThread-TreatmentService-12106 org.btsn.handlers.ServiceThread - PETRI-NET: Token 1090001 EXIT from TreatmentService -> MonitorService.acknowledgeTokenArrival [arc=$ANON11]
INFO ServiceThread-TreatmentService-12106 org.btsn.handlers.ServiceThread - DEBUG: Querying activeService for MonitorService.acknowledgeTokenArrival
INFO ServiceThread-TreatmentService-12106 org.btsn.handlers.ServiceThread - DEBUG: ActiveService query returned 2 rows
INFO ServiceThread-TreatmentService-12106 org.btsn.handlers.ServiceThread - DEBUG: ActiveService result - ?channelId = ip0
INFO ServiceThread-TreatmentService-12106 org.btsn.handlers.ServiceThread - DEBUG: ActiveService result - ?port = 3000
INFO ServiceThread-TreatmentService-12106 org.btsn.handlers.ServiceThread - ORCHESTRATOR: APPLYING activeService override - Channel: ip0, Port: 3000
INFO ServiceThread-TreatmentService-12106 org.btsn.handlers.ServiceThread - ORCHESTRATOR: Resolved ip0 to IP 192.168.1.152
DEBUG ServiceThread-TreatmentService-12106 org.btsn.handlers.ServiceThread - ROUTING: External to MonitorService -> 'treatmentResults'
INFO ServiceThread-TreatmentService-12106 org.btsn.handlers.ServiceThread - ROUTING: Token 1090001 -> 'treatmentResults' to MonitorService.acknowledgeTokenArrival
INFO ServiceThread-TreatmentService-12106 org.btsn.handlers.ServiceThread - ORCHESTRATOR: Publishing to Service MonitorService Operation: acknowledgeTokenArrival
INFO ServiceThread-TreatmentService-12106 org.btsn.handlers.ServiceThread - ORCHESTRATOR: Channel: 192.168.1.152, Port: 3000
INFO ServiceThread-TreatmentService-12106 org.btsn.handlers.ServiceThread - ORCHESTRATOR: Attribute treatmentResults = {"TREATMENT_PLACE_1090000":{"serviceType":"treatmentResults","notAfter":1770260877088,"tokenId":"token_default","data":{"completion_time":"2026-02-05 12:07:57","confidence_level":"LOW","diagnosis_treated":"Unknown diagnosis","treatment_id":"TREAT_unknown_20260205120757_8881","clinical_reasoning":"Clinical synthesis: Patient presents with unspecified. Primary diagnosis: Clinical assessment based on available findings. Severity assessed as MILD.","symptom_improvement":"SIGNIFICANT - Pain resolved, breathing easier","protocol_id":"GENERAL_TREATMENT_01","overall_response":"EXCELLENT - Treatment goals being met","differential_diagnoses":"[\"Differential diagnosis based on clinical presentation\"]","primary_diagnosis":"Clinical assessment based on available findings","disposition":"OBSERVATION","discharge_ready":"true","nurse":"RN_TREATMENT","physician":"DR_EM_EMERGENCY","treatment_goals_met":"true"},"workflow_start_time":1770257256051,"placeId":"TREATMENT_PLACE_1090000","service_start_time":1770257277581,"version":"v001","sequenceId":"1090000","executionTime":0,"marking":0,"currentPlace":"P1","service_processing_time_ms":100,"original_token":"{\"notAfter\":1770257376051,\"tokenId\":\"1090000\",\"data\":{\"condition\":\"chest pain\",\"patientId\":\"P_Triage_1090000\",\"providerId\":\"RN_TRIAGE_001\",\"priority\":\"STANDARD\",\"department\":\"EMERGENCY\"},\"workflow_start_time\":1770257256051,\"currentPlace\":\"TriageService\",\"version\":\"v001\"}","service_end_time":1770257277681,"status":"TREATMENT_COMPLETE"}}
INFO ServiceThread-TreatmentService-12106 org.btsn.handlers.ServiceThread - ORCHESTRATOR: Completed callNextOperation for MonitorService, published=true
INFO ServiceThread-TreatmentService-12106 org.btsn.handlers.ServiceThread - ORCHESTRATOR: Successfully published to MonitorService via EventPublisher
ERROR ServiceThread-TreatmentService-12106 org.btsn.handlers.ServiceThread - monitorIncomingEvents: true
WARN ServiceThread-TreatmentService-12106 org.btsn.handlers.ServiceThread - TIMING: EventReactor arrival time not found, using ServiceThread dequeue time=1770257277207 for seqID=1090001
DEBUG ServiceThread-TreatmentService-12106 org.btsn.handlers.ServiceThread - WRITE: Using captured workflowStartTime=1770257256053 for seqID=1090001
INFO ServiceThread-TreatmentService-12106 org.btsn.handlers.ServiceThread - === SERVICE TIMING RECORD ===
INFO ServiceThread-TreatmentService-12106 org.btsn.handlers.ServiceThread -   Sequence ID: 1090001
INFO ServiceThread-TreatmentService-12106 org.btsn.handlers.ServiceThread -   Service: TreatmentService
INFO ServiceThread-TreatmentService-12106 org.btsn.handlers.ServiceThread -   Operation: executeTreatmentPlan
INFO ServiceThread-TreatmentService-12106 org.btsn.handlers.ServiceThread -   Arrival Time (EventReactor): 1770257277207
INFO ServiceThread-TreatmentService-12106 org.btsn.handlers.ServiceThread -   Invocation Time: 1770257277492
INFO ServiceThread-TreatmentService-12106 org.btsn.handlers.ServiceThread -   Publish Time: 1770257277774
INFO ServiceThread-TreatmentService-12106 org.btsn.handlers.ServiceThread -   Workflow Start Time: 1770257256053
INFO ServiceThread-TreatmentService-12106 org.btsn.handlers.ServiceThread -   MARKING: Buffer=0, Total=1, Capacity=50
INFO ServiceThread-TreatmentService-12106 org.btsn.handlers.ServiceThread - ==============================
INFO ServiceThread-TreatmentService-12106 org.btsn.derby.Analysis.BuildServiceAnalysisDatabase - Wrote service timing record for sequenceID: 1090001
DEBUG ServiceThread-TreatmentService-12106 org.btsn.handlers.ServiceThread -   Queue Time (including priority queue): 285ms
DEBUG ServiceThread-TreatmentService-12106 org.btsn.handlers.ServiceThread -   Service Time: 282ms
DEBUG ServiceThread-TreatmentService-12106 org.btsn.handlers.ServiceThread -   Total Time: 567ms
DEBUG ServiceThread-TreatmentService-12106 org.btsn.handlers.ServiceThread -   Buffer Utilization: 0.0%
DEBUG ServiceThread-TreatmentService-12106 org.btsn.handlers.ServiceThread - ORCHESTRATOR: Cleaned up join 1090000
DEBUG ServiceThread-TreatmentService-12106 org.btsn.handlers.ServiceThread - ORCHESTRATOR: Service TreatmentService sequence ID: 1090000 complete.
DEBUG ServiceThread-Treatment_CollectorService-12205 org.btsn.handlers.ServiceThread - ORCHESTRATOR: Processing:: token = {"token":"workflow_1000000_v001"}
DEBUG ServiceThread-Treatment_CollectorService-12205 org.btsn.handlers.ServiceThread - CAPTURE: WorkflowStartTime=1770257298710 for seqID=1000000
INFO ServiceThread-Treatment_CollectorService-12205 org.btsn.handlers.ServiceThread - Incoming Sequence ID = 1000000
INFO ServiceThread-Treatment_CollectorService-12205 org.btsn.handlers.ServiceThread - MonitorIncomingEvents+ = true
DEBUG ServiceThread-Treatment_CollectorService-12205 org.btsn.handlers.ServiceThread - Using RuleBaseVersion: v001
DEBUG ServiceThread-Treatment_CollectorService-12205 org.btsn.handlers.ServiceThread - FILTER: Event for Treatment_CollectorService.collectAllData accepted by Treatment_CollectorService thread
WARN ServiceThread-Treatment_CollectorService-12205 org.btsn.json.jsonLibrary - Key "token" already exists. Skipping.
DEBUG ServiceThread-Treatment_CollectorService-12205 org.btsn.handlers.ServiceThread - JOIN-MAP: Added key=token to join 1000000 (tokenId=1000000, mapSize=1)
INFO ServiceThread-Treatment_CollectorService-12205 org.btsn.handlers.ServiceThread - DEBUG: Loading rule base for operation: collectAllData
INFO ServiceThread-Treatment_CollectorService-12205 org.btsn.handlers.ServiceThread - DEBUG: Rule base location: C:\DevShare\BTSN_R001\BTSN\btsn.healthcare.places.Treatment/RuleFolder.v001/collectAllData/Service.ruleml
INFO ServiceThread-Treatment_CollectorService-12205 org.btsn.handlers.ServiceThread - DEBUG: Loading fresh knowledge base from: C:\DevShare\BTSN_R001\BTSN\btsn.healthcare.places.Treatment/RuleFolder.v001/collectAllData/Service.ruleml
INFO ServiceThread-Treatment_CollectorService-12205 org.btsn.handlers.ServiceThread - DEBUG: Loaded knowledge base length: 13649
DEBUG ServiceThread-Treatment_CollectorService-12205 org.btsn.handlers.ServiceThread - DEBUG: Knowledge base content preview: <Assert>
<Rulebase mapClosure="universal">
<!-- Version On -->
<Data><Atom><Rel>Version</Rel><Ind>v001</Ind></Atom></Data>
<!-- Common Rules to all services -->
<!-- 
This is the rule determines the operational parameters associated with
the destination service.
 -->
<Implies>
	<then>
		<Atom>
			<Rel>publishes</Rel>
			<Var>service</Var>
			<Var>condition</Var>
			<Var>operation</Var>
			<Var>channel</Var>
			<Var>ip</Var>
			<Var>port</Var>
			<Var>decisionValue</Var>
		</A
INFO ServiceThread-Treatment_CollectorService-12205 org.btsn.handlers.ServiceThread - DEBUG: Parsing knowledge base...
INFO ServiceThread-Treatment_CollectorService-12205 org.btsn.handlers.ServiceThread - DEBUG: Knowledge base parsed successfully
DEBUG ServiceThread-Treatment_CollectorService-12205 org.btsn.handlers.ServiceThread - CANONICAL-BINDING: Checking canonical binding for Treatment_CollectorService.collectAllData with attribute 'token'
DEBUG ServiceThread-Treatment_CollectorService-12205 org.btsn.handlers.ServiceThread - CANONICAL-BINDING: Operation collectAllData uses standard (AND) semantics
INFO ServiceThread-Treatment_CollectorService-12205 org.btsn.handlers.ServiceThread - CANONICAL-BINDING: collectAllData requires 1 inputs total (standard AND logic)
INFO ServiceThread-Treatment_CollectorService-12205 org.btsn.handlers.ServiceThread - CANONICAL-BINDING: collectAllData needs 1 input - can call immediately with 'token'
INFO ServiceThread-Treatment_CollectorService-12205 org.btsn.handlers.ServiceThread - ORCHESTRATOR: Canonical binding found - overriding serviceName facts
INFO ServiceThread-Treatment_CollectorService-12205 org.btsn.handlers.ServiceThread - ORCHESTRATOR: Overrode inputCollection for canonical binding
WARN ServiceThread-Treatment_CollectorService-12205 org.btsn.handlers.ServiceThread - Using legacy getDecisionValue - consider updating CoreRuleBase to include decisionValue in publishes
DEBUG ServiceThread-Treatment_CollectorService-12205 org.btsn.handlers.PetriNetInstrumentationHelper - Token 1000000 buffered at T_in_Treatment_CollectorService (buffer=0)
DEBUG ServiceThread-Treatment_CollectorService-12205 org.btsn.handlers.PetriNetInstrumentationHelper - Could not extract previousPlace from payload
WARN ServiceThread-Treatment_CollectorService-12205 org.btsn.handlers.PetriNetInstrumentationHelper - NAMING CONVENTION VIOLATION: Service 'Treatment_CollectorService' does not end with '_Place'. Expected format: {NodeName}_Place. Transition IDs may not match topology. Please rename the service.
DEBUG ServiceThread-Treatment_CollectorService-12205 org.btsn.derby.Analysis.BuildServiceAnalysisDatabase - Wrote transition firing: T_in_Treatment_CollectorService token=1000000 eventType=BUFFERED
DEBUG ServiceThread-Treatment_CollectorService-12205 org.btsn.handlers.PetriNetInstrumentationHelper - Recorded transition: T_in_Treatment_CollectorService (EdgeNode) token=1000000  -> Treatment_CollectorService [BUFFERED] buffer=0
DEBUG ServiceThread-Treatment_CollectorService-12205 org.btsn.handlers.ServiceThread - PETRI-NET: Token 1000000 BUFFERED at Treatment_CollectorService (T_in arrival)
DEBUG ServiceThread-Treatment_CollectorService-12205 org.btsn.handlers.PetriNetInstrumentationHelper - Token 1000000 entering place: Treatment_CollectorService (buffer=0)
DEBUG ServiceThread-Treatment_CollectorService-12205 org.btsn.handlers.PetriNetInstrumentationHelper - Could not extract previousPlace from payload
WARN ServiceThread-Treatment_CollectorService-12205 org.btsn.handlers.PetriNetInstrumentationHelper - NAMING CONVENTION VIOLATION: Service 'Treatment_CollectorService' does not end with '_Place'. Expected format: {NodeName}_Place. Transition IDs may not match topology. Please rename the service.
DEBUG ServiceThread-Treatment_CollectorService-12205 org.btsn.derby.Analysis.BuildServiceAnalysisDatabase - Wrote transition firing: T_in_Treatment_CollectorService token=1000000 eventType=ENTER
DEBUG ServiceThread-Treatment_CollectorService-12205 org.btsn.handlers.PetriNetInstrumentationHelper - Recorded transition: T_in_Treatment_CollectorService (EdgeNode) token=1000000  -> Treatment_CollectorService [ENTER] buffer=0
DEBUG ServiceThread-Treatment_CollectorService-12205 org.btsn.handlers.ServiceThread - PETRI-NET: Token 1000000 ENTER at Treatment_CollectorService
INFO ServiceThread-Treatment_CollectorService-12205 org.btsn.handlers.ServiceThread - DEBUG: About to check inputCollection.isEmpty() - size: 1
INFO ServiceThread-Treatment_CollectorService-12205 org.btsn.handlers.ServiceThread - DEBUG: inputCollection contents: [null]
INFO ServiceThread-Treatment_CollectorService-12205 org.btsn.handlers.ServiceThread - DEBUG: nodeType: EdgeNode
INFO ServiceThread-Treatment_CollectorService-12205 org.btsn.handlers.ServiceThread - DEBUG: needsInputSynchronization: false
INFO ServiceThread-Treatment_CollectorService-12205 org.btsn.handlers.ServiceThread - DEBUG: Past inputCollection check, about to enter JOIN processing
INFO ServiceThread-Treatment_CollectorService-12205 org.btsn.handlers.ServiceThread - DEBUG: inputCollection.get(0): null
INFO ServiceThread-Treatment_CollectorService-12205 org.btsn.handlers.ServiceThread - ORCHESTRATOR: Zero-input service Treatment_CollectorService:collectAllData executing with trigger token (no workflow data required)
INFO ServiceThread-Treatment_CollectorService-12205 org.btsn.handlers.ServiceThread - ORCHESTRATOR: Processing EdgeNode for Treatment_CollectorService.collectAllData
INFO ServiceThread-Treatment_CollectorService-12205 org.btsn.handlers.TransitionHandler - ORCHESTRATOR: Processing EdgeNode/MergeNode for Treatment_CollectorService.collectAllData
DEBUG ServiceThread-Treatment_CollectorService-12205 org.btsn.handlers.ServiceThread - CANONICAL-BINDING: Checking canonical binding for Treatment_CollectorService.collectAllData with attribute 'token'
DEBUG ServiceThread-Treatment_CollectorService-12205 org.btsn.handlers.ServiceThread - CANONICAL-BINDING: Operation collectAllData uses standard (AND) semantics
INFO ServiceThread-Treatment_CollectorService-12205 org.btsn.handlers.ServiceThread - CANONICAL-BINDING: collectAllData requires 1 inputs total (standard AND logic)
INFO ServiceThread-Treatment_CollectorService-12205 org.btsn.handlers.ServiceThread - CANONICAL-BINDING: collectAllData needs 1 input - can call immediately with 'token'
INFO ServiceThread-Treatment_CollectorService-12205 org.btsn.handlers.ServiceThread - ORCHESTRATOR: Found single-input canonical binding - calling Treatment_CollectorService.collectAllData immediately
INFO ServiceThread-Treatment_CollectorService-12205 org.btsn.handlers.ServiceThread - ORCHESTRATOR: Invoking Treatment_CollectorService.collectAllData via ServiceHelper (canonical binding)
INFO ServiceThread-Treatment_CollectorService-12205 org.btsn.handlers.ServiceHelper - === SERVICE INVOCATION START ===
INFO ServiceThread-Treatment_CollectorService-12205 org.btsn.handlers.ServiceHelper - Service: org.btsn.places.Treatment_CollectorService.collectAllData
INFO ServiceThread-Treatment_CollectorService-12205 org.btsn.handlers.ServiceHelper - SequenceID: 1000000
INFO ServiceThread-Treatment_CollectorService-12205 org.btsn.handlers.ServiceHelper - Input arguments count: 1
DEBUG ServiceThread-Treatment_CollectorService-12205 org.btsn.handlers.ServiceHelper - Processing argument 1/1, raw length: 33
DEBUG ServiceThread-Treatment_CollectorService-12205 org.btsn.handlers.ServiceHelper - ENRICHMENT: First service - raw token IS original_token
INFO ServiceThread-Treatment_CollectorService-12205 org.btsn.handlers.ServiceHelper - ENRICHMENT: Initialized workflow start time (first service)
DEBUG ServiceThread-Treatment_CollectorService-12205 org.btsn.handlers.ServiceHelper - ENRICHMENT: Cleaned argument 1, length: 33 (removed 0 bytes of metadata)
INFO ServiceThread-Treatment_CollectorService-12205 org.btsn.handlers.ServiceHelper - ENRICHMENT: Extracted 1 clean business data arguments (removed infrastructure metadata)
INFO ServiceThread-Treatment_CollectorService-12205 org.btsn.handlers.ServiceHelper - SERVICE INVOKE: Calling org.btsn.places.Treatment_CollectorService.collectAllData with 1 CLEAN business data arguments
DEBUG ServiceThread-Treatment_CollectorService-12205 org.btsn.handlers.ServiceHelper - INVOKE: Reflecting on org.btsn.places.Treatment_CollectorService.collectAllData
DEBUG ServiceThread-Treatment_CollectorService-12205 org.btsn.handlers.ServiceHelper - INVOKE: Looking for method with 1 String parameters
DEBUG ServiceThread-Treatment_CollectorService-12205 org.btsn.handlers.ServiceHelper - INVOKE: Created instance using 3-param constructor (context, placeName, buildVersion) for org.btsn.places.Treatment_CollectorService
DEBUG ServiceThread-Treatment_CollectorService-12205 org.btsn.handlers.ServiceHelper - INVOKE: Found standard method (1 String args)
DEBUG ServiceThread-Treatment_CollectorService-12205 org.btsn.handlers.ServiceHelper - INVOKE: Calling collectAllData with 1 arguments
INFO ServiceThread-Treatment_CollectorService-12205 org.btsn.handlers.ServiceHelper - SERVICE COMPLETE: org.btsn.places.Treatment_CollectorService.collectAllData completed in 164ms
WARN ServiceThread-Treatment_CollectorService-12205 org.btsn.handlers.ServiceHelper - ENRICHMENT: Inner object is not a JSONObject, cannot enrich
INFO ServiceThread-Treatment_CollectorService-12205 org.btsn.handlers.ServiceHelper - ENRICHMENT: Successfully enriched service result with metadata
INFO ServiceThread-Treatment_CollectorService-12205 org.btsn.handlers.ServiceHelper - === SERVICE INVOCATION COMPLETE ===
INFO ServiceThread-Treatment_CollectorService-12205 org.btsn.handlers.TransitionHandler - ORCHESTRATOR: Service returned: {"monitoredPlace":"TreatmentService","petriNetData":{"firingRecordCount":30,"workflowGroups":{"1000000":{"markingEvolution":[{"marking":1,"tokenId":1000001,"transitionId":"T_in_TreatmentService","toPlace":"TreatmentService","workflowBase":1000000,"eventType":"BUFFERED","placeName":"TreatmentService","timestamp":1770257239175,"bufferSize":0},{"marking":1,"tokenId":1000001,"transitionId":"T_in_TreatmentService","toPlace":"TreatmentService","workflowBase":1000000,"eventType":"ENTER","placeName":"TreatmentService","timestamp":1770257239246,"bufferSize":0},{"marking":0,"tokenId":1000001,"transitionId":"T_out_TreatmentService","toPlace":"MonitorService","workflowBase":1000000,"eventType":"EXIT","placeName":"TreatmentService","timestamp":1770257243019,"bufferSize":0},{"marking":1,"tokenId":1010001,"transitionId":"T_in_TreatmentService","toPlace":"TreatmentService","workflowBase":1000000,"eventType":"BUFFERED","placeName":"TreatmentService","timestamp":1770257245734,"bufferSize":0},{"marking":1,"tokenId":1010001,"transitionId":"T_in_TreatmentService","toPlace":"TreatmentService","workflowBase":1000000,"eventType":"ENTER","placeName":"TreatmentService","timestamp":1770257245805,"bufferSize":0},{"marking":0,"tokenId":1010001,"transitionId":"T_out_TreatmentService","toPlace":"MonitorService","workflowBase":1000000,"eventType":"EXIT","placeName":"TreatmentService","timestamp":1770257248212,"bufferSize":0},{"marking":1,"tokenId":1020001,"transitionId":"T_in_TreatmentService","toPlace":"TreatmentService","workflowBase":1000000,"eventType":"BUFFERED","placeName":"TreatmentService","timestamp":1770257252978,"bufferSize":0},{"marking":1,"tokenId":1020001,"transitionId":"T_in_TreatmentService","toPlace":"TreatmentService","workflowBase":1000000,"eventType":"ENTER","placeName":"TreatmentService","timestamp":1770257253015,"bufferSize":0},{"marking":0,"tokenId":1020001,"transitionId":"T_out_TreatmentService","toPlace":"MonitorService","workflowBase":1000000,"eventType":"EXIT","placeName":"TreatmentService","timestamp":1770257253699,"bufferSize":0},{"marking":1,"tokenId":1030001,"transitionId":"T_in_TreatmentService","toPlace":"TreatmentService","workflowBase":1000000,"eventType":"BUFFERED","placeName":"TreatmentService","timestamp":1770257255931,"bufferSize":0},{"marking":1,"tokenId":1030001,"transitionId":"T_in_TreatmentService","toPlace":"TreatmentService","workflowBase":1000000,"eventType":"ENTER","placeName":"TreatmentService","timestamp":1770257255977,"bufferSize":0},{"marking":0,"tokenId":1030001,"transitionId":"T_out_TreatmentService","toPlace":"MonitorService","workflowBase":1000000,"eventType":"EXIT","placeName":"TreatmentService","timestamp":1770257257401,"bufferSize":0},{"marking":1,"tokenId":1040001,"transitionId":"T_in_TreatmentService","toPlace":"TreatmentService","workflowBase":1000000,"eventType":"BUFFERED","placeName":"TreatmentService","timestamp":1770257260039,"bufferSize":0},{"marking":1,"tokenId":1040001,"transitionId":"T_in_TreatmentService","toPlace":"TreatmentService","workflowBase":1000000,"eventType":"ENTER","placeName":"TreatmentService","timestamp":1770257260076,"bufferSize":0},{"marking":0,"tokenId":1040001,"transitionId":"T_out_TreatmentService","toPlace":"MonitorService","workflowBase":1000000,"eventType":"EXIT","placeName":"TreatmentService","timestamp":1770257260500,"bufferSize":0},{"marking":1,"tokenId":1050001,"transitionId":"T_in_TreatmentService","toPlace":"TreatmentService","workflowBase":1000000,"eventType":"BUFFERED","placeName":"TreatmentService","timestamp":1770257263704,"bufferSize":0},{"marking":1,"tokenId":1050001,"transitionId":"T_in_TreatmentService","toPlace":"TreatmentService","workflowBase":1000000,"eventType":"ENTER","placeName":"TreatmentService","timestamp":1770257263837,"bufferSize":0},{"marking":0,"tokenId":1050001,"transitionId":"T_out_TreatmentService","toPlace":"MonitorService","workflowBase":1000000,"eventType":"EXIT","placeName":"TreatmentService","timestamp":1770257265268,"bufferSize":0},{"marking":1,"tokenId":1060001,"transitionId":"T_in_TreatmentService","toPlace":"TreatmentService","workflowBase":1000000,"eventType":"BUFFERED","placeName":"TreatmentService","timestamp":1770257268028,"bufferSize":0},{"marking":1,"tokenId":1060001,"transitionId":"T_in_TreatmentService","toPlace":"TreatmentService","workflowBase":1000000,"eventType":"ENTER","placeName":"TreatmentService","timestamp":1770257268046,"bufferSize":0},{"marking":0,"tokenId":1060001,"transitionId":"T_out_TreatmentService","toPlace":"MonitorService","workflowBase":1000000,"eventType":"EXIT","placeName":"TreatmentService","timestamp":1770257268587,"bufferSize":0},{"marking":1,"tokenId":1070001,"transitionId":"T_in_TreatmentService","toPlace":"TreatmentService","workflowBase":1000000,"eventType":"BUFFERED","placeName":"TreatmentService","timestamp":1770257273205,"bufferSize":0},{"marking":1,"tokenId":1070001,"transitionId":"T_in_TreatmentService","toPlace":"TreatmentService","workflowBase":1000000,"eventType":"ENTER","placeName":"TreatmentService","timestamp":1770257273235,"bufferSize":0},{"marking":0,"tokenId":1070001,"transitionId":"T_out_TreatmentService","toPlace":"MonitorService","workflowBase":1000000,"eventType":"EXIT","placeName":"TreatmentService","timestamp":1770257274628,"bufferSize":0},{"marking":1,"tokenId":1080001,"transitionId":"T_in_TreatmentService","toPlace":"TreatmentService","workflowBase":1000000,"eventType":"BUFFERED","placeName":"TreatmentService","timestamp":1770257275985,"bufferSize":0},{"marking":1,"tokenId":1080001,"transitionId":"T_in_TreatmentService","toPlace":"TreatmentService","workflowBase":1000000,"eventType":"ENTER","placeName":"TreatmentService","timestamp":1770257276001,"bufferSize":0},{"marking":0,"tokenId":1080001,"transitionId":"T_out_TreatmentService","toPlace":"MonitorService","workflowBase":1000000,"eventType":"EXIT","placeName":"TreatmentService","timestamp":1770257276378,"bufferSize":0},{"marking":1,"tokenId":1090001,"transitionId":"T_in_TreatmentService","toPlace":"TreatmentService","workflowBase":1000000,"eventType":"BUFFERED","placeName":"TreatmentService","timestamp":1770257277480,"bufferSize":0},{"marking":1,"tokenId":1090001,"transitionId":"T_in_TreatmentService","toPlace":"TreatmentService","workflowBase":1000000,"eventType":"ENTER","placeName":"TreatmentService","timestamp":1770257277487,"bufferSize":0},{"marking":0,"tokenId":1090001,"transitionId":"T_out_TreatmentService","toPlace":"MonitorService","workflowBase":1000000,"eventType":"EXIT","placeName":"TreatmentService","timestamp":1770257277689,"bufferSize":0}],"tokenGenealogy":[],"tokenPaths":[{"entryTime":1770257239175,"exitTime":1770257243019,"residenceTime":3844,"entryBufferSize":0,"tokenId":1000001,"exitBufferSize":0,"workflowBase":1000000,"placeName":"TreatmentService"},{"entryTime":1770257239246,"exitTime":1770257243019,"residenceTime":3773,"entryBufferSize":0,"tokenId":1000001,"exitBufferSize":0,"workflowBase":1000000,"placeName":"TreatmentService"},{"entryTime":1770257245734,"exitTime":1770257248212,"residenceTime":2478,"entryBufferSize":0,"tokenId":1010001,"exitBufferSize":0,"workflowBase":1000000,"placeName":"TreatmentService"},{"entryTime":1770257245805,"exitTime":1770257248212,"residenceTime":2407,"entryBufferSize":0,"tokenId":1010001,"exitBufferSize":0,"workflowBase":1000000,"placeName":"TreatmentService"},{"entryTime":1770257252978,"exitTime":1770257253699,"residenceTime":721,"entryBufferSize":0,"tokenId":1020001,"exitBufferSize":0,"workflowBase":1000000,"placeName":"TreatmentService"},{"entryTime":1770257253015,"exitTime":1770257253699,"residenceTime":684,"entryBufferSize":0,"tokenId":1020001,"exitBufferSize":0,"workflowBase":1000000,"placeName":"TreatmentService"},{"entryTime":1770257255931,"exitTime":1770257257401,"residenceTime":1470,"entryBufferSize":0,"tokenId":1030001,"exitBufferSize":0,"workflowBase":1000000,"placeName":"TreatmentService"},{"entryTime":1770257255977,"exitTime":1770257257401,"residenceTime":1424,"entryBufferSize":0,"tokenId":1030001,"exitBufferSize":0,"workflowBase":1000000,"placeName":"TreatmentService"},{"entryTime":1770257260039,"exitTime":1770257260500,"residenceTime":461,"entryBufferSize":0,"tokenId":1040001,"exitBufferSize":0,"workflowBase":1000000,"placeName":"TreatmentService"},{"entryTime":1770257260076,"exitTime":1770257260500,"residenceTime":424,"entryBufferSize":0,"tokenId":1040001,"exitBufferSize":0,"workflowBase":1000000,"placeName":"TreatmentService"},{"entryTime":1770257263704,"exitTime":1770257265268,"residenceTime":1564,"entryBufferSize":0,"tokenId":1050001,"exitBufferSize":0,"workflowBase":1000000,"placeName":"TreatmentService"},{"entryTime":1770257263837,"exitTime":1770257265268,"residenceTime":1431,"entryBufferSize":0,"tokenId":1050001,"exitBufferSize":0,"workflowBase":1000000,"placeName":"TreatmentService"},{"entryTime":1770257268028,"exitTime":1770257268587,"residenceTime":559,"entryBufferSize":0,"tokenId":1060001,"exitBufferSize":0,"workflowBase":1000000,"placeName":"TreatmentService"},{"entryTime":1770257268046,"exitTime":1770257268587,"residenceTime":541,"entryBufferSize":0,"tokenId":1060001,"exitBufferSize":0,"workflowBase":1000000,"placeName":"TreatmentService"},{"entryTime":1770257273205,"exitTime":1770257274628,"residenceTime":1423,"entryBufferSize":0,"tokenId":1070001,"exitBufferSize":0,"workflowBase":1000000,"placeName":"TreatmentService"},{"entryTime":1770257273235,"exitTime":1770257274628,"residenceTime":1393,"entryBufferSize":0,"tokenId":1070001,"exitBufferSize":0,"workflowBase":1000000,"placeName":"TreatmentService"},{"entryTime":1770257275985,"exitTime":1770257276378,"residenceTime":393,"entryBufferSize":0,"tokenId":1080001,"exitBufferSize":0,"workflowBase":1000000,"placeName":"TreatmentService"},{"entryTime":1770257276001,"exitTime":1770257276378,"residenceTime":377,"entryBufferSize":0,"tokenId":1080001,"exitBufferSize":0,"workflowBase":1000000,"placeName":"TreatmentService"},{"entryTime":1770257277480,"exitTime":1770257277689,"residenceTime":209,"entryBufferSize":0,"tokenId":1090001,"exitBufferSize":0,"workflowBase":1000000,"placeName":"TreatmentService"},{"entryTime":1770257277487,"exitTime":1770257277689,"residenceTime":202,"entryBufferSize":0,"tokenId":1090001,"exitBufferSize":0,"workflowBase":1000000,"placeName":"TreatmentService"}],"transitionFirings":[{"tokenId":1000001,"transitionId":"T_in_TreatmentService","fromPlace":"","toPlace":"TreatmentService","workflowBase":1000000,"eventType":"BUFFERED","placeName":"TreatmentService","timestamp":1770257239175,"bufferSize":0},{"tokenId":1000001,"transitionId":"T_in_TreatmentService","fromPlace":"","toPlace":"TreatmentService","workflowBase":1000000,"eventType":"ENTER","placeName":"TreatmentService","timestamp":1770257239246,"bufferSize":0},{"tokenId":1000001,"transitionId":"T_out_TreatmentService","fromPlace":"TreatmentService","toPlace":"MonitorService","workflowBase":1000000,"eventType":"EXIT","placeName":"TreatmentService","timestamp":1770257243019,"bufferSize":0},{"tokenId":1010001,"transitionId":"T_in_TreatmentService","fromPlace":"","toPlace":"TreatmentService","workflowBase":1000000,"eventType":"BUFFERED","placeName":"TreatmentService","timestamp":1770257245734,"bufferSize":0},{"tokenId":1010001,"transitionId":"T_in_TreatmentService","fromPlace":"","toPlace":"TreatmentService","workflowBase":1000000,"eventType":"ENTER","placeName":"TreatmentService","timestamp":1770257245805,"bufferSize":0},{"tokenId":1010001,"transitionId":"T_out_TreatmentService","fromPlace":"TreatmentService","toPlace":"MonitorService","workflowBase":1000000,"eventType":"EXIT","placeName":"TreatmentService","timestamp":1770257248212,"bufferSize":0},{"tokenId":1020001,"transitionId":"T_in_TreatmentService","fromPlace":"","toPlace":"TreatmentService","workflowBase":1000000,"eventType":"BUFFERED","placeName":"TreatmentService","timestamp":1770257252978,"bufferSize":0},{"tokenId":1020001,"transitionId":"T_in_TreatmentService","fromPlace":"","toPlace":"TreatmentService","workflowBase":1000000,"eventType":"ENTER","placeName":"TreatmentService","timestamp":1770257253015,"bufferSize":0},{"tokenId":1020001,"transitionId":"T_out_TreatmentService","fromPlace":"TreatmentService","toPlace":"MonitorService","workflowBase":1000000,"eventType":"EXIT","placeName":"TreatmentService","timestamp":1770257253699,"bufferSize":0},{"tokenId":1030001,"transitionId":"T_in_TreatmentService","fromPlace":"","toPlace":"TreatmentService","workflowBase":1000000,"eventType":"BUFFERED","placeName":"TreatmentService","timestamp":1770257255931,"bufferSize":0},{"tokenId":1030001,"transitionId":"T_in_TreatmentService","fromPlace":"","toPlace":"TreatmentService","workflowBase":1000000,"eventType":"ENTER","placeName":"TreatmentService","timestamp":1770257255977,"bufferSize":0},{"tokenId":1030001,"transitionId":"T_out_TreatmentService","fromPlace":"TreatmentService","toPlace":"MonitorService","workflowBase":1000000,"eventType":"EXIT","placeName":"TreatmentService","timestamp":1770257257401,"bufferSize":0},{"tokenId":1040001,"transitionId":"T_in_TreatmentService","fromPlace":"","toPlace":"TreatmentService","workflowBase":1000000,"eventType":"BUFFERED","placeName":"TreatmentService","timestamp":1770257260039,"bufferSize":0},{"tokenId":1040001,"transitionId":"T_in_TreatmentService","fromPlace":"","toPlace":"TreatmentService","workflowBase":1000000,"eventType":"ENTER","placeName":"TreatmentService","timestamp":1770257260076,"bufferSize":0},{"tokenId":1040001,"transitionId":"T_out_TreatmentService","fromPlace":"TreatmentService","toPlace":"MonitorService","workflowBase":1000000,"eventType":"EXIT","placeName":"TreatmentService","timestamp":1770257260500,"bufferSize":0},{"tokenId":1050001,"transitionId":"T_in_TreatmentService","fromPlace":"","toPlace":"TreatmentService","workflowBase":1000000,"eventType":"BUFFERED","placeName":"TreatmentService","timestamp":1770257263704,"bufferSize":0},{"tokenId":1050001,"transitionId":"T_in_TreatmentService","fromPlace":"","toPlace":"TreatmentService","workflowBase":1000000,"eventType":"ENTER","placeName":"TreatmentService","timestamp":1770257263837,"bufferSize":0},{"tokenId":1050001,"transitionId":"T_out_TreatmentService","fromPlace":"TreatmentService","toPlace":"MonitorService","workflowBase":1000000,"eventType":"EXIT","placeName":"TreatmentService","timestamp":1770257265268,"bufferSize":0},{"tokenId":1060001,"transitionId":"T_in_TreatmentService","fromPlace":"","toPlace":"TreatmentService","workflowBase":1000000,"eventType":"BUFFERED","placeName":"TreatmentService","timestamp":1770257268028,"bufferSize":0},{"tokenId":1060001,"transitionId":"T_in_TreatmentService","fromPlace":"","toPlace":"TreatmentService","workflowBase":1000000,"eventType":"ENTER","placeName":"TreatmentService","timestamp":1770257268046,"bufferSize":0},{"tokenId":1060001,"transitionId":"T_out_TreatmentService","fromPlace":"TreatmentService","toPlace":"MonitorService","workflowBase":1000000,"eventType":"EXIT","placeName":"TreatmentService","timestamp":1770257268587,"bufferSize":0},{"tokenId":1070001,"transitionId":"T_in_TreatmentService","fromPlace":"","toPlace":"TreatmentService","workflowBase":1000000,"eventType":"BUFFERED","placeName":"TreatmentService","timestamp":1770257273205,"bufferSize":0},{"tokenId":1070001,"transitionId":"T_in_TreatmentService","fromPlace":"","toPlace":"TreatmentService","workflowBase":1000000,"eventType":"ENTER","placeName":"TreatmentService","timestamp":1770257273235,"bufferSize":0},{"tokenId":1070001,"transitionId":"T_out_TreatmentService","fromPlace":"TreatmentService","toPlace":"MonitorService","workflowBase":1000000,"eventType":"EXIT","placeName":"TreatmentService","timestamp":1770257274628,"bufferSize":0},{"tokenId":1080001,"transitionId":"T_in_TreatmentService","fromPlace":"","toPlace":"TreatmentService","workflowBase":1000000,"eventType":"BUFFERED","placeName":"TreatmentService","timestamp":1770257275985,"bufferSize":0},{"tokenId":1080001,"transitionId":"T_in_TreatmentService","fromPlace":"","toPlace":"TreatmentService","workflowBase":1000000,"eventType":"ENTER","placeName":"TreatmentService","timestamp":1770257276001,"bufferSize":0},{"tokenId":1080001,"transitionId":"T_out_TreatmentService","fromPlace":"TreatmentService","toPlace":"MonitorService","workflowBase":1000000,"eventType":"EXIT","placeName":"TreatmentService","timestamp":1770257276378,"bufferSize":0},{"tokenId":1090001,"transitionId":"T_in_TreatmentService","fromPlace":"","toPlace":"TreatmentService","workflowBase":1000000,"eventType":"BUFFERED","placeName":"TreatmentService","timestamp":1770257277480,"bufferSize":0},{"tokenId":1090001,"transitionId":"T_in_TreatmentService","fromPlace":"","toPlace":"TreatmentService","workflowBase":1000000,"eventType":"ENTER","placeName":"TreatmentService","timestamp":1770257277487,"bufferSize":0},{"tokenId":1090001,"transitionId":"T_out_TreatmentService","fromPlace":"TreatmentService","toPlace":"MonitorService","workflowBase":1000000,"eventType":"EXIT","placeName":"TreatmentService","timestamp":1770257277689,"bufferSize":0}],"statistics":[{"avgResidenceTime":1288.0,"minResidenceTime":202,"maxBufferSize":0,"tokenCount":20,"maxResidenceTime":3844,"workflowBase":1000000,"throughput":0.7763975155279503,"placeName":"TreatmentService","avgBufferSize":0.0}]}},"pathRecordCount":20,"statisticsRecordCount":1,"markingRecordCount":30},"reportingService":"Treatment_CollectorService","collectionTime":1770257299190,"performanceData":{"workflowGroups":{"1770257238228":[{"maxQueueCapacity":50,"arrivalTime":1770257244859,"totalTime":3577,"workflowStartTime":1770257238228,"totalMarking":1,"serviceName":"TreatmentService","sequenceId":1010001,"operation":"executeTreatmentPlan","serviceTime":2625,"queueTime":952,"bufferSize":0}],"1770257244256":[{"maxQueueCapacity":50,"arrivalTime":1770257254814,"totalTime":3051,"workflowStartTime":1770257244256,"totalMarking":1,"serviceName":"TreatmentService","sequenceId":1030001,"operation":"executeTreatmentPlan","serviceTime":1882,"queueTime":1169,"bufferSize":0}],"1770257242147":[{"maxQueueCapacity":50,"arrivalTime":1770257252467,"totalTime":1588,"workflowStartTime":1770257242147,"totalMarking":1,"serviceName":"TreatmentService","sequenceId":1020001,"operation":"executeTreatmentPlan","serviceTime":1035,"queueTime":553,"bufferSize":0}],"1770257254038":[{"maxQueueCapacity":50,"arrivalTime":1770257275184,"totalTime":1284,"workflowStartTime":1770257254038,"totalMarking":1,"serviceName":"TreatmentService","sequenceId":1080001,"operation":"executeTreatmentPlan","serviceTime":411,"queueTime":873,"bufferSize":0}],"1770257247644":[{"maxQueueCapacity":50,"arrivalTime":1770257259274,"totalTime":1517,"workflowStartTime":1770257247644,"totalMarking":1,"serviceName":"TreatmentService","sequenceId":1040001,"operation":"executeTreatmentPlan","serviceTime":706,"queueTime":811,"bufferSize":0}],"1770257250628":[{"maxQueueCapacity":50,"arrivalTime":1770257267266,"totalTime":1842,"workflowStartTime":1770257250628,"totalMarking":1,"serviceName":"TreatmentService","sequenceId":1060001,"operation":"executeTreatmentPlan","serviceTime":1054,"queueTime":788,"bufferSize":0}],"1770257252251":[{"maxQueueCapacity":50,"arrivalTime":1770257271743,"totalTime":3293,"workflowStartTime":1770257252251,"totalMarking":1,"serviceName":"TreatmentService","sequenceId":1070001,"operation":"executeTreatmentPlan","serviceTime":1792,"queueTime":1501,"bufferSize":0}],"1770257232631":[{"maxQueueCapacity":50,"arrivalTime":1770257238553,"totalTime":4769,"workflowStartTime":1770257232631,"totalMarking":1,"serviceName":"TreatmentService","sequenceId":1000001,"operation":"executeTreatmentPlan","serviceTime":4059,"queueTime":710,"bufferSize":0}],"1770257248849":[{"maxQueueCapacity":50,"arrivalTime":1770257262541,"totalTime":3316,"workflowStartTime":1770257248849,"totalMarking":1,"serviceName":"TreatmentService","sequenceId":1050001,"operation":"executeTreatmentPlan","serviceTime":1994,"queueTime":1322,"bufferSize":0}],"1770257256053":[{"maxQueueCapacity":50,"arrivalTime":1770257277207,"totalTime":567,"workflowStartTime":1770257256053,"totalMarking":1,"serviceName":"TreatmentService","sequenceId":1090001,"operation":"executeTreatmentPlan","serviceTime":282,"queueTime":285,"bufferSize":0}]},"markingData":{"1770257238228":[{"publishTime":1770257248436,"maxQueueCapacity":50,"arrivalTime":1770257244859,"invocationTime":1770257245811,"workflowStartTime":1770257238228,"totalMarking":1,"serviceName":"TreatmentService","sequenceId":1010001,"operation":"executeTreatmentPlan","bufferSize":0}],"1770257244256":[{"publishTime":1770257257865,"maxQueueCapacity":50,"arrivalTime":1770257254814,"invocationTime":1770257255983,"workflowStartTime":1770257244256,"totalMarking":1,"serviceName":"TreatmentService","sequenceId":1030001,"operation":"executeTreatmentPlan","bufferSize":0}],"1770257242147":[{"publishTime":1770257254055,"maxQueueCapacity":50,"arrivalTime":1770257252467,"invocationTime":1770257253020,"workflowStartTime":1770257242147,"totalMarking":1,"serviceName":"TreatmentService","sequenceId":1020001,"operation":"executeTreatmentPlan","bufferSize":0}],"1770257254038":[{"publishTime":1770257276468,"maxQueueCapacity":50,"arrivalTime":1770257275184,"invocationTime":1770257276057,"workflowStartTime":1770257254038,"totalMarking":1,"serviceName":"TreatmentService","sequenceId":1080001,"operation":"executeTreatmentPlan","bufferSize":0}],"1770257247644":[{"publishTime":1770257260791,"maxQueueCapacity":50,"arrivalTime":1770257259274,"invocationTime":1770257260085,"workflowStartTime":1770257247644,"totalMarking":1,"serviceName":"TreatmentService","sequenceId":1040001,"operation":"executeTreatmentPlan","bufferSize":0}],"1770257250628":[{"publishTime":1770257269108,"maxQueueCapacity":50,"arrivalTime":1770257267266,"invocationTime":1770257268054,"workflowStartTime":1770257250628,"totalMarking":1,"serviceName":"TreatmentService","sequenceId":1060001,"operation":"executeTreatmentPlan","bufferSize":0}],"1770257252251":[{"publishTime":1770257275036,"maxQueueCapacity":50,"arrivalTime":1770257271743,"invocationTime":1770257273244,"workflowStartTime":1770257252251,"totalMarking":1,"serviceName":"TreatmentService","sequenceId":1070001,"operation":"executeTreatmentPlan","bufferSize":0}],"1770257232631":[{"publishTime":1770257243322,"maxQueueCapacity":50,"arrivalTime":1770257238553,"invocationTime":1770257239263,"workflowStartTime":1770257232631,"totalMarking":1,"serviceName":"TreatmentService","sequenceId":1000001,"operation":"executeTreatmentPlan","bufferSize":0}],"1770257248849":[{"publishTime":1770257265857,"maxQueueCapacity":50,"arrivalTime":1770257262541,"invocationTime":1770257263863,"workflowStartTime":1770257248849,"totalMarking":1,"serviceName":"TreatmentService","sequenceId":1050001,"operation":"executeTreatmentPlan","bufferSize":0}],"1770257256053":[{"publishTime":1770257277774,"maxQueueCapacity":50,"arrivalTime":1770257277207,"invocationTime":1770257277492,"workflowStartTime":1770257256053,"totalMarking":1,"serviceName":"TreatmentService","sequenceId":1090001,"operation":"executeTreatmentPlan","bufferSize":0}]},"timingRecordCount":10,"markingRecordCount":10},"reportingChannel":"unified_collection","serviceContext":"1000000","version":"v001","token":"{\"token\":\"workflow_1000000_v001\"}"}
DEBUG ServiceThread-Treatment_CollectorService-12205 org.btsn.handlers.PetriNetInstrumentationHelper - Token 1000000 exiting place: Treatment_CollectorService -> MonitorService [arc=$ANON11]
WARN ServiceThread-Treatment_CollectorService-12205 org.btsn.handlers.PetriNetInstrumentationHelper - NAMING CONVENTION VIOLATION: Service 'Treatment_CollectorService' does not end with '_Place'. Expected format: {NodeName}_Place. Transition IDs may not match topology. Please rename the service.
DEBUG ServiceThread-Treatment_CollectorService-12205 org.btsn.derby.Analysis.BuildServiceAnalysisDatabase - Wrote transition firing: T_out_Treatment_CollectorService token=1000000 eventType=EXIT
DEBUG ServiceThread-Treatment_CollectorService-12205 org.btsn.handlers.PetriNetInstrumentationHelper - Recorded transition: T_out_Treatment_CollectorService (EdgeNode) token=1000000 Treatment_CollectorService -> MonitorService [EXIT] arc=$ANON11
DEBUG ServiceThread-Treatment_CollectorService-12205 org.btsn.handlers.ServiceThread - PETRI-NET: Token 1000000 EXIT from Treatment_CollectorService -> MonitorService.writeCollectorData [arc=$ANON11]
INFO ServiceThread-Treatment_CollectorService-12205 org.btsn.handlers.ServiceThread - DEBUG: Querying activeService for MonitorService.writeCollectorData
INFO ServiceThread-Treatment_CollectorService-12205 org.btsn.handlers.ServiceThread - DEBUG: ActiveService query returned 2 rows
INFO ServiceThread-Treatment_CollectorService-12205 org.btsn.handlers.ServiceThread - DEBUG: ActiveService result - ?channelId = ip0
INFO ServiceThread-Treatment_CollectorService-12205 org.btsn.handlers.ServiceThread - DEBUG: ActiveService result - ?port = 3002
INFO ServiceThread-Treatment_CollectorService-12205 org.btsn.handlers.ServiceThread - ORCHESTRATOR: APPLYING activeService override - Channel: ip0, Port: 3002
INFO ServiceThread-Treatment_CollectorService-12205 org.btsn.handlers.ServiceThread - ORCHESTRATOR: Resolved ip0 to IP 192.168.1.152
DEBUG ServiceThread-Treatment_CollectorService-12205 org.btsn.handlers.ServiceThread - ROUTING: External to MonitorService -> 'token'
INFO ServiceThread-Treatment_CollectorService-12205 org.btsn.handlers.ServiceThread - ROUTING: Token 1000000 -> 'token' to MonitorService.writeCollectorData
INFO ServiceThread-Treatment_CollectorService-12205 org.btsn.handlers.ServiceThread - ORCHESTRATOR: Publishing to Service MonitorService Operation: writeCollectorData
INFO ServiceThread-Treatment_CollectorService-12205 org.btsn.handlers.ServiceThread - ORCHESTRATOR: Channel: 192.168.1.152, Port: 3002
INFO ServiceThread-Treatment_CollectorService-12205 org.btsn.handlers.ServiceThread - ORCHESTRATOR: Attribute token = {"monitoredPlace":"TreatmentService","petriNetData":{"firingRecordCount":30,"workflowGroups":{"1000000":{"markingEvolution":[{"marking":1,"tokenId":1000001,"transitionId":"T_in_TreatmentService","toPlace":"TreatmentService","workflowBase":1000000,"eventType":"BUFFERED","placeName":"TreatmentService","timestamp":1770257239175,"bufferSize":0},{"marking":1,"tokenId":1000001,"transitionId":"T_in_TreatmentService","toPlace":"TreatmentService","workflowBase":1000000,"eventType":"ENTER","placeName":"TreatmentService","timestamp":1770257239246,"bufferSize":0},{"marking":0,"tokenId":1000001,"transitionId":"T_out_TreatmentService","toPlace":"MonitorService","workflowBase":1000000,"eventType":"EXIT","placeName":"TreatmentService","timestamp":1770257243019,"bufferSize":0},{"marking":1,"tokenId":1010001,"transitionId":"T_in_TreatmentService","toPlace":"TreatmentService","workflowBase":1000000,"eventType":"BUFFERED","placeName":"TreatmentService","timestamp":1770257245734,"bufferSize":0},{"marking":1,"tokenId":1010001,"transitionId":"T_in_TreatmentService","toPlace":"TreatmentService","workflowBase":1000000,"eventType":"ENTER","placeName":"TreatmentService","timestamp":1770257245805,"bufferSize":0},{"marking":0,"tokenId":1010001,"transitionId":"T_out_TreatmentService","toPlace":"MonitorService","workflowBase":1000000,"eventType":"EXIT","placeName":"TreatmentService","timestamp":1770257248212,"bufferSize":0},{"marking":1,"tokenId":1020001,"transitionId":"T_in_TreatmentService","toPlace":"TreatmentService","workflowBase":1000000,"eventType":"BUFFERED","placeName":"TreatmentService","timestamp":1770257252978,"bufferSize":0},{"marking":1,"tokenId":1020001,"transitionId":"T_in_TreatmentService","toPlace":"TreatmentService","workflowBase":1000000,"eventType":"ENTER","placeName":"TreatmentService","timestamp":1770257253015,"bufferSize":0},{"marking":0,"tokenId":1020001,"transitionId":"T_out_TreatmentService","toPlace":"MonitorService","workflowBase":1000000,"eventType":"EXIT","placeName":"TreatmentService","timestamp":1770257253699,"bufferSize":0},{"marking":1,"tokenId":1030001,"transitionId":"T_in_TreatmentService","toPlace":"TreatmentService","workflowBase":1000000,"eventType":"BUFFERED","placeName":"TreatmentService","timestamp":1770257255931,"bufferSize":0},{"marking":1,"tokenId":1030001,"transitionId":"T_in_TreatmentService","toPlace":"TreatmentService","workflowBase":1000000,"eventType":"ENTER","placeName":"TreatmentService","timestamp":1770257255977,"bufferSize":0},{"marking":0,"tokenId":1030001,"transitionId":"T_out_TreatmentService","toPlace":"MonitorService","workflowBase":1000000,"eventType":"EXIT","placeName":"TreatmentService","timestamp":1770257257401,"bufferSize":0},{"marking":1,"tokenId":1040001,"transitionId":"T_in_TreatmentService","toPlace":"TreatmentService","workflowBase":1000000,"eventType":"BUFFERED","placeName":"TreatmentService","timestamp":1770257260039,"bufferSize":0},{"marking":1,"tokenId":1040001,"transitionId":"T_in_TreatmentService","toPlace":"TreatmentService","workflowBase":1000000,"eventType":"ENTER","placeName":"TreatmentService","timestamp":1770257260076,"bufferSize":0},{"marking":0,"tokenId":1040001,"transitionId":"T_out_TreatmentService","toPlace":"MonitorService","workflowBase":1000000,"eventType":"EXIT","placeName":"TreatmentService","timestamp":1770257260500,"bufferSize":0},{"marking":1,"tokenId":1050001,"transitionId":"T_in_TreatmentService","toPlace":"TreatmentService","workflowBase":1000000,"eventType":"BUFFERED","placeName":"TreatmentService","timestamp":1770257263704,"bufferSize":0},{"marking":1,"tokenId":1050001,"transitionId":"T_in_TreatmentService","toPlace":"TreatmentService","workflowBase":1000000,"eventType":"ENTER","placeName":"TreatmentService","timestamp":1770257263837,"bufferSize":0},{"marking":0,"tokenId":1050001,"transitionId":"T_out_TreatmentService","toPlace":"MonitorService","workflowBase":1000000,"eventType":"EXIT","placeName":"TreatmentService","timestamp":1770257265268,"bufferSize":0},{"marking":1,"tokenId":1060001,"transitionId":"T_in_TreatmentService","toPlace":"TreatmentService","workflowBase":1000000,"eventType":"BUFFERED","placeName":"TreatmentService","timestamp":1770257268028,"bufferSize":0},{"marking":1,"tokenId":1060001,"transitionId":"T_in_TreatmentService","toPlace":"TreatmentService","workflowBase":1000000,"eventType":"ENTER","placeName":"TreatmentService","timestamp":1770257268046,"bufferSize":0},{"marking":0,"tokenId":1060001,"transitionId":"T_out_TreatmentService","toPlace":"MonitorService","workflowBase":1000000,"eventType":"EXIT","placeName":"TreatmentService","timestamp":1770257268587,"bufferSize":0},{"marking":1,"tokenId":1070001,"transitionId":"T_in_TreatmentService","toPlace":"TreatmentService","workflowBase":1000000,"eventType":"BUFFERED","placeName":"TreatmentService","timestamp":1770257273205,"bufferSize":0},{"marking":1,"tokenId":1070001,"transitionId":"T_in_TreatmentService","toPlace":"TreatmentService","workflowBase":1000000,"eventType":"ENTER","placeName":"TreatmentService","timestamp":1770257273235,"bufferSize":0},{"marking":0,"tokenId":1070001,"transitionId":"T_out_TreatmentService","toPlace":"MonitorService","workflowBase":1000000,"eventType":"EXIT","placeName":"TreatmentService","timestamp":1770257274628,"bufferSize":0},{"marking":1,"tokenId":1080001,"transitionId":"T_in_TreatmentService","toPlace":"TreatmentService","workflowBase":1000000,"eventType":"BUFFERED","placeName":"TreatmentService","timestamp":1770257275985,"bufferSize":0},{"marking":1,"tokenId":1080001,"transitionId":"T_in_TreatmentService","toPlace":"TreatmentService","workflowBase":1000000,"eventType":"ENTER","placeName":"TreatmentService","timestamp":1770257276001,"bufferSize":0},{"marking":0,"tokenId":1080001,"transitionId":"T_out_TreatmentService","toPlace":"MonitorService","workflowBase":1000000,"eventType":"EXIT","placeName":"TreatmentService","timestamp":1770257276378,"bufferSize":0},{"marking":1,"tokenId":1090001,"transitionId":"T_in_TreatmentService","toPlace":"TreatmentService","workflowBase":1000000,"eventType":"BUFFERED","placeName":"TreatmentService","timestamp":1770257277480,"bufferSize":0},{"marking":1,"tokenId":1090001,"transitionId":"T_in_TreatmentService","toPlace":"TreatmentService","workflowBase":1000000,"eventType":"ENTER","placeName":"TreatmentService","timestamp":1770257277487,"bufferSize":0},{"marking":0,"tokenId":1090001,"transitionId":"T_out_TreatmentService","toPlace":"MonitorService","workflowBase":1000000,"eventType":"EXIT","placeName":"TreatmentService","timestamp":1770257277689,"bufferSize":0}],"tokenGenealogy":[],"tokenPaths":[{"entryTime":1770257239175,"exitTime":1770257243019,"residenceTime":3844,"entryBufferSize":0,"tokenId":1000001,"exitBufferSize":0,"workflowBase":1000000,"placeName":"TreatmentService"},{"entryTime":1770257239246,"exitTime":1770257243019,"residenceTime":3773,"entryBufferSize":0,"tokenId":1000001,"exitBufferSize":0,"workflowBase":1000000,"placeName":"TreatmentService"},{"entryTime":1770257245734,"exitTime":1770257248212,"residenceTime":2478,"entryBufferSize":0,"tokenId":1010001,"exitBufferSize":0,"workflowBase":1000000,"placeName":"TreatmentService"},{"entryTime":1770257245805,"exitTime":1770257248212,"residenceTime":2407,"entryBufferSize":0,"tokenId":1010001,"exitBufferSize":0,"workflowBase":1000000,"placeName":"TreatmentService"},{"entryTime":1770257252978,"exitTime":1770257253699,"residenceTime":721,"entryBufferSize":0,"tokenId":1020001,"exitBufferSize":0,"workflowBase":1000000,"placeName":"TreatmentService"},{"entryTime":1770257253015,"exitTime":1770257253699,"residenceTime":684,"entryBufferSize":0,"tokenId":1020001,"exitBufferSize":0,"workflowBase":1000000,"placeName":"TreatmentService"},{"entryTime":1770257255931,"exitTime":1770257257401,"residenceTime":1470,"entryBufferSize":0,"tokenId":1030001,"exitBufferSize":0,"workflowBase":1000000,"placeName":"TreatmentService"},{"entryTime":1770257255977,"exitTime":1770257257401,"residenceTime":1424,"entryBufferSize":0,"tokenId":1030001,"exitBufferSize":0,"workflowBase":1000000,"placeName":"TreatmentService"},{"entryTime":1770257260039,"exitTime":1770257260500,"residenceTime":461,"entryBufferSize":0,"tokenId":1040001,"exitBufferSize":0,"workflowBase":1000000,"placeName":"TreatmentService"},{"entryTime":1770257260076,"exitTime":1770257260500,"residenceTime":424,"entryBufferSize":0,"tokenId":1040001,"exitBufferSize":0,"workflowBase":1000000,"placeName":"TreatmentService"},{"entryTime":1770257263704,"exitTime":1770257265268,"residenceTime":1564,"entryBufferSize":0,"tokenId":1050001,"exitBufferSize":0,"workflowBase":1000000,"placeName":"TreatmentService"},{"entryTime":1770257263837,"exitTime":1770257265268,"residenceTime":1431,"entryBufferSize":0,"tokenId":1050001,"exitBufferSize":0,"workflowBase":1000000,"placeName":"TreatmentService"},{"entryTime":1770257268028,"exitTime":1770257268587,"residenceTime":559,"entryBufferSize":0,"tokenId":1060001,"exitBufferSize":0,"workflowBase":1000000,"placeName":"TreatmentService"},{"entryTime":1770257268046,"exitTime":1770257268587,"residenceTime":541,"entryBufferSize":0,"tokenId":1060001,"exitBufferSize":0,"workflowBase":1000000,"placeName":"TreatmentService"},{"entryTime":1770257273205,"exitTime":1770257274628,"residenceTime":1423,"entryBufferSize":0,"tokenId":1070001,"exitBufferSize":0,"workflowBase":1000000,"placeName":"TreatmentService"},{"entryTime":1770257273235,"exitTime":1770257274628,"residenceTime":1393,"entryBufferSize":0,"tokenId":1070001,"exitBufferSize":0,"workflowBase":1000000,"placeName":"TreatmentService"},{"entryTime":1770257275985,"exitTime":1770257276378,"residenceTime":393,"entryBufferSize":0,"tokenId":1080001,"exitBufferSize":0,"workflowBase":1000000,"placeName":"TreatmentService"},{"entryTime":1770257276001,"exitTime":1770257276378,"residenceTime":377,"entryBufferSize":0,"tokenId":1080001,"exitBufferSize":0,"workflowBase":1000000,"placeName":"TreatmentService"},{"entryTime":1770257277480,"exitTime":1770257277689,"residenceTime":209,"entryBufferSize":0,"tokenId":1090001,"exitBufferSize":0,"workflowBase":1000000,"placeName":"TreatmentService"},{"entryTime":1770257277487,"exitTime":1770257277689,"residenceTime":202,"entryBufferSize":0,"tokenId":1090001,"exitBufferSize":0,"workflowBase":1000000,"placeName":"TreatmentService"}],"transitionFirings":[{"tokenId":1000001,"transitionId":"T_in_TreatmentService","fromPlace":"","toPlace":"TreatmentService","workflowBase":1000000,"eventType":"BUFFERED","placeName":"TreatmentService","timestamp":1770257239175,"bufferSize":0},{"tokenId":1000001,"transitionId":"T_in_TreatmentService","fromPlace":"","toPlace":"TreatmentService","workflowBase":1000000,"eventType":"ENTER","placeName":"TreatmentService","timestamp":1770257239246,"bufferSize":0},{"tokenId":1000001,"transitionId":"T_out_TreatmentService","fromPlace":"TreatmentService","toPlace":"MonitorService","workflowBase":1000000,"eventType":"EXIT","placeName":"TreatmentService","timestamp":1770257243019,"bufferSize":0},{"tokenId":1010001,"transitionId":"T_in_TreatmentService","fromPlace":"","toPlace":"TreatmentService","workflowBase":1000000,"eventType":"BUFFERED","placeName":"TreatmentService","timestamp":1770257245734,"bufferSize":0},{"tokenId":1010001,"transitionId":"T_in_TreatmentService","fromPlace":"","toPlace":"TreatmentService","workflowBase":1000000,"eventType":"ENTER","placeName":"TreatmentService","timestamp":1770257245805,"bufferSize":0},{"tokenId":1010001,"transitionId":"T_out_TreatmentService","fromPlace":"TreatmentService","toPlace":"MonitorService","workflowBase":1000000,"eventType":"EXIT","placeName":"TreatmentService","timestamp":1770257248212,"bufferSize":0},{"tokenId":1020001,"transitionId":"T_in_TreatmentService","fromPlace":"","toPlace":"TreatmentService","workflowBase":1000000,"eventType":"BUFFERED","placeName":"TreatmentService","timestamp":1770257252978,"bufferSize":0},{"tokenId":1020001,"transitionId":"T_in_TreatmentService","fromPlace":"","toPlace":"TreatmentService","workflowBase":1000000,"eventType":"ENTER","placeName":"TreatmentService","timestamp":1770257253015,"bufferSize":0},{"tokenId":1020001,"transitionId":"T_out_TreatmentService","fromPlace":"TreatmentService","toPlace":"MonitorService","workflowBase":1000000,"eventType":"EXIT","placeName":"TreatmentService","timestamp":1770257253699,"bufferSize":0},{"tokenId":1030001,"transitionId":"T_in_TreatmentService","fromPlace":"","toPlace":"TreatmentService","workflowBase":1000000,"eventType":"BUFFERED","placeName":"TreatmentService","timestamp":1770257255931,"bufferSize":0},{"tokenId":1030001,"transitionId":"T_in_TreatmentService","fromPlace":"","toPlace":"TreatmentService","workflowBase":1000000,"eventType":"ENTER","placeName":"TreatmentService","timestamp":1770257255977,"bufferSize":0},{"tokenId":1030001,"transitionId":"T_out_TreatmentService","fromPlace":"TreatmentService","toPlace":"MonitorService","workflowBase":1000000,"eventType":"EXIT","placeName":"TreatmentService","timestamp":1770257257401,"bufferSize":0},{"tokenId":1040001,"transitionId":"T_in_TreatmentService","fromPlace":"","toPlace":"TreatmentService","workflowBase":1000000,"eventType":"BUFFERED","placeName":"TreatmentService","timestamp":1770257260039,"bufferSize":0},{"tokenId":1040001,"transitionId":"T_in_TreatmentService","fromPlace":"","toPlace":"TreatmentService","workflowBase":1000000,"eventType":"ENTER","placeName":"TreatmentService","timestamp":1770257260076,"bufferSize":0},{"tokenId":1040001,"transitionId":"T_out_TreatmentService","fromPlace":"TreatmentService","toPlace":"MonitorService","workflowBase":1000000,"eventType":"EXIT","placeName":"TreatmentService","timestamp":1770257260500,"bufferSize":0},{"tokenId":1050001,"transitionId":"T_in_TreatmentService","fromPlace":"","toPlace":"TreatmentService","workflowBase":1000000,"eventType":"BUFFERED","placeName":"TreatmentService","timestamp":1770257263704,"bufferSize":0},{"tokenId":1050001,"transitionId":"T_in_TreatmentService","fromPlace":"","toPlace":"TreatmentService","workflowBase":1000000,"eventType":"ENTER","placeName":"TreatmentService","timestamp":1770257263837,"bufferSize":0},{"tokenId":1050001,"transitionId":"T_out_TreatmentService","fromPlace":"TreatmentService","toPlace":"MonitorService","workflowBase":1000000,"eventType":"EXIT","placeName":"TreatmentService","timestamp":1770257265268,"bufferSize":0},{"tokenId":1060001,"transitionId":"T_in_TreatmentService","fromPlace":"","toPlace":"TreatmentService","workflowBase":1000000,"eventType":"BUFFERED","placeName":"TreatmentService","timestamp":1770257268028,"bufferSize":0},{"tokenId":1060001,"transitionId":"T_in_TreatmentService","fromPlace":"","toPlace":"TreatmentService","workflowBase":1000000,"eventType":"ENTER","placeName":"TreatmentService","timestamp":1770257268046,"bufferSize":0},{"tokenId":1060001,"transitionId":"T_out_TreatmentService","fromPlace":"TreatmentService","toPlace":"MonitorService","workflowBase":1000000,"eventType":"EXIT","placeName":"TreatmentService","timestamp":1770257268587,"bufferSize":0},{"tokenId":1070001,"transitionId":"T_in_TreatmentService","fromPlace":"","toPlace":"TreatmentService","workflowBase":1000000,"eventType":"BUFFERED","placeName":"TreatmentService","timestamp":1770257273205,"bufferSize":0},{"tokenId":1070001,"transitionId":"T_in_TreatmentService","fromPlace":"","toPlace":"TreatmentService","workflowBase":1000000,"eventType":"ENTER","placeName":"TreatmentService","timestamp":1770257273235,"bufferSize":0},{"tokenId":1070001,"transitionId":"T_out_TreatmentService","fromPlace":"TreatmentService","toPlace":"MonitorService","workflowBase":1000000,"eventType":"EXIT","placeName":"TreatmentService","timestamp":1770257274628,"bufferSize":0},{"tokenId":1080001,"transitionId":"T_in_TreatmentService","fromPlace":"","toPlace":"TreatmentService","workflowBase":1000000,"eventType":"BUFFERED","placeName":"TreatmentService","timestamp":1770257275985,"bufferSize":0},{"tokenId":1080001,"transitionId":"T_in_TreatmentService","fromPlace":"","toPlace":"TreatmentService","workflowBase":1000000,"eventType":"ENTER","placeName":"TreatmentService","timestamp":1770257276001,"bufferSize":0},{"tokenId":1080001,"transitionId":"T_out_TreatmentService","fromPlace":"TreatmentService","toPlace":"MonitorService","workflowBase":1000000,"eventType":"EXIT","placeName":"TreatmentService","timestamp":1770257276378,"bufferSize":0},{"tokenId":1090001,"transitionId":"T_in_TreatmentService","fromPlace":"","toPlace":"TreatmentService","workflowBase":1000000,"eventType":"BUFFERED","placeName":"TreatmentService","timestamp":1770257277480,"bufferSize":0},{"tokenId":1090001,"transitionId":"T_in_TreatmentService","fromPlace":"","toPlace":"TreatmentService","workflowBase":1000000,"eventType":"ENTER","placeName":"TreatmentService","timestamp":1770257277487,"bufferSize":0},{"tokenId":1090001,"transitionId":"T_out_TreatmentService","fromPlace":"TreatmentService","toPlace":"MonitorService","workflowBase":1000000,"eventType":"EXIT","placeName":"TreatmentService","timestamp":1770257277689,"bufferSize":0}],"statistics":[{"avgResidenceTime":1288.0,"minResidenceTime":202,"maxBufferSize":0,"tokenCount":20,"maxResidenceTime":3844,"workflowBase":1000000,"throughput":0.7763975155279503,"placeName":"TreatmentService","avgBufferSize":0.0}]}},"pathRecordCount":20,"statisticsRecordCount":1,"markingRecordCount":30},"reportingService":"Treatment_CollectorService","collectionTime":1770257299190,"performanceData":{"workflowGroups":{"1770257238228":[{"maxQueueCapacity":50,"arrivalTime":1770257244859,"totalTime":3577,"workflowStartTime":1770257238228,"totalMarking":1,"serviceName":"TreatmentService","sequenceId":1010001,"operation":"executeTreatmentPlan","serviceTime":2625,"queueTime":952,"bufferSize":0}],"1770257244256":[{"maxQueueCapacity":50,"arrivalTime":1770257254814,"totalTime":3051,"workflowStartTime":1770257244256,"totalMarking":1,"serviceName":"TreatmentService","sequenceId":1030001,"operation":"executeTreatmentPlan","serviceTime":1882,"queueTime":1169,"bufferSize":0}],"1770257242147":[{"maxQueueCapacity":50,"arrivalTime":1770257252467,"totalTime":1588,"workflowStartTime":1770257242147,"totalMarking":1,"serviceName":"TreatmentService","sequenceId":1020001,"operation":"executeTreatmentPlan","serviceTime":1035,"queueTime":553,"bufferSize":0}],"1770257254038":[{"maxQueueCapacity":50,"arrivalTime":1770257275184,"totalTime":1284,"workflowStartTime":1770257254038,"totalMarking":1,"serviceName":"TreatmentService","sequenceId":1080001,"operation":"executeTreatmentPlan","serviceTime":411,"queueTime":873,"bufferSize":0}],"1770257247644":[{"maxQueueCapacity":50,"arrivalTime":1770257259274,"totalTime":1517,"workflowStartTime":1770257247644,"totalMarking":1,"serviceName":"TreatmentService","sequenceId":1040001,"operation":"executeTreatmentPlan","serviceTime":706,"queueTime":811,"bufferSize":0}],"1770257250628":[{"maxQueueCapacity":50,"arrivalTime":1770257267266,"totalTime":1842,"workflowStartTime":1770257250628,"totalMarking":1,"serviceName":"TreatmentService","sequenceId":1060001,"operation":"executeTreatmentPlan","serviceTime":1054,"queueTime":788,"bufferSize":0}],"1770257252251":[{"maxQueueCapacity":50,"arrivalTime":1770257271743,"totalTime":3293,"workflowStartTime":1770257252251,"totalMarking":1,"serviceName":"TreatmentService","sequenceId":1070001,"operation":"executeTreatmentPlan","serviceTime":1792,"queueTime":1501,"bufferSize":0}],"1770257232631":[{"maxQueueCapacity":50,"arrivalTime":1770257238553,"totalTime":4769,"workflowStartTime":1770257232631,"totalMarking":1,"serviceName":"TreatmentService","sequenceId":1000001,"operation":"executeTreatmentPlan","serviceTime":4059,"queueTime":710,"bufferSize":0}],"1770257248849":[{"maxQueueCapacity":50,"arrivalTime":1770257262541,"totalTime":3316,"workflowStartTime":1770257248849,"totalMarking":1,"serviceName":"TreatmentService","sequenceId":1050001,"operation":"executeTreatmentPlan","serviceTime":1994,"queueTime":1322,"bufferSize":0}],"1770257256053":[{"maxQueueCapacity":50,"arrivalTime":1770257277207,"totalTime":567,"workflowStartTime":1770257256053,"totalMarking":1,"serviceName":"TreatmentService","sequenceId":1090001,"operation":"executeTreatmentPlan","serviceTime":282,"queueTime":285,"bufferSize":0}]},"markingData":{"1770257238228":[{"publishTime":1770257248436,"maxQueueCapacity":50,"arrivalTime":1770257244859,"invocationTime":1770257245811,"workflowStartTime":1770257238228,"totalMarking":1,"serviceName":"TreatmentService","sequenceId":1010001,"operation":"executeTreatmentPlan","bufferSize":0}],"1770257244256":[{"publishTime":1770257257865,"maxQueueCapacity":50,"arrivalTime":1770257254814,"invocationTime":1770257255983,"workflowStartTime":1770257244256,"totalMarking":1,"serviceName":"TreatmentService","sequenceId":1030001,"operation":"executeTreatmentPlan","bufferSize":0}],"1770257242147":[{"publishTime":1770257254055,"maxQueueCapacity":50,"arrivalTime":1770257252467,"invocationTime":1770257253020,"workflowStartTime":1770257242147,"totalMarking":1,"serviceName":"TreatmentService","sequenceId":1020001,"operation":"executeTreatmentPlan","bufferSize":0}],"1770257254038":[{"publishTime":1770257276468,"maxQueueCapacity":50,"arrivalTime":1770257275184,"invocationTime":1770257276057,"workflowStartTime":1770257254038,"totalMarking":1,"serviceName":"TreatmentService","sequenceId":1080001,"operation":"executeTreatmentPlan","bufferSize":0}],"1770257247644":[{"publishTime":1770257260791,"maxQueueCapacity":50,"arrivalTime":1770257259274,"invocationTime":1770257260085,"workflowStartTime":1770257247644,"totalMarking":1,"serviceName":"TreatmentService","sequenceId":1040001,"operation":"executeTreatmentPlan","bufferSize":0}],"1770257250628":[{"publishTime":1770257269108,"maxQueueCapacity":50,"arrivalTime":1770257267266,"invocationTime":1770257268054,"workflowStartTime":1770257250628,"totalMarking":1,"serviceName":"TreatmentService","sequenceId":1060001,"operation":"executeTreatmentPlan","bufferSize":0}],"1770257252251":[{"publishTime":1770257275036,"maxQueueCapacity":50,"arrivalTime":1770257271743,"invocationTime":1770257273244,"workflowStartTime":1770257252251,"totalMarking":1,"serviceName":"TreatmentService","sequenceId":1070001,"operation":"executeTreatmentPlan","bufferSize":0}],"1770257232631":[{"publishTime":1770257243322,"maxQueueCapacity":50,"arrivalTime":1770257238553,"invocationTime":1770257239263,"workflowStartTime":1770257232631,"totalMarking":1,"serviceName":"TreatmentService","sequenceId":1000001,"operation":"executeTreatmentPlan","bufferSize":0}],"1770257248849":[{"publishTime":1770257265857,"maxQueueCapacity":50,"arrivalTime":1770257262541,"invocationTime":1770257263863,"workflowStartTime":1770257248849,"totalMarking":1,"serviceName":"TreatmentService","sequenceId":1050001,"operation":"executeTreatmentPlan","bufferSize":0}],"1770257256053":[{"publishTime":1770257277774,"maxQueueCapacity":50,"arrivalTime":1770257277207,"invocationTime":1770257277492,"workflowStartTime":1770257256053,"totalMarking":1,"serviceName":"TreatmentService","sequenceId":1090001,"operation":"executeTreatmentPlan","bufferSize":0}]},"timingRecordCount":10,"markingRecordCount":10},"reportingChannel":"unified_collection","serviceContext":"1000000","version":"v001","token":"{\"token\":\"workflow_1000000_v001\"}"}
INFO ServiceThread-Treatment_CollectorService-12205 org.btsn.handlers.ServiceThread - ORCHESTRATOR: Completed callNextOperation for MonitorService, published=true
INFO ServiceThread-Treatment_CollectorService-12205 org.btsn.handlers.ServiceThread - ORCHESTRATOR: Successfully published to MonitorService via EventPublisher
ERROR ServiceThread-Treatment_CollectorService-12205 org.btsn.handlers.ServiceThread - monitorIncomingEvents: false
DEBUG ServiceThread-Treatment_CollectorService-12205 org.btsn.handlers.ServiceThread - ORCHESTRATOR: Cleaned up join 1000000
DEBUG ServiceThread-Treatment_CollectorService-12205 org.btsn.handlers.ServiceThread - ORCHESTRATOR: Service Treatment_CollectorService sequence ID: 1000000 complete.
