DEBUG ServiceThread-P5_CollectorService-14104 org.btsn.handlers.PetriNetInstrumentationHelper - Token 1000000 exiting place: P5_CollectorService -> MonitorService [arc=$ANON11]
WARN ServiceThread-P5_CollectorService-14104 org.btsn.handlers.PetriNetInstrumentationHelper - NAMING CONVENTION VIOLATION: Service 'P5_CollectorService' does not end with '_Place'. Expected format: {NodeName}_Place. Transition IDs may not match topology. Please rename the service.
DEBUG ServiceThread-P5_CollectorService-14104 org.btsn.derby.Analysis.BuildServiceAnalysisDatabase - Wrote transition firing: T_out_P5_CollectorService token=1000000 eventType=EXIT
DEBUG ServiceThread-P5_CollectorService-14104 org.btsn.handlers.PetriNetInstrumentationHelper - Recorded transition: T_out_P5_CollectorService (EdgeNode) token=1000000 P5_CollectorService -> MonitorService [EXIT] arc=$ANON11
DEBUG ServiceThread-P5_CollectorService-14104 org.btsn.handlers.ServiceThread - PETRI-NET: Token 1000000 EXIT from P5_CollectorService -> MonitorService.writeCollectorData [arc=$ANON11]
INFO ServiceThread-P5_CollectorService-14104 org.btsn.handlers.ServiceThread - DEBUG: Querying activeService for MonitorService.writeCollectorData
INFO ServiceThread-P5_CollectorService-14104 org.btsn.handlers.ServiceThread - DEBUG: ActiveService query returned 2 rows
INFO ServiceThread-P5_CollectorService-14104 org.btsn.handlers.ServiceThread - DEBUG: ActiveService result - ?channelId = ip0
INFO ServiceThread-P5_CollectorService-14104 org.btsn.handlers.ServiceThread - DEBUG: ActiveService result - ?port = 3002
INFO ServiceThread-P5_CollectorService-14104 org.btsn.handlers.ServiceThread - ORCHESTRATOR: APPLYING activeService override - Channel: ip0, Port: 3002
INFO ServiceThread-P5_CollectorService-14104 org.btsn.handlers.ServiceThread - ORCHESTRATOR: Resolved ip0 to IP 192.168.1.152
DEBUG ServiceThread-P5_CollectorService-14104 org.btsn.handlers.ServiceThread - ROUTING: External to MonitorService -> 'token'
INFO ServiceThread-P5_CollectorService-14104 org.btsn.handlers.ServiceThread - ROUTING: Token 1000000 -> 'token' to MonitorService.writeCollectorData
INFO ServiceThread-P5_CollectorService-14104 org.btsn.handlers.ServiceThread - ORCHESTRATOR: Publishing to Service MonitorService Operation: writeCollectorData
INFO ServiceThread-P5_CollectorService-14104 org.btsn.handlers.ServiceThread - ORCHESTRATOR: Channel: 192.168.1.152, Port: 3002
INFO ServiceThread-P5_CollectorService-14104 org.btsn.handlers.ServiceThread - ORCHESTRATOR: Attribute token = {"monitoredPlace":"P5_Place","petriNetData":{"firingRecordCount":18,"workflowGroups":{"1000000":{"markingEvolution":[{"marking":1,"tokenId":1010003,"transitionId":"T_in_P5","toPlace":"P5_Place","workflowBase":1000000,"eventType":"BUFFERED","placeName":"P5_Place","timestamp":1769402267654,"bufferSize":0},{"marking":1,"tokenId":1010003,"transitionId":"T_in_P5","toPlace":"P5_Place","workflowBase":1000000,"eventType":"ENTER","placeName":"P5_Place","timestamp":1769402267766,"bufferSize":0},{"marking":0,"tokenId":1010003,"transitionId":"T_out_P5","toPlace":"P6_Place","workflowBase":1000000,"eventType":"EXIT","placeName":"P5_Place","timestamp":1769402268185,"bufferSize":0},{"marking":1,"tokenId":1020003,"transitionId":"T_in_P5","toPlace":"P5_Place","workflowBase":1000000,"eventType":"BUFFERED","placeName":"P5_Place","timestamp":1769402269802,"bufferSize":0},{"marking":1,"tokenId":1020003,"transitionId":"T_in_P5","toPlace":"P5_Place","workflowBase":1000000,"eventType":"ENTER","placeName":"P5_Place","timestamp":1769402269822,"bufferSize":0},{"marking":0,"tokenId":1020003,"transitionId":"T_out_P5","toPlace":"P6_Place","workflowBase":1000000,"eventType":"EXIT","placeName":"P5_Place","timestamp":1769402270201,"bufferSize":0},{"marking":1,"tokenId":1040003,"transitionId":"T_in_P5","toPlace":"P5_Place","workflowBase":1000000,"eventType":"BUFFERED","placeName":"P5_Place","timestamp":1769402272811,"bufferSize":0},{"marking":1,"tokenId":1040003,"transitionId":"T_in_P5","toPlace":"P5_Place","workflowBase":1000000,"eventType":"ENTER","placeName":"P5_Place","timestamp":1769402272834,"bufferSize":0},{"marking":0,"tokenId":1040003,"transitionId":"T_out_P5","toPlace":"P6_Place","workflowBase":1000000,"eventType":"EXIT","placeName":"P5_Place","timestamp":1769402273259,"bufferSize":0},{"marking":1,"tokenId":1050003,"transitionId":"T_in_P5","toPlace":"P5_Place","workflowBase":1000000,"eventType":"BUFFERED","placeName":"P5_Place","timestamp":1769402275590,"bufferSize":0},{"marking":1,"tokenId":1050003,"transitionId":"T_in_P5","toPlace":"P5_Place","workflowBase":1000000,"eventType":"ENTER","placeName":"P5_Place","timestamp":1769402275605,"bufferSize":0},{"marking":0,"tokenId":1050003,"transitionId":"T_out_P5","toPlace":"P6_Place","workflowBase":1000000,"eventType":"EXIT","placeName":"P5_Place","timestamp":1769402275891,"bufferSize":0},{"marking":1,"tokenId":1060003,"transitionId":"T_in_P5","toPlace":"P5_Place","workflowBase":1000000,"eventType":"BUFFERED","placeName":"P5_Place","timestamp":1769402278644,"bufferSize":0},{"marking":1,"tokenId":1060003,"transitionId":"T_in_P5","toPlace":"P5_Place","workflowBase":1000000,"eventType":"ENTER","placeName":"P5_Place","timestamp":1769402278689,"bufferSize":0},{"marking":0,"tokenId":1060003,"transitionId":"T_out_P5","toPlace":"P6_Place","workflowBase":1000000,"eventType":"EXIT","placeName":"P5_Place","timestamp":1769402279152,"bufferSize":0},{"marking":1,"tokenId":1090003,"transitionId":"T_in_P5","toPlace":"P5_Place","workflowBase":1000000,"eventType":"BUFFERED","placeName":"P5_Place","timestamp":1769402281836,"bufferSize":0},{"marking":1,"tokenId":1090003,"transitionId":"T_in_P5","toPlace":"P5_Place","workflowBase":1000000,"eventType":"ENTER","placeName":"P5_Place","timestamp":1769402281847,"bufferSize":0},{"marking":0,"tokenId":1090003,"transitionId":"T_out_P5","toPlace":"P6_Place","workflowBase":1000000,"eventType":"EXIT","placeName":"P5_Place","timestamp":1769402282138,"bufferSize":0}],"tokenGenealogy":[],"tokenPaths":[{"entryTime":1769402267654,"exitTime":1769402268185,"residenceTime":531,"entryBufferSize":0,"tokenId":1010003,"exitBufferSize":0,"workflowBase":1000000,"placeName":"P5_Place"},{"entryTime":1769402267766,"exitTime":1769402268185,"residenceTime":419,"entryBufferSize":0,"tokenId":1010003,"exitBufferSize":0,"workflowBase":1000000,"placeName":"P5_Place"},{"entryTime":1769402269802,"exitTime":1769402270201,"residenceTime":399,"entryBufferSize":0,"tokenId":1020003,"exitBufferSize":0,"workflowBase":1000000,"placeName":"P5_Place"},{"entryTime":1769402269822,"exitTime":1769402270201,"residenceTime":379,"entryBufferSize":0,"tokenId":1020003,"exitBufferSize":0,"workflowBase":1000000,"placeName":"P5_Place"},{"entryTime":1769402272811,"exitTime":1769402273259,"residenceTime":448,"entryBufferSize":0,"tokenId":1040003,"exitBufferSize":0,"workflowBase":1000000,"placeName":"P5_Place"},{"entryTime":1769402272834,"exitTime":1769402273259,"residenceTime":425,"entryBufferSize":0,"tokenId":1040003,"exitBufferSize":0,"workflowBase":1000000,"placeName":"P5_Place"},{"entryTime":1769402275590,"exitTime":1769402275891,"residenceTime":301,"entryBufferSize":0,"tokenId":1050003,"exitBufferSize":0,"workflowBase":1000000,"placeName":"P5_Place"},{"entryTime":1769402275605,"exitTime":1769402275891,"residenceTime":286,"entryBufferSize":0,"tokenId":1050003,"exitBufferSize":0,"workflowBase":1000000,"placeName":"P5_Place"},{"entryTime":1769402278644,"exitTime":1769402279152,"residenceTime":508,"entryBufferSize":0,"tokenId":1060003,"exitBufferSize":0,"workflowBase":1000000,"placeName":"P5_Place"},{"entryTime":1769402278689,"exitTime":1769402279152,"residenceTime":463,"entryBufferSize":0,"tokenId":1060003,"exitBufferSize":0,"workflowBase":1000000,"placeName":"P5_Place"},{"entryTime":1769402281836,"exitTime":1769402282138,"residenceTime":302,"entryBufferSize":0,"tokenId":1090003,"exitBufferSize":0,"workflowBase":1000000,"placeName":"P5_Place"},{"entryTime":1769402281847,"exitTime":1769402282138,"residenceTime":291,"entryBufferSize":0,"tokenId":1090003,"exitBufferSize":0,"workflowBase":1000000,"placeName":"P5_Place"}],"transitionFirings":[{"tokenId":1010003,"transitionId":"T_in_P5","fromPlace":"","toPlace":"P5_Place","workflowBase":1000000,"eventType":"BUFFERED","placeName":"P5_Place","timestamp":1769402267654,"bufferSize":0},{"tokenId":1010003,"transitionId":"T_in_P5","fromPlace":"","toPlace":"P5_Place","workflowBase":1000000,"eventType":"ENTER","placeName":"P5_Place","timestamp":1769402267766,"bufferSize":0},{"tokenId":1010003,"transitionId":"T_out_P5","fromPlace":"P5_Place","toPlace":"P6_Place","workflowBase":1000000,"eventType":"EXIT","placeName":"P5_Place","timestamp":1769402268185,"bufferSize":0},{"tokenId":1020003,"transitionId":"T_in_P5","fromPlace":"","toPlace":"P5_Place","workflowBase":1000000,"eventType":"BUFFERED","placeName":"P5_Place","timestamp":1769402269802,"bufferSize":0},{"tokenId":1020003,"transitionId":"T_in_P5","fromPlace":"","toPlace":"P5_Place","workflowBase":1000000,"eventType":"ENTER","placeName":"P5_Place","timestamp":1769402269822,"bufferSize":0},{"tokenId":1020003,"transitionId":"T_out_P5","fromPlace":"P5_Place","toPlace":"P6_Place","workflowBase":1000000,"eventType":"EXIT","placeName":"P5_Place","timestamp":1769402270201,"bufferSize":0},{"tokenId":1040003,"transitionId":"T_in_P5","fromPlace":"","toPlace":"P5_Place","workflowBase":1000000,"eventType":"BUFFERED","placeName":"P5_Place","timestamp":1769402272811,"bufferSize":0},{"tokenId":1040003,"transitionId":"T_in_P5","fromPlace":"","toPlace":"P5_Place","workflowBase":1000000,"eventType":"ENTER","placeName":"P5_Place","timestamp":1769402272834,"bufferSize":0},{"tokenId":1040003,"transitionId":"T_out_P5","fromPlace":"P5_Place","toPlace":"P6_Place","workflowBase":1000000,"eventType":"EXIT","placeName":"P5_Place","timestamp":1769402273259,"bufferSize":0},{"tokenId":1050003,"transitionId":"T_in_P5","fromPlace":"","toPlace":"P5_Place","workflowBase":1000000,"eventType":"BUFFERED","placeName":"P5_Place","timestamp":1769402275590,"bufferSize":0},{"tokenId":1050003,"transitionId":"T_in_P5","fromPlace":"","toPlace":"P5_Place","workflowBase":1000000,"eventType":"ENTER","placeName":"P5_Place","timestamp":1769402275605,"bufferSize":0},{"tokenId":1050003,"transitionId":"T_out_P5","fromPlace":"P5_Place","toPlace":"P6_Place","workflowBase":1000000,"eventType":"EXIT","placeName":"P5_Place","timestamp":1769402275891,"bufferSize":0},{"tokenId":1060003,"transitionId":"T_in_P5","fromPlace":"","toPlace":"P5_Place","workflowBase":1000000,"eventType":"BUFFERED","placeName":"P5_Place","timestamp":1769402278644,"bufferSize":0},{"tokenId":1060003,"transitionId":"T_in_P5","fromPlace":"","toPlace":"P5_Place","workflowBase":1000000,"eventType":"ENTER","placeName":"P5_Place","timestamp":1769402278689,"bufferSize":0},{"tokenId":1060003,"transitionId":"T_out_P5","fromPlace":"P5_Place","toPlace":"P6_Place","workflowBase":1000000,"eventType":"EXIT","placeName":"P5_Place","timestamp":1769402279152,"bufferSize":0},{"tokenId":1090003,"transitionId":"T_in_P5","fromPlace":"","toPlace":"P5_Place","workflowBase":1000000,"eventType":"BUFFERED","placeName":"P5_Place","timestamp":1769402281836,"bufferSize":0},{"tokenId":1090003,"transitionId":"T_in_P5","fromPlace":"","toPlace":"P5_Place","workflowBase":1000000,"eventType":"ENTER","placeName":"P5_Place","timestamp":1769402281847,"bufferSize":0},{"tokenId":1090003,"transitionId":"T_out_P5","fromPlace":"P5_Place","toPlace":"P6_Place","workflowBase":1000000,"eventType":"EXIT","placeName":"P5_Place","timestamp":1769402282138,"bufferSize":0}],"statistics":[{"avgResidenceTime":396.0,"minResidenceTime":286,"maxBufferSize":0,"tokenCount":12,"maxResidenceTime":531,"workflowBase":1000000,"throughput":2.525252525252525,"placeName":"P5_Place","avgBufferSize":0.0}]}},"pathRecordCount":12,"statisticsRecordCount":1,"markingRecordCount":18},"reportingService":"P5_CollectorService","collectionTime":1769402306864,"performanceData":{"workflowGroups":{"1769402265621":[{"maxQueueCapacity":50,"arrivalTime":1769402266698,"totalTime":2102,"workflowStartTime":1769402265621,"totalMarking":1,"serviceName":"P5_Place","sequenceId":1010003,"operation":"processToken","serviceTime":1017,"queueTime":1085,"bufferSize":0}],"1769402271488":[{"maxQueueCapacity":50,"arrivalTime":1769402274665,"totalTime":1422,"workflowStartTime":1769402271488,"totalMarking":1,"serviceName":"P5_Place","sequenceId":1050003,"operation":"processToken","serviceTime":468,"queueTime":954,"bufferSize":0}],"1769402271632":[{"maxQueueCapacity":50,"arrivalTime":1769402277184,"totalTime":2222,"workflowStartTime":1769402271632,"totalMarking":1,"serviceName":"P5_Place","sequenceId":1060003,"operation":"processToken","serviceTime":710,"queueTime":1512,"bufferSize":0}],"1769402274874":[{"maxQueueCapacity":50,"arrivalTime":1769402281279,"totalTime":1007,"workflowStartTime":1769402274874,"totalMarking":1,"serviceName":"P5_Place","sequenceId":1090003,"operation":"processToken","serviceTime":430,"queueTime":577,"bufferSize":0}],"1769402267852":[{"maxQueueCapacity":50,"arrivalTime":1769402272131,"totalTime":1452,"workflowStartTime":1769402267852,"totalMarking":1,"serviceName":"P5_Place","sequenceId":1040003,"operation":"processToken","serviceTime":735,"queueTime":717,"bufferSize":0}],"1769402265819":[{"maxQueueCapacity":50,"arrivalTime":1769402268874,"totalTime":1500,"workflowStartTime":1769402265819,"totalMarking":1,"serviceName":"P5_Place","sequenceId":1020003,"operation":"processToken","serviceTime":541,"queueTime":959,"bufferSize":0}]},"markingData":{"1769402265621":[{"publishTime":1769402268800,"maxQueueCapacity":50,"arrivalTime":1769402266698,"invocationTime":1769402267783,"workflowStartTime":1769402265621,"totalMarking":1,"serviceName":"P5_Place","sequenceId":1010003,"operation":"processToken","bufferSize":0}],"1769402271488":[{"publishTime":1769402276087,"maxQueueCapacity":50,"arrivalTime":1769402274665,"invocationTime":1769402275619,"workflowStartTime":1769402271488,"totalMarking":1,"serviceName":"P5_Place","sequenceId":1050003,"operation":"processToken","bufferSize":0}],"1769402271632":[{"publishTime":1769402279406,"maxQueueCapacity":50,"arrivalTime":1769402277184,"invocationTime":1769402278696,"workflowStartTime":1769402271632,"totalMarking":1,"serviceName":"P5_Place","sequenceId":1060003,"operation":"processToken","bufferSize":0}],"1769402274874":[{"publishTime":1769402282286,"maxQueueCapacity":50,"arrivalTime":1769402281279,"invocationTime":1769402281856,"workflowStartTime":1769402274874,"totalMarking":1,"serviceName":"P5_Place","sequenceId":1090003,"operation":"processToken","bufferSize":0}],"1769402267852":[{"publishTime":1769402273583,"maxQueueCapacity":50,"arrivalTime":1769402272131,"invocationTime":1769402272848,"workflowStartTime":1769402267852,"totalMarking":1,"serviceName":"P5_Place","sequenceId":1040003,"operation":"processToken","bufferSize":0}],"1769402265819":[{"publishTime":1769402270374,"maxQueueCapacity":50,"arrivalTime":1769402268874,"invocationTime":1769402269833,"workflowStartTime":1769402265819,"totalMarking":1,"serviceName":"P5_Place","sequenceId":1020003,"operation":"processToken","bufferSize":0}]},"timingRecordCount":6,"markingRecordCount":6},"reportingChannel":"unified_collection","serviceContext":"1000000","version":"v001","token":"{\"token\":\"workflow_1000000_v001\"}"}
INFO ServiceThread-P5_CollectorService-14104 org.btsn.handlers.ServiceThread - ORCHESTRATOR: Completed callNextOperation for MonitorService, published=true
INFO ServiceThread-P5_CollectorService-14104 org.btsn.handlers.ServiceThread - ORCHESTRATOR: Successfully published to MonitorService via EventPublisher
ERROR ServiceThread-P5_CollectorService-14104 org.btsn.handlers.ServiceThread - monitorIncomingEvents: false
DEBUG ServiceThread-P5_CollectorService-14104 org.btsn.handlers.ServiceThread - ORCHESTRATOR: Cleaned up join 1000000
DEBUG ServiceThread-P5_CollectorService-14104 org.btsn.handlers.ServiceThread - ORCHESTRATOR: Service P5_CollectorService sequence ID: 1000000 complete.
INFO main org.btsn.handlers.ServiceLoader - === Starting Rule-Driven ServiceLoader ===
INFO main org.btsn.handlers.ServiceLoader - === ServiceLoader Configuration ===
INFO main org.btsn.handlers.ServiceLoader -   Version: v001
INFO main org.btsn.handlers.ServiceLoader -   Service Filter: NONE (loading ALL services)
INFO main org.btsn.handlers.ServiceLoader - Using build version: v001
INFO main org.btsn.handlers.ServiceLoader - Created shutdown control file: C:\DevShare\BTSN_R001\BTSN\btsn.petrinet.places.p5\all_services_v001.running
INFO main org.btsn.handlers.ServiceLoader - DELETE this file to trigger graceful shutdown
WARN main org.btsn.handlers.ServiceLoader - Could not start shutdown listener: Address already in use: bind
INFO main org.btsn.handlers.ServiceLoader - === Building rule base with version v001 ===
INFO main org.btsn.handlers.ServiceLoader - Registered version v001 as valid
INFO main org.btsn.handlers.ServiceLoader - === Checking for remote deployment mode ===
INFO main org.btsn.handlers.ServiceLoader - === Auto-detecting deployment mode from facts ===
INFO main org.btsn.handlers.ServiceLoader - This machine's primary IP: 192.168.1.152
INFO main org.btsn.handlers.ServiceLoader - All IPs for this machine: [fe80:0:0:0:0:100:7f:fffe%net5, fe80:0:0:0:0:5efe:c0a8:198%net9, fe80:0:0:0:4478:23a2:44e3:e737%eth5, 0:0:0:0:0:0:0:1, 192.168.1.152, 127.0.0.1]
INFO main org.btsn.handlers.ServiceLoader - *** FOUND: Channel ip0 maps to this machine at 192.168.1.152 ***
INFO main org.btsn.handlers.ServiceLoader - Checking for services using channel: ip0
INFO main org.btsn.handlers.ServiceLoader - Found 3 activeService entries using ip0
INFO main org.btsn.handlers.ServiceLoader - Found 3 activeService entries using ip0
INFO main org.btsn.handlers.ServiceLoader - *** REMOTE MODE AUTO-ENABLED ***
INFO main org.btsn.handlers.ServiceLoader - *** This host (192.168.1.152) is configured for remote services ***
INFO main org.btsn.handlers.ServiceLoader - *** Channel ip0 maps to this machine ***
DEBUG main org.btsn.handlers.ServiceLoader - ServiceLoader: Looking in directory: C:\DevShare\BTSN_R001\BTSN\btsn.petrinet.places.p5/ServiceLoaderQueries for rulebase
INFO main org.btsn.handlers.ServiceLoader - LOADING service: P5_CollectorService
INFO main org.btsn.handlers.ServiceLoader - === DETECTED SERVICELIST QUERY FOR: P5_CollectorService ===
INFO main org.btsn.handlers.ServiceLoader - Found operation: P5_CollectorService.collectAllData on ip0:4104
INFO main org.btsn.handlers.ServiceLoader - Creating ServiceThreads for 1 operations
INFO main org.btsn.handlers.ServiceLoader - Setting up P5_CollectorService.collectAllData -> EventReactor:14104, RuleHandler:24104
INFO main org.btsn.handlers.ServiceLoader - Successfully created ServiceThread for P5_CollectorService.collectAllData
INFO main org.btsn.handlers.ServiceLoader - LOADING service: P5_InitializationService
INFO ServiceThread-P5_CollectorService-collectAllData org.btsn.handlers.UDPServiceThread - Starting REMOTE UDP ServiceThread for P5_CollectorService:collectAllData on port: 14104
INFO RuleHandler-P5_CollectorService-collectAllData org.btsn.handlers.UDPLoadRuleHandlerThread - Starting UDP RuleHandler for service: P5_CollectorService, operation: collectAllData, channel: ip0, port: 24104, listening on: all interfaces
INFO RuleHandler-P5_CollectorService-collectAllData org.btsn.handlers.UDPLoadRuleHandlerThread - Successfully created UDP RuleHandler for P5_CollectorService:collectAllData listening on port 24104
INFO main org.btsn.handlers.ServiceLoader - === DETECTED SERVICELIST QUERY FOR: P5_InitializationService ===
INFO main org.btsn.handlers.ServiceLoader - Found operation: P5_InitializationService.purgeAndInitialize on ip0:4304
INFO main org.btsn.handlers.ServiceLoader - Creating ServiceThreads for 1 operations
INFO main org.btsn.handlers.ServiceLoader - Setting up P5_InitializationService.purgeAndInitialize -> EventReactor:14304, RuleHandler:24304
INFO main org.btsn.handlers.ServiceLoader - Successfully created ServiceThread for P5_InitializationService.purgeAndInitialize
INFO main org.btsn.handlers.ServiceLoader - LOADING service: P5_Place
INFO ServiceThread-P5_InitializationService-purgeAndInitialize org.btsn.handlers.UDPServiceThread - Starting REMOTE UDP ServiceThread for P5_InitializationService:purgeAndInitialize on port: 14304
INFO main org.btsn.handlers.ServiceLoader - === DETECTED SERVICELIST QUERY FOR: P5_Place ===
INFO RuleHandler-P5_InitializationService-purgeAndInitialize org.btsn.handlers.UDPLoadRuleHandlerThread - Starting UDP RuleHandler for service: P5_InitializationService, operation: purgeAndInitialize, channel: ip0, port: 24304, listening on: all interfaces
INFO RuleHandler-P5_InitializationService-purgeAndInitialize org.btsn.handlers.UDPLoadRuleHandlerThread - Successfully created UDP RuleHandler for P5_InitializationService:purgeAndInitialize listening on port 24304
INFO main org.btsn.handlers.ServiceLoader - Found operation: P5_Place.processToken on ip0:4005
INFO main org.btsn.handlers.ServiceLoader - Creating ServiceThreads for 1 operations
INFO main org.btsn.handlers.ServiceLoader - Setting up P5_Place.processToken -> EventReactor:14005, RuleHandler:24005
INFO main org.btsn.handlers.ServiceLoader - Successfully created ServiceThread for P5_Place.processToken
INFO main org.btsn.handlers.ServiceLoader - === ServiceLoader Startup Complete ===
INFO main org.btsn.handlers.ServiceLoader - Version: v001
INFO main org.btsn.handlers.ServiceLoader - Mode: REMOTE on 192.168.1.152
INFO main org.btsn.handlers.ServiceLoader - Services loaded: 3
INFO main org.btsn.handlers.ServiceLoader - Services skipped: 0
INFO main org.btsn.handlers.ServiceLoader - === Shutdown Options ===
INFO main org.btsn.handlers.ServiceLoader -   1. Delete file: all_services_v001.running
INFO main org.btsn.handlers.ServiceLoader -   2. Send 'SHUTDOWN' to UDP port: 39001
INFO main org.btsn.handlers.ServiceLoader -   3. Kill the process
INFO RuleHandler-P5_Place-processToken org.btsn.handlers.UDPLoadRuleHandlerThread - Starting UDP RuleHandler for service: P5_Place, operation: processToken, channel: ip0, port: 24005, listening on: all interfaces
INFO RuleHandler-P5_Place-processToken org.btsn.handlers.UDPLoadRuleHandlerThread - Successfully created UDP RuleHandler for P5_Place:processToken listening on port 24005
INFO ServiceThread-P5_Place-processToken org.btsn.handlers.UDPServiceThread - Starting REMOTE UDP ServiceThread for P5_Place:processToken on port: 14005
INFO ServiceThread-P5_InitializationService-purgeAndInitialize org.btsn.derby.Analysis.BuildServiceAnalysisDatabase - Derby Embedded Driver registered successfully.
INFO ServiceThread-P5_CollectorService-collectAllData org.btsn.derby.Analysis.BuildServiceAnalysisDatabase - Derby Embedded Driver registered successfully.
INFO ServiceThread-P5_Place-processToken org.btsn.derby.Analysis.BuildServiceAnalysisDatabase - Derby Embedded Driver registered successfully.
INFO ServiceThread-P5_CollectorService-collectAllData org.btsn.derby.Analysis.BuildServiceAnalysisDatabase - Derby Embedded Driver registered successfully.
INFO ServiceThread-P5_CollectorService-collectAllData org.btsn.handlers.PetriNetInstrumentationHelper - === PETRI NET INSTRUMENTATION INITIALIZED ===
INFO ServiceThread-P5_CollectorService-collectAllData org.btsn.handlers.PetriNetInstrumentationHelper - Service: ip0:14104
INFO ServiceThread-P5_InitializationService-purgeAndInitialize org.btsn.derby.Analysis.BuildServiceAnalysisDatabase - Derby Embedded Driver registered successfully.
INFO ServiceThread-P5_InitializationService-purgeAndInitialize org.btsn.handlers.PetriNetInstrumentationHelper - === PETRI NET INSTRUMENTATION INITIALIZED ===
INFO ServiceThread-P5_InitializationService-purgeAndInitialize org.btsn.handlers.PetriNetInstrumentationHelper - Service: ip0:14304
INFO ServiceThread-P5_InitializationService-purgeAndInitialize org.btsn.handlers.PetriNetInstrumentationHelper - Recording: Transitions=true, Genealogy=true, Joins=true
INFO ServiceThread-P5_InitializationService-purgeAndInitialize org.btsn.handlers.ServiceThread - ORCHESTRATOR: Petri Net instrumentation ENABLED (full mode)
INFO ServiceThread-P5_CollectorService-collectAllData org.btsn.handlers.PetriNetInstrumentationHelper - Recording: Transitions=true, Genealogy=true, Joins=true
INFO ServiceThread-P5_CollectorService-collectAllData org.btsn.handlers.ServiceThread - ORCHESTRATOR: Petri Net instrumentation ENABLED (full mode)
INFO ServiceThread-P5_InitializationService-purgeAndInitialize org.btsn.handlers.ServiceThread - Join processing strategy: OPTIMIZED (any complete join)
INFO ServiceThread-P5_Place-processToken org.btsn.derby.Analysis.BuildServiceAnalysisDatabase - Derby Embedded Driver registered successfully.
INFO ServiceThread-P5_Place-processToken org.btsn.handlers.PetriNetInstrumentationHelper - === PETRI NET INSTRUMENTATION INITIALIZED ===
INFO ServiceThread-P5_Place-processToken org.btsn.handlers.PetriNetInstrumentationHelper - Service: ip0:14005
INFO ServiceThread-P5_Place-processToken org.btsn.handlers.PetriNetInstrumentationHelper - Recording: Transitions=true, Genealogy=true, Joins=true
INFO ServiceThread-P5_Place-processToken org.btsn.handlers.ServiceThread - ORCHESTRATOR: Petri Net instrumentation ENABLED (full mode)
INFO ServiceThread-P5_CollectorService-collectAllData org.btsn.handlers.ServiceThread - Join processing strategy: OPTIMIZED (any complete join)
INFO ServiceThread-P5_InitializationService-purgeAndInitialize org.btsn.handlers.ServiceThread - Starting EventReactor for channel: ip0, port: 14304
INFO ServiceThread-P5_Place-processToken org.btsn.handlers.ServiceThread - Join processing strategy: OPTIMIZED (any complete join)
INFO ServiceThread-P5_CollectorService-collectAllData org.btsn.handlers.ServiceThread - Starting EventReactor for channel: ip0, port: 14104
INFO ServiceThread-P5_InitializationService-purgeAndInitialize org.btsn.handlers.ServiceThread - EventReactor started successfully on attempt 1
INFO ServiceThread-P5_InitializationService-purgeAndInitialize org.btsn.handlers.UDPServiceThread - Successfully created REMOTE UDP ServiceThread for port 14304
INFO ServiceThread-P5_Place-processToken org.btsn.handlers.ServiceThread - Starting EventReactor for channel: ip0, port: 14005
INFO ServiceThread-P5_InitializationService-14304 org.btsn.handlers.ServiceThread - ServiceThread ORCHESTRATOR starting main processing loop
INFO ServiceThread-P5_Place-processToken org.btsn.handlers.ServiceThread - EventReactor started successfully on attempt 1
INFO ServiceThread-P5_Place-processToken org.btsn.handlers.UDPServiceThread - Successfully created REMOTE UDP ServiceThread for port 14005
INFO ServiceThread-P5_CollectorService-collectAllData org.btsn.handlers.ServiceThread - EventReactor started successfully on attempt 1
INFO ServiceThread-P5_CollectorService-collectAllData org.btsn.handlers.UDPServiceThread - Successfully created REMOTE UDP ServiceThread for port 14104
INFO ServiceThread-P5_Place-14005 org.btsn.handlers.ServiceThread - ServiceThread ORCHESTRATOR starting main processing loop
INFO ServiceThread-P5_CollectorService-14104 org.btsn.handlers.ServiceThread - ServiceThread ORCHESTRATOR starting main processing loop
DEBUG ServiceThread-P5_InitializationService-14304 org.btsn.handlers.ServiceThread - ORCHESTRATOR: Processing:: token = "init p5"
DEBUG ServiceThread-P5_InitializationService-14304 org.btsn.handlers.ServiceThread - CAPTURE: WorkflowStartTime=1770214877886 for seqID=999400000
INFO ServiceThread-P5_InitializationService-14304 org.btsn.handlers.ServiceThread - Incoming Sequence ID = 999400000
INFO ServiceThread-P5_InitializationService-14304 org.btsn.handlers.ServiceThread - MonitorIncomingEvents+ = true
DEBUG ServiceThread-P5_InitializationService-14304 org.btsn.handlers.ServiceThread - Using RuleBaseVersion: v999
DEBUG ServiceThread-P5_InitializationService-14304 org.btsn.handlers.ServiceThread - FILTER: Event for P5_InitializationService.purgeAndInitialize accepted by P5_InitializationService thread
WARN ServiceThread-P5_InitializationService-14304 org.btsn.json.jsonLibrary - Key "token" already exists. Skipping.
DEBUG ServiceThread-P5_InitializationService-14304 org.btsn.handlers.ServiceThread - JOIN-MAP: Added key=token to join 999400000 (tokenId=999400000, mapSize=1)
INFO ServiceThread-P5_InitializationService-14304 org.btsn.handlers.ServiceThread - DEBUG: Loading rule base for operation: purgeAndInitialize
INFO ServiceThread-P5_InitializationService-14304 org.btsn.handlers.ServiceThread - DEBUG: Rule base location: C:\DevShare\BTSN_R001\BTSN\btsn.petrinet.places.p5/RuleFolder.v999/purgeAndInitialize/Service.ruleml
INFO ServiceThread-P5_InitializationService-14304 org.btsn.handlers.ServiceThread - DEBUG: Loading fresh knowledge base from: C:\DevShare\BTSN_R001\BTSN\btsn.petrinet.places.p5/RuleFolder.v999/purgeAndInitialize/Service.ruleml
INFO ServiceThread-P5_InitializationService-14304 org.btsn.handlers.ServiceThread - DEBUG: Loaded knowledge base length: 13394
DEBUG ServiceThread-P5_InitializationService-14304 org.btsn.handlers.ServiceThread - DEBUG: Knowledge base content preview: <Assert>
<Rulebase mapClosure="universal">
<!-- Version On -->
<Data><Atom><Rel>Version</Rel><Ind>v999</Ind></Atom></Data>
<!-- Common Rules to all services -->
<!-- 
This is the rule determines the operational parameters associated with
the destination service.
 -->
<Implies>
	<then>
		<Atom>
			<Rel>publishes</Rel>
			<Var>service</Var>
			<Var>condition</Var>
			<Var>operation</Var>
			<Var>channel</Var>
			<Var>ip</Var>
			<Var>port</Var>
			<Var>decisionValue</Var>
		</A
INFO ServiceThread-P5_InitializationService-14304 org.btsn.handlers.ServiceThread - DEBUG: Parsing knowledge base...
INFO ServiceThread-P5_InitializationService-14304 org.btsn.handlers.ServiceThread - DEBUG: Knowledge base parsed successfully
DEBUG ServiceThread-P5_InitializationService-14304 org.btsn.handlers.ServiceThread - CANONICAL-BINDING: Checking canonical binding for P5_InitializationService.purgeAndInitialize with attribute 'token'
DEBUG ServiceThread-P5_InitializationService-14304 org.btsn.handlers.ServiceThread - CANONICAL-BINDING: Operation purgeAndInitialize uses standard (AND) semantics
INFO ServiceThread-P5_InitializationService-14304 org.btsn.handlers.ServiceThread - CANONICAL-BINDING: purgeAndInitialize requires 1 inputs total (standard AND logic)
INFO ServiceThread-P5_InitializationService-14304 org.btsn.handlers.ServiceThread - CANONICAL-BINDING: purgeAndInitialize needs 1 input - can call immediately with 'token'
INFO ServiceThread-P5_InitializationService-14304 org.btsn.handlers.ServiceThread - ORCHESTRATOR: Canonical binding found - overriding serviceName facts
INFO ServiceThread-P5_InitializationService-14304 org.btsn.handlers.ServiceThread - ORCHESTRATOR: Overrode inputCollection for canonical binding
WARN ServiceThread-P5_InitializationService-14304 org.btsn.handlers.ServiceThread - Using legacy getDecisionValue - consider updating CoreRuleBase to include decisionValue in publishes
INFO ServiceThread-P5_InitializationService-14304 org.btsn.handlers.ServiceThread - DEBUG: Skipping getNextService for TerminateNode
DEBUG ServiceThread-P5_InitializationService-14304 org.btsn.handlers.PetriNetInstrumentationHelper - Skipping instrumentation for admin token 999400000 (v999)
DEBUG ServiceThread-P5_InitializationService-14304 org.btsn.handlers.ServiceThread - PETRI-NET: Token 999400000 BUFFERED at P5_InitializationService (T_in arrival)
DEBUG ServiceThread-P5_InitializationService-14304 org.btsn.handlers.PetriNetInstrumentationHelper - Skipping instrumentation for admin token 999400000 (v999)
DEBUG ServiceThread-P5_InitializationService-14304 org.btsn.handlers.ServiceThread - PETRI-NET: Token 999400000 ENTER at P5_InitializationService
INFO ServiceThread-P5_InitializationService-14304 org.btsn.handlers.ServiceThread - DEBUG: About to check inputCollection.isEmpty() - size: 1
INFO ServiceThread-P5_InitializationService-14304 org.btsn.handlers.ServiceThread - DEBUG: inputCollection contents: [null]
INFO ServiceThread-P5_InitializationService-14304 org.btsn.handlers.ServiceThread - DEBUG: nodeType: TerminateNode
INFO ServiceThread-P5_InitializationService-14304 org.btsn.handlers.ServiceThread - DEBUG: needsInputSynchronization: false
INFO ServiceThread-P5_InitializationService-14304 org.btsn.handlers.ServiceThread - DEBUG: Past inputCollection check, about to enter JOIN processing
INFO ServiceThread-P5_InitializationService-14304 org.btsn.handlers.ServiceThread - DEBUG: inputCollection.get(0): null
INFO ServiceThread-P5_InitializationService-14304 org.btsn.handlers.ServiceThread - ORCHESTRATOR: Zero-input service P5_InitializationService:purgeAndInitialize executing with trigger token (no workflow data required)
INFO ServiceThread-P5_InitializationService-14304 org.btsn.handlers.ServiceThread - ORCHESTRATOR: Processing TerminateNode for P5_InitializationService.purgeAndInitialize
INFO ServiceThread-P5_InitializationService-14304 org.btsn.handlers.TransitionHandler - ORCHESTRATOR: Invoking P5_InitializationService.purgeAndInitialize via ServiceHelper
INFO ServiceThread-P5_InitializationService-14304 org.btsn.handlers.ServiceHelper - === SERVICE INVOCATION START ===
INFO ServiceThread-P5_InitializationService-14304 org.btsn.handlers.ServiceHelper - Service: org.btsn.places.P5_InitializationService.purgeAndInitialize
INFO ServiceThread-P5_InitializationService-14304 org.btsn.handlers.ServiceHelper - SequenceID: 999400000
INFO ServiceThread-P5_InitializationService-14304 org.btsn.handlers.ServiceHelper - Input arguments count: 1
DEBUG ServiceThread-P5_InitializationService-14304 org.btsn.handlers.ServiceHelper - Processing argument 1/1, raw length: 9
ERROR ServiceThread-P5_InitializationService-14304 org.btsn.json.jsonLibrary - Error parsing JSON string: "init p5"
java.lang.ClassCastException: class java.lang.String cannot be cast to class org.json.simple.JSONObject (java.lang.String is in module java.base of loader 'bootstrap'; org.json.simple.JSONObject is in unnamed module of loader 'app')
	at org.btsn.json.jsonLibrary.parseString(jsonLibrary.java:60)
	at org.btsn.handlers.ServiceHelper.extractMetadata(ServiceHelper.java:241)
	at org.btsn.handlers.ServiceHelper.process(ServiceHelper.java:144)
	at org.btsn.handlers.ServiceHelper.process(ServiceHelper.java:223)
	at org.btsn.handlers.TransitionHandler.processTerminateType(TransitionHandler.java:842)
	at org.btsn.handlers.ServiceThread.processControlNode(ServiceThread.java:1249)
	at org.btsn.handlers.ServiceThread.parsePayLoad(ServiceThread.java:715)
	at org.btsn.handlers.ServiceThread.run(ServiceThread.java:477)
	at java.base/java.lang.Thread.run(Thread.java:832)
WARN ServiceThread-P5_InitializationService-14304 org.btsn.handlers.ServiceHelper - ENRICHMENT: Failed to parse token, creating empty metadata
INFO ServiceThread-P5_InitializationService-14304 org.btsn.handlers.ServiceHelper - ENRICHMENT: Initialized workflow start time (first service)
ERROR ServiceThread-P5_InitializationService-14304 org.btsn.json.jsonLibrary - Error parsing JSON string: "init p5"
java.lang.ClassCastException: class java.lang.String cannot be cast to class org.json.simple.JSONObject (java.lang.String is in module java.base of loader 'bootstrap'; org.json.simple.JSONObject is in unnamed module of loader 'app')
	at org.btsn.json.jsonLibrary.parseString(jsonLibrary.java:60)
	at org.btsn.handlers.ServiceHelper.extractBusinessData(ServiceHelper.java:328)
	at org.btsn.handlers.ServiceHelper.process(ServiceHelper.java:161)
	at org.btsn.handlers.ServiceHelper.process(ServiceHelper.java:223)
	at org.btsn.handlers.TransitionHandler.processTerminateType(TransitionHandler.java:842)
	at org.btsn.handlers.ServiceThread.processControlNode(ServiceThread.java:1249)
	at org.btsn.handlers.ServiceThread.parsePayLoad(ServiceThread.java:715)
	at org.btsn.handlers.ServiceThread.run(ServiceThread.java:477)
	at java.base/java.lang.Thread.run(Thread.java:832)
WARN ServiceThread-P5_InitializationService-14304 org.btsn.handlers.ServiceHelper - ENRICHMENT: Failed to parse token, returning as-is
DEBUG ServiceThread-P5_InitializationService-14304 org.btsn.handlers.ServiceHelper - ENRICHMENT: Cleaned argument 1, length: 9 (removed 0 bytes of metadata)
INFO ServiceThread-P5_InitializationService-14304 org.btsn.handlers.ServiceHelper - ENRICHMENT: Extracted 1 clean business data arguments (removed infrastructure metadata)
INFO ServiceThread-P5_InitializationService-14304 org.btsn.handlers.ServiceHelper - SERVICE INVOKE: Calling org.btsn.places.P5_InitializationService.purgeAndInitialize with 1 CLEAN business data arguments
DEBUG ServiceThread-P5_InitializationService-14304 org.btsn.handlers.ServiceHelper - INVOKE: Reflecting on org.btsn.places.P5_InitializationService.purgeAndInitialize
DEBUG ServiceThread-P5_InitializationService-14304 org.btsn.handlers.ServiceHelper - INVOKE: Looking for method with 1 String parameters
INFO ServiceThread-P5_InitializationService-14304 org.btsn.derby.Analysis.BuildServiceAnalysisDatabase - Derby Embedded Driver registered successfully.
DEBUG ServiceThread-P5_InitializationService-14304 org.btsn.handlers.ServiceHelper - INVOKE: Created instance using 1-param constructor (context) for org.btsn.places.P5_InitializationService
DEBUG ServiceThread-P5_InitializationService-14304 org.btsn.handlers.ServiceHelper - INVOKE: Found standard method (1 String args)
DEBUG ServiceThread-P5_InitializationService-14304 org.btsn.handlers.ServiceHelper - INVOKE: Calling purgeAndInitialize with 1 arguments
INFO ServiceThread-P5_InitializationService-14304 org.btsn.derby.Analysis.BuildServiceAnalysisDatabase - Discovered 12 tables to purge
INFO ServiceThread-P5_InitializationService-14304 org.btsn.derby.Analysis.BuildServiceAnalysisDatabase - Purged table: CONSOLIDATED_MARKING_EVOLUTION
INFO ServiceThread-P5_InitializationService-14304 org.btsn.derby.Analysis.BuildServiceAnalysisDatabase - Purged table: CONSOLIDATED_PLACE_STATISTICS
INFO ServiceThread-P5_InitializationService-14304 org.btsn.derby.Analysis.BuildServiceAnalysisDatabase - Purged table: CONSOLIDATED_TOKEN_GENEALOGY
INFO ServiceThread-P5_InitializationService-14304 org.btsn.derby.Analysis.BuildServiceAnalysisDatabase - Purged table: CONSOLIDATED_TOKEN_PATHS
INFO ServiceThread-P5_InitializationService-14304 org.btsn.derby.Analysis.BuildServiceAnalysisDatabase - Purged table: CONSOLIDATED_TRANSITION_FIRINGS
INFO ServiceThread-P5_InitializationService-14304 org.btsn.derby.Analysis.BuildServiceAnalysisDatabase - Purged table: JOIN_SYNCHRONIZATION
INFO ServiceThread-P5_InitializationService-14304 org.btsn.derby.Analysis.BuildServiceAnalysisDatabase - Purged table: MARKINGS
INFO ServiceThread-P5_InitializationService-14304 org.btsn.derby.Analysis.BuildServiceAnalysisDatabase - Purged table: PROCESSMEASUREMENTS
INFO ServiceThread-P5_InitializationService-14304 org.btsn.derby.Analysis.BuildServiceAnalysisDatabase - Purged table: SERVICECONTRIBUTION
INFO ServiceThread-P5_InitializationService-14304 org.btsn.derby.Analysis.BuildServiceAnalysisDatabase - Purged table: SERVICEMEASUREMENTS
INFO ServiceThread-P5_InitializationService-14304 org.btsn.derby.Analysis.BuildServiceAnalysisDatabase - Purged table: TOKEN_GENEALOGY
INFO ServiceThread-P5_InitializationService-14304 org.btsn.derby.Analysis.BuildServiceAnalysisDatabase - Purged table: TRANSITION_FIRINGS
INFO ServiceThread-P5_InitializationService-14304 org.btsn.derby.Analysis.BuildServiceAnalysisDatabase - Total tables purged: 12
INFO ServiceThread-P5_InitializationService-14304 org.btsn.derby.Analysis.BuildServiceAnalysisDatabase - Connected to Derby database: ServiceAnalysisDataBase
INFO ServiceThread-P5_InitializationService-14304 org.btsn.derby.Analysis.BuildServiceAnalysisDatabase - Creating core measurement tables...
INFO ServiceThread-P5_InitializationService-14304 org.btsn.derby.Analysis.BuildServiceAnalysisDatabase - Table SERVICEMEASUREMENTS already exists
INFO ServiceThread-P5_InitializationService-14304 org.btsn.derby.Analysis.BuildServiceAnalysisDatabase - Table PROCESSMEASUREMENTS already exists
INFO ServiceThread-P5_InitializationService-14304 org.btsn.derby.Analysis.BuildServiceAnalysisDatabase - Table SERVICECONTRIBUTION already exists
INFO ServiceThread-P5_InitializationService-14304 org.btsn.derby.Analysis.BuildServiceAnalysisDatabase - Table MARKINGS already exists
INFO ServiceThread-P5_InitializationService-14304 org.btsn.derby.Analysis.BuildServiceAnalysisDatabase - Core measurement tables created/verified
INFO ServiceThread-P5_InitializationService-14304 org.btsn.derby.Analysis.BuildServiceAnalysisDatabase - Creating consolidated Petri Net tables...
INFO ServiceThread-P5_InitializationService-14304 org.btsn.derby.Analysis.BuildServiceAnalysisDatabase - Table CONSOLIDATED_TRANSITION_FIRINGS already exists
INFO ServiceThread-P5_InitializationService-14304 org.btsn.derby.Analysis.BuildServiceAnalysisDatabase - Table CONSOLIDATED_TOKEN_PATHS already exists
INFO ServiceThread-P5_InitializationService-14304 org.btsn.derby.Analysis.BuildServiceAnalysisDatabase - Table CONSOLIDATED_MARKING_EVOLUTION already exists
INFO ServiceThread-P5_InitializationService-14304 org.btsn.derby.Analysis.BuildServiceAnalysisDatabase - Table CONSOLIDATED_PLACE_STATISTICS already exists
INFO ServiceThread-P5_InitializationService-14304 org.btsn.derby.Analysis.BuildServiceAnalysisDatabase - Table CONSOLIDATED_TOKEN_GENEALOGY already exists
INFO ServiceThread-P5_InitializationService-14304 org.btsn.derby.Analysis.BuildServiceAnalysisDatabase - Consolidated Petri Net tables created/verified
INFO ServiceThread-P5_InitializationService-14304 org.btsn.derby.Analysis.BuildServiceAnalysisDatabase - Creating local Petri Net analysis tables...
INFO ServiceThread-P5_InitializationService-14304 org.btsn.derby.Analysis.BuildServiceAnalysisDatabase - Table TRANSITION_FIRINGS already exists
INFO ServiceThread-P5_InitializationService-14304 org.btsn.derby.Analysis.BuildServiceAnalysisDatabase - Table TOKEN_GENEALOGY already exists
INFO ServiceThread-P5_InitializationService-14304 org.btsn.derby.Analysis.BuildServiceAnalysisDatabase - Table JOIN_SYNCHRONIZATION already exists
INFO ServiceThread-P5_InitializationService-14304 org.btsn.derby.Analysis.BuildServiceAnalysisDatabase - Local Petri Net tables created/verified
INFO ServiceThread-P5_InitializationService-14304 org.btsn.derby.Analysis.BuildServiceAnalysisDatabase - Database initialization complete - 13 tables (4 core + 5 consolidated PN + 3 local PN + 1 event) created/verified
WARN ServiceThread-P5_InitializationService-14304 org.btsn.derby.Analysis.BuildServiceAnalysisDatabase - Could not get count for EVENTRESPONSETABLE: Table/View 'EVENTRESPONSETABLE' does not exist.
INFO ServiceThread-P5_InitializationService-14304 org.btsn.derby.Analysis.BuildServiceAnalysisDatabase - Retrieved measurement statistics: {CONSOLIDATED_MARKING_EVOLUTION_Count=0, CONSOLIDATED_PLACE_STATISTICS_Count=0, CONSOLIDATED_TOKEN_GENEALOGY_Count=0, CONSOLIDATED_TOKEN_PATHS_Count=0, CONSOLIDATED_TRANSITION_FIRINGS_Count=0, EVENTRESPONSETABLE_Count=-1, JOIN_SYNCHRONIZATION_Count=0, MARKINGS_Count=0, PROCESSMEASUREMENTS_Count=0, SERVICECONTRIBUTION_Count=0, SERVICEMEASUREMENTS_Count=0, TOKEN_GENEALOGY_Count=0, TRANSITION_FIRINGS_Count=0}
WARN ServiceThread-P5_InitializationService-14304 org.btsn.derby.Analysis.BuildServiceAnalysisDatabase - Could not get count for EVENTRESPONSETABLE: Table/View 'EVENTRESPONSETABLE' does not exist.
INFO ServiceThread-P5_InitializationService-14304 org.btsn.derby.Analysis.BuildServiceAnalysisDatabase - Retrieved measurement statistics: {CONSOLIDATED_MARKING_EVOLUTION_Count=0, CONSOLIDATED_PLACE_STATISTICS_Count=0, CONSOLIDATED_TOKEN_GENEALOGY_Count=0, CONSOLIDATED_TOKEN_PATHS_Count=0, CONSOLIDATED_TRANSITION_FIRINGS_Count=0, EVENTRESPONSETABLE_Count=-1, JOIN_SYNCHRONIZATION_Count=0, MARKINGS_Count=0, PROCESSMEASUREMENTS_Count=0, SERVICECONTRIBUTION_Count=0, SERVICEMEASUREMENTS_Count=0, TOKEN_GENEALOGY_Count=0, TRANSITION_FIRINGS_Count=0}
INFO ServiceThread-P5_InitializationService-14304 org.btsn.handlers.ServiceHelper - SERVICE COMPLETE: org.btsn.places.P5_InitializationService.purgeAndInitialize completed in 1974ms
WARN ServiceThread-P5_InitializationService-14304 org.btsn.handlers.ServiceHelper - ENRICHMENT: Output attribute 'token' not found in service result, cannot enrich
INFO ServiceThread-P5_InitializationService-14304 org.btsn.handlers.ServiceHelper - ENRICHMENT: Successfully enriched service result with metadata
INFO ServiceThread-P5_InitializationService-14304 org.btsn.handlers.ServiceHelper - === SERVICE INVOCATION COMPLETE ===
INFO ServiceThread-P5_InitializationService-14304 org.btsn.handlers.TransitionHandler - ORCHESTRATOR: Service returned: {"duration_ms":1950,"tables_purged":12,"service":"P5_InitializationService","action":"purge_and_initialize","status":"success","attempts":1,"statistics":{"CONSOLIDATED_TOKEN_PATHS_Count":0,"SERVICECONTRIBUTION_Count":0,"CONSOLIDATED_TRANSITION_FIRINGS_Count":0,"CONSOLIDATED_MARKING_EVOLUTION_Count":0,"EVENTRESPONSETABLE_Count":-1,"CONSOLIDATED_TOKEN_GENEALOGY_Count":0,"TOKEN_GENEALOGY_Count":0,"MARKINGS_Count":0,"SERVICEMEASUREMENTS_Count":0,"CONSOLIDATED_PLACE_STATISTICS_Count":0,"PROCESSMEASUREMENTS_Count":0,"TRANSITION_FIRINGS_Count":0,"JOIN_SYNCHRONIZATION_Count":0}}
DEBUG ServiceThread-P5_InitializationService-14304 org.btsn.handlers.PetriNetInstrumentationHelper - Skipping instrumentation for admin token 999400000 (v999)
DEBUG ServiceThread-P5_InitializationService-14304 org.btsn.handlers.ServiceThread - PETRI-NET: Token 999400000 TERMINATED at P5_InitializationService
INFO ServiceThread-P5_InitializationService-14304 org.btsn.handlers.TransitionHandler - ORCHESTRATOR: Token 999400000 terminated after P5_InitializationService.purgeAndInitialize
DEBUG ServiceThread-P5_InitializationService-14304 org.btsn.handlers.TransitionHandler - Processing Terminate Type complete.
ERROR ServiceThread-P5_InitializationService-14304 org.btsn.handlers.ServiceThread - monitorIncomingEvents: false
DEBUG ServiceThread-P5_InitializationService-14304 org.btsn.handlers.ServiceThread - ORCHESTRATOR: Cleaned up join 999400000
DEBUG ServiceThread-P5_InitializationService-14304 org.btsn.handlers.ServiceThread - ORCHESTRATOR: Service P5_InitializationService sequence ID: 999400000 complete.
INFO main org.btsn.handlers.ServiceLoader - === Starting Rule-Driven ServiceLoader ===
INFO main org.btsn.handlers.ServiceLoader - === ServiceLoader Configuration ===
INFO main org.btsn.handlers.ServiceLoader -   Version: v001
INFO main org.btsn.handlers.ServiceLoader -   Service Filter: NONE (loading ALL services)
INFO main org.btsn.handlers.ServiceLoader - Using build version: v001
INFO main org.btsn.handlers.ServiceLoader - Created shutdown control file: C:\DevShare\BTSN_R001\BTSN\btsn.petrinet.places.p5\all_services_v001.running
INFO main org.btsn.handlers.ServiceLoader - DELETE this file to trigger graceful shutdown
WARN main org.btsn.handlers.ServiceLoader - Could not start shutdown listener: Address already in use: bind
INFO main org.btsn.handlers.ServiceLoader - === Building rule base with version v001 ===
INFO main org.btsn.handlers.ServiceLoader - Registered version v001 as valid
INFO main org.btsn.handlers.ServiceLoader - === Checking for remote deployment mode ===
INFO main org.btsn.handlers.ServiceLoader - === Auto-detecting deployment mode from facts ===
INFO main org.btsn.handlers.ServiceLoader - This machine's primary IP: 192.168.1.152
INFO main org.btsn.handlers.ServiceLoader - All IPs for this machine: [fe80:0:0:0:0:100:7f:fffe%net5, fe80:0:0:0:0:5efe:c0a8:198%net7, fe80:0:0:0:4478:23a2:44e3:e737%eth5, 0:0:0:0:0:0:0:1, 192.168.1.152, 127.0.0.1]
INFO main org.btsn.handlers.ServiceLoader - *** FOUND: Channel ip0 maps to this machine at 192.168.1.152 ***
INFO main org.btsn.handlers.ServiceLoader - Checking for services using channel: ip0
INFO main org.btsn.handlers.ServiceLoader - Found 3 activeService entries using ip0
INFO main org.btsn.handlers.ServiceLoader - Found 3 activeService entries using ip0
INFO main org.btsn.handlers.ServiceLoader - *** REMOTE MODE AUTO-ENABLED ***
INFO main org.btsn.handlers.ServiceLoader - *** This host (192.168.1.152) is configured for remote services ***
INFO main org.btsn.handlers.ServiceLoader - *** Channel ip0 maps to this machine ***
DEBUG main org.btsn.handlers.ServiceLoader - ServiceLoader: Looking in directory: C:\DevShare\BTSN_R001\BTSN\btsn.petrinet.places.p5/ServiceLoaderQueries for rulebase
INFO main org.btsn.handlers.ServiceLoader - LOADING service: P5_CollectorService
INFO main org.btsn.handlers.ServiceLoader - === DETECTED SERVICELIST QUERY FOR: P5_CollectorService ===
INFO main org.btsn.handlers.ServiceLoader - Found operation: P5_CollectorService.collectAllData on ip0:4104
INFO main org.btsn.handlers.ServiceLoader - Creating ServiceThreads for 1 operations
INFO main org.btsn.handlers.ServiceLoader - Setting up P5_CollectorService.collectAllData -> EventReactor:14104, RuleHandler:24104
INFO RuleHandler-P5_CollectorService-collectAllData org.btsn.handlers.UDPLoadRuleHandlerThread - Starting UDP RuleHandler for service: P5_CollectorService, operation: collectAllData, channel: ip0, port: 24104, listening on: all interfaces
INFO main org.btsn.handlers.ServiceLoader - Successfully created ServiceThread for P5_CollectorService.collectAllData
INFO main org.btsn.handlers.ServiceLoader - LOADING service: P5_InitializationService
INFO ServiceThread-P5_CollectorService-collectAllData org.btsn.handlers.UDPServiceThread - Starting REMOTE UDP ServiceThread for P5_CollectorService:collectAllData on port: 14104
INFO main org.btsn.handlers.ServiceLoader - === DETECTED SERVICELIST QUERY FOR: P5_InitializationService ===
INFO main org.btsn.handlers.ServiceLoader - Found operation: P5_InitializationService.purgeAndInitialize on ip0:4304
INFO main org.btsn.handlers.ServiceLoader - Creating ServiceThreads for 1 operations
INFO main org.btsn.handlers.ServiceLoader - Setting up P5_InitializationService.purgeAndInitialize -> EventReactor:14304, RuleHandler:24304
INFO main org.btsn.handlers.ServiceLoader - Successfully created ServiceThread for P5_InitializationService.purgeAndInitialize
INFO main org.btsn.handlers.ServiceLoader - LOADING service: P5_Place
INFO ServiceThread-P5_InitializationService-purgeAndInitialize org.btsn.handlers.UDPServiceThread - Starting REMOTE UDP ServiceThread for P5_InitializationService:purgeAndInitialize on port: 14304
INFO main org.btsn.handlers.ServiceLoader - === DETECTED SERVICELIST QUERY FOR: P5_Place ===
INFO RuleHandler-P5_InitializationService-purgeAndInitialize org.btsn.handlers.UDPLoadRuleHandlerThread - Starting UDP RuleHandler for service: P5_InitializationService, operation: purgeAndInitialize, channel: ip0, port: 24304, listening on: all interfaces
INFO main org.btsn.handlers.ServiceLoader - Found operation: P5_Place.processToken on ip0:4005
INFO main org.btsn.handlers.ServiceLoader - Creating ServiceThreads for 1 operations
INFO main org.btsn.handlers.ServiceLoader - Setting up P5_Place.processToken -> EventReactor:14005, RuleHandler:24005
INFO RuleHandler-P5_Place-processToken org.btsn.handlers.UDPLoadRuleHandlerThread - Starting UDP RuleHandler for service: P5_Place, operation: processToken, channel: ip0, port: 24005, listening on: all interfaces
INFO main org.btsn.handlers.ServiceLoader - Successfully created ServiceThread for P5_Place.processToken
INFO main org.btsn.handlers.ServiceLoader - === ServiceLoader Startup Complete ===
INFO main org.btsn.handlers.ServiceLoader - Version: v001
INFO main org.btsn.handlers.ServiceLoader - Mode: REMOTE on 192.168.1.152
INFO main org.btsn.handlers.ServiceLoader - Services loaded: 3
INFO main org.btsn.handlers.ServiceLoader - Services skipped: 0
INFO main org.btsn.handlers.ServiceLoader - === Shutdown Options ===
INFO main org.btsn.handlers.ServiceLoader -   1. Delete file: all_services_v001.running
INFO main org.btsn.handlers.ServiceLoader -   2. Send 'SHUTDOWN' to UDP port: 39001
INFO main org.btsn.handlers.ServiceLoader -   3. Kill the process
INFO RuleHandler-P5_CollectorService-collectAllData org.btsn.handlers.UDPLoadRuleHandlerThread - Successfully created UDP RuleHandler for P5_CollectorService:collectAllData listening on port 24104
INFO ServiceThread-P5_Place-processToken org.btsn.handlers.UDPServiceThread - Starting REMOTE UDP ServiceThread for P5_Place:processToken on port: 14005
INFO RuleHandler-P5_Place-processToken org.btsn.handlers.UDPLoadRuleHandlerThread - Successfully created UDP RuleHandler for P5_Place:processToken listening on port 24005
INFO RuleHandler-P5_InitializationService-purgeAndInitialize org.btsn.handlers.UDPLoadRuleHandlerThread - Successfully created UDP RuleHandler for P5_InitializationService:purgeAndInitialize listening on port 24304
INFO ServiceThread-P5_CollectorService-collectAllData org.btsn.derby.Analysis.BuildServiceAnalysisDatabase - Derby Embedded Driver registered successfully.
INFO ServiceThread-P5_Place-processToken org.btsn.derby.Analysis.BuildServiceAnalysisDatabase - Derby Embedded Driver registered successfully.
INFO ServiceThread-P5_InitializationService-purgeAndInitialize org.btsn.derby.Analysis.BuildServiceAnalysisDatabase - Derby Embedded Driver registered successfully.
INFO ServiceThread-P5_CollectorService-collectAllData org.btsn.derby.Analysis.BuildServiceAnalysisDatabase - Derby Embedded Driver registered successfully.
INFO ServiceThread-P5_CollectorService-collectAllData org.btsn.handlers.PetriNetInstrumentationHelper - === PETRI NET INSTRUMENTATION INITIALIZED ===
INFO ServiceThread-P5_CollectorService-collectAllData org.btsn.handlers.PetriNetInstrumentationHelper - Service: ip0:14104
INFO ServiceThread-P5_CollectorService-collectAllData org.btsn.handlers.PetriNetInstrumentationHelper - Recording: Transitions=true, Genealogy=true, Joins=true
INFO ServiceThread-P5_CollectorService-collectAllData org.btsn.handlers.ServiceThread - ORCHESTRATOR: Petri Net instrumentation ENABLED (full mode)
INFO ServiceThread-P5_InitializationService-purgeAndInitialize org.btsn.derby.Analysis.BuildServiceAnalysisDatabase - Derby Embedded Driver registered successfully.
INFO ServiceThread-P5_InitializationService-purgeAndInitialize org.btsn.handlers.PetriNetInstrumentationHelper - === PETRI NET INSTRUMENTATION INITIALIZED ===
INFO ServiceThread-P5_InitializationService-purgeAndInitialize org.btsn.handlers.PetriNetInstrumentationHelper - Service: ip0:14304
INFO ServiceThread-P5_InitializationService-purgeAndInitialize org.btsn.handlers.PetriNetInstrumentationHelper - Recording: Transitions=true, Genealogy=true, Joins=true
INFO ServiceThread-P5_InitializationService-purgeAndInitialize org.btsn.handlers.ServiceThread - ORCHESTRATOR: Petri Net instrumentation ENABLED (full mode)
INFO ServiceThread-P5_Place-processToken org.btsn.derby.Analysis.BuildServiceAnalysisDatabase - Derby Embedded Driver registered successfully.
INFO ServiceThread-P5_Place-processToken org.btsn.handlers.PetriNetInstrumentationHelper - === PETRI NET INSTRUMENTATION INITIALIZED ===
INFO ServiceThread-P5_Place-processToken org.btsn.handlers.PetriNetInstrumentationHelper - Service: ip0:14005
INFO ServiceThread-P5_Place-processToken org.btsn.handlers.PetriNetInstrumentationHelper - Recording: Transitions=true, Genealogy=true, Joins=true
INFO ServiceThread-P5_Place-processToken org.btsn.handlers.ServiceThread - ORCHESTRATOR: Petri Net instrumentation ENABLED (full mode)
INFO ServiceThread-P5_Place-processToken org.btsn.handlers.ServiceThread - Join processing strategy: OPTIMIZED (any complete join)
INFO ServiceThread-P5_CollectorService-collectAllData org.btsn.handlers.ServiceThread - Join processing strategy: OPTIMIZED (any complete join)
INFO ServiceThread-P5_Place-processToken org.btsn.handlers.ServiceThread - Starting EventReactor for channel: ip0, port: 14005
INFO ServiceThread-P5_CollectorService-collectAllData org.btsn.handlers.ServiceThread - Starting EventReactor for channel: ip0, port: 14104
INFO ServiceThread-P5_InitializationService-purgeAndInitialize org.btsn.handlers.ServiceThread - Join processing strategy: OPTIMIZED (any complete join)
INFO ServiceThread-P5_InitializationService-purgeAndInitialize org.btsn.handlers.ServiceThread - Starting EventReactor for channel: ip0, port: 14304
INFO ServiceThread-P5_Place-processToken org.btsn.handlers.ServiceThread - EventReactor started successfully on attempt 1
INFO ServiceThread-P5_Place-processToken org.btsn.handlers.UDPServiceThread - Successfully created REMOTE UDP ServiceThread for port 14005
INFO ServiceThread-P5_InitializationService-purgeAndInitialize org.btsn.handlers.ServiceThread - EventReactor started successfully on attempt 1
INFO ServiceThread-P5_InitializationService-purgeAndInitialize org.btsn.handlers.UDPServiceThread - Successfully created REMOTE UDP ServiceThread for port 14304
INFO ServiceThread-P5_InitializationService-14304 org.btsn.handlers.ServiceThread - ServiceThread ORCHESTRATOR starting main processing loop
INFO ServiceThread-P5_Place-14005 org.btsn.handlers.ServiceThread - ServiceThread ORCHESTRATOR starting main processing loop
INFO ServiceThread-P5_CollectorService-collectAllData org.btsn.handlers.ServiceThread - EventReactor started successfully on attempt 1
INFO ServiceThread-P5_CollectorService-collectAllData org.btsn.handlers.UDPServiceThread - Successfully created REMOTE UDP ServiceThread for port 14104
INFO ServiceThread-P5_CollectorService-14104 org.btsn.handlers.ServiceThread - ServiceThread ORCHESTRATOR starting main processing loop
DEBUG ServiceThread-P5_InitializationService-14304 org.btsn.handlers.ServiceThread - ORCHESTRATOR: Processing:: token = "init p5"
DEBUG ServiceThread-P5_InitializationService-14304 org.btsn.handlers.ServiceThread - CAPTURE: WorkflowStartTime=1770255913389 for seqID=999400000
INFO ServiceThread-P5_InitializationService-14304 org.btsn.handlers.ServiceThread - Incoming Sequence ID = 999400000
INFO ServiceThread-P5_InitializationService-14304 org.btsn.handlers.ServiceThread - MonitorIncomingEvents+ = true
DEBUG ServiceThread-P5_InitializationService-14304 org.btsn.handlers.ServiceThread - Using RuleBaseVersion: v999
DEBUG ServiceThread-P5_InitializationService-14304 org.btsn.handlers.ServiceThread - FILTER: Event for P5_InitializationService.purgeAndInitialize accepted by P5_InitializationService thread
WARN ServiceThread-P5_InitializationService-14304 org.btsn.json.jsonLibrary - Key "token" already exists. Skipping.
DEBUG ServiceThread-P5_InitializationService-14304 org.btsn.handlers.ServiceThread - JOIN-MAP: Added key=token to join 999400000 (tokenId=999400000, mapSize=1)
INFO ServiceThread-P5_InitializationService-14304 org.btsn.handlers.ServiceThread - DEBUG: Loading rule base for operation: purgeAndInitialize
INFO ServiceThread-P5_InitializationService-14304 org.btsn.handlers.ServiceThread - DEBUG: Rule base location: C:\DevShare\BTSN_R001\BTSN\btsn.petrinet.places.p5/RuleFolder.v999/purgeAndInitialize/Service.ruleml
INFO ServiceThread-P5_InitializationService-14304 org.btsn.handlers.ServiceThread - DEBUG: Loading fresh knowledge base from: C:\DevShare\BTSN_R001\BTSN\btsn.petrinet.places.p5/RuleFolder.v999/purgeAndInitialize/Service.ruleml
INFO ServiceThread-P5_InitializationService-14304 org.btsn.handlers.ServiceThread - DEBUG: Loaded knowledge base length: 13394
DEBUG ServiceThread-P5_InitializationService-14304 org.btsn.handlers.ServiceThread - DEBUG: Knowledge base content preview: <Assert>
<Rulebase mapClosure="universal">
<!-- Version On -->
<Data><Atom><Rel>Version</Rel><Ind>v999</Ind></Atom></Data>
<!-- Common Rules to all services -->
<!-- 
This is the rule determines the operational parameters associated with
the destination service.
 -->
<Implies>
	<then>
		<Atom>
			<Rel>publishes</Rel>
			<Var>service</Var>
			<Var>condition</Var>
			<Var>operation</Var>
			<Var>channel</Var>
			<Var>ip</Var>
			<Var>port</Var>
			<Var>decisionValue</Var>
		</A
INFO ServiceThread-P5_InitializationService-14304 org.btsn.handlers.ServiceThread - DEBUG: Parsing knowledge base...
INFO ServiceThread-P5_InitializationService-14304 org.btsn.handlers.ServiceThread - DEBUG: Knowledge base parsed successfully
DEBUG ServiceThread-P5_InitializationService-14304 org.btsn.handlers.ServiceThread - CANONICAL-BINDING: Checking canonical binding for P5_InitializationService.purgeAndInitialize with attribute 'token'
DEBUG ServiceThread-P5_InitializationService-14304 org.btsn.handlers.ServiceThread - CANONICAL-BINDING: Operation purgeAndInitialize uses standard (AND) semantics
INFO ServiceThread-P5_InitializationService-14304 org.btsn.handlers.ServiceThread - CANONICAL-BINDING: purgeAndInitialize requires 1 inputs total (standard AND logic)
INFO ServiceThread-P5_InitializationService-14304 org.btsn.handlers.ServiceThread - CANONICAL-BINDING: purgeAndInitialize needs 1 input - can call immediately with 'token'
INFO ServiceThread-P5_InitializationService-14304 org.btsn.handlers.ServiceThread - ORCHESTRATOR: Canonical binding found - overriding serviceName facts
INFO ServiceThread-P5_InitializationService-14304 org.btsn.handlers.ServiceThread - ORCHESTRATOR: Overrode inputCollection for canonical binding
WARN ServiceThread-P5_InitializationService-14304 org.btsn.handlers.ServiceThread - Using legacy getDecisionValue - consider updating CoreRuleBase to include decisionValue in publishes
INFO ServiceThread-P5_InitializationService-14304 org.btsn.handlers.ServiceThread - DEBUG: Skipping getNextService for TerminateNode
DEBUG ServiceThread-P5_InitializationService-14304 org.btsn.handlers.PetriNetInstrumentationHelper - Skipping instrumentation for admin token 999400000 (v999)
DEBUG ServiceThread-P5_InitializationService-14304 org.btsn.handlers.ServiceThread - PETRI-NET: Token 999400000 BUFFERED at P5_InitializationService (T_in arrival)
DEBUG ServiceThread-P5_InitializationService-14304 org.btsn.handlers.PetriNetInstrumentationHelper - Skipping instrumentation for admin token 999400000 (v999)
DEBUG ServiceThread-P5_InitializationService-14304 org.btsn.handlers.ServiceThread - PETRI-NET: Token 999400000 ENTER at P5_InitializationService
INFO ServiceThread-P5_InitializationService-14304 org.btsn.handlers.ServiceThread - DEBUG: About to check inputCollection.isEmpty() - size: 1
INFO ServiceThread-P5_InitializationService-14304 org.btsn.handlers.ServiceThread - DEBUG: inputCollection contents: [null]
INFO ServiceThread-P5_InitializationService-14304 org.btsn.handlers.ServiceThread - DEBUG: nodeType: TerminateNode
INFO ServiceThread-P5_InitializationService-14304 org.btsn.handlers.ServiceThread - DEBUG: needsInputSynchronization: false
INFO ServiceThread-P5_InitializationService-14304 org.btsn.handlers.ServiceThread - DEBUG: Past inputCollection check, about to enter JOIN processing
INFO ServiceThread-P5_InitializationService-14304 org.btsn.handlers.ServiceThread - DEBUG: inputCollection.get(0): null
INFO ServiceThread-P5_InitializationService-14304 org.btsn.handlers.ServiceThread - ORCHESTRATOR: Zero-input service P5_InitializationService:purgeAndInitialize executing with trigger token (no workflow data required)
INFO ServiceThread-P5_InitializationService-14304 org.btsn.handlers.ServiceThread - ORCHESTRATOR: Processing TerminateNode for P5_InitializationService.purgeAndInitialize
INFO ServiceThread-P5_InitializationService-14304 org.btsn.handlers.TransitionHandler - ORCHESTRATOR: Invoking P5_InitializationService.purgeAndInitialize via ServiceHelper
INFO ServiceThread-P5_InitializationService-14304 org.btsn.handlers.ServiceHelper - === SERVICE INVOCATION START ===
INFO ServiceThread-P5_InitializationService-14304 org.btsn.handlers.ServiceHelper - Service: org.btsn.places.P5_InitializationService.purgeAndInitialize
INFO ServiceThread-P5_InitializationService-14304 org.btsn.handlers.ServiceHelper - SequenceID: 999400000
INFO ServiceThread-P5_InitializationService-14304 org.btsn.handlers.ServiceHelper - Input arguments count: 1
DEBUG ServiceThread-P5_InitializationService-14304 org.btsn.handlers.ServiceHelper - Processing argument 1/1, raw length: 9
ERROR ServiceThread-P5_InitializationService-14304 org.btsn.json.jsonLibrary - Error parsing JSON string: "init p5"
java.lang.ClassCastException: class java.lang.String cannot be cast to class org.json.simple.JSONObject (java.lang.String is in module java.base of loader 'bootstrap'; org.json.simple.JSONObject is in unnamed module of loader 'app')
	at org.btsn.json.jsonLibrary.parseString(jsonLibrary.java:60)
	at org.btsn.handlers.ServiceHelper.extractMetadata(ServiceHelper.java:241)
	at org.btsn.handlers.ServiceHelper.process(ServiceHelper.java:144)
	at org.btsn.handlers.ServiceHelper.process(ServiceHelper.java:223)
	at org.btsn.handlers.TransitionHandler.processTerminateType(TransitionHandler.java:842)
	at org.btsn.handlers.ServiceThread.processControlNode(ServiceThread.java:1249)
	at org.btsn.handlers.ServiceThread.parsePayLoad(ServiceThread.java:715)
	at org.btsn.handlers.ServiceThread.run(ServiceThread.java:477)
	at java.base/java.lang.Thread.run(Thread.java:832)
WARN ServiceThread-P5_InitializationService-14304 org.btsn.handlers.ServiceHelper - ENRICHMENT: Failed to parse token, creating empty metadata
INFO ServiceThread-P5_InitializationService-14304 org.btsn.handlers.ServiceHelper - ENRICHMENT: Initialized workflow start time (first service)
ERROR ServiceThread-P5_InitializationService-14304 org.btsn.json.jsonLibrary - Error parsing JSON string: "init p5"
java.lang.ClassCastException: class java.lang.String cannot be cast to class org.json.simple.JSONObject (java.lang.String is in module java.base of loader 'bootstrap'; org.json.simple.JSONObject is in unnamed module of loader 'app')
	at org.btsn.json.jsonLibrary.parseString(jsonLibrary.java:60)
	at org.btsn.handlers.ServiceHelper.extractBusinessData(ServiceHelper.java:328)
	at org.btsn.handlers.ServiceHelper.process(ServiceHelper.java:161)
	at org.btsn.handlers.ServiceHelper.process(ServiceHelper.java:223)
	at org.btsn.handlers.TransitionHandler.processTerminateType(TransitionHandler.java:842)
	at org.btsn.handlers.ServiceThread.processControlNode(ServiceThread.java:1249)
	at org.btsn.handlers.ServiceThread.parsePayLoad(ServiceThread.java:715)
	at org.btsn.handlers.ServiceThread.run(ServiceThread.java:477)
	at java.base/java.lang.Thread.run(Thread.java:832)
WARN ServiceThread-P5_InitializationService-14304 org.btsn.handlers.ServiceHelper - ENRICHMENT: Failed to parse token, returning as-is
DEBUG ServiceThread-P5_InitializationService-14304 org.btsn.handlers.ServiceHelper - ENRICHMENT: Cleaned argument 1, length: 9 (removed 0 bytes of metadata)
INFO ServiceThread-P5_InitializationService-14304 org.btsn.handlers.ServiceHelper - ENRICHMENT: Extracted 1 clean business data arguments (removed infrastructure metadata)
INFO ServiceThread-P5_InitializationService-14304 org.btsn.handlers.ServiceHelper - SERVICE INVOKE: Calling org.btsn.places.P5_InitializationService.purgeAndInitialize with 1 CLEAN business data arguments
DEBUG ServiceThread-P5_InitializationService-14304 org.btsn.handlers.ServiceHelper - INVOKE: Reflecting on org.btsn.places.P5_InitializationService.purgeAndInitialize
DEBUG ServiceThread-P5_InitializationService-14304 org.btsn.handlers.ServiceHelper - INVOKE: Looking for method with 1 String parameters
INFO ServiceThread-P5_InitializationService-14304 org.btsn.derby.Analysis.BuildServiceAnalysisDatabase - Derby Embedded Driver registered successfully.
DEBUG ServiceThread-P5_InitializationService-14304 org.btsn.handlers.ServiceHelper - INVOKE: Created instance using 1-param constructor (context) for org.btsn.places.P5_InitializationService
DEBUG ServiceThread-P5_InitializationService-14304 org.btsn.handlers.ServiceHelper - INVOKE: Found standard method (1 String args)
DEBUG ServiceThread-P5_InitializationService-14304 org.btsn.handlers.ServiceHelper - INVOKE: Calling purgeAndInitialize with 1 arguments
INFO ServiceThread-P5_InitializationService-14304 org.btsn.derby.Analysis.BuildServiceAnalysisDatabase - Discovered 12 tables to purge
INFO ServiceThread-P5_InitializationService-14304 org.btsn.derby.Analysis.BuildServiceAnalysisDatabase - Purged table: CONSOLIDATED_MARKING_EVOLUTION
INFO ServiceThread-P5_InitializationService-14304 org.btsn.derby.Analysis.BuildServiceAnalysisDatabase - Purged table: CONSOLIDATED_PLACE_STATISTICS
INFO ServiceThread-P5_InitializationService-14304 org.btsn.derby.Analysis.BuildServiceAnalysisDatabase - Purged table: CONSOLIDATED_TOKEN_GENEALOGY
INFO ServiceThread-P5_InitializationService-14304 org.btsn.derby.Analysis.BuildServiceAnalysisDatabase - Purged table: CONSOLIDATED_TOKEN_PATHS
INFO ServiceThread-P5_InitializationService-14304 org.btsn.derby.Analysis.BuildServiceAnalysisDatabase - Purged table: CONSOLIDATED_TRANSITION_FIRINGS
INFO ServiceThread-P5_InitializationService-14304 org.btsn.derby.Analysis.BuildServiceAnalysisDatabase - Purged table: JOIN_SYNCHRONIZATION
INFO ServiceThread-P5_InitializationService-14304 org.btsn.derby.Analysis.BuildServiceAnalysisDatabase - Purged table: MARKINGS
INFO ServiceThread-P5_InitializationService-14304 org.btsn.derby.Analysis.BuildServiceAnalysisDatabase - Purged table: PROCESSMEASUREMENTS
INFO ServiceThread-P5_InitializationService-14304 org.btsn.derby.Analysis.BuildServiceAnalysisDatabase - Purged table: SERVICECONTRIBUTION
INFO ServiceThread-P5_InitializationService-14304 org.btsn.derby.Analysis.BuildServiceAnalysisDatabase - Purged table: SERVICEMEASUREMENTS
INFO ServiceThread-P5_InitializationService-14304 org.btsn.derby.Analysis.BuildServiceAnalysisDatabase - Purged table: TOKEN_GENEALOGY
INFO ServiceThread-P5_InitializationService-14304 org.btsn.derby.Analysis.BuildServiceAnalysisDatabase - Purged table: TRANSITION_FIRINGS
INFO ServiceThread-P5_InitializationService-14304 org.btsn.derby.Analysis.BuildServiceAnalysisDatabase - Total tables purged: 12
INFO ServiceThread-P5_InitializationService-14304 org.btsn.derby.Analysis.BuildServiceAnalysisDatabase - Connected to Derby database: ServiceAnalysisDataBase
INFO ServiceThread-P5_InitializationService-14304 org.btsn.derby.Analysis.BuildServiceAnalysisDatabase - Creating core measurement tables...
INFO ServiceThread-P5_InitializationService-14304 org.btsn.derby.Analysis.BuildServiceAnalysisDatabase - Table SERVICEMEASUREMENTS already exists
INFO ServiceThread-P5_InitializationService-14304 org.btsn.derby.Analysis.BuildServiceAnalysisDatabase - Table PROCESSMEASUREMENTS already exists
INFO ServiceThread-P5_InitializationService-14304 org.btsn.derby.Analysis.BuildServiceAnalysisDatabase - Table SERVICECONTRIBUTION already exists
INFO ServiceThread-P5_InitializationService-14304 org.btsn.derby.Analysis.BuildServiceAnalysisDatabase - Table MARKINGS already exists
INFO ServiceThread-P5_InitializationService-14304 org.btsn.derby.Analysis.BuildServiceAnalysisDatabase - Core measurement tables created/verified
INFO ServiceThread-P5_InitializationService-14304 org.btsn.derby.Analysis.BuildServiceAnalysisDatabase - Creating consolidated Petri Net tables...
INFO ServiceThread-P5_InitializationService-14304 org.btsn.derby.Analysis.BuildServiceAnalysisDatabase - Table CONSOLIDATED_TRANSITION_FIRINGS already exists
INFO ServiceThread-P5_InitializationService-14304 org.btsn.derby.Analysis.BuildServiceAnalysisDatabase - Table CONSOLIDATED_TOKEN_PATHS already exists
INFO ServiceThread-P5_InitializationService-14304 org.btsn.derby.Analysis.BuildServiceAnalysisDatabase - Table CONSOLIDATED_MARKING_EVOLUTION already exists
INFO ServiceThread-P5_InitializationService-14304 org.btsn.derby.Analysis.BuildServiceAnalysisDatabase - Table CONSOLIDATED_PLACE_STATISTICS already exists
INFO ServiceThread-P5_InitializationService-14304 org.btsn.derby.Analysis.BuildServiceAnalysisDatabase - Table CONSOLIDATED_TOKEN_GENEALOGY already exists
INFO ServiceThread-P5_InitializationService-14304 org.btsn.derby.Analysis.BuildServiceAnalysisDatabase - Consolidated Petri Net tables created/verified
INFO ServiceThread-P5_InitializationService-14304 org.btsn.derby.Analysis.BuildServiceAnalysisDatabase - Creating local Petri Net analysis tables...
INFO ServiceThread-P5_InitializationService-14304 org.btsn.derby.Analysis.BuildServiceAnalysisDatabase - Table TRANSITION_FIRINGS already exists
INFO ServiceThread-P5_InitializationService-14304 org.btsn.derby.Analysis.BuildServiceAnalysisDatabase - Table TOKEN_GENEALOGY already exists
INFO ServiceThread-P5_InitializationService-14304 org.btsn.derby.Analysis.BuildServiceAnalysisDatabase - Table JOIN_SYNCHRONIZATION already exists
INFO ServiceThread-P5_InitializationService-14304 org.btsn.derby.Analysis.BuildServiceAnalysisDatabase - Local Petri Net tables created/verified
INFO ServiceThread-P5_InitializationService-14304 org.btsn.derby.Analysis.BuildServiceAnalysisDatabase - Database initialization complete - 13 tables (4 core + 5 consolidated PN + 3 local PN + 1 event) created/verified
WARN ServiceThread-P5_InitializationService-14304 org.btsn.derby.Analysis.BuildServiceAnalysisDatabase - Could not get count for EVENTRESPONSETABLE: Table/View 'EVENTRESPONSETABLE' does not exist.
INFO ServiceThread-P5_InitializationService-14304 org.btsn.derby.Analysis.BuildServiceAnalysisDatabase - Retrieved measurement statistics: {CONSOLIDATED_MARKING_EVOLUTION_Count=0, CONSOLIDATED_PLACE_STATISTICS_Count=0, CONSOLIDATED_TOKEN_GENEALOGY_Count=0, CONSOLIDATED_TOKEN_PATHS_Count=0, CONSOLIDATED_TRANSITION_FIRINGS_Count=0, EVENTRESPONSETABLE_Count=-1, JOIN_SYNCHRONIZATION_Count=0, MARKINGS_Count=0, PROCESSMEASUREMENTS_Count=0, SERVICECONTRIBUTION_Count=0, SERVICEMEASUREMENTS_Count=0, TOKEN_GENEALOGY_Count=0, TRANSITION_FIRINGS_Count=0}
WARN ServiceThread-P5_InitializationService-14304 org.btsn.derby.Analysis.BuildServiceAnalysisDatabase - Could not get count for EVENTRESPONSETABLE: Table/View 'EVENTRESPONSETABLE' does not exist.
INFO ServiceThread-P5_InitializationService-14304 org.btsn.derby.Analysis.BuildServiceAnalysisDatabase - Retrieved measurement statistics: {CONSOLIDATED_MARKING_EVOLUTION_Count=0, CONSOLIDATED_PLACE_STATISTICS_Count=0, CONSOLIDATED_TOKEN_GENEALOGY_Count=0, CONSOLIDATED_TOKEN_PATHS_Count=0, CONSOLIDATED_TRANSITION_FIRINGS_Count=0, EVENTRESPONSETABLE_Count=-1, JOIN_SYNCHRONIZATION_Count=0, MARKINGS_Count=0, PROCESSMEASUREMENTS_Count=0, SERVICECONTRIBUTION_Count=0, SERVICEMEASUREMENTS_Count=0, TOKEN_GENEALOGY_Count=0, TRANSITION_FIRINGS_Count=0}
INFO ServiceThread-P5_InitializationService-14304 org.btsn.handlers.ServiceHelper - SERVICE COMPLETE: org.btsn.places.P5_InitializationService.purgeAndInitialize completed in 1665ms
WARN ServiceThread-P5_InitializationService-14304 org.btsn.handlers.ServiceHelper - ENRICHMENT: Output attribute 'token' not found in service result, cannot enrich
INFO ServiceThread-P5_InitializationService-14304 org.btsn.handlers.ServiceHelper - ENRICHMENT: Successfully enriched service result with metadata
INFO ServiceThread-P5_InitializationService-14304 org.btsn.handlers.ServiceHelper - === SERVICE INVOCATION COMPLETE ===
INFO ServiceThread-P5_InitializationService-14304 org.btsn.handlers.TransitionHandler - ORCHESTRATOR: Service returned: {"duration_ms":1610,"tables_purged":12,"service":"P5_InitializationService","action":"purge_and_initialize","status":"success","attempts":1,"statistics":{"CONSOLIDATED_TOKEN_PATHS_Count":0,"SERVICECONTRIBUTION_Count":0,"CONSOLIDATED_TRANSITION_FIRINGS_Count":0,"CONSOLIDATED_MARKING_EVOLUTION_Count":0,"EVENTRESPONSETABLE_Count":-1,"CONSOLIDATED_TOKEN_GENEALOGY_Count":0,"TOKEN_GENEALOGY_Count":0,"MARKINGS_Count":0,"SERVICEMEASUREMENTS_Count":0,"CONSOLIDATED_PLACE_STATISTICS_Count":0,"PROCESSMEASUREMENTS_Count":0,"TRANSITION_FIRINGS_Count":0,"JOIN_SYNCHRONIZATION_Count":0}}
DEBUG ServiceThread-P5_InitializationService-14304 org.btsn.handlers.PetriNetInstrumentationHelper - Skipping instrumentation for admin token 999400000 (v999)
DEBUG ServiceThread-P5_InitializationService-14304 org.btsn.handlers.ServiceThread - PETRI-NET: Token 999400000 TERMINATED at P5_InitializationService
INFO ServiceThread-P5_InitializationService-14304 org.btsn.handlers.TransitionHandler - ORCHESTRATOR: Token 999400000 terminated after P5_InitializationService.purgeAndInitialize
DEBUG ServiceThread-P5_InitializationService-14304 org.btsn.handlers.TransitionHandler - Processing Terminate Type complete.
ERROR ServiceThread-P5_InitializationService-14304 org.btsn.handlers.ServiceThread - monitorIncomingEvents: false
DEBUG ServiceThread-P5_InitializationService-14304 org.btsn.handlers.ServiceThread - ORCHESTRATOR: Cleaned up join 999400000
DEBUG ServiceThread-P5_InitializationService-14304 org.btsn.handlers.ServiceThread - ORCHESTRATOR: Service P5_InitializationService sequence ID: 999400000 complete.
